#
# A fatal error has been detected by the Java Runtime Environment:
#
#  EXCEPTION_ACCESS_VIOLATION (0xc0000005) at pc=0x00007ffc433d4237, pid=5236, tid=7980
#
# JRE version: OpenJDK Runtime Environment (11.0.11+9) (build 11.0.11+9-b60-7590822)
# Java VM: OpenJDK 64-Bit Server VM (11.0.11+9-b60-7590822, mixed mode, tiered, compressed oops, g1 gc, windows-amd64)
# Problematic frame:
# V  [jvm.dll+0x324237]
#
# No core dump will be written. Minidumps are not enabled by default on client versions of Windows
#
# If you would like to submit a bug report, please visit:
#   https://bugreport.java.com/bugreport/crash.jsp
#

---------------  S U M M A R Y ------------

Command Line: --add-opens=java.base/java.util=ALL-UNNAMED --add-opens=java.base/java.lang=ALL-UNNAMED --add-opens=java.base/java.lang.invoke=ALL-UNNAMED --add-opens=java.base/java.util=ALL-UNNAMED --add-opens=java.prefs/java.util.prefs=ALL-UNNAMED --add-opens=java.prefs/java.util.prefs=ALL-UNNAMED --add-opens=java.base/java.nio.charset=ALL-UNNAMED --add-opens=java.base/java.net=ALL-UNNAMED --add-opens=java.base/java.util.concurrent.atomic=ALL-UNNAMED -Xmx2048m -Dfile.encoding=UTF-8 -Duser.country=GB -Duser.language=en -Duser.variant org.gradle.launcher.daemon.bootstrap.GradleDaemon 7.0.2

Host: Intel(R) Xeon(R) CPU           W3670  @ 3.20GHz, 6 cores, 11G,  Windows 10 , 64 bit Build 19041 (10.0.19041.1348)
Time: Tue May 17 16:48:30 2022 Pakistan Standard Time elapsed time: 14.855969 seconds (0d 0h 0m 14s)

---------------  T H R E A D  ---------------

Current thread (0x000001f8348bd800):  JavaThread "C2 CompilerThread1" daemon [_thread_in_native, id=7980, stack(0x00000039d8400000,0x00000039d8500000)]


Current CompileTask:
C2:  14856 11983   !   4       java.net.URLClassLoader$1::run (63 bytes)

Stack: [0x00000039d8400000,0x00000039d8500000],  sp=0x00000039d84fc1e0,  free space=1008k
Native frames: (J=compiled Java code, j=interpreted, Vv=VM code, C=native code)
V  [jvm.dll+0x324237]
V  [jvm.dll+0x321496]
V  [jvm.dll+0x320d8a]
V  [jvm.dll+0x1fc1e2]
V  [jvm.dll+0x1fb3d4]
V  [jvm.dll+0x183d6c]
V  [jvm.dll+0x209a57]
V  [jvm.dll+0x2082a1]
V  [jvm.dll+0x6ef58f]
V  [jvm.dll+0x6e80b5]
V  [jvm.dll+0x5f1036]
C  [ucrtbase.dll+0x21bb2]
C  [KERNEL32.DLL+0x17034]
C  [ntdll.dll+0x52651]


siginfo: EXCEPTION_ACCESS_VIOLATION (0xc0000005), reading address 0xffffffffffffffff


Register to memory mapping:

RIP=0x00007ffc433d4237 jvm.dll
RAX=0x00007ffc43157a40 jvm.dll
RBX=0x00007ffc438219d8 jvm.dll
RCX=0x00007ffc438219d8 jvm.dll
RDX=0x000001f834ac0ed0 points into unknown readable memory: 0xffffffefffdf67b6 | b6 67 df ff ef ff ff ff
RSP=0x00000039d84fc1e0 is pointing into the stack for thread: 0x000001f8348bd800
RBP=0x00000039d84fc240 is pointing into the stack for thread: 0x000001f8348bd800
RSI=0x0000000000000020 is an unknown value
RDI=0x0 is NULL
R8 =0x0000000000400000 is an unknown value
R9 =0x000001f836940848 points into unknown readable memory: 0x000001f83532c868 | 68 c8 32 35 f8 01 00 00
R10=0x000001f836940850 points into unknown readable memory: 0x000001f83532cb20 | 20 cb 32 35 f8 01 00 00
R11=0x000001f8369408d0 points into unknown readable memory: 0x000001f836a5cc28 | 28 cc a5 36 f8 01 00 00
R12=0x00000039d84fc2f0 is pointing into the stack for thread: 0x000001f8348bd800
R13=0x000001f8347f0180 points into unknown readable memory: 0xffffffff00000006 | 06 00 00 00 ff ff ff ff
R14=0x000001f836cdb880 points into unknown readable memory: 0x00007ffc438c67c0 | c0 67 8c 43 fc 7f 00 00
R15=0x00000039d84fc750 is pointing into the stack for thread: 0x000001f8348bd800


Registers:
RAX=0x00007ffc43157a40, RBX=0x00007ffc438219d8, RCX=0x00007ffc438219d8, RDX=0x000001f834ac0ed0
RSP=0x00000039d84fc1e0, RBP=0x00000039d84fc240, RSI=0x0000000000000020, RDI=0x0000000000000000
R8 =0x0000000000400000, R9 =0x000001f836940848, R10=0x000001f836940850, R11=0x000001f8369408d0
R12=0x00000039d84fc2f0, R13=0x000001f8347f0180, R14=0x000001f836cdb880, R15=0x00000039d84fc750
RIP=0x00007ffc433d4237, EFLAGS=0x0000000000010206

Top of Stack: (sp=0x00000039d84fc1e0)
0x00000039d84fc1e0:   00000039d84fc750 0000000000000003
0x00000039d84fc1f0:   00000039d84fc240 00000000000003ff
0x00000039d84fc200:   0000264700000217 0000000000000000
0x00000039d84fc210:   000001f800000007 000001f83c834cb0
0x00000039d84fc220:   000001f833299428 0000000000000000
0x00000039d84fc230:   000001f837587f50 000001f8347f0180
0x00000039d84fc240:   00000039d84fc350 00007ffc433d1496
0x00000039d84fc250:   00000039d84fc750 00000039d84fc2f0
0x00000039d84fc260:   0000000000001e28 0000000000000000
0x00000039d84fc270:   000001f800000083 0000000000000083
0x00000039d84fc280:   0000000000000000 000000000001f2e0
0x00000039d84fc290:   0000000000000101 000001f83accbf00
0x00000039d84fc2a0:   0000000000001fb1 00000000000000b5
0x00000039d84fc2b0:   000001f814410000 000001f8f8006098
0x00000039d84fc2c0:   0000000100000fd1 0000000002000002
0x00000039d84fc2d0:   000001f8000000ba 0000000000000000 

Instructions: (pc=0x00007ffc433d4237)
0x00007ffc433d4137:   24 48 0f 1f 80 00 00 00 00 ff c8 89 45 c0 48 63
0x00007ffc433d4147:   c8 48 8b 45 d8 4c 8b 34 c8 41 8b 4e 28 8b c1 c1
0x00007ffc433d4157:   e8 05 41 3b 44 24 10 72 0e 49 8b 04 24 8b d1 49
0x00007ffc433d4167:   8b cc ff 50 18 eb 27 83 e1 1f 44 8b c2 41 d3 e0
0x00007ffc433d4177:   8b c8 49 8b 44 24 18 48 8d 14 88 8b 0c 88 8b c1
0x00007ffc433d4187:   41 0b c8 89 0a 41 23 c0 0f 85 bb 02 00 00 49 8b
0x00007ffc433d4197:   06 49 8b ce ff 90 a8 00 00 00 84 c0 74 66 41 8b
0x00007ffc433d41a7:   46 28 41 3b 47 68 73 0d 8b c8 49 8b 47 78 48 83
0x00007ffc433d41b7:   3c c8 00 75 4f 49 8b d6 49 8b cf e8 d9 f4 ff ff
0x00007ffc433d41c7:   49 8b 46 08 48 8b 08 8b 51 2c 8b c2 24 3f 3c 20
0x00007ffc433d41d7:   75 09 48 8b 41 08 48 3b 08 eb 06 83 e2 0f 80 fa
0x00007ffc433d41e7:   09 0f 94 c0 84 c0 75 06 48 8b 41 08 eb d6 8b 41
0x00007ffc433d41f7:   28 49 8b d6 4d 8b 47 78 49 8b cf 4d 8b 04 c0 e8
0x00007ffc433d4207:   25 fd ff ff 41 8b 76 1c 33 ff ff ce 41 3b 76 18
0x00007ffc433d4217:   0f 82 23 01 00 00 0f 1f 00 49 8b 46 08 48 8b 1c
0x00007ffc433d4227:   f0 48 85 db 0f 84 8e 00 00 00 48 8b 03 48 8b cb
0x00007ffc433d4237:   ff 50 20 48 85 c0 75 58 8b 4b 2c 8b c1 24 3f 3c
0x00007ffc433d4247:   20 75 09 48 8b 43 08 48 3b 18 eb 07 8b c1 83 e0
0x00007ffc433d4257:   0f 3c 09 0f 94 c0 84 c0 75 36 80 e1 03 80 f9 02
0x00007ffc433d4267:   75 13 48 8b 03 48 8b cb ff 90 40 01 00 00 3d fc
0x00007ffc433d4277:   00 00 00 74 1b 8b 43 2c 24 0f 3c 08 75 3a 48 8b
0x00007ffc433d4287:   03 48 8b cb ff 50 28 48 3b 05 33 c0 70 00 75 28
0x00007ffc433d4297:   8b d6 49 8b ce e8 5f e5 2a 00 48 85 ff 75 05 48
0x00007ffc433d42a7:   8b fb eb 14 4c 8b c3 48 8b d7 49 8b cf e8 c7 e4
0x00007ffc433d42b7:   ff ff 84 c0 48 0f 45 fb ff ce 41 3b 76 18 0f 83
0x00007ffc433d42c7:   55 ff ff ff 48 85 ff 74 70 49 8b 46 08 48 8b d7
0x00007ffc433d42d7:   49 8b cf 4c 8b 00 e8 9e e4 ff ff 84 c0 75 5a 4d
0x00007ffc433d42e7:   8b 4e 08 49 8b 09 48 85 c9 74 26 4c 8b 41 10 4d
0x00007ffc433d42f7:   85 c0 74 1d 8b 41 20 49 8d 14 c0 4c 39 72 f8 48
0x00007ffc433d4307:   8d 52 f8 75 f6 ff c8 89 41 20 49 8b 0c c0 48 89
0x00007ffc433d4317:   0a 49 89 39 48 83 7f 10 00 74 1e 8b 57 20 3b 57
0x00007ffc433d4327:   24 75 08 48 8b cf e8 ce df 2a 00 8b 4f 20 48 8b 


Stack slot to memory mapping:
stack at sp + 0 slots: 0x00000039d84fc750 is pointing into the stack for thread: 0x000001f8348bd800
stack at sp + 1 slots: 0x0000000000000003 is an unknown value
stack at sp + 2 slots: 0x00000039d84fc240 is pointing into the stack for thread: 0x000001f8348bd800
stack at sp + 3 slots: 0x00000000000003ff is an unknown value
stack at sp + 4 slots: 0x0000264700000217 is an unknown value
stack at sp + 5 slots: 0x0 is NULL
stack at sp + 6 slots: 0x000001f800000007 is an unknown value
stack at sp + 7 slots: 0x000001f83c834cb0 points into unknown readable memory: 0x000001f838a258b8 | b8 58 a2 38 f8 01 00 00


---------------  P R O C E S S  ---------------

Threads class SMR info:
_java_thread_list=0x000001f83a14a4b0, length=48, elements={
0x000001f815cdb800, 0x000001f830500800, 0x000001f830512800, 0x000001f830514800,
0x000001f830516000, 0x000001f830517000, 0x000001f83051c000, 0x000001f83051e800,
0x000001f830d83000, 0x000001f830ee1000, 0x000001f832e4c800, 0x000001f8332c8000,
0x000001f83465a800, 0x000001f831afa000, 0x000001f8320ad000, 0x000001f8330f1000,
0x000001f83352c000, 0x000001f833639800, 0x000001f833a4d000, 0x000001f832ffb800,
0x000001f832ffc800, 0x000001f832ffe000, 0x000001f833001800, 0x000001f832ffd800,
0x000001f833002000, 0x000001f833000000, 0x000001f832fff000, 0x000001f833000800,
0x000001f834ad8800, 0x000001f834ad7000, 0x000001f834ad5000, 0x000001f834ad6000,
0x000001f8348bd800, 0x000001f834ad7800, 0x000001f834ad9000, 0x000001f834ad4800,
0x000001f834ad3800, 0x000001f834adb000, 0x000001f834adb800, 0x000001f834adc800,
0x000001f834add800, 0x000001f834ada000, 0x000001f834ae0800, 0x000001f834ae1800,
0x000001f834ae2000, 0x000001f835117800, 0x000001f835119800, 0x000001f83511a000
}

Java Threads: ( => current thread )
  0x000001f815cdb800 JavaThread "main" [_thread_blocked, id=6460, stack(0x00000039d5700000,0x00000039d5800000)]
  0x000001f830500800 JavaThread "Reference Handler" daemon [_thread_blocked, id=10536, stack(0x00000039d5e00000,0x00000039d5f00000)]
  0x000001f830512800 JavaThread "Finalizer" daemon [_thread_blocked, id=6688, stack(0x00000039d5f00000,0x00000039d6000000)]
  0x000001f830514800 JavaThread "Signal Dispatcher" daemon [_thread_blocked, id=6120, stack(0x00000039d6000000,0x00000039d6100000)]
  0x000001f830516000 JavaThread "Attach Listener" daemon [_thread_blocked, id=6060, stack(0x00000039d6100000,0x00000039d6200000)]
  0x000001f830517000 JavaThread "Service Thread" daemon [_thread_blocked, id=1900, stack(0x00000039d6200000,0x00000039d6300000)]
  0x000001f83051c000 JavaThread "C2 CompilerThread0" daemon [_thread_in_native, id=8276, stack(0x00000039d6300000,0x00000039d6400000)]
  0x000001f83051e800 JavaThread "C1 CompilerThread0" daemon [_thread_blocked, id=8568, stack(0x00000039d6400000,0x00000039d6500000)]
  0x000001f830d83000 JavaThread "Sweeper thread" daemon [_thread_blocked, id=5468, stack(0x00000039d6500000,0x00000039d6600000)]
  0x000001f830ee1000 JavaThread "Common-Cleaner" daemon [_thread_blocked, id=1216, stack(0x00000039d6600000,0x00000039d6700000)]
  0x000001f832e4c800 JavaThread "Daemon health stats" [_thread_blocked, id=10200, stack(0x00000039d6c00000,0x00000039d6d00000)]
  0x000001f8332c8000 JavaThread "Incoming local TCP Connector on port 58394" [_thread_in_native, id=4572, stack(0x00000039d6d00000,0x00000039d6e00000)]
  0x000001f83465a800 JavaThread "Daemon periodic checks" [_thread_blocked, id=5028, stack(0x00000039d6e00000,0x00000039d6f00000)]
  0x000001f831afa000 JavaThread "Daemon" [_thread_blocked, id=6596, stack(0x00000039d6f00000,0x00000039d7000000)]
  0x000001f8320ad000 JavaThread "Handler for socket connection from /127.0.0.1:58394 to /127.0.0.1:58395" [_thread_in_native, id=10172, stack(0x00000039d7000000,0x00000039d7100000)]
  0x000001f8330f1000 JavaThread "Cancel handler" [_thread_blocked, id=6660, stack(0x00000039d7300000,0x00000039d7400000)]
  0x000001f83352c000 JavaThread "Daemon worker" [_thread_in_vm, id=2128, stack(0x00000039d7400000,0x00000039d7500000)]
  0x000001f833639800 JavaThread "Asynchronous log dispatcher for DefaultDaemonConnection: socket connection from /127.0.0.1:58394 to /127.0.0.1:58395" [_thread_blocked, id=5428, stack(0x00000039d7500000,0x00000039d7600000)]
  0x000001f833a4d000 JavaThread "Stdin handler" [_thread_blocked, id=4116, stack(0x00000039d7600000,0x00000039d7700000)]
  0x000001f832ffb800 JavaThread "Daemon client event forwarder" [_thread_blocked, id=5724, stack(0x00000039d7700000,0x00000039d7800000)]
  0x000001f832ffc800 JavaThread "Cache worker for file hash cache (C:\Users\Bilal Envy\.gradle\caches\7.0.2\fileHashes)" [_thread_blocked, id=3756, stack(0x00000039d7800000,0x00000039d7900000)]
  0x000001f832ffe000 JavaThread "File lock request listener" [_thread_in_native, id=7500, stack(0x00000039d7900000,0x00000039d7a00000)]
  0x000001f833001800 JavaThread "Cache worker for journal cache (C:\Users\Bilal Envy\.gradle\caches\journal-1)" [_thread_blocked, id=1084, stack(0x00000039d7b00000,0x00000039d7c00000)]
  0x000001f832ffd800 JavaThread "Cache worker for file hash cache (D:\Envy\bg_remover_bilals\.gradle\7.0.2\fileHashes)" [_thread_blocked, id=4012, stack(0x00000039d6800000,0x00000039d6900000)]
  0x000001f833002000 JavaThread "File watcher server" daemon [_thread_in_native, id=8924, stack(0x00000039d7c00000,0x00000039d7d00000)]
  0x000001f833000000 JavaThread "File watcher consumer" daemon [_thread_blocked, id=9356, stack(0x00000039d7d00000,0x00000039d7e00000)]
  0x000001f832fff000 JavaThread "jar transforms" [_thread_blocked, id=7816, stack(0x00000039d7e00000,0x00000039d7f00000)]
  0x000001f833000800 JavaThread "jar transforms Thread 2" [_thread_blocked, id=5736, stack(0x00000039d7f00000,0x00000039d8000000)]
  0x000001f834ad8800 JavaThread "jar transforms Thread 3" [_thread_blocked, id=2168, stack(0x00000039d8000000,0x00000039d8100000)]
  0x000001f834ad7000 JavaThread "jar transforms Thread 4" [_thread_blocked, id=1296, stack(0x00000039d8100000,0x00000039d8200000)]
  0x000001f834ad5000 JavaThread "jar transforms Thread 5" [_thread_blocked, id=7320, stack(0x00000039d8200000,0x00000039d8300000)]
  0x000001f834ad6000 JavaThread "jar transforms Thread 6" [_thread_blocked, id=2740, stack(0x00000039d8300000,0x00000039d8400000)]
=>0x000001f8348bd800 JavaThread "C2 CompilerThread1" daemon [_thread_in_native, id=7980, stack(0x00000039d8400000,0x00000039d8500000)]
  0x000001f834ad7800 JavaThread "Cache worker for checksums cache (D:\Envy\bg_remover_bilals\.gradle\checksums)" [_thread_blocked, id=9076, stack(0x00000039d8500000,0x00000039d8600000)]
  0x000001f834ad9000 JavaThread "Cache worker for cache directory md-supplier (C:\Users\Bilal Envy\.gradle\caches\7.0.2\md-supplier)" [_thread_blocked, id=8900, stack(0x00000039d8600000,0x00000039d8700000)]
  0x000001f834ad4800 JavaThread "Cache worker for cache directory md-rule (C:\Users\Bilal Envy\.gradle\caches\7.0.2\md-rule)" [_thread_blocked, id=2272, stack(0x00000039d8700000,0x00000039d8800000)]
  0x000001f834ad3800 JavaThread "Cache worker for execution history cache (C:\Users\Bilal Envy\.gradle\caches\7.0.2\executionHistory)" [_thread_blocked, id=5080, stack(0x00000039d8800000,0x00000039d8900000)]
  0x000001f834adb000 JavaThread "Cache worker for file content cache (C:\Users\Bilal Envy\.gradle\caches\7.0.2\fileContent)" [_thread_blocked, id=1936, stack(0x00000039d8900000,0x00000039d8a00000)]
  0x000001f834adb800 JavaThread "Cache worker for dependencies-accessors (D:\Envy\bg_remover_bilals\.gradle\7.0.2\dependencies-accessors)" [_thread_blocked, id=1984, stack(0x00000039d8a00000,0x00000039d8b00000)]
  0x000001f834adc800 JavaThread "Cache worker for Build Output Cleanup Cache (D:\Envy\bg_remover_bilals\.gradle\buildOutputCleanup)" [_thread_blocked, id=5212, stack(0x00000039d8b00000,0x00000039d8c00000)]
  0x000001f834add800 JavaThread "Build operations" [_thread_blocked, id=8812, stack(0x00000039d8c00000,0x00000039d8d00000)]
  0x000001f834ada000 JavaThread "Build operations Thread 2" [_thread_blocked, id=10956, stack(0x00000039d8d00000,0x00000039d8e00000)]
  0x000001f834ae0800 JavaThread "Build operations Thread 3" [_thread_blocked, id=5180, stack(0x00000039d8e00000,0x00000039d8f00000)]
  0x000001f834ae1800 JavaThread "Build operations Thread 4" [_thread_blocked, id=9308, stack(0x00000039d8f00000,0x00000039d9000000)]
  0x000001f834ae2000 JavaThread "Build operations Thread 5" [_thread_blocked, id=10460, stack(0x00000039d9000000,0x00000039d9100000)]
  0x000001f835117800 JavaThread "Build operations Thread 6" [_thread_blocked, id=5376, stack(0x00000039d9100000,0x00000039d9200000)]
  0x000001f835119800 JavaThread "Memory manager" [_thread_blocked, id=7296, stack(0x00000039d9300000,0x00000039d9400000)]
  0x000001f83511a000 JavaThread "pool-3-thread-1" [_thread_blocked, id=6620, stack(0x00000039d9400000,0x00000039d9500000)]

Other Threads:
  0x000001f830d26000 VMThread "VM Thread" [stack: 0x00000039d5d00000,0x00000039d5e00000] [id=9472]
  0x000001f830efc000 WatcherThread [stack: 0x00000039d6700000,0x00000039d6800000] [id=3416]
  0x000001f815cf1800 GCTaskThread "GC Thread#0" [stack: 0x00000039d5800000,0x00000039d5900000] [id=5652]
  0x000001f831b49000 GCTaskThread "GC Thread#1" [stack: 0x00000039d6900000,0x00000039d6a00000] [id=6968]
  0x000001f831dee800 GCTaskThread "GC Thread#2" [stack: 0x00000039d6a00000,0x00000039d6b00000] [id=576]
  0x000001f831432000 GCTaskThread "GC Thread#3" [stack: 0x00000039d6b00000,0x00000039d6c00000] [id=11016]
  0x000001f831aa1000 GCTaskThread "GC Thread#4" [stack: 0x00000039d7100000,0x00000039d7200000] [id=10064]
  0x000001f831aa1800 GCTaskThread "GC Thread#5" [stack: 0x00000039d7200000,0x00000039d7300000] [id=10908]
  0x000001f815d26000 ConcurrentGCThread "G1 Main Marker" [stack: 0x00000039d5900000,0x00000039d5a00000] [id=3908]
  0x000001f815d29000 ConcurrentGCThread "G1 Conc#0" [stack: 0x00000039d5a00000,0x00000039d5b00000] [id=5524]
  0x000001f831c37800 ConcurrentGCThread "G1 Conc#1" [stack: 0x00000039d7a00000,0x00000039d7b00000] [id=6636]
  0x000001f83035c800 ConcurrentGCThread "G1 Refine#0" [stack: 0x00000039d5b00000,0x00000039d5c00000] [id=5348]
  0x000001f838468800 ConcurrentGCThread "G1 Refine#1" [stack: 0x00000039d9200000,0x00000039d9300000] [id=8340]
  0x000001f815dbe800 ConcurrentGCThread "G1 Young RemSet Sampling" [stack: 0x00000039d5c00000,0x00000039d5d00000] [id=5708]

Threads with active compile tasks:
C2 CompilerThread0  14912 11982       4       java.net.URLClassLoader$1::run (5 bytes)
C2 CompilerThread1  14912 11983   !   4       java.net.URLClassLoader$1::run (63 bytes)

VM state:not at safepoint (normal execution)

VM Mutex/Monitor currently owned by a thread: None

Heap address: 0x0000000080000000, size: 2048 MB, Compressed Oops mode: 32-bit
Narrow klass base: 0x0000000000000000, Narrow klass shift: 3
Compressed class space size: 1073741824 Address: 0x0000000100000000

Heap:
 garbage-first heap   total 236544K, used 146458K [0x0000000080000000, 0x0000000100000000)
  region size 1024K, 20 young (20480K), 4 survivors (4096K)
 Metaspace       used 105837K, capacity 108592K, committed 109184K, reserved 1144832K
  class space    used 13478K, capacity 14478K, committed 14720K, reserved 1048576K
Heap Regions: E=young(eden), S=young(survivor), O=old, HS=humongous(starts), HC=humongous(continues), CS=collection set, F=free, A=archive, TAMS=top-at-mark-start (previous, next)
|   0|0x0000000080000000, 0x0000000080100000, 0x0000000080100000|100%| O|  |TAMS 0x0000000080100000, 0x0000000080000000| Updating 
|   1|0x0000000080100000, 0x0000000080200000, 0x0000000080200000|100%| O|  |TAMS 0x0000000080200000, 0x0000000080100000| Updating 
|   2|0x0000000080200000, 0x0000000080300000, 0x0000000080300000|100%| O|  |TAMS 0x0000000080300000, 0x0000000080200000| Updating 
|   3|0x0000000080300000, 0x0000000080400000, 0x0000000080400000|100%|HS|  |TAMS 0x0000000080400000, 0x0000000080300000| Complete 
|   4|0x0000000080400000, 0x0000000080500000, 0x0000000080500000|100%|HC|  |TAMS 0x0000000080500000, 0x0000000080400000| Complete 
|   5|0x0000000080500000, 0x0000000080600000, 0x0000000080600000|100%|HC|  |TAMS 0x0000000080600000, 0x0000000080500000| Complete 
|   6|0x0000000080600000, 0x0000000080700000, 0x0000000080700000|100%| O|  |TAMS 0x0000000080700000, 0x0000000080600000| Updating 
|   7|0x0000000080700000, 0x0000000080800000, 0x0000000080800000|100%| O|  |TAMS 0x0000000080800000, 0x0000000080700000| Updating 
|   8|0x0000000080800000, 0x0000000080900000, 0x0000000080900000|100%| O|  |TAMS 0x0000000080900000, 0x0000000080800000| Updating 
|   9|0x0000000080900000, 0x0000000080a00000, 0x0000000080a00000|100%| O|  |TAMS 0x0000000080a00000, 0x0000000080900000| Updating 
|  10|0x0000000080a00000, 0x0000000080b00000, 0x0000000080b00000|100%| O|  |TAMS 0x0000000080b00000, 0x0000000080a00000| Updating 
|  11|0x0000000080b00000, 0x0000000080c00000, 0x0000000080c00000|100%| O|  |TAMS 0x0000000080c00000, 0x0000000080b00000| Updating 
|  12|0x0000000080c00000, 0x0000000080d00000, 0x0000000080d00000|100%| O|  |TAMS 0x0000000080d00000, 0x0000000080c00000| Updating 
|  13|0x0000000080d00000, 0x0000000080e00000, 0x0000000080e00000|100%| O|  |TAMS 0x0000000080e00000, 0x0000000080d00000| Updating 
|  14|0x0000000080e00000, 0x0000000080f00000, 0x0000000080f00000|100%| O|  |TAMS 0x0000000080f00000, 0x0000000080e00000| Updating 
|  15|0x0000000080f00000, 0x0000000081000000, 0x0000000081000000|100%| O|  |TAMS 0x0000000081000000, 0x0000000080f00000| Updating 
|  16|0x0000000081000000, 0x0000000081100000, 0x0000000081100000|100%|HS|  |TAMS 0x0000000081100000, 0x0000000081000000| Complete 
|  17|0x0000000081100000, 0x0000000081200000, 0x0000000081200000|100%|HC|  |TAMS 0x0000000081200000, 0x0000000081100000| Complete 
|  18|0x0000000081200000, 0x0000000081300000, 0x0000000081300000|100%|HS|  |TAMS 0x0000000081300000, 0x0000000081200000| Complete 
|  19|0x0000000081300000, 0x0000000081400000, 0x0000000081400000|100%|HC|  |TAMS 0x0000000081400000, 0x0000000081300000| Complete 
|  20|0x0000000081400000, 0x0000000081500000, 0x0000000081500000|100%|HC|  |TAMS 0x0000000081500000, 0x0000000081400000| Complete 
|  21|0x0000000081500000, 0x0000000081600000, 0x0000000081600000|100%|HS|  |TAMS 0x0000000081600000, 0x0000000081500000| Complete 
|  22|0x0000000081600000, 0x0000000081700000, 0x0000000081700000|100%|HC|  |TAMS 0x0000000081700000, 0x0000000081600000| Complete 
|  23|0x0000000081700000, 0x0000000081800000, 0x0000000081800000|100%|HC|  |TAMS 0x0000000081800000, 0x0000000081700000| Complete 
|  24|0x0000000081800000, 0x0000000081900000, 0x0000000081900000|100%|HC|  |TAMS 0x0000000081900000, 0x0000000081800000| Complete 
|  25|0x0000000081900000, 0x0000000081a00000, 0x0000000081a00000|100%| O|  |TAMS 0x0000000081a00000, 0x0000000081900000| Updating 
|  26|0x0000000081a00000, 0x0000000081b00000, 0x0000000081b00000|100%|HS|  |TAMS 0x0000000081b00000, 0x0000000081a00000| Complete 
|  27|0x0000000081b00000, 0x0000000081c00000, 0x0000000081c00000|100%| O|  |TAMS 0x0000000081c00000, 0x0000000081b00000| Updating 
|  28|0x0000000081c00000, 0x0000000081d00000, 0x0000000081d00000|100%| O|  |TAMS 0x0000000081d00000, 0x0000000081c00000| Updating 
|  29|0x0000000081d00000, 0x0000000081e00000, 0x0000000081e00000|100%|HS|  |TAMS 0x0000000081e00000, 0x0000000081d00000| Complete 
|  30|0x0000000081e00000, 0x0000000081f00000, 0x0000000081f00000|100%|HC|  |TAMS 0x0000000081f00000, 0x0000000081e00000| Complete 
|  31|0x0000000081f00000, 0x0000000082000000, 0x0000000082000000|100%|HC|  |TAMS 0x0000000082000000, 0x0000000081f00000| Complete 
|  32|0x0000000082000000, 0x0000000082100000, 0x0000000082100000|100%| O|  |TAMS 0x0000000082100000, 0x0000000082000000| Updating 
|  33|0x0000000082100000, 0x0000000082200000, 0x0000000082200000|100%| O|  |TAMS 0x0000000082200000, 0x0000000082100000| Updating 
|  34|0x0000000082200000, 0x0000000082300000, 0x0000000082300000|100%| O|  |TAMS 0x0000000082300000, 0x0000000082200000| Updating 
|  35|0x0000000082300000, 0x0000000082400000, 0x0000000082400000|100%| O|  |TAMS 0x0000000082400000, 0x0000000082300000| Updating 
|  36|0x0000000082400000, 0x0000000082500000, 0x0000000082500000|100%| O|  |TAMS 0x0000000082500000, 0x0000000082400000| Updating 
|  37|0x0000000082500000, 0x0000000082600000, 0x0000000082600000|100%| O|  |TAMS 0x0000000082600000, 0x0000000082500000| Updating 
|  38|0x0000000082600000, 0x0000000082700000, 0x0000000082700000|100%|HS|  |TAMS 0x0000000082700000, 0x0000000082600000| Complete 
|  39|0x0000000082700000, 0x0000000082800000, 0x0000000082800000|100%|HC|  |TAMS 0x0000000082800000, 0x0000000082700000| Complete 
|  40|0x0000000082800000, 0x0000000082900000, 0x0000000082900000|100%|HC|  |TAMS 0x0000000082900000, 0x0000000082800000| Complete 
|  41|0x0000000082900000, 0x0000000082a00000, 0x0000000082a00000|100%|HC|  |TAMS 0x0000000082a00000, 0x0000000082900000| Complete 
|  42|0x0000000082a00000, 0x0000000082b00000, 0x0000000082b00000|100%| O|  |TAMS 0x0000000082b00000, 0x0000000082a00000| Updating 
|  43|0x0000000082b00000, 0x0000000082c00000, 0x0000000082c00000|100%| O|  |TAMS 0x0000000082c00000, 0x0000000082b00000| Updating 
|  44|0x0000000082c00000, 0x0000000082d00000, 0x0000000082d00000|100%| O|  |TAMS 0x0000000082d00000, 0x0000000082c00000| Updating 
|  45|0x0000000082d00000, 0x0000000082e00000, 0x0000000082e00000|100%| O|  |TAMS 0x0000000082e00000, 0x0000000082d00000| Updating 
|  46|0x0000000082e00000, 0x0000000082f00000, 0x0000000082f00000|100%| O|  |TAMS 0x0000000082f00000, 0x0000000082e00000| Updating 
|  47|0x0000000082f00000, 0x0000000083000000, 0x0000000083000000|100%| O|  |TAMS 0x0000000083000000, 0x0000000082f00000| Updating 
|  48|0x0000000083000000, 0x0000000083100000, 0x0000000083100000|100%| O|  |TAMS 0x0000000083100000, 0x0000000083000000| Updating 
|  49|0x0000000083100000, 0x0000000083200000, 0x0000000083200000|100%| O|  |TAMS 0x0000000083200000, 0x0000000083100000| Updating 
|  50|0x0000000083200000, 0x0000000083300000, 0x0000000083300000|100%|HS|  |TAMS 0x0000000083300000, 0x0000000083200000| Complete 
|  51|0x0000000083300000, 0x0000000083400000, 0x0000000083400000|100%|HS|  |TAMS 0x0000000083400000, 0x0000000083300000| Complete 
|  52|0x0000000083400000, 0x0000000083500000, 0x0000000083500000|100%|HS|  |TAMS 0x0000000083500000, 0x0000000083400000| Complete 
|  53|0x0000000083500000, 0x0000000083600000, 0x0000000083600000|100%|HC|  |TAMS 0x0000000083600000, 0x0000000083500000| Complete 
|  54|0x0000000083600000, 0x0000000083700000, 0x0000000083700000|100%|HC|  |TAMS 0x0000000083700000, 0x0000000083600000| Complete 
|  55|0x0000000083700000, 0x0000000083800000, 0x0000000083800000|100%|HS|  |TAMS 0x0000000083800000, 0x0000000083700000| Complete 
|  56|0x0000000083800000, 0x0000000083900000, 0x0000000083900000|100%|HC|  |TAMS 0x0000000083900000, 0x0000000083800000| Complete 
|  57|0x0000000083900000, 0x0000000083a00000, 0x0000000083a00000|100%| O|  |TAMS 0x0000000083a00000, 0x0000000083900000| Updating 
|  58|0x0000000083a00000, 0x0000000083b00000, 0x0000000083b00000|100%| O|  |TAMS 0x0000000083b00000, 0x0000000083a00000| Updating 
|  59|0x0000000083b00000, 0x0000000083c00000, 0x0000000083c00000|100%| O|  |TAMS 0x0000000083c00000, 0x0000000083b00000| Updating 
|  60|0x0000000083c00000, 0x0000000083d00000, 0x0000000083d00000|100%| O|  |TAMS 0x0000000083d00000, 0x0000000083c00000| Updating 
|  61|0x0000000083d00000, 0x0000000083e00000, 0x0000000083e00000|100%| O|  |TAMS 0x0000000083e00000, 0x0000000083d00000| Updating 
|  62|0x0000000083e00000, 0x0000000083f00000, 0x0000000083f00000|100%| O|  |TAMS 0x0000000083f00000, 0x0000000083e00000| Updating 
|  63|0x0000000083f00000, 0x0000000084000000, 0x0000000084000000|100%| O|  |TAMS 0x0000000084000000, 0x0000000083f00000| Updating 
|  64|0x0000000084000000, 0x0000000084100000, 0x0000000084100000|100%| O|  |TAMS 0x0000000084100000, 0x0000000084000000| Updating 
|  65|0x0000000084100000, 0x0000000084200000, 0x0000000084200000|100%| O|  |TAMS 0x0000000084200000, 0x0000000084100000| Updating 
|  66|0x0000000084200000, 0x0000000084300000, 0x0000000084300000|100%| O|  |TAMS 0x0000000084300000, 0x0000000084200000| Updating 
|  67|0x0000000084300000, 0x0000000084400000, 0x0000000084400000|100%| O|  |TAMS 0x0000000084400000, 0x0000000084300000| Updating 
|  68|0x0000000084400000, 0x0000000084500000, 0x0000000084500000|100%| O|  |TAMS 0x0000000084500000, 0x0000000084400000| Updating 
|  69|0x0000000084500000, 0x0000000084600000, 0x0000000084600000|100%| O|  |TAMS 0x0000000084600000, 0x0000000084500000| Updating 
|  70|0x0000000084600000, 0x0000000084700000, 0x0000000084700000|100%| O|  |TAMS 0x0000000084700000, 0x0000000084600000| Updating 
|  71|0x0000000084700000, 0x0000000084800000, 0x0000000084800000|100%| O|  |TAMS 0x0000000084800000, 0x0000000084700000| Updating 
|  72|0x0000000084800000, 0x0000000084900000, 0x0000000084900000|100%| O|  |TAMS 0x0000000084900000, 0x0000000084800000| Updating 
|  73|0x0000000084900000, 0x0000000084a00000, 0x0000000084a00000|100%| O|  |TAMS 0x0000000084a00000, 0x0000000084900000| Updating 
|  74|0x0000000084a00000, 0x0000000084b00000, 0x0000000084b00000|100%| O|  |TAMS 0x0000000084b00000, 0x0000000084a00000| Updating 
|  75|0x0000000084b00000, 0x0000000084c00000, 0x0000000084c00000|100%| O|  |TAMS 0x0000000084c00000, 0x0000000084b00000| Updating 
|  76|0x0000000084c00000, 0x0000000084d00000, 0x0000000084d00000|100%| O|  |TAMS 0x0000000084d00000, 0x0000000084c00000| Updating 
|  77|0x0000000084d00000, 0x0000000084e00000, 0x0000000084e00000|100%| O|  |TAMS 0x0000000084e00000, 0x0000000084d00000| Updating 
|  78|0x0000000084e00000, 0x0000000084f00000, 0x0000000084f00000|100%| O|  |TAMS 0x0000000084f00000, 0x0000000084e00000| Updating 
|  79|0x0000000084f00000, 0x0000000085000000, 0x0000000085000000|100%| O|  |TAMS 0x0000000085000000, 0x0000000084f00000| Updating 
|  80|0x0000000085000000, 0x0000000085100000, 0x0000000085100000|100%| O|  |TAMS 0x0000000085100000, 0x0000000085000000| Updating 
|  81|0x0000000085100000, 0x0000000085200000, 0x0000000085200000|100%| O|  |TAMS 0x0000000085200000, 0x0000000085100000| Updating 
|  82|0x0000000085200000, 0x0000000085300000, 0x0000000085300000|100%| O|  |TAMS 0x0000000085300000, 0x0000000085200000| Updating 
|  83|0x0000000085300000, 0x0000000085400000, 0x0000000085400000|100%|HS|  |TAMS 0x0000000085400000, 0x0000000085300000| Complete 
|  84|0x0000000085400000, 0x0000000085500000, 0x0000000085500000|100%|HC|  |TAMS 0x0000000085500000, 0x0000000085400000| Complete 
|  85|0x0000000085500000, 0x0000000085600000, 0x0000000085600000|100%|HS|  |TAMS 0x0000000085600000, 0x0000000085500000| Complete 
|  86|0x0000000085600000, 0x0000000085700000, 0x0000000085700000|100%|HC|  |TAMS 0x0000000085700000, 0x0000000085600000| Complete 
|  87|0x0000000085700000, 0x0000000085800000, 0x0000000085800000|100%|HC|  |TAMS 0x0000000085800000, 0x0000000085700000| Complete 
|  88|0x0000000085800000, 0x0000000085900000, 0x0000000085900000|100%|HS|  |TAMS 0x0000000085900000, 0x0000000085800000| Complete 
|  89|0x0000000085900000, 0x0000000085a00000, 0x0000000085a00000|100%|HC|  |TAMS 0x0000000085a00000, 0x0000000085900000| Complete 
|  90|0x0000000085a00000, 0x0000000085b00000, 0x0000000085b00000|100%|HC|  |TAMS 0x0000000085b00000, 0x0000000085a00000| Complete 
|  91|0x0000000085b00000, 0x0000000085c00000, 0x0000000085c00000|100%|HC|  |TAMS 0x0000000085c00000, 0x0000000085b00000| Complete 
|  92|0x0000000085c00000, 0x0000000085d00000, 0x0000000085d00000|100%| O|  |TAMS 0x0000000085d00000, 0x0000000085c00000| Updating 
|  93|0x0000000085d00000, 0x0000000085e00000, 0x0000000085e00000|100%| O|  |TAMS 0x0000000085e00000, 0x0000000085d00000| Updating 
|  94|0x0000000085e00000, 0x0000000085f00000, 0x0000000085f00000|100%| O|  |TAMS 0x0000000085f00000, 0x0000000085e00000| Updating 
|  95|0x0000000085f00000, 0x0000000086000000, 0x0000000086000000|100%| O|  |TAMS 0x0000000086000000, 0x0000000085f00000| Updating 
|  96|0x0000000086000000, 0x0000000086100000, 0x0000000086100000|100%| O|  |TAMS 0x0000000086100000, 0x0000000086000000| Updating 
|  97|0x0000000086100000, 0x0000000086200000, 0x0000000086200000|100%| O|  |TAMS 0x0000000086200000, 0x0000000086100000| Updating 
|  98|0x0000000086200000, 0x0000000086300000, 0x0000000086300000|100%| O|  |TAMS 0x0000000086300000, 0x0000000086200000| Updating 
|  99|0x0000000086300000, 0x0000000086400000, 0x0000000086400000|100%| O|  |TAMS 0x0000000086400000, 0x0000000086300000| Updating 
| 100|0x0000000086400000, 0x0000000086500000, 0x0000000086500000|100%| O|  |TAMS 0x0000000086500000, 0x0000000086400000| Updating 
| 101|0x0000000086500000, 0x0000000086600000, 0x0000000086600000|100%| O|  |TAMS 0x0000000086600000, 0x0000000086500000| Updating 
| 102|0x0000000086600000, 0x0000000086700000, 0x0000000086700000|100%| O|  |TAMS 0x0000000086700000, 0x0000000086600000| Updating 
| 103|0x0000000086700000, 0x0000000086800000, 0x0000000086800000|100%| O|  |TAMS 0x0000000086800000, 0x0000000086700000| Updating 
| 104|0x0000000086800000, 0x0000000086900000, 0x0000000086900000|100%| O|  |TAMS 0x0000000086900000, 0x0000000086800000| Updating 
| 105|0x0000000086900000, 0x0000000086a00000, 0x0000000086a00000|100%| O|  |TAMS 0x0000000086a00000, 0x0000000086900000| Updating 
| 106|0x0000000086a00000, 0x0000000086b00000, 0x0000000086b00000|100%| O|  |TAMS 0x0000000086b00000, 0x0000000086a00000| Updating 
| 107|0x0000000086b00000, 0x0000000086c00000, 0x0000000086c00000|100%| O|  |TAMS 0x0000000086c00000, 0x0000000086b00000| Updating 
| 108|0x0000000086c00000, 0x0000000086d00000, 0x0000000086d00000|100%| O|  |TAMS 0x0000000086d00000, 0x0000000086c00000| Updating 
| 109|0x0000000086d00000, 0x0000000086e00000, 0x0000000086e00000|100%| O|  |TAMS 0x0000000086e00000, 0x0000000086d00000| Updating 
| 110|0x0000000086e00000, 0x0000000086f00000, 0x0000000086f00000|100%| O|  |TAMS 0x0000000086f00000, 0x0000000086e00000| Updating 
| 111|0x0000000086f00000, 0x0000000087000000, 0x0000000087000000|100%| O|  |TAMS 0x0000000087000000, 0x0000000086f00000| Updating 
| 112|0x0000000087000000, 0x0000000087100000, 0x0000000087100000|100%| O|  |TAMS 0x0000000087100000, 0x0000000087000000| Updating 
| 113|0x0000000087100000, 0x0000000087200000, 0x0000000087200000|100%| O|  |TAMS 0x0000000087200000, 0x0000000087100000| Updating 
| 114|0x0000000087200000, 0x0000000087300000, 0x0000000087300000|100%| O|  |TAMS 0x0000000087300000, 0x0000000087200000| Updating 
| 115|0x0000000087300000, 0x0000000087400000, 0x0000000087400000|100%| O|  |TAMS 0x0000000087400000, 0x0000000087300000| Updating 
| 116|0x0000000087400000, 0x0000000087500000, 0x0000000087500000|100%| O|  |TAMS 0x0000000087500000, 0x0000000087400000| Updating 
| 117|0x0000000087500000, 0x0000000087600000, 0x0000000087600000|100%| O|  |TAMS 0x0000000087600000, 0x0000000087500000| Updating 
| 118|0x0000000087600000, 0x0000000087700000, 0x0000000087700000|100%| O|  |TAMS 0x0000000087700000, 0x0000000087600000| Updating 
| 119|0x0000000087700000, 0x0000000087800000, 0x0000000087800000|100%| O|  |TAMS 0x0000000087800000, 0x0000000087700000| Updating 
| 120|0x0000000087800000, 0x0000000087900000, 0x0000000087900000|100%| O|  |TAMS 0x0000000087900000, 0x0000000087800000| Updating 
| 121|0x0000000087900000, 0x0000000087a00000, 0x0000000087a00000|100%| O|  |TAMS 0x0000000087a00000, 0x0000000087900000| Updating 
| 122|0x0000000087a00000, 0x0000000087b00000, 0x0000000087b00000|100%| O|  |TAMS 0x0000000087b00000, 0x0000000087a00000| Updating 
| 123|0x0000000087b00000, 0x0000000087c00000, 0x0000000087c00000|100%| O|  |TAMS 0x0000000087c00000, 0x0000000087b00000| Updating 
| 124|0x0000000087c00000, 0x0000000087c71a00, 0x0000000087d00000| 44%| O|  |TAMS 0x0000000087c71a00, 0x0000000087c00000| Updating 
| 125|0x0000000087d00000, 0x0000000087d00000, 0x0000000087e00000|  0%| F|  |TAMS 0x0000000087d00000, 0x0000000087d00000| Untracked 
| 126|0x0000000087e00000, 0x0000000087e00000, 0x0000000087f00000|  0%| F|  |TAMS 0x0000000087e00000, 0x0000000087e00000| Untracked 
| 127|0x0000000087f00000, 0x0000000087f00000, 0x0000000088000000|  0%| F|  |TAMS 0x0000000087f00000, 0x0000000087f00000| Untracked 
| 128|0x0000000088000000, 0x0000000088000000, 0x0000000088100000|  0%| F|  |TAMS 0x0000000088000000, 0x0000000088000000| Untracked 
| 129|0x0000000088100000, 0x0000000088100000, 0x0000000088200000|  0%| F|  |TAMS 0x0000000088100000, 0x0000000088100000| Untracked 
| 130|0x0000000088200000, 0x0000000088200000, 0x0000000088300000|  0%| F|  |TAMS 0x0000000088200000, 0x0000000088200000| Untracked 
| 131|0x0000000088300000, 0x0000000088300000, 0x0000000088400000|  0%| F|  |TAMS 0x0000000088300000, 0x0000000088300000| Untracked 
| 132|0x0000000088400000, 0x0000000088400000, 0x0000000088500000|  0%| F|  |TAMS 0x0000000088400000, 0x0000000088400000| Untracked 
| 133|0x0000000088500000, 0x0000000088500000, 0x0000000088600000|  0%| F|  |TAMS 0x0000000088500000, 0x0000000088500000| Untracked 
| 134|0x0000000088600000, 0x0000000088600000, 0x0000000088700000|  0%| F|  |TAMS 0x0000000088600000, 0x0000000088600000| Untracked 
| 135|0x0000000088700000, 0x0000000088700000, 0x0000000088800000|  0%| F|  |TAMS 0x0000000088700000, 0x0000000088700000| Untracked 
| 136|0x0000000088800000, 0x0000000088800000, 0x0000000088900000|  0%| F|  |TAMS 0x0000000088800000, 0x0000000088800000| Untracked 
| 137|0x0000000088900000, 0x0000000088900000, 0x0000000088a00000|  0%| F|  |TAMS 0x0000000088900000, 0x0000000088900000| Untracked 
| 138|0x0000000088a00000, 0x0000000088a00000, 0x0000000088b00000|  0%| F|  |TAMS 0x0000000088a00000, 0x0000000088a00000| Untracked 
| 139|0x0000000088b00000, 0x0000000088b00000, 0x0000000088c00000|  0%| F|  |TAMS 0x0000000088b00000, 0x0000000088b00000| Untracked 
| 140|0x0000000088c00000, 0x0000000088c00000, 0x0000000088d00000|  0%| F|  |TAMS 0x0000000088c00000, 0x0000000088c00000| Untracked 
| 141|0x0000000088d00000, 0x0000000088d00000, 0x0000000088e00000|  0%| F|  |TAMS 0x0000000088d00000, 0x0000000088d00000| Untracked 
| 142|0x0000000088e00000, 0x0000000088e00000, 0x0000000088f00000|  0%| F|  |TAMS 0x0000000088e00000, 0x0000000088e00000| Untracked 
| 143|0x0000000088f00000, 0x0000000088f00000, 0x0000000089000000|  0%| F|  |TAMS 0x0000000088f00000, 0x0000000088f00000| Untracked 
| 144|0x0000000089000000, 0x0000000089000000, 0x0000000089100000|  0%| F|  |TAMS 0x0000000089000000, 0x0000000089000000| Untracked 
| 145|0x0000000089100000, 0x0000000089100000, 0x0000000089200000|  0%| F|  |TAMS 0x0000000089100000, 0x0000000089100000| Untracked 
| 146|0x0000000089200000, 0x0000000089200000, 0x0000000089300000|  0%| F|  |TAMS 0x0000000089200000, 0x0000000089200000| Untracked 
| 147|0x0000000089300000, 0x0000000089300000, 0x0000000089400000|  0%| F|  |TAMS 0x0000000089300000, 0x0000000089300000| Untracked 
| 148|0x0000000089400000, 0x0000000089400000, 0x0000000089500000|  0%| F|  |TAMS 0x0000000089400000, 0x0000000089400000| Untracked 
| 149|0x0000000089500000, 0x0000000089500000, 0x0000000089600000|  0%| F|  |TAMS 0x0000000089500000, 0x0000000089500000| Untracked 
| 150|0x0000000089600000, 0x0000000089600000, 0x0000000089700000|  0%| F|  |TAMS 0x0000000089600000, 0x0000000089600000| Untracked 
| 151|0x0000000089700000, 0x0000000089700000, 0x0000000089800000|  0%| F|  |TAMS 0x0000000089700000, 0x0000000089700000| Untracked 
| 152|0x0000000089800000, 0x0000000089800000, 0x0000000089900000|  0%| F|  |TAMS 0x0000000089800000, 0x0000000089800000| Untracked 
| 153|0x0000000089900000, 0x0000000089900000, 0x0000000089a00000|  0%| F|  |TAMS 0x0000000089900000, 0x0000000089900000| Untracked 
| 154|0x0000000089a00000, 0x0000000089a00000, 0x0000000089b00000|  0%| F|  |TAMS 0x0000000089a00000, 0x0000000089a00000| Untracked 
| 155|0x0000000089b00000, 0x0000000089b00000, 0x0000000089c00000|  0%| F|  |TAMS 0x0000000089b00000, 0x0000000089b00000| Untracked 
| 156|0x0000000089c00000, 0x0000000089c00000, 0x0000000089d00000|  0%| F|  |TAMS 0x0000000089c00000, 0x0000000089c00000| Untracked 
| 157|0x0000000089d00000, 0x0000000089d00000, 0x0000000089e00000|  0%| F|  |TAMS 0x0000000089d00000, 0x0000000089d00000| Untracked 
| 158|0x0000000089e00000, 0x0000000089e00000, 0x0000000089f00000|  0%| F|  |TAMS 0x0000000089e00000, 0x0000000089e00000| Untracked 
| 159|0x0000000089f00000, 0x0000000089f00000, 0x000000008a000000|  0%| F|  |TAMS 0x0000000089f00000, 0x0000000089f00000| Untracked 
| 160|0x000000008a000000, 0x000000008a000000, 0x000000008a100000|  0%| F|  |TAMS 0x000000008a000000, 0x000000008a000000| Untracked 
| 161|0x000000008a100000, 0x000000008a194f20, 0x000000008a200000| 58%| S|CS|TAMS 0x000000008a100000, 0x000000008a100000| Complete 
| 162|0x000000008a200000, 0x000000008a200000, 0x000000008a300000|  0%| F|  |TAMS 0x000000008a200000, 0x000000008a200000| Untracked 
| 163|0x000000008a300000, 0x000000008a300000, 0x000000008a400000|  0%| F|  |TAMS 0x000000008a300000, 0x000000008a300000| Untracked 
| 164|0x000000008a400000, 0x000000008a400000, 0x000000008a500000|  0%| F|  |TAMS 0x000000008a400000, 0x000000008a400000| Untracked 
| 165|0x000000008a500000, 0x000000008a600000, 0x000000008a600000|100%| S|CS|TAMS 0x000000008a500000, 0x000000008a500000| Complete 
| 166|0x000000008a600000, 0x000000008a700000, 0x000000008a700000|100%| S|CS|TAMS 0x000000008a600000, 0x000000008a600000| Complete 
| 167|0x000000008a700000, 0x000000008a800000, 0x000000008a800000|100%| S|CS|TAMS 0x000000008a700000, 0x000000008a700000| Complete 
| 168|0x000000008a800000, 0x000000008a800000, 0x000000008a900000|  0%| F|  |TAMS 0x000000008a800000, 0x000000008a800000| Untracked 
| 169|0x000000008a900000, 0x000000008a900000, 0x000000008aa00000|  0%| F|  |TAMS 0x000000008a900000, 0x000000008a900000| Untracked 
| 170|0x000000008aa00000, 0x000000008aa00000, 0x000000008ab00000|  0%| F|  |TAMS 0x000000008aa00000, 0x000000008aa00000| Untracked 
| 171|0x000000008ab00000, 0x000000008ab00000, 0x000000008ac00000|  0%| F|  |TAMS 0x000000008ab00000, 0x000000008ab00000| Untracked 
| 172|0x000000008ac00000, 0x000000008ac00000, 0x000000008ad00000|  0%| F|  |TAMS 0x000000008ac00000, 0x000000008ac00000| Untracked 
| 173|0x000000008ad00000, 0x000000008ad00000, 0x000000008ae00000|  0%| F|  |TAMS 0x000000008ad00000, 0x000000008ad00000| Untracked 
| 174|0x000000008ae00000, 0x000000008ae00000, 0x000000008af00000|  0%| F|  |TAMS 0x000000008ae00000, 0x000000008ae00000| Untracked 
| 175|0x000000008af00000, 0x000000008af00000, 0x000000008b000000|  0%| F|  |TAMS 0x000000008af00000, 0x000000008af00000| Untracked 
| 176|0x000000008b000000, 0x000000008b000000, 0x000000008b100000|  0%| F|  |TAMS 0x000000008b000000, 0x000000008b000000| Untracked 
| 177|0x000000008b100000, 0x000000008b100000, 0x000000008b200000|  0%| F|  |TAMS 0x000000008b100000, 0x000000008b100000| Untracked 
| 178|0x000000008b200000, 0x000000008b200000, 0x000000008b300000|  0%| F|  |TAMS 0x000000008b200000, 0x000000008b200000| Untracked 
| 179|0x000000008b300000, 0x000000008b300000, 0x000000008b400000|  0%| F|  |TAMS 0x000000008b300000, 0x000000008b300000| Untracked 
| 180|0x000000008b400000, 0x000000008b400000, 0x000000008b500000|  0%| F|  |TAMS 0x000000008b400000, 0x000000008b400000| Untracked 
| 181|0x000000008b500000, 0x000000008b500000, 0x000000008b600000|  0%| F|  |TAMS 0x000000008b500000, 0x000000008b500000| Untracked 
| 182|0x000000008b600000, 0x000000008b600000, 0x000000008b700000|  0%| F|  |TAMS 0x000000008b600000, 0x000000008b600000| Untracked 
| 183|0x000000008b700000, 0x000000008b700000, 0x000000008b800000|  0%| F|  |TAMS 0x000000008b700000, 0x000000008b700000| Untracked 
| 184|0x000000008b800000, 0x000000008b800000, 0x000000008b900000|  0%| F|  |TAMS 0x000000008b800000, 0x000000008b800000| Untracked 
| 185|0x000000008b900000, 0x000000008b900000, 0x000000008ba00000|  0%| F|  |TAMS 0x000000008b900000, 0x000000008b900000| Untracked 
| 186|0x000000008ba00000, 0x000000008ba00000, 0x000000008bb00000|  0%| F|  |TAMS 0x000000008ba00000, 0x000000008ba00000| Untracked 
| 187|0x000000008bb00000, 0x000000008bb00000, 0x000000008bc00000|  0%| F|  |TAMS 0x000000008bb00000, 0x000000008bb00000| Untracked 
| 188|0x000000008bc00000, 0x000000008bc00000, 0x000000008bd00000|  0%| F|  |TAMS 0x000000008bc00000, 0x000000008bc00000| Untracked 
| 189|0x000000008bd00000, 0x000000008bd00000, 0x000000008be00000|  0%| F|  |TAMS 0x000000008bd00000, 0x000000008bd00000| Untracked 
| 190|0x000000008be00000, 0x000000008be00000, 0x000000008bf00000|  0%| F|  |TAMS 0x000000008be00000, 0x000000008be00000| Untracked 
| 191|0x000000008bf00000, 0x000000008bf00000, 0x000000008c000000|  0%| F|  |TAMS 0x000000008bf00000, 0x000000008bf00000| Untracked 
| 192|0x000000008c000000, 0x000000008c000000, 0x000000008c100000|  0%| F|  |TAMS 0x000000008c000000, 0x000000008c000000| Untracked 
| 193|0x000000008c100000, 0x000000008c100000, 0x000000008c200000|  0%| F|  |TAMS 0x000000008c100000, 0x000000008c100000| Untracked 
| 194|0x000000008c200000, 0x000000008c200000, 0x000000008c300000|  0%| F|  |TAMS 0x000000008c200000, 0x000000008c200000| Untracked 
| 195|0x000000008c300000, 0x000000008c300000, 0x000000008c400000|  0%| F|  |TAMS 0x000000008c300000, 0x000000008c300000| Untracked 
| 196|0x000000008c400000, 0x000000008c400000, 0x000000008c500000|  0%| F|  |TAMS 0x000000008c400000, 0x000000008c400000| Untracked 
| 197|0x000000008c500000, 0x000000008c500000, 0x000000008c600000|  0%| F|  |TAMS 0x000000008c500000, 0x000000008c500000| Untracked 
| 198|0x000000008c600000, 0x000000008c600000, 0x000000008c700000|  0%| F|  |TAMS 0x000000008c600000, 0x000000008c600000| Untracked 
| 199|0x000000008c700000, 0x000000008c700000, 0x000000008c800000|  0%| F|  |TAMS 0x000000008c700000, 0x000000008c700000| Untracked 
| 200|0x000000008c800000, 0x000000008c800000, 0x000000008c900000|  0%| F|  |TAMS 0x000000008c800000, 0x000000008c800000| Untracked 
| 201|0x000000008c900000, 0x000000008c900000, 0x000000008ca00000|  0%| F|  |TAMS 0x000000008c900000, 0x000000008c900000| Untracked 
| 202|0x000000008ca00000, 0x000000008ca00000, 0x000000008cb00000|  0%| F|  |TAMS 0x000000008ca00000, 0x000000008ca00000| Untracked 
| 203|0x000000008cb00000, 0x000000008cb00000, 0x000000008cc00000|  0%| F|  |TAMS 0x000000008cb00000, 0x000000008cb00000| Untracked 
| 204|0x000000008cc00000, 0x000000008cc00000, 0x000000008cd00000|  0%| F|  |TAMS 0x000000008cc00000, 0x000000008cc00000| Untracked 
| 205|0x000000008cd00000, 0x000000008cd00000, 0x000000008ce00000|  0%| F|  |TAMS 0x000000008cd00000, 0x000000008cd00000| Untracked 
| 206|0x000000008ce00000, 0x000000008ce00000, 0x000000008cf00000|  0%| F|  |TAMS 0x000000008ce00000, 0x000000008ce00000| Untracked 
| 207|0x000000008cf00000, 0x000000008cf00000, 0x000000008d000000|  0%| F|  |TAMS 0x000000008cf00000, 0x000000008cf00000| Untracked 
| 208|0x000000008d000000, 0x000000008d000000, 0x000000008d100000|  0%| F|  |TAMS 0x000000008d000000, 0x000000008d000000| Untracked 
| 209|0x000000008d100000, 0x000000008d100000, 0x000000008d200000|  0%| F|  |TAMS 0x000000008d100000, 0x000000008d100000| Untracked 
| 210|0x000000008d200000, 0x000000008d200000, 0x000000008d300000|  0%| F|  |TAMS 0x000000008d200000, 0x000000008d200000| Untracked 
| 211|0x000000008d300000, 0x000000008d300000, 0x000000008d400000|  0%| F|  |TAMS 0x000000008d300000, 0x000000008d300000| Untracked 
| 212|0x000000008d400000, 0x000000008d400000, 0x000000008d500000|  0%| F|  |TAMS 0x000000008d400000, 0x000000008d400000| Untracked 
| 213|0x000000008d500000, 0x000000008d500000, 0x000000008d600000|  0%| F|  |TAMS 0x000000008d500000, 0x000000008d500000| Untracked 
| 214|0x000000008d600000, 0x000000008d600000, 0x000000008d700000|  0%| F|  |TAMS 0x000000008d600000, 0x000000008d600000| Untracked 
| 215|0x000000008d700000, 0x000000008d800000, 0x000000008d800000|100%| E|  |TAMS 0x000000008d700000, 0x000000008d700000| Complete 
| 216|0x000000008d800000, 0x000000008d900000, 0x000000008d900000|100%| E|CS|TAMS 0x000000008d800000, 0x000000008d800000| Complete 
| 217|0x000000008d900000, 0x000000008da00000, 0x000000008da00000|100%| E|CS|TAMS 0x000000008d900000, 0x000000008d900000| Complete 
| 218|0x000000008da00000, 0x000000008db00000, 0x000000008db00000|100%| E|CS|TAMS 0x000000008da00000, 0x000000008da00000| Complete 
| 219|0x000000008db00000, 0x000000008dc00000, 0x000000008dc00000|100%| E|CS|TAMS 0x000000008db00000, 0x000000008db00000| Complete 
| 220|0x000000008dc00000, 0x000000008dd00000, 0x000000008dd00000|100%| E|CS|TAMS 0x000000008dc00000, 0x000000008dc00000| Complete 
| 221|0x000000008dd00000, 0x000000008de00000, 0x000000008de00000|100%| E|CS|TAMS 0x000000008dd00000, 0x000000008dd00000| Complete 
| 222|0x000000008de00000, 0x000000008df00000, 0x000000008df00000|100%| E|CS|TAMS 0x000000008de00000, 0x000000008de00000| Complete 
| 223|0x000000008df00000, 0x000000008e000000, 0x000000008e000000|100%| E|CS|TAMS 0x000000008df00000, 0x000000008df00000| Complete 
| 224|0x000000008e000000, 0x000000008e100000, 0x000000008e100000|100%| E|CS|TAMS 0x000000008e000000, 0x000000008e000000| Complete 
| 225|0x000000008e100000, 0x000000008e200000, 0x000000008e200000|100%| E|CS|TAMS 0x000000008e100000, 0x000000008e100000| Complete 
| 226|0x000000008e200000, 0x000000008e300000, 0x000000008e300000|100%| E|CS|TAMS 0x000000008e200000, 0x000000008e200000| Complete 
| 227|0x000000008e300000, 0x000000008e400000, 0x000000008e400000|100%| E|CS|TAMS 0x000000008e300000, 0x000000008e300000| Complete 
| 228|0x000000008e400000, 0x000000008e500000, 0x000000008e500000|100%| E|CS|TAMS 0x000000008e400000, 0x000000008e400000| Complete 
| 229|0x000000008e500000, 0x000000008e600000, 0x000000008e600000|100%| E|CS|TAMS 0x000000008e500000, 0x000000008e500000| Complete 
| 230|0x000000008e600000, 0x000000008e700000, 0x000000008e700000|100%| E|CS|TAMS 0x000000008e600000, 0x000000008e600000| Complete 

Card table byte_map: [0x000001f829420000,0x000001f829820000] _byte_map_base: 0x000001f829020000

Marking Bits (Prev, Next): (CMBitMap*) 0x000001f815d1d418, (CMBitMap*) 0x000001f815d1d450
 Prev Bits: [0x000001f829c20000, 0x000001f82bc20000)
 Next Bits: [0x000001f82bc20000, 0x000001f82dc20000)

Polling page: 0x000001f8143c0000

Metaspace:

Usage:
  Non-class:     91.97 MB capacity,    90.23 MB ( 98%) used,     1.46 MB (  2%) free+waste,   286.25 KB ( <1%) overhead. 
      Class:     14.14 MB capacity,    13.17 MB ( 93%) used,   859.93 KB (  6%) free+waste,   131.56 KB ( <1%) overhead. 
       Both:    106.11 MB capacity,   103.40 MB ( 97%) used,     2.30 MB (  2%) free+waste,   417.81 KB ( <1%) overhead. 

Virtual space:
  Non-class space:       94.00 MB reserved,      92.50 MB ( 98%) committed 
      Class space:        1.00 GB reserved,      14.38 MB (  1%) committed 
             Both:        1.09 GB reserved,     106.88 MB ( 10%) committed 

Chunk freelists:
   Non-Class:  350.00 KB
       Class:  178.00 KB
        Both:  528.00 KB

MaxMetaspaceSize: 17179869184.00 GB
CompressedClassSpaceSize: 1.00 GB

CodeHeap 'non-profiled nmethods': size=120064Kb used=6402Kb max_used=6402Kb free=113661Kb
 bounds [0x000001f8212a0000, 0x000001f8218f0000, 0x000001f8287e0000]
CodeHeap 'profiled nmethods': size=120000Kb used=25120Kb max_used=25120Kb free=94879Kb
 bounds [0x000001f819d70000, 0x000001f81b600000, 0x000001f8212a0000]
CodeHeap 'non-nmethods': size=5696Kb used=2313Kb max_used=2350Kb free=3382Kb
 bounds [0x000001f8197e0000, 0x000001f819a50000, 0x000001f819d70000]
 total_blobs=12858 nmethods=11922 adapters=848
 compilation: enabled
              stopped_count=0, restarted_count=0
 full_count=0

Compilation events (20 events):
Event: 14.592 Thread 0x000001f8348bd800 nmethod 11963 0x000001f8218d5610 code [0x000001f8218d57a0, 0x000001f8218d57f8]
Event: 14.623 Thread 0x000001f83051c000 nmethod 11959 0x000001f8218d5890 code [0x000001f8218d5cc0, 0x000001f8218d82a0]
Event: 14.665 Thread 0x000001f8348bd800 11979   !   4       java.util.concurrent.ConcurrentHashMap::putVal (432 bytes)
Event: 14.666 Thread 0x000001f83051c000 11980       4       jdk.internal.loader.URLClassPath$JarLoader$2::getInputStream (15 bytes)
Event: 14.698 Thread 0x000001f8348bd800 nmethod 11979 0x000001f8218d9910 code [0x000001f8218d9b40, 0x000001f8218db260]
Event: 14.698 Thread 0x000001f8348bd800 11981       4       jdk.internal.loader.URLClassPath$JarLoader$2::getManifest (26 bytes)
Event: 14.703 Thread 0x000001f83051c000 nmethod 11980 0x000001f8218dbd90 code [0x000001f8218dc020, 0x000001f8218dd500]
Event: 14.703 Thread 0x000001f83051c000 11982       4       java.net.URLClassLoader$1::run (5 bytes)
Event: 14.717 Thread 0x000001f8348bd800 nmethod 11981 0x000001f8218dde10 code [0x000001f8218de060, 0x000001f8218debd0]
Event: 14.717 Thread 0x000001f8348bd800 11983   !   4       java.net.URLClassLoader$1::run (63 bytes)
Event: 14.766 Thread 0x000001f83051e800 11984       3       sun.net.www.protocol.jar.URLJarFile::close (22 bytes)
Event: 14.766 Thread 0x000001f83051e800 nmethod 11984 0x000001f81b5e8b10 code [0x000001f81b5e8ce0, 0x000001f81b5e8ed8]
Event: 14.766 Thread 0x000001f83051e800 11985   !   3       sun.net.www.protocol.jar.JarFileFactory::close (46 bytes)
Event: 14.767 Thread 0x000001f83051e800 nmethod 11985 0x000001f81b5e9010 code [0x000001f81b5e9260, 0x000001f81b5e9c48]
Event: 14.844 Thread 0x000001f83051e800 11987       3       kotlin.reflect.jvm.internal.impl.name.FqNameUnsafe::hashCode (8 bytes)
Event: 14.844 Thread 0x000001f83051e800 nmethod 11987 0x000001f81b5ea090 code [0x000001f81b5ea240, 0x000001f81b5ea368]
Event: 14.849 Thread 0x000001f83051e800 11988       3       kotlin.reflect.jvm.internal.impl.load.kotlin.header.ReadKotlinClassHeaderAnnotationVisitor$CollectStringArrayAnnotationVisitor::visit (22 bytes)
Event: 14.849 Thread 0x000001f83051e800 nmethod 11988 0x000001f81b5ea410 code [0x000001f81b5ea5e0, 0x000001f81b5ea9a8]
Event: 14.851 Thread 0x000001f83051e800 11989       3       kotlin.reflect.jvm.internal.impl.name.FqName::isRoot (8 bytes)
Event: 14.851 Thread 0x000001f83051e800 nmethod 11989 0x000001f81b5eaa90 code [0x000001f81b5eac60, 0x000001f81b5eae98]

GC Heap History (20 events):
Event: 7.140 GC heap before
{Heap before GC invocations=10 (full 0):
 garbage-first heap   total 196608K, used 151734K [0x0000000080000000, 0x0000000100000000)
  region size 1024K, 93 young (95232K), 7 survivors (7168K)
 Metaspace       used 52865K, capacity 54560K, committed 54784K, reserved 1097728K
  class space    used 6847K, capacity 7400K, committed 7424K, reserved 1048576K
}
Event: 7.152 GC heap after
{Heap after GC invocations=11 (full 0):
 garbage-first heap   total 236544K, used 76743K [0x0000000080000000, 0x0000000100000000)
  region size 1024K, 12 young (12288K), 12 survivors (12288K)
 Metaspace       used 52865K, capacity 54560K, committed 54784K, reserved 1097728K
  class space    used 6847K, capacity 7400K, committed 7424K, reserved 1048576K
}
Event: 7.780 GC heap before
{Heap before GC invocations=11 (full 0):
 garbage-first heap   total 236544K, used 118727K [0x0000000080000000, 0x0000000100000000)
  region size 1024K, 54 young (55296K), 12 survivors (12288K)
 Metaspace       used 58238K, capacity 59989K, committed 60160K, reserved 1101824K
  class space    used 7491K, capacity 8074K, committed 8192K, reserved 1048576K
}
Event: 7.793 GC heap after
{Heap after GC invocations=12 (full 0):
 garbage-first heap   total 236544K, used 80236K [0x0000000080000000, 0x0000000100000000)
  region size 1024K, 3 young (3072K), 3 survivors (3072K)
 Metaspace       used 58238K, capacity 59989K, committed 60160K, reserved 1101824K
  class space    used 7491K, capacity 8074K, committed 8192K, reserved 1048576K
}
Event: 8.852 GC heap before
{Heap before GC invocations=13 (full 0):
 garbage-first heap   total 236544K, used 154988K [0x0000000080000000, 0x0000000100000000)
  region size 1024K, 77 young (78848K), 3 survivors (3072K)
 Metaspace       used 68535K, capacity 70577K, committed 70656K, reserved 1110016K
  class space    used 8733K, capacity 9402K, committed 9472K, reserved 1048576K
}
Event: 8.861 GC heap after
{Heap after GC invocations=14 (full 0):
 garbage-first heap   total 236544K, used 84474K [0x0000000080000000, 0x0000000100000000)
  region size 1024K, 7 young (7168K), 7 survivors (7168K)
 Metaspace       used 68535K, capacity 70577K, committed 70656K, reserved 1110016K
  class space    used 8733K, capacity 9402K, committed 9472K, reserved 1048576K
}
Event: 9.735 GC heap before
{Heap before GC invocations=15 (full 0):
 garbage-first heap   total 236544K, used 162298K [0x0000000080000000, 0x0000000100000000)
  region size 1024K, 83 young (84992K), 7 survivors (7168K)
 Metaspace       used 73884K, capacity 76119K, committed 76160K, reserved 1116160K
  class space    used 9399K, capacity 10108K, committed 10112K, reserved 1048576K
}
Event: 9.746 GC heap after
{Heap after GC invocations=16 (full 0):
 garbage-first heap   total 236544K, used 90242K [0x0000000080000000, 0x0000000100000000)
  region size 1024K, 11 young (11264K), 11 survivors (11264K)
 Metaspace       used 73884K, capacity 76119K, committed 76160K, reserved 1116160K
  class space    used 9399K, capacity 10108K, committed 10112K, reserved 1048576K
}
Event: 10.734 GC heap before
{Heap before GC invocations=16 (full 0):
 garbage-first heap   total 236544K, used 169090K [0x0000000080000000, 0x0000000100000000)
  region size 1024K, 88 young (90112K), 11 survivors (11264K)
 Metaspace       used 81644K, capacity 83813K, committed 84096K, reserved 1122304K
  class space    used 10567K, capacity 11298K, committed 11392K, reserved 1048576K
}
Event: 10.746 GC heap after
{Heap after GC invocations=17 (full 0):
 garbage-first heap   total 236544K, used 95287K [0x0000000080000000, 0x0000000100000000)
  region size 1024K, 11 young (11264K), 11 survivors (11264K)
 Metaspace       used 81644K, capacity 83813K, committed 84096K, reserved 1122304K
  class space    used 10567K, capacity 11298K, committed 11392K, reserved 1048576K
}
Event: 11.645 GC heap before
{Heap before GC invocations=17 (full 0):
 garbage-first heap   total 236544K, used 183351K [0x0000000080000000, 0x0000000100000000)
  region size 1024K, 88 young (90112K), 11 survivors (11264K)
 Metaspace       used 88170K, capacity 90560K, committed 90752K, reserved 1128448K
  class space    used 11211K, capacity 12042K, committed 12160K, reserved 1048576K
}
Event: 11.658 GC heap after
{Heap after GC invocations=18 (full 0):
 garbage-first heap   total 236544K, used 112414K [0x0000000080000000, 0x0000000100000000)
  region size 1024K, 11 young (11264K), 11 survivors (11264K)
 Metaspace       used 88170K, capacity 90560K, committed 90752K, reserved 1128448K
  class space    used 11211K, capacity 12042K, committed 12160K, reserved 1048576K
}
Event: 12.591 GC heap before
{Heap before GC invocations=18 (full 0):
 garbage-first heap   total 236544K, used 184094K [0x0000000080000000, 0x0000000100000000)
  region size 1024K, 81 young (82944K), 11 survivors (11264K)
 Metaspace       used 96380K, capacity 98920K, committed 99200K, reserved 1134592K
  class space    used 12286K, capacity 13146K, committed 13184K, reserved 1048576K
}
Event: 12.601 GC heap after
{Heap after GC invocations=19 (full 0):
 garbage-first heap   total 236544K, used 117734K [0x0000000080000000, 0x0000000100000000)
  region size 1024K, 5 young (5120K), 5 survivors (5120K)
 Metaspace       used 96380K, capacity 98920K, committed 99200K, reserved 1134592K
  class space    used 12286K, capacity 13146K, committed 13184K, reserved 1048576K
}
Event: 13.334 GC heap before
{Heap before GC invocations=19 (full 0):
 garbage-first heap   total 236544K, used 187366K [0x0000000080000000, 0x0000000100000000)
  region size 1024K, 74 young (75776K), 5 survivors (5120K)
 Metaspace       used 98334K, capacity 101228K, committed 101376K, reserved 1136640K
  class space    used 12560K, capacity 13557K, committed 13568K, reserved 1048576K
}
Event: 13.345 GC heap after
{Heap after GC invocations=20 (full 0):
 garbage-first heap   total 236544K, used 123904K [0x0000000080000000, 0x0000000100000000)
  region size 1024K, 10 young (10240K), 10 survivors (10240K)
 Metaspace       used 98334K, capacity 101228K, committed 101376K, reserved 1136640K
  class space    used 12560K, capacity 13557K, committed 13568K, reserved 1048576K
}
Event: 14.025 GC heap before
{Heap before GC invocations=21 (full 0):
 garbage-first heap   total 236544K, used 190464K [0x0000000080000000, 0x0000000100000000)
  region size 1024K, 76 young (77824K), 10 survivors (10240K)
 Metaspace       used 100026K, capacity 102805K, committed 103168K, reserved 1138688K
  class space    used 12719K, capacity 13699K, committed 13824K, reserved 1048576K
}
Event: 14.036 GC heap after
{Heap after GC invocations=22 (full 0):
 garbage-first heap   total 236544K, used 127999K [0x0000000080000000, 0x0000000100000000)
  region size 1024K, 6 young (6144K), 6 survivors (6144K)
 Metaspace       used 100026K, capacity 102805K, committed 103168K, reserved 1138688K
  class space    used 12719K, capacity 13699K, committed 13824K, reserved 1048576K
}
Event: 14.757 GC heap before
{Heap before GC invocations=22 (full 0):
 garbage-first heap   total 236544K, used 192511K [0x0000000080000000, 0x0000000100000000)
  region size 1024K, 69 young (70656K), 6 survivors (6144K)
 Metaspace       used 104952K, capacity 107880K, committed 108032K, reserved 1142784K
  class space    used 13425K, capacity 14483K, committed 14592K, reserved 1048576K
}
Event: 14.765 GC heap after
{Heap after GC invocations=23 (full 0):
 garbage-first heap   total 236544K, used 131098K [0x0000000080000000, 0x0000000100000000)
  region size 1024K, 4 young (4096K), 4 survivors (4096K)
 Metaspace       used 104952K, capacity 107880K, committed 108032K, reserved 1142784K
  class space    used 13425K, capacity 14483K, committed 14592K, reserved 1048576K
}

Deoptimization events (20 events):
Event: 14.093 Thread 0x000001f83352c000 Uncommon trap: trap_request=0xffffff4d fr.pc=0x000001f8217fd44c relative=0x000000000000198c
Event: 14.093 Thread 0x000001f83352c000 Uncommon trap: reason=unstable_if action=reinterpret pc=0x000001f8217fd44c method=com.google.common.collect.MapMakerInternalMap$Segment.put(Ljava/lang/Object;ILjava/lang/Object;Z)Ljava/lang/Object; @ 92 c2
Event: 14.093 Thread 0x000001f83352c000 DEOPT PACKING pc=0x000001f8217fd44c sp=0x00000039d74f4b20
Event: 14.093 Thread 0x000001f83352c000 DEOPT UNPACKING pc=0x000001f8198062a9 sp=0x00000039d74f4ac8 mode 2
Event: 14.124 Thread 0x000001f83352c000 DEOPT PACKING pc=0x000001f81b336f55 sp=0x00000039d74f8f10
Event: 14.124 Thread 0x000001f83352c000 DEOPT UNPACKING pc=0x000001f8198066bf sp=0x00000039d74f8430 mode 0
Event: 14.156 Thread 0x000001f83352c000 Uncommon trap: trap_request=0xffffff4d fr.pc=0x000001f8218221ac relative=0x000000000000038c
Event: 14.156 Thread 0x000001f83352c000 Uncommon trap: reason=unstable_if action=reinterpret pc=0x000001f8218221ac method=java.util.stream.StreamOpFlag.getMask(I)I @ 1 c2
Event: 14.156 Thread 0x000001f83352c000 DEOPT PACKING pc=0x000001f8218221ac sp=0x00000039d74f93c0
Event: 14.156 Thread 0x000001f83352c000 DEOPT UNPACKING pc=0x000001f8198062a9 sp=0x00000039d74f92b0 mode 2
Event: 14.355 Thread 0x000001f83352c000 DEOPT PACKING pc=0x000001f81b1ff131 sp=0x00000039d74f9cf0
Event: 14.355 Thread 0x000001f83352c000 DEOPT UNPACKING pc=0x000001f8198066bf sp=0x00000039d74f91b8 mode 0
Event: 14.358 Thread 0x000001f83352c000 DEOPT PACKING pc=0x000001f81b1ff131 sp=0x00000039d74f9d50
Event: 14.358 Thread 0x000001f83352c000 DEOPT UNPACKING pc=0x000001f8198066bf sp=0x00000039d74f9218 mode 0
Event: 14.372 Thread 0x000001f83352c000 DEOPT PACKING pc=0x000001f81b336f55 sp=0x00000039d74f63b0
Event: 14.372 Thread 0x000001f83352c000 DEOPT UNPACKING pc=0x000001f8198066bf sp=0x00000039d74f58d0 mode 0
Event: 14.469 Thread 0x000001f83352c000 DEOPT PACKING pc=0x000001f81a38a896 sp=0x00000039d74f8f10
Event: 14.469 Thread 0x000001f83352c000 DEOPT UNPACKING pc=0x000001f8198066bf sp=0x00000039d74f8428 mode 0
Event: 14.539 Thread 0x000001f835117800 DEOPT PACKING pc=0x000001f81b336f76 sp=0x00000039d91fda10
Event: 14.539 Thread 0x000001f835117800 DEOPT UNPACKING pc=0x000001f8198066bf sp=0x00000039d91fcf30 mode 0

Classes redefined (0 events):
No events

Internal exceptions (20 events):
Event: 11.786 Thread 0x000001f83352c000 Exception <a 'java/lang/NullPointerException'{0x000000008dc7ce88}> (0x000000008dc7ce88) thrown at [./src/hotspot/share/interpreter/linkResolver.cpp, line 1440]
Event: 11.985 Thread 0x000001f83352c000 Exception <a 'java/lang/NoSuchMethodError'{0x000000008cd906a0}: 'int java.lang.invoke.DirectMethodHandle$Holder.invokeStatic(java.lang.Object, java.lang.Object, int, java.lang.Object)'> (0x000000008cd906a0) thrown at [./src/hotspot/share/interpreter/linkResolver.cpp, line 773]
Event: 12.037 Thread 0x000001f83352c000 Exception <a 'sun/nio/fs/WindowsException'{0x000000008ccc47c8}> (0x000000008ccc47c8) thrown at [./src/hotspot/share/prims/jni.cpp, line 615]
Event: 12.037 Thread 0x000001f83352c000 Exception <a 'sun/nio/fs/WindowsException'{0x000000008ccc5b68}> (0x000000008ccc5b68) thrown at [./src/hotspot/share/prims/jni.cpp, line 615]
Event: 12.037 Thread 0x000001f83352c000 Exception <a 'sun/nio/fs/WindowsException'{0x000000008ccc6f58}> (0x000000008ccc6f58) thrown at [./src/hotspot/share/prims/jni.cpp, line 615]
Event: 12.037 Thread 0x000001f83352c000 Exception <a 'sun/nio/fs/WindowsException'{0x000000008ccc8348}> (0x000000008ccc8348) thrown at [./src/hotspot/share/prims/jni.cpp, line 615]
Event: 12.056 Thread 0x000001f83352c000 Implicit null exception at 0x000001f8215eaa38 to 0x000001f8215ed4f0
Event: 12.315 Thread 0x000001f83352c000 Exception <a 'java/lang/reflect/InvocationTargetException'{0x000000008b94d0f8}> (0x000000008b94d0f8) thrown at [./src/hotspot/share/runtime/reflection.cpp, line 1247]
Event: 12.387 Thread 0x000001f83352c000 Implicit null exception at 0x000001f82178bb19 to 0x000001f82178e370
Event: 12.908 Thread 0x000001f835117800 Exception <a 'java/lang/NoSuchMethodError'{0x000000008d4022d8}: 'java.lang.Object java.lang.invoke.DirectMethodHandle$Holder.invokeSpecialIFC(java.lang.Object, java.lang.Object, java.lang.Object)'> (0x000000008d4022d8) thrown at [./src/hotspot/share/interpreter/linkResolver.cpp, line 773]
Event: 12.908 Thread 0x000001f834ae1800 Exception <a 'java/lang/NoSuchMethodError'{0x000000008d5f7638}: 'java.lang.Object java.lang.invoke.DirectMethodHandle$Holder.invokeSpecialIFC(java.lang.Object, java.lang.Object, java.lang.Object)'> (0x000000008d5f7638) thrown at [./src/hotspot/share/interpreter/linkResolver.cpp, line 773]
Event: 12.908 Thread 0x000001f834ae0800 Exception <a 'java/lang/NoSuchMethodError'{0x000000008d5ddab8}: 'java.lang.Object java.lang.invoke.DirectMethodHandle$Holder.invokeSpecialIFC(java.lang.Object, java.lang.Object, java.lang.Object)'> (0x000000008d5ddab8) thrown at [./src/hotspot/share/interpreter/linkResolver.cpp, line 773]
Event: 12.908 Thread 0x000001f834add800 Exception <a 'java/lang/NoSuchMethodError'{0x000000008d54a478}: 'java.lang.Object java.lang.invoke.DirectMethodHandle$Holder.invokeSpecialIFC(java.lang.Object, java.lang.Object, java.lang.Object)'> (0x000000008d54a478) thrown at [./src/hotspot/share/interpreter/linkResolver.cpp, line 773]
Event: 12.955 Thread 0x000001f835117800 Exception <a 'java/lang/NoSuchMethodError'{0x000000008d0398c0}: 'int java.lang.invoke.DirectMethodHandle$Holder.invokeStaticInit(java.lang.Object, java.lang.Object, java.lang.Object, java.lang.Object, java.lang.Object)'> (0x000000008d0398c0) thrown at [./src/hotspot/share/interpreter/linkResolver.cpp, line 773]
Event: 13.872 Thread 0x000001f83352c000 Exception <a 'java/lang/NoSuchMethodError'{0x000000008b0ec2c8}: 'int java.lang.invoke.DirectMethodHandle$Holder.invokeSpecialIFC(java.lang.Object, java.lang.Object, java.lang.Object)'> (0x000000008b0ec2c8) thrown at [./src/hotspot/share/interpreter/linkResolver.cpp, line 773]
Event: 13.980 Thread 0x000001f83352c000 Exception <a 'java/lang/NoSuchMethodError'{0x000000008a519d48}: 'void java.lang.invoke.DirectMethodHandle$Holder.invokeStatic(java.lang.Object, int, java.lang.Object)'> (0x000000008a519d48) thrown at [./src/hotspot/share/interpreter/linkResolver.cpp, line 773]
Event: 14.199 Thread 0x000001f83352c000 Exception <a 'java/lang/NoSuchMethodError'{0x000000008df978d8}: 'java.lang.Object java.lang.invoke.DirectMethodHandle$Holder.invokeStatic(java.lang.Object, java.lang.Object, java.lang.Object, java.lang.Object, java.lang.Object, java.lang.Object, java.lang.Object, java.lang.Object, java.lang.Object, java.lang.Object, java.lang.Object, java.lang.Object, java.lang.Object, java.lang.Object, java.lang.Object, java.lang.Object, java.lang.Object, java.lang.Object, int, java.lang.Object)'> (0x000000008df978d8) thr
Event: 14.199 Thread 0x000001f83352c000 Exception <a 'java/lang/NoSuchMethodError'{0x000000008df9dc08}: 'java.lang.Object java.lang.invoke.DirectMethodHandle$Holder.invokeStaticInit(java.lang.Object, java.lang.Object, java.lang.Object, java.lang.Object, java.lang.Object, java.lang.Object, java.lang.Object, java.lang.Object, java.lang.Object, java.lang.Object, java.lang.Object, java.lang.Object, java.lang.Object, java.lang.Object, java.lang.Object, java.lang.Object, java.lang.Object, java.lang.Object, int, java.lang.Object)'> (0x000000008df9dc08)
Event: 14.233 Thread 0x000001f83352c000 Exception <a 'java/lang/NoSuchMethodError'{0x000000008ddf08d0}: 'int java.lang.invoke.DirectMethodHandle$Holder.invokeVirtual(java.lang.Object, java.lang.Object, java.lang.Object, java.lang.Object)'> (0x000000008ddf08d0) thrown at [./src/hotspot/share/interpreter/linkResolver.cpp, line 773]
Event: 14.287 Thread 0x000001f83352c000 Exception <a 'java/lang/NoSuchMethodError'{0x000000008da83d68}: 'java.lang.Object java.lang.invoke.DirectMethodHandle$Holder.invokeStatic(java.lang.Object, int, java.lang.Object, java.lang.Object)'> (0x000000008da83d68) thrown at [./src/hotspot/share/interpreter/linkResolver.cpp, line 773]

Events (20 events):
Event: 14.849 loading class kotlin/reflect/jvm/internal/impl/load/kotlin/header/ReadKotlinClassHeaderAnnotationVisitor$KotlinMetadataArgumentVisitor$2
Event: 14.849 loading class kotlin/reflect/jvm/internal/impl/load/kotlin/header/ReadKotlinClassHeaderAnnotationVisitor$KotlinMetadataArgumentVisitor$2 done
Event: 14.849 loading class kotlin/reflect/jvm/internal/impl/metadata/jvm/deserialization/JvmBytecodeBinaryVersion
Event: 14.849 loading class kotlin/reflect/jvm/internal/impl/metadata/jvm/deserialization/JvmBytecodeBinaryVersion done
Event: 14.850 loading class kotlin/reflect/jvm/internal/impl/metadata/jvm/deserialization/JvmBytecodeBinaryVersion$Companion
Event: 14.850 loading class kotlin/reflect/jvm/internal/impl/metadata/jvm/deserialization/JvmBytecodeBinaryVersion$Companion done
Event: 14.850 loading class kotlin/reflect/jvm/internal/impl/load/kotlin/header/KotlinClassHeader
Event: 14.850 loading class kotlin/reflect/jvm/internal/impl/load/kotlin/header/KotlinClassHeader done
Event: 14.850 loading class kotlin/reflect/jvm/internal/impl/load/kotlin/KotlinClassFinder$Result$KotlinClass
Event: 14.850 loading class kotlin/reflect/jvm/internal/impl/load/kotlin/KotlinClassFinder$Result$KotlinClass done
Event: 14.851 loading class kotlin/reflect/jvm/internal/impl/load/kotlin/KotlinClassFinder$Result
Event: 14.851 loading class kotlin/reflect/jvm/internal/impl/load/kotlin/KotlinClassFinder$Result done
Event: 14.851 loading class kotlin/reflect/jvm/internal/impl/metadata/jvm/deserialization/BitEncoding
Event: 14.851 loading class kotlin/reflect/jvm/internal/impl/metadata/jvm/deserialization/BitEncoding done
Event: 14.852 loading class kotlin/reflect/jvm/internal/impl/metadata/jvm/deserialization/UtfEncodingKt
Event: 14.852 loading class kotlin/reflect/jvm/internal/impl/metadata/jvm/deserialization/UtfEncodingKt done
Event: 14.852 loading class kotlin/reflect/jvm/internal/impl/metadata/jvm/deserialization/JvmNameResolver
Event: 14.852 loading class kotlin/reflect/jvm/internal/impl/metadata/jvm/deserialization/JvmNameResolver done
Event: 14.853 loading class kotlin/reflect/jvm/internal/impl/metadata/deserialization/NameResolver
Event: 14.853 loading class kotlin/reflect/jvm/internal/impl/metadata/deserialization/NameResolver done


Dynamic libraries:
0x00007ff781830000 - 0x00007ff78183a000 	C:\Program Files\Android\Android Studio\jre\bin\java.exe
0x00007ffc9ed10000 - 0x00007ffc9ef05000 	C:\WINDOWS\SYSTEM32\ntdll.dll
0x00007ffc9ec10000 - 0x00007ffc9ecce000 	C:\WINDOWS\System32\KERNEL32.DLL
0x00007ffc9c7a0000 - 0x00007ffc9ca68000 	C:\WINDOWS\System32\KERNELBASE.dll
0x00007ffc9c470000 - 0x00007ffc9c570000 	C:\WINDOWS\System32\ucrtbase.dll
0x00007ffc8a750000 - 0x00007ffc8a767000 	C:\Program Files\Android\Android Studio\jre\bin\VCRUNTIME140.dll
0x00007ffc88e80000 - 0x00007ffc88e99000 	C:\Program Files\Android\Android Studio\jre\bin\jli.dll
0x00007ffc9e6c0000 - 0x00007ffc9e861000 	C:\WINDOWS\System32\USER32.dll
0x00007ffc9b910000 - 0x00007ffc9bbaa000 	C:\WINDOWS\WinSxS\amd64_microsoft.windows.common-controls_6595b64144ccf1df_6.0.19041.1110_none_60b5254171f9507e\COMCTL32.dll
0x00007ffc9c680000 - 0x00007ffc9c6a2000 	C:\WINDOWS\System32\win32u.dll
0x00007ffc9e150000 - 0x00007ffc9e17b000 	C:\WINDOWS\System32\GDI32.dll
0x00007ffc9e620000 - 0x00007ffc9e6be000 	C:\WINDOWS\System32\msvcrt.dll
0x00007ffc9c570000 - 0x00007ffc9c67d000 	C:\WINDOWS\System32\gdi32full.dll
0x00007ffc9cbd0000 - 0x00007ffc9cc6d000 	C:\WINDOWS\System32\msvcp_win.dll
0x00007ffc9ce40000 - 0x00007ffc9ce70000 	C:\WINDOWS\System32\IMM32.DLL
0x00007ffc42e60000 - 0x00007ffc42efd000 	C:\Program Files\Android\Android Studio\jre\bin\msvcp140.dll
0x00007ffc430b0000 - 0x00007ffc43b85000 	C:\Program Files\Android\Android Studio\jre\bin\server\jvm.dll
0x00007ffc9e0a0000 - 0x00007ffc9e14c000 	C:\WINDOWS\System32\ADVAPI32.dll
0x00007ffc9def0000 - 0x00007ffc9df8b000 	C:\WINDOWS\System32\sechost.dll
0x00007ffc9d080000 - 0x00007ffc9d1aa000 	C:\WINDOWS\System32\RPCRT4.dll
0x00007ffc9cd50000 - 0x00007ffc9cd58000 	C:\WINDOWS\System32\PSAPI.DLL
0x00007ffc9bdc0000 - 0x00007ffc9bdc9000 	C:\WINDOWS\SYSTEM32\WSOCK32.dll
0x00007ffc937a0000 - 0x00007ffc937c7000 	C:\WINDOWS\SYSTEM32\WINMM.dll
0x00007ffc991c0000 - 0x00007ffc991ca000 	C:\WINDOWS\SYSTEM32\VERSION.dll
0x00007ffc9eba0000 - 0x00007ffc9ec0b000 	C:\WINDOWS\System32\WS2_32.dll
0x00007ffc99550000 - 0x00007ffc99562000 	C:\WINDOWS\SYSTEM32\kernel.appcore.dll
0x00007ffc8a730000 - 0x00007ffc8a741000 	C:\Program Files\Android\Android Studio\jre\bin\verify.dll
0x00007ffc9be40000 - 0x00007ffc9c024000 	C:\WINDOWS\SYSTEM32\DBGHELP.DLL
0x00007ffc9bd90000 - 0x00007ffc9bdbc000 	C:\WINDOWS\SYSTEM32\dbgcore.DLL
0x00007ffc9c710000 - 0x00007ffc9c792000 	C:\WINDOWS\System32\bcryptPrimitives.dll
0x00007ffc87ef0000 - 0x00007ffc87f19000 	C:\Program Files\Android\Android Studio\jre\bin\java.dll
0x00007ffc8b790000 - 0x00007ffc8b79b000 	C:\Program Files\Android\Android Studio\jre\bin\jimage.dll
0x00007ffc7a040000 - 0x00007ffc7a058000 	C:\Program Files\Android\Android Studio\jre\bin\zip.dll
0x00007ffc9d7a0000 - 0x00007ffc9dee4000 	C:\WINDOWS\System32\SHELL32.dll
0x00007ffc99850000 - 0x00007ffc99fe4000 	C:\WINDOWS\SYSTEM32\windows.storage.dll
0x00007ffc9d1b0000 - 0x00007ffc9d505000 	C:\WINDOWS\System32\combase.dll
0x00007ffc9b650000 - 0x00007ffc9b67e000 	C:\WINDOWS\SYSTEM32\Wldp.dll
0x00007ffc9e870000 - 0x00007ffc9e91d000 	C:\WINDOWS\System32\SHCORE.dll
0x00007ffc9d510000 - 0x00007ffc9d565000 	C:\WINDOWS\System32\shlwapi.dll
0x00007ffc9c360000 - 0x00007ffc9c37f000 	C:\WINDOWS\SYSTEM32\profapi.dll
0x00007ffc7a020000 - 0x00007ffc7a03a000 	C:\Program Files\Android\Android Studio\jre\bin\net.dll
0x00007ffc951d0000 - 0x00007ffc952dc000 	C:\WINDOWS\SYSTEM32\WINHTTP.dll
0x00007ffc9b4c0000 - 0x00007ffc9b52a000 	C:\WINDOWS\system32\mswsock.dll
0x00007ffc7a000000 - 0x00007ffc7a014000 	C:\Program Files\Android\Android Studio\jre\bin\nio.dll
0x00007ffc8a150000 - 0x00007ffc8a177000 	C:\Users\Bilal Envy\.gradle\native\8bec1ad78214c89d9ad589b4d07fe93259594b29d510b10fafb7a158f7737e5d\windows-amd64\native-platform.dll
0x00007ffc7e7e0000 - 0x00007ffc7e91d000 	C:\Users\Bilal Envy\.gradle\native\53dbd7edfb1c66fb8903c78663c9afc45aea4f116125fa6feffd364cf09443e8\windows-amd64\native-platform-file-events.dll
0x00007ffc8a4c0000 - 0x00007ffc8a4ca000 	C:\Program Files\Android\Android Studio\jre\bin\management.dll
0x00007ffc7d690000 - 0x00007ffc7d69d000 	C:\Program Files\Android\Android Studio\jre\bin\management_ext.dll
0x00007ffc9c1a0000 - 0x00007ffc9c1b8000 	C:\WINDOWS\SYSTEM32\CRYPTSP.dll
0x00007ffc9ae80000 - 0x00007ffc9aeb4000 	C:\WINDOWS\system32\rsaenh.dll
0x00007ffc9cd20000 - 0x00007ffc9cd47000 	C:\WINDOWS\System32\bcrypt.dll
0x00007ffc9c320000 - 0x00007ffc9c34e000 	C:\WINDOWS\SYSTEM32\USERENV.dll
0x00007ffc9b740000 - 0x00007ffc9b74c000 	C:\WINDOWS\SYSTEM32\CRYPTBASE.dll
0x00007ffc9b1d0000 - 0x00007ffc9b20b000 	C:\WINDOWS\SYSTEM32\IPHLPAPI.DLL
0x00007ffc9cd60000 - 0x00007ffc9cd68000 	C:\WINDOWS\System32\NSI.dll
0x00007ffc961b0000 - 0x00007ffc961c7000 	C:\WINDOWS\SYSTEM32\dhcpcsvc6.DLL
0x00007ffc96060000 - 0x00007ffc9607d000 	C:\WINDOWS\SYSTEM32\dhcpcsvc.DLL
0x00007ffc9b210000 - 0x00007ffc9b2db000 	C:\WINDOWS\SYSTEM32\DNSAPI.dll

dbghelp: loaded successfully - version: 4.0.5 - missing functions: none
symbol engine: initialized successfully - sym options: 0x614 - pdb path: .;C:\Program Files\Android\Android Studio\jre\bin;C:\WINDOWS\SYSTEM32;C:\WINDOWS\WinSxS\amd64_microsoft.windows.common-controls_6595b64144ccf1df_6.0.19041.1110_none_60b5254171f9507e;C:\Program Files\Android\Android Studio\jre\bin\server;C:\Users\Bilal Envy\.gradle\native\8bec1ad78214c89d9ad589b4d07fe93259594b29d510b10fafb7a158f7737e5d\windows-amd64;C:\Users\Bilal Envy\.gradle\native\53dbd7edfb1c66fb8903c78663c9afc45aea4f116125fa6feffd364cf09443e8\windows-amd64

VM Arguments:
jvm_args: --add-opens=java.base/java.util=ALL-UNNAMED --add-opens=java.base/java.lang=ALL-UNNAMED --add-opens=java.base/java.lang.invoke=ALL-UNNAMED --add-opens=java.base/java.util=ALL-UNNAMED --add-opens=java.prefs/java.util.prefs=ALL-UNNAMED --add-opens=java.prefs/java.util.prefs=ALL-UNNAMED --add-opens=java.base/java.nio.charset=ALL-UNNAMED --add-opens=java.base/java.net=ALL-UNNAMED --add-opens=java.base/java.util.concurrent.atomic=ALL-UNNAMED -Xmx2048m -Dfile.encoding=UTF-8 -Duser.country=GB -Duser.language=en -Duser.variant 
java_command: org.gradle.launcher.daemon.bootstrap.GradleDaemon 7.0.2
java_class_path (initial): C:\Users\Bilal Envy\.gradle\wrapper\dists\gradle-7.0.2-bin\857tjihv64xamwrf0h14cai3r\gradle-7.0.2\lib\gradle-launcher-7.0.2.jar
Launcher Type: SUN_STANDARD

[Global flags]
     intx CICompilerCount                          = 3                                         {product} {ergonomic}
     uint ConcGCThreads                            = 2                                         {product} {ergonomic}
     uint G1ConcRefinementThreads                  = 6                                         {product} {ergonomic}
   size_t G1HeapRegionSize                         = 1048576                                   {product} {ergonomic}
    uintx GCDrainStackTargetSize                   = 64                                        {product} {ergonomic}
   size_t InitialHeapSize                          = 201326592                                 {product} {ergonomic}
   size_t MarkStackSize                            = 4194304                                   {product} {ergonomic}
   size_t MaxHeapSize                              = 2147483648                                {product} {command line}
   size_t MaxNewSize                               = 1287651328                                {product} {ergonomic}
   size_t MinHeapDeltaBytes                        = 1048576                                   {product} {ergonomic}
    uintx NonNMethodCodeHeapSize                   = 5830732                                {pd product} {ergonomic}
    uintx NonProfiledCodeHeapSize                  = 122913754                              {pd product} {ergonomic}
    uintx ProfiledCodeHeapSize                     = 122913754                              {pd product} {ergonomic}
    uintx ReservedCodeCacheSize                    = 251658240                              {pd product} {ergonomic}
     bool SegmentedCodeCache                       = true                                      {product} {ergonomic}
     bool UseCompressedClassPointers               = true                                 {lp64_product} {ergonomic}
     bool UseCompressedOops                        = true                                 {lp64_product} {ergonomic}
     bool UseG1GC                                  = true                                      {product} {ergonomic}
     bool UseLargePagesIndividualAllocation        = false                                  {pd product} {ergonomic}

Logging:
Log output configuration:
 #0: stdout all=warning uptime,level,tags
 #1: stderr all=off uptime,level,tags

Environment Variables:
PATH=C:\WINDOWS\system32;C:\WINDOWS;C:\WINDOWS\System32\Wbem;C:\WINDOWS\System32\WindowsPowerShell\v1.0\;C:\WINDOWS\System32\OpenSSH\;C:\Program Files\Git\cmd;C:\Users\Bilal Envy\AppData\Local\Microsoft\WindowsApps;
USERNAME=Bilal Envy
OS=Windows_NT
PROCESSOR_IDENTIFIER=Intel64 Family 6 Model 44 Stepping 2, GenuineIntel



---------------  S Y S T E M  ---------------

OS: Windows 10 , 64 bit Build 19041 (10.0.19041.1348)
OS uptime: 0 days 0:34 hours

CPU:total 6 (initial active 6) (6 cores per cpu, 2 threads per core) family 6 model 44 stepping 2 microcode 0x1f, cmov, cx8, fxsr, mmx, sse, sse2, sse3, ssse3, sse4.1, sse4.2, popcnt, aes, clmul, ht, tsc, tscinvbit, tscinv

Memory: 4k page, system-wide physical 12285M (4424M free)
TotalPageFile size 14141M (AvailPageFile size 4347M)
current process WorkingSet (physical memory assigned to process): 513M, peak: 515M
current process commit charge ("private bytes"): 551M, peak: 552M

vm_info: OpenJDK 64-Bit Server VM (11.0.11+9-b60-7590822) for windows-amd64 JRE (11.0.11+9-b60-7590822), built on Jul 29 2021 21:43:44 by "builder" with MS VC++ 14.0 (VS2015)

END.
