#
# A fatal error has been detected by the Java Runtime Environment:
#
#  EXCEPTION_ACCESS_VIOLATION (0xc0000005) at pc=0x00007ffdb22c8da1, pid=10572, tid=12840
#
# JRE version: OpenJDK Runtime Environment (11.0.11+9) (build 11.0.11+9-b60-7590822)
# Java VM: OpenJDK 64-Bit Server VM (11.0.11+9-b60-7590822, mixed mode, tiered, compressed oops, g1 gc, windows-amd64)
# Problematic frame:
# V  [jvm.dll+0x358da1]
#
# No core dump will be written. Minidumps are not enabled by default on client versions of Windows
#
# If you would like to submit a bug report, please visit:
#   https://bugreport.java.com/bugreport/crash.jsp
#

---------------  S U M M A R Y ------------

Command Line: --add-opens=java.base/java.util=ALL-UNNAMED --add-opens=java.base/java.lang=ALL-UNNAMED --add-opens=java.base/java.lang.invoke=ALL-UNNAMED --add-opens=java.base/java.util=ALL-UNNAMED --add-opens=java.prefs/java.util.prefs=ALL-UNNAMED --add-opens=java.prefs/java.util.prefs=ALL-UNNAMED --add-opens=java.base/java.nio.charset=ALL-UNNAMED --add-opens=java.base/java.net=ALL-UNNAMED --add-opens=java.base/java.util.concurrent.atomic=ALL-UNNAMED -Xmx2048m -Dfile.encoding=UTF-8 -Duser.country=GB -Duser.language=en -Duser.variant org.gradle.launcher.daemon.bootstrap.GradleDaemon 7.0.2

Host: Intel(R) Xeon(R) CPU           W3670  @ 3.20GHz, 6 cores, 11G,  Windows 10 , 64 bit Build 19041 (10.0.19041.1348)
Time: Tue May 17 09:36:39 2022 Pakistan Standard Time elapsed time: 14.829958 seconds (0d 0h 0m 14s)

---------------  T H R E A D  ---------------

Current thread (0x000002214697b800):  JavaThread "C2 CompilerThread0" daemon [_thread_in_native, id=12840, stack(0x000000781d600000,0x000000781d700000)]


Current CompileTask:
C2:  14830 8553 %     4       org.gradle.internal.instantiation.generator.AbstractClassGenerator::inspectType @ 77 (560 bytes)

Stack: [0x000000781d600000,0x000000781d700000],  sp=0x000000781d6fbde0,  free space=1007k
Native frames: (J=compiled Java code, j=interpreted, Vv=VM code, C=native code)
V  [jvm.dll+0x358da1]
V  [jvm.dll+0x352677]
V  [jvm.dll+0x198790]
V  [jvm.dll+0x1fc2ee]
V  [jvm.dll+0x1fb3d4]
V  [jvm.dll+0x183d6c]
V  [jvm.dll+0x209a57]
V  [jvm.dll+0x2082a1]
V  [jvm.dll+0x6ef58f]
V  [jvm.dll+0x6e80b5]
V  [jvm.dll+0x5f1036]
C  [ucrtbase.dll+0x21bb2]
C  [KERNEL32.DLL+0x17034]
C  [ntdll.dll+0x52651]


siginfo: EXCEPTION_ACCESS_VIOLATION (0xc0000005), reading address 0x0000020149e35a80


Register to memory mapping:

RIP=0x00007ffdb22c8da1 jvm.dll
RAX=0x0 is NULL
RBX=0x000000781d6fbec0 is pointing into the stack for thread: 0x000002214697b800
RCX=0x00000221500e6240 points into unknown readable memory: 0x0000000000000000 | 00 00 00 00 00 00 00 00
RDX=0x0000022147b55990 points into unknown readable memory: 0x0000000000000016 | 16 00 00 00 00 00 00 00
RSP=0x000000781d6fbde0 is pointing into the stack for thread: 0x000002214697b800
RBP=0x000000781d6fe960 is pointing into the stack for thread: 0x000002214697b800
RSI=0x0000000000000088 is an unknown value
RDI=0x0000000000000011 is an unknown value
R8 =0x000000000000001e is an unknown value
R9 =0x0000000000000008 is an unknown value
R10=0x000000000000001e is an unknown value
R11=0x000000781d6fbec0 is pointing into the stack for thread: 0x000002214697b800
R12=0x00000221469208d0 points into unknown readable memory: 0x0000022146977ef0 | f0 7e 97 46 21 02 00 00
R13=0x00007ffdb296cf18 jvm.dll
R14=0x0000020149e35a80 is an unknown value
R15=0x0000022147b55990 points into unknown readable memory: 0x0000000000000016 | 16 00 00 00 00 00 00 00


Registers:
RAX=0x0000000000000000, RBX=0x000000781d6fbec0, RCX=0x00000221500e6240, RDX=0x0000022147b55990
RSP=0x000000781d6fbde0, RBP=0x000000781d6fe960, RSI=0x0000000000000088, RDI=0x0000000000000011
R8 =0x000000000000001e, R9 =0x0000000000000008, R10=0x000000000000001e, R11=0x000000781d6fbec0
R12=0x00000221469208d0, R13=0x00007ffdb296cf18, R14=0x0000020149e35a80, R15=0x0000022147b55990
RIP=0x00007ffdb22c8da1, EFLAGS=0x0000000000010246

Top of Stack: (sp=0x000000781d6fbde0)
0x000000781d6fbde0:   000002214e0a0ce0 000000000000001e
0x000000781d6fbdf0:   000000781d6fbec0 00007ffdb25b8210
0x000000781d6fbe00:   0000000000000003 0000000000000003
0x000000781d6fbe10:   0000000000000002 000000781d6fbf30
0x000000781d6fbe20:   0000000000000003 00007ffdb22c2677
0x000000781d6fbe30:   0000000000000000 000000781d6fc470
0x000000781d6fbe40:   000002214e7cf110 0000000000000002
0x000000781d6fbe50:   000000781d6fbe88 3ecf0d128b65496b
0x000000781d6fbe60:   00000078000f423f 0000000300000002
0x000000781d6fbe70:   0000000d00000002 0000000000000000
0x000000781d6fbe80:   00000002ffffffff 0000000300000000
0x000000781d6fbe90:   0000000e00000000 00007ffd00000000
0x000000781d6fbea0:   0000011f00000002 0000022100000000
0x000000781d6fbeb0:   0000000000000000 00007ffd01000000
0x000000781d6fbec0:   0000022100000016 000002214e0a0dd0
0x000000781d6fbed0:   000002214e777020 00007ffd00000000 

Instructions: (pc=0x00007ffdb22c8da1)
0x00007ffdb22c8ca1:   88 00 00 00 48 8b c6 48 f7 d0 48 8b b9 80 08 00
0x00007ffdb22c8cb1:   00 48 3b 47 18 73 12 4c 8d 05 11 98 48 00 48 8b
0x00007ffdb22c8cc1:   d6 48 8b cf e8 56 41 d6 ff 48 8b 47 18 48 8d 0c
0x00007ffdb22c8cd1:   30 48 3b 4f 20 76 10 45 33 c0 48 8b d6 48 8b cf
0x00007ffdb22c8ce1:   e8 1a 3d d6 ff eb 04 48 89 4f 18 48 89 43 08 41
0x00007ffdb22c8cf1:   b9 08 00 00 00 33 ff 39 bb 90 00 00 00 0f 86 d2
0x00007ffdb22c8d01:   00 00 00 65 48 8b 04 25 58 00 00 00 4c 89 64 24
0x00007ffdb22c8d11:   50 4c 89 6c 24 58 4c 8d 2d fa 41 6a 00 4c 89 74
0x00007ffdb22c8d21:   24 60 4c 8d 24 e8 66 0f 1f 84 00 00 00 00 00 49
0x00007ffdb22c8d31:   8b 47 08 48 8d 34 fd 00 00 00 00 4c 8b 34 06 4d
0x00007ffdb22c8d41:   3b f5 75 0a 48 8b 43 08 4c 89 2c 06 eb 6a 49 8b
0x00007ffdb22c8d51:   04 24 41 8b c9 48 8b 0c 01 48 8b 81 d0 04 00 00
0x00007ffdb22c8d61:   48 8b a8 88 00 00 00 48 8b 8d 88 08 00 00 48 85
0x00007ffdb22c8d71:   c9 75 12 e8 97 09 00 00 48 8b 8d 88 08 00 00 41
0x00007ffdb22c8d81:   b9 08 00 00 00 48 8b 01 48 89 85 88 08 00 00 33
0x00007ffdb22c8d91:   c0 48 89 01 48 89 41 08 48 89 41 10 48 89 41 18
0x00007ffdb22c8da1:   41 0f 10 06 0f 11 01 41 0f 10 4e 10 0f 11 49 10
0x00007ffdb22c8db1:   48 8b 43 08 48 89 0c 06 ff c7 3b bb 90 00 00 00
0x00007ffdb22c8dc1:   0f 82 69 ff ff ff 4c 8b 74 24 60 4c 8b 6c 24 58
0x00007ffdb22c8dd1:   4c 8b 64 24 50 48 8b c3 48 83 c4 20 41 5f 5f 5e
0x00007ffdb22c8de1:   5d 5b c3 cc cc cc cc cc cc cc cc cc cc cc cc 83
0x00007ffdb22c8df1:   3a 00 4c 8b c2 c7 41 08 08 00 00 00 75 16 33 d2
0x00007ffdb22c8e01:   c7 41 18 01 00 00 00 89 11 48 8b c1 c7 41 28 01
0x00007ffdb22c8e11:   00 00 00 c3 33 d2 48 89 11 89 51 18 41 8b 80 90
0x00007ffdb22c8e21:   00 00 00 89 41 28 48 89 51 10 49 8b 40 08 48 89
0x00007ffdb22c8e31:   41 20 48 8b c1 4c 89 41 30 c3 cc cc cc cc cc 48
0x00007ffdb22c8e41:   83 ec 28 8b 51 08 4c 8b c9 83 fa 08 73 18 4c 8b
0x00007ffdb22c8e51:   41 10 8b c2 41 83 3c 80 00 0f 85 0d 01 00 00 ff
0x00007ffdb22c8e61:   c2 83 fa 08 72 ec 44 8b 51 18 48 89 5c 24 30 48
0x00007ffdb22c8e71:   89 6c 24 38 48 89 74 24 40 48 89 7c 24 20 44 3b
0x00007ffdb22c8e81:   51 28 0f 83 b9 00 00 00 8b 0d ed fb 6d 00 48 8d
0x00007ffdb22c8e91:   35 82 40 6a 00 65 48 8b 04 25 58 00 00 00 bd 08 


Stack slot to memory mapping:
stack at sp + 0 slots: 0x000002214e0a0ce0 points into unknown readable memory: 0x000002215036a960 | 60 a9 36 50 21 02 00 00
stack at sp + 1 slots: 0x000000000000001e is an unknown value
stack at sp + 2 slots: 0x000000781d6fbec0 is pointing into the stack for thread: 0x000002214697b800
stack at sp + 3 slots: 0x00007ffdb25b8210 jvm.dll
stack at sp + 4 slots: 0x0000000000000003 is an unknown value
stack at sp + 5 slots: 0x0000000000000003 is an unknown value
stack at sp + 6 slots: 0x0000000000000002 is an unknown value
stack at sp + 7 slots: 0x000000781d6fbf30 is pointing into the stack for thread: 0x000002214697b800


---------------  P R O C E S S  ---------------

Threads class SMR info:
_java_thread_list=0x000002214dc06350, length=56, elements={
0x000002212b89c000, 0x0000022146101000, 0x000002214610f000, 0x0000022146971800,
0x0000022146972800, 0x0000022146974800, 0x000002214697b800, 0x000002214697d000,
0x000002214698d000, 0x000002214698e000, 0x0000022146988000, 0x000002214698e800,
0x000002214698c800, 0x0000022146989000, 0x000002214698a000, 0x000002214698a800,
0x000002214698b800, 0x00000221490d7800, 0x00000221490d9000, 0x00000221490dc000,
0x00000221490d9800, 0x00000221490d8000, 0x00000221490dd000, 0x00000221490da800,
0x00000221490de800, 0x00000221490de000, 0x00000221490e0800, 0x00000221490df800,
0x00000221490e1000, 0x00000221490db800, 0x00000221490e5000, 0x00000221490e3800,
0x00000221490e4800, 0x000002214a729800, 0x000002214a72e800, 0x000002214a728800,
0x000002214a730000, 0x000002214a72a800, 0x000002214a731000, 0x000002214a72f000,
0x000002214a72b000, 0x000002214a72d800, 0x000002214a731800, 0x000002214a72c000,
0x000002214a734000, 0x000002214a737800, 0x000002214a733800, 0x000002214a736800,
0x000002214a735000, 0x000002214a735800, 0x000002214fdfa000, 0x000002214fdf9000,
0x000002214fdfa800, 0x000002214fdfc800, 0x000002214fdf8800, 0x000002214fdfd000
}

Java Threads: ( => current thread )
  0x000002212b89c000 JavaThread "main" [_thread_blocked, id=4624, stack(0x000000781ca00000,0x000000781cb00000)]
  0x0000022146101000 JavaThread "Reference Handler" daemon [_thread_blocked, id=976, stack(0x000000781d100000,0x000000781d200000)]
  0x000002214610f000 JavaThread "Finalizer" daemon [_thread_blocked, id=9084, stack(0x000000781d200000,0x000000781d300000)]
  0x0000022146971800 JavaThread "Signal Dispatcher" daemon [_thread_blocked, id=14280, stack(0x000000781d300000,0x000000781d400000)]
  0x0000022146972800 JavaThread "Attach Listener" daemon [_thread_blocked, id=13560, stack(0x000000781d400000,0x000000781d500000)]
  0x0000022146974800 JavaThread "Service Thread" daemon [_thread_blocked, id=8040, stack(0x000000781d500000,0x000000781d600000)]
=>0x000002214697b800 JavaThread "C2 CompilerThread0" daemon [_thread_in_native, id=12840, stack(0x000000781d600000,0x000000781d700000)]
  0x000002214697d000 JavaThread "C1 CompilerThread0" daemon [_thread_blocked, id=11424, stack(0x000000781d700000,0x000000781d800000)]
  0x000002214698d000 JavaThread "Sweeper thread" daemon [_thread_blocked, id=6608, stack(0x000000781d800000,0x000000781d900000)]
  0x000002214698e000 JavaThread "Common-Cleaner" daemon [_thread_blocked, id=11600, stack(0x000000781d900000,0x000000781da00000)]
  0x0000022146988000 JavaThread "Daemon health stats" [_thread_blocked, id=4984, stack(0x000000781df00000,0x000000781e000000)]
  0x000002214698e800 JavaThread "Incoming local TCP Connector on port 53335" [_thread_in_native, id=9416, stack(0x000000781e000000,0x000000781e100000)]
  0x000002214698c800 JavaThread "Daemon periodic checks" [_thread_blocked, id=13792, stack(0x000000781e100000,0x000000781e200000)]
  0x0000022146989000 JavaThread "Daemon" [_thread_blocked, id=13904, stack(0x000000781e200000,0x000000781e300000)]
  0x000002214698a000 JavaThread "Handler for socket connection from /127.0.0.1:53335 to /127.0.0.1:53336" [_thread_in_native, id=11836, stack(0x000000781e300000,0x000000781e400000)]
  0x000002214698a800 JavaThread "Cancel handler" [_thread_blocked, id=7796, stack(0x000000781e400000,0x000000781e500000)]
  0x000002214698b800 JavaThread "Daemon worker" [_thread_in_native, id=12272, stack(0x000000781e500000,0x000000781e600000)]
  0x00000221490d7800 JavaThread "Asynchronous log dispatcher for DefaultDaemonConnection: socket connection from /127.0.0.1:53335 to /127.0.0.1:53336" [_thread_blocked, id=5324, stack(0x000000781e600000,0x000000781e700000)]
  0x00000221490d9000 JavaThread "Stdin handler" [_thread_blocked, id=8384, stack(0x000000781e700000,0x000000781e800000)]
  0x00000221490dc000 JavaThread "Daemon client event forwarder" [_thread_blocked, id=4600, stack(0x000000781e800000,0x000000781e900000)]
  0x00000221490d9800 JavaThread "Cache worker for file hash cache (C:\Users\Bilal Envy\.gradle\caches\7.0.2\fileHashes)" [_thread_blocked, id=2380, stack(0x000000781db00000,0x000000781dc00000)]
  0x00000221490d8000 JavaThread "File lock request listener" [_thread_in_native, id=5496, stack(0x000000781e900000,0x000000781ea00000)]
  0x00000221490dd000 JavaThread "Cache worker for journal cache (C:\Users\Bilal Envy\.gradle\caches\journal-1)" [_thread_blocked, id=9436, stack(0x000000781ed00000,0x000000781ee00000)]
  0x00000221490da800 JavaThread "Cache worker for file hash cache (D:\Envy\bg_remover_bilals\.gradle\7.0.2\fileHashes)" [_thread_blocked, id=8004, stack(0x000000781ef00000,0x000000781f000000)]
  0x00000221490de800 JavaThread "File watcher server" daemon [_thread_in_native, id=3968, stack(0x000000781f000000,0x000000781f100000)]
  0x00000221490de000 JavaThread "File watcher consumer" daemon [_thread_blocked, id=3160, stack(0x000000781f100000,0x000000781f200000)]
  0x00000221490e0800 JavaThread "Cache worker for checksums cache (D:\Envy\bg_remover_bilals\.gradle\checksums)" [_thread_blocked, id=8252, stack(0x000000781f200000,0x000000781f300000)]
  0x00000221490df800 JavaThread "Cache worker for cache directory md-supplier (C:\Users\Bilal Envy\.gradle\caches\7.0.2\md-supplier)" [_thread_blocked, id=7696, stack(0x000000781f300000,0x000000781f400000)]
  0x00000221490e1000 JavaThread "Cache worker for cache directory md-rule (C:\Users\Bilal Envy\.gradle\caches\7.0.2\md-rule)" [_thread_blocked, id=13260, stack(0x000000781f400000,0x000000781f500000)]
  0x00000221490db800 JavaThread "Cache worker for execution history cache (C:\Users\Bilal Envy\.gradle\caches\7.0.2\executionHistory)" [_thread_blocked, id=7088, stack(0x000000781f500000,0x000000781f600000)]
  0x00000221490e5000 JavaThread "jar transforms" [_thread_blocked, id=4956, stack(0x000000781f600000,0x000000781f700000)]
  0x00000221490e3800 JavaThread "jar transforms Thread 2" [_thread_blocked, id=12956, stack(0x000000781f700000,0x000000781f800000)]
  0x00000221490e4800 JavaThread "Cache worker for file content cache (C:\Users\Bilal Envy\.gradle\caches\7.0.2\fileContent)" [_thread_blocked, id=4972, stack(0x000000781f800000,0x000000781f900000)]
  0x000002214a729800 JavaThread "Cache worker for dependencies-accessors (D:\Envy\bg_remover_bilals\.gradle\7.0.2\dependencies-accessors)" [_thread_blocked, id=8020, stack(0x000000781f900000,0x000000781fa00000)]
  0x000002214a72e800 JavaThread "jar transforms Thread 3" [_thread_blocked, id=10548, stack(0x000000781fa00000,0x000000781fb00000)]
  0x000002214a728800 JavaThread "Cache worker for Build Output Cleanup Cache (D:\Envy\bg_remover_bilals\.gradle\buildOutputCleanup)" [_thread_blocked, id=10832, stack(0x000000781fb00000,0x000000781fc00000)]
  0x000002214a730000 JavaThread "Build operations" [_thread_blocked, id=9160, stack(0x000000781fc00000,0x000000781fd00000)]
  0x000002214a72a800 JavaThread "Build operations Thread 2" [_thread_blocked, id=5148, stack(0x000000781fd00000,0x000000781fe00000)]
  0x000002214a731000 JavaThread "Build operations Thread 3" [_thread_blocked, id=5632, stack(0x000000781fe00000,0x000000781ff00000)]
  0x000002214a72f000 JavaThread "Build operations Thread 4" [_thread_blocked, id=6984, stack(0x000000781ff00000,0x0000007820000000)]
  0x000002214a72b000 JavaThread "Build operations Thread 5" [_thread_blocked, id=12248, stack(0x0000007820000000,0x0000007820100000)]
  0x000002214a72d800 JavaThread "Build operations Thread 6" [_thread_blocked, id=4980, stack(0x0000007820100000,0x0000007820200000)]
  0x000002214a731800 JavaThread "jar transforms Thread 4" [_thread_blocked, id=11828, stack(0x0000007820200000,0x0000007820300000)]
  0x000002214a72c000 JavaThread "jar transforms Thread 5" [_thread_blocked, id=9616, stack(0x0000007820300000,0x0000007820400000)]
  0x000002214a734000 JavaThread "jar transforms Thread 6" [_thread_blocked, id=8184, stack(0x0000007820400000,0x0000007820500000)]
  0x000002214a737800 JavaThread "Memory manager" [_thread_blocked, id=9232, stack(0x0000007820800000,0x0000007820900000)]
  0x000002214a733800 JavaThread "build event listener" [_thread_blocked, id=13512, stack(0x0000007820900000,0x0000007820a00000)]
  0x000002214a736800 JavaThread "pool-3-thread-1" [_thread_blocked, id=13588, stack(0x0000007820a00000,0x0000007820b00000)]
  0x000002214a735000 JavaThread "build event listener" [_thread_blocked, id=14116, stack(0x0000007820b00000,0x0000007820c00000)]
  0x000002214a735800 JavaThread "Execution worker for ':'" [_thread_blocked, id=14268, stack(0x0000007820c00000,0x0000007820d00000)]
  0x000002214fdfa000 JavaThread "Execution worker for ':' Thread 2" [_thread_blocked, id=8336, stack(0x0000007820d00000,0x0000007820e00000)]
  0x000002214fdf9000 JavaThread "Execution worker for ':' Thread 3" [_thread_blocked, id=8644, stack(0x0000007820e00000,0x0000007820f00000)]
  0x000002214fdfa800 JavaThread "Execution worker for ':' Thread 4" [_thread_blocked, id=10928, stack(0x0000007820f00000,0x0000007821000000)]
  0x000002214fdfc800 JavaThread "Execution worker for ':' Thread 5" [_thread_blocked, id=8584, stack(0x0000007821000000,0x0000007821100000)]
  0x000002214fdf8800 JavaThread "Cache worker for execution history cache (D:\Envy\bg_remover_bilals\.gradle\7.0.2\executionHistory)" [_thread_blocked, id=14188, stack(0x0000007821100000,0x0000007821200000)]
  0x000002214fdfd000 JavaThread "C2 CompilerThread1" daemon [_thread_blocked, id=6328, stack(0x0000007821200000,0x0000007821300000)]

Other Threads:
  0x0000022146925800 VMThread "VM Thread" [stack: 0x000000781d000000,0x000000781d100000] [id=13744]
  0x0000022146aec800 WatcherThread [stack: 0x000000781da00000,0x000000781db00000] [id=10764]
  0x000002212b8b2000 GCTaskThread "GC Thread#0" [stack: 0x000000781cb00000,0x000000781cc00000] [id=13468]
  0x0000022147594800 GCTaskThread "GC Thread#1" [stack: 0x000000781dc00000,0x000000781dd00000] [id=7644]
  0x0000022146efa000 GCTaskThread "GC Thread#2" [stack: 0x000000781dd00000,0x000000781de00000] [id=11272]
  0x0000022146fdf000 GCTaskThread "GC Thread#3" [stack: 0x000000781de00000,0x000000781df00000] [id=12524]
  0x0000022148d1e000 GCTaskThread "GC Thread#4" [stack: 0x000000781ea00000,0x000000781eb00000] [id=7900]
  0x0000022148cfa000 GCTaskThread "GC Thread#5" [stack: 0x000000781eb00000,0x000000781ec00000] [id=2116]
  0x000002212b8e4000 ConcurrentGCThread "G1 Main Marker" [stack: 0x000000781cc00000,0x000000781cd00000] [id=12128]
  0x000002212b8e6000 ConcurrentGCThread "G1 Conc#0" [stack: 0x000000781cd00000,0x000000781ce00000] [id=9368]
  0x0000022148190800 ConcurrentGCThread "G1 Conc#1" [stack: 0x000000781ec00000,0x000000781ed00000] [id=5520]
  0x0000022145f56800 ConcurrentGCThread "G1 Refine#0" [stack: 0x000000781ce00000,0x000000781cf00000] [id=11532]
  0x000002214c9a1800 ConcurrentGCThread "G1 Refine#1" [stack: 0x0000007820500000,0x0000007820600000] [id=8912]
  0x000002214c77f800 ConcurrentGCThread "G1 Refine#2" [stack: 0x0000007820600000,0x0000007820700000] [id=5404]
  0x0000022147c7a800 ConcurrentGCThread "G1 Refine#3" [stack: 0x0000007820700000,0x0000007820800000] [id=13344]
  0x0000022145f57000 ConcurrentGCThread "G1 Young RemSet Sampling" [stack: 0x000000781cf00000,0x000000781d000000] [id=1868]

Threads with active compile tasks:
C2 CompilerThread0  14880 8553 %     4       org.gradle.internal.instantiation.generator.AbstractClassGenerator::inspectType @ 77 (560 bytes)

VM state:not at safepoint (normal execution)

VM Mutex/Monitor currently owned by a thread: None

Heap address: 0x0000000080000000, size: 2048 MB, Compressed Oops mode: 32-bit
Narrow klass base: 0x0000000000000000, Narrow klass shift: 3
Compressed class space size: 1073741824 Address: 0x0000000100000000

Heap:
 garbage-first heap   total 236544K, used 123040K [0x0000000080000000, 0x0000000100000000)
  region size 1024K, 59 young (60416K), 10 survivors (10240K)
 Metaspace       used 90356K, capacity 92456K, committed 92620K, reserved 1130496K
  class space    used 11605K, capacity 12376K, committed 12492K, reserved 1048576K
Heap Regions: E=young(eden), S=young(survivor), O=old, HS=humongous(starts), HC=humongous(continues), CS=collection set, F=free, A=archive, TAMS=top-at-mark-start (previous, next)
|   0|0x0000000080000000, 0x0000000080100000, 0x0000000080100000|100%| O|  |TAMS 0x0000000080100000, 0x0000000080000000| Untracked 
|   1|0x0000000080100000, 0x0000000080200000, 0x0000000080200000|100%| O|  |TAMS 0x0000000080200000, 0x0000000080100000| Untracked 
|   2|0x0000000080200000, 0x0000000080300000, 0x0000000080300000|100%| O|  |TAMS 0x0000000080300000, 0x0000000080200000| Untracked 
|   3|0x0000000080300000, 0x0000000080400000, 0x0000000080400000|100%|HS|  |TAMS 0x0000000080400000, 0x0000000080300000| Complete 
|   4|0x0000000080400000, 0x0000000080500000, 0x0000000080500000|100%|HC|  |TAMS 0x0000000080500000, 0x0000000080400000| Complete 
|   5|0x0000000080500000, 0x0000000080600000, 0x0000000080600000|100%|HC|  |TAMS 0x0000000080600000, 0x0000000080500000| Complete 
|   6|0x0000000080600000, 0x0000000080700000, 0x0000000080700000|100%| O|  |TAMS 0x0000000080700000, 0x0000000080600000| Untracked 
|   7|0x0000000080700000, 0x0000000080800000, 0x0000000080800000|100%| O|  |TAMS 0x0000000080800000, 0x0000000080700000| Untracked 
|   8|0x0000000080800000, 0x0000000080900000, 0x0000000080900000|100%| O|  |TAMS 0x0000000080900000, 0x0000000080800000| Untracked 
|   9|0x0000000080900000, 0x0000000080a00000, 0x0000000080a00000|100%| O|  |TAMS 0x0000000080a00000, 0x0000000080900000| Untracked 
|  10|0x0000000080a00000, 0x0000000080b00000, 0x0000000080b00000|100%| O|  |TAMS 0x0000000080b00000, 0x0000000080a00000| Untracked 
|  11|0x0000000080b00000, 0x0000000080c00000, 0x0000000080c00000|100%| O|  |TAMS 0x0000000080c00000, 0x0000000080b00000| Untracked 
|  12|0x0000000080c00000, 0x0000000080d00000, 0x0000000080d00000|100%| O|  |TAMS 0x0000000080d00000, 0x0000000080c00000| Untracked 
|  13|0x0000000080d00000, 0x0000000080e00000, 0x0000000080e00000|100%| O|  |TAMS 0x0000000080e00000, 0x0000000080d00000| Untracked 
|  14|0x0000000080e00000, 0x0000000080f00000, 0x0000000080f00000|100%| O|  |TAMS 0x0000000080f00000, 0x0000000080e00000| Untracked 
|  15|0x0000000080f00000, 0x0000000081000000, 0x0000000081000000|100%| O|  |TAMS 0x0000000081000000, 0x0000000080f00000| Untracked 
|  16|0x0000000081000000, 0x0000000081100000, 0x0000000081100000|100%| O|  |TAMS 0x0000000081100000, 0x0000000081000000| Untracked 
|  17|0x0000000081100000, 0x0000000081200000, 0x0000000081200000|100%|HS|  |TAMS 0x0000000081200000, 0x0000000081100000| Complete 
|  18|0x0000000081200000, 0x0000000081300000, 0x0000000081300000|100%|HS|  |TAMS 0x0000000081300000, 0x0000000081200000| Complete 
|  19|0x0000000081300000, 0x0000000081400000, 0x0000000081400000|100%|HS|  |TAMS 0x0000000081400000, 0x0000000081300000| Complete 
|  20|0x0000000081400000, 0x0000000081500000, 0x0000000081500000|100%|HS|  |TAMS 0x0000000081500000, 0x0000000081400000| Complete 
|  21|0x0000000081500000, 0x0000000081600000, 0x0000000081600000|100%|HC|  |TAMS 0x0000000081600000, 0x0000000081500000| Complete 
|  22|0x0000000081600000, 0x0000000081700000, 0x0000000081700000|100%|HC|  |TAMS 0x0000000081700000, 0x0000000081600000| Complete 
|  23|0x0000000081700000, 0x0000000081800000, 0x0000000081800000|100%|HS|  |TAMS 0x0000000081800000, 0x0000000081700000| Complete 
|  24|0x0000000081800000, 0x0000000081900000, 0x0000000081900000|100%|HC|  |TAMS 0x0000000081900000, 0x0000000081800000| Complete 
|  25|0x0000000081900000, 0x0000000081a00000, 0x0000000081a00000|100%| O|  |TAMS 0x0000000081a00000, 0x0000000081900000| Untracked 
|  26|0x0000000081a00000, 0x0000000081b00000, 0x0000000081b00000|100%| O|  |TAMS 0x0000000081b00000, 0x0000000081a00000| Untracked 
|  27|0x0000000081b00000, 0x0000000081c00000, 0x0000000081c00000|100%| O|  |TAMS 0x0000000081c00000, 0x0000000081b00000| Untracked 
|  28|0x0000000081c00000, 0x0000000081d00000, 0x0000000081d00000|100%| O|  |TAMS 0x0000000081d00000, 0x0000000081c00000| Untracked 
|  29|0x0000000081d00000, 0x0000000081e00000, 0x0000000081e00000|100%| O|  |TAMS 0x0000000081e00000, 0x0000000081d00000| Untracked 
|  30|0x0000000081e00000, 0x0000000081f00000, 0x0000000081f00000|100%| O|  |TAMS 0x0000000081f00000, 0x0000000081e00000| Untracked 
|  31|0x0000000081f00000, 0x0000000082000000, 0x0000000082000000|100%| O|  |TAMS 0x0000000082000000, 0x0000000081f00000| Untracked 
|  32|0x0000000082000000, 0x0000000082100000, 0x0000000082100000|100%| O|  |TAMS 0x0000000082100000, 0x0000000082000000| Untracked 
|  33|0x0000000082100000, 0x0000000082200000, 0x0000000082200000|100%| O|  |TAMS 0x0000000082200000, 0x0000000082100000| Untracked 
|  34|0x0000000082200000, 0x0000000082300000, 0x0000000082300000|100%| O|  |TAMS 0x0000000082300000, 0x0000000082200000| Untracked 
|  35|0x0000000082300000, 0x0000000082400000, 0x0000000082400000|100%| O|  |TAMS 0x0000000082400000, 0x0000000082300000| Untracked 
|  36|0x0000000082400000, 0x0000000082500000, 0x0000000082500000|100%| O|  |TAMS 0x0000000082500000, 0x0000000082400000| Untracked 
|  37|0x0000000082500000, 0x0000000082600000, 0x0000000082600000|100%| O|  |TAMS 0x0000000082600000, 0x0000000082500000| Untracked 
|  38|0x0000000082600000, 0x0000000082700000, 0x0000000082700000|100%| O|  |TAMS 0x0000000082700000, 0x0000000082600000| Untracked 
|  39|0x0000000082700000, 0x0000000082800000, 0x0000000082800000|100%| O|  |TAMS 0x0000000082800000, 0x0000000082700000| Untracked 
|  40|0x0000000082800000, 0x0000000082900000, 0x0000000082900000|100%| O|  |TAMS 0x0000000082900000, 0x0000000082800000| Untracked 
|  41|0x0000000082900000, 0x0000000082a00000, 0x0000000082a00000|100%| O|  |TAMS 0x0000000082a00000, 0x0000000082900000| Untracked 
|  42|0x0000000082a00000, 0x0000000082b00000, 0x0000000082b00000|100%| O|  |TAMS 0x0000000082b00000, 0x0000000082a00000| Untracked 
|  43|0x0000000082b00000, 0x0000000082c00000, 0x0000000082c00000|100%| O|  |TAMS 0x0000000082c00000, 0x0000000082b00000| Untracked 
|  44|0x0000000082c00000, 0x0000000082d00000, 0x0000000082d00000|100%| O|  |TAMS 0x0000000082d00000, 0x0000000082c00000| Untracked 
|  45|0x0000000082d00000, 0x0000000082e00000, 0x0000000082e00000|100%| O|  |TAMS 0x0000000082e00000, 0x0000000082d00000| Untracked 
|  46|0x0000000082e00000, 0x0000000082f00000, 0x0000000082f00000|100%| O|  |TAMS 0x0000000082f00000, 0x0000000082e00000| Untracked 
|  47|0x0000000082f00000, 0x0000000083000000, 0x0000000083000000|100%| O|  |TAMS 0x0000000083000000, 0x0000000082f00000| Untracked 
|  48|0x0000000083000000, 0x0000000083100000, 0x0000000083100000|100%| O|  |TAMS 0x0000000083037c00, 0x0000000083000000| Untracked 
|  49|0x0000000083100000, 0x0000000083200000, 0x0000000083200000|100%| O|  |TAMS 0x0000000083100000, 0x0000000083100000| Untracked 
|  50|0x0000000083200000, 0x0000000083300000, 0x0000000083300000|100%| O|  |TAMS 0x0000000083200000, 0x0000000083200000| Untracked 
|  51|0x0000000083300000, 0x0000000083400000, 0x0000000083400000|100%| O|  |TAMS 0x0000000083300000, 0x0000000083300000| Untracked 
|  52|0x0000000083400000, 0x0000000083500000, 0x0000000083500000|100%| O|  |TAMS 0x0000000083400000, 0x0000000083400000| Untracked 
|  53|0x0000000083500000, 0x0000000083600000, 0x0000000083600000|100%| O|  |TAMS 0x0000000083500000, 0x0000000083500000| Untracked 
|  54|0x0000000083600000, 0x0000000083700000, 0x0000000083700000|100%| O|  |TAMS 0x0000000083600000, 0x0000000083600000| Untracked 
|  55|0x0000000083700000, 0x0000000083800000, 0x0000000083800000|100%| O|  |TAMS 0x0000000083700000, 0x0000000083700000| Untracked 
|  56|0x0000000083800000, 0x0000000083900000, 0x0000000083900000|100%| O|  |TAMS 0x0000000083800000, 0x0000000083800000| Untracked 
|  57|0x0000000083900000, 0x0000000083a00000, 0x0000000083a00000|100%| O|  |TAMS 0x0000000083900000, 0x0000000083900000| Untracked 
|  58|0x0000000083a00000, 0x0000000083b00000, 0x0000000083b00000|100%| O|  |TAMS 0x0000000083a00000, 0x0000000083a00000| Untracked 
|  59|0x0000000083b00000, 0x0000000083c00000, 0x0000000083c00000|100%| O|  |TAMS 0x0000000083b00000, 0x0000000083b00000| Untracked 
|  60|0x0000000083c00000, 0x0000000083d00000, 0x0000000083d00000|100%| O|  |TAMS 0x0000000083c00000, 0x0000000083c00000| Untracked 
|  61|0x0000000083d00000, 0x0000000083e00000, 0x0000000083e00000|100%| O|  |TAMS 0x0000000083d00000, 0x0000000083d00000| Untracked 
|  62|0x0000000083e00000, 0x0000000083f00000, 0x0000000083f00000|100%| O|  |TAMS 0x0000000083e00000, 0x0000000083e00000| Untracked 
|  63|0x0000000083f00000, 0x0000000083fc6000, 0x0000000084000000| 77%| O|  |TAMS 0x0000000083f00000, 0x0000000083f00000| Untracked 
|  64|0x0000000084000000, 0x0000000084000000, 0x0000000084100000|  0%| F|  |TAMS 0x0000000084000000, 0x0000000084000000| Untracked 
|  65|0x0000000084100000, 0x0000000084100000, 0x0000000084200000|  0%| F|  |TAMS 0x0000000084100000, 0x0000000084100000| Untracked 
|  66|0x0000000084200000, 0x0000000084200000, 0x0000000084300000|  0%| F|  |TAMS 0x0000000084200000, 0x0000000084200000| Untracked 
|  67|0x0000000084300000, 0x0000000084300000, 0x0000000084400000|  0%| F|  |TAMS 0x0000000084300000, 0x0000000084300000| Untracked 
|  68|0x0000000084400000, 0x0000000084400000, 0x0000000084500000|  0%| F|  |TAMS 0x0000000084400000, 0x0000000084400000| Untracked 
|  69|0x0000000084500000, 0x0000000084500000, 0x0000000084600000|  0%| F|  |TAMS 0x0000000084500000, 0x0000000084500000| Untracked 
|  70|0x0000000084600000, 0x0000000084600000, 0x0000000084700000|  0%| F|  |TAMS 0x0000000084600000, 0x0000000084600000| Untracked 
|  71|0x0000000084700000, 0x0000000084700000, 0x0000000084800000|  0%| F|  |TAMS 0x0000000084700000, 0x0000000084700000| Untracked 
|  72|0x0000000084800000, 0x0000000084800000, 0x0000000084900000|  0%| F|  |TAMS 0x0000000084800000, 0x0000000084800000| Untracked 
|  73|0x0000000084900000, 0x0000000084900000, 0x0000000084a00000|  0%| F|  |TAMS 0x0000000084900000, 0x0000000084900000| Untracked 
|  74|0x0000000084a00000, 0x0000000084a00000, 0x0000000084b00000|  0%| F|  |TAMS 0x0000000084a00000, 0x0000000084a00000| Untracked 
|  75|0x0000000084b00000, 0x0000000084b00000, 0x0000000084c00000|  0%| F|  |TAMS 0x0000000084b00000, 0x0000000084b00000| Untracked 
|  76|0x0000000084c00000, 0x0000000084c00000, 0x0000000084d00000|  0%| F|  |TAMS 0x0000000084c00000, 0x0000000084c00000| Untracked 
|  77|0x0000000084d00000, 0x0000000084d00000, 0x0000000084e00000|  0%| F|  |TAMS 0x0000000084d00000, 0x0000000084d00000| Untracked 
|  78|0x0000000084e00000, 0x0000000084e00000, 0x0000000084f00000|  0%| F|  |TAMS 0x0000000084e00000, 0x0000000084e00000| Untracked 
|  79|0x0000000084f00000, 0x0000000084f00000, 0x0000000085000000|  0%| F|  |TAMS 0x0000000084f00000, 0x0000000084f00000| Untracked 
|  80|0x0000000085000000, 0x0000000085000000, 0x0000000085100000|  0%| F|  |TAMS 0x0000000085000000, 0x0000000085000000| Untracked 
|  81|0x0000000085100000, 0x0000000085100000, 0x0000000085200000|  0%| F|  |TAMS 0x0000000085100000, 0x0000000085100000| Untracked 
|  82|0x0000000085200000, 0x0000000085200000, 0x0000000085300000|  0%| F|  |TAMS 0x0000000085200000, 0x0000000085200000| Untracked 
|  83|0x0000000085300000, 0x0000000085300000, 0x0000000085400000|  0%| F|  |TAMS 0x0000000085300000, 0x0000000085300000| Untracked 
|  84|0x0000000085400000, 0x0000000085400000, 0x0000000085500000|  0%| F|  |TAMS 0x0000000085400000, 0x0000000085400000| Untracked 
|  85|0x0000000085500000, 0x0000000085500000, 0x0000000085600000|  0%| F|  |TAMS 0x0000000085500000, 0x0000000085500000| Untracked 
|  86|0x0000000085600000, 0x0000000085600000, 0x0000000085700000|  0%| F|  |TAMS 0x0000000085600000, 0x0000000085600000| Untracked 
|  87|0x0000000085700000, 0x0000000085700000, 0x0000000085800000|  0%| F|  |TAMS 0x0000000085700000, 0x0000000085700000| Untracked 
|  88|0x0000000085800000, 0x0000000085800000, 0x0000000085900000|  0%| F|  |TAMS 0x0000000085800000, 0x0000000085800000| Untracked 
|  89|0x0000000085900000, 0x0000000085900000, 0x0000000085a00000|  0%| F|  |TAMS 0x0000000085900000, 0x0000000085900000| Untracked 
|  90|0x0000000085a00000, 0x0000000085a00000, 0x0000000085b00000|  0%| F|  |TAMS 0x0000000085a00000, 0x0000000085a00000| Untracked 
|  91|0x0000000085b00000, 0x0000000085b00000, 0x0000000085c00000|  0%| F|  |TAMS 0x0000000085b00000, 0x0000000085b00000| Untracked 
|  92|0x0000000085c00000, 0x0000000085c00000, 0x0000000085d00000|  0%| F|  |TAMS 0x0000000085c00000, 0x0000000085c00000| Untracked 
|  93|0x0000000085d00000, 0x0000000085d00000, 0x0000000085e00000|  0%| F|  |TAMS 0x0000000085d00000, 0x0000000085d00000| Untracked 
|  94|0x0000000085e00000, 0x0000000085e00000, 0x0000000085f00000|  0%| F|  |TAMS 0x0000000085e00000, 0x0000000085e00000| Untracked 
|  95|0x0000000085f00000, 0x0000000085f00000, 0x0000000086000000|  0%| F|  |TAMS 0x0000000085f00000, 0x0000000085f00000| Untracked 
|  96|0x0000000086000000, 0x0000000086000000, 0x0000000086100000|  0%| F|  |TAMS 0x0000000086000000, 0x0000000086000000| Untracked 
|  97|0x0000000086100000, 0x0000000086100000, 0x0000000086200000|  0%| F|  |TAMS 0x0000000086100000, 0x0000000086100000| Untracked 
|  98|0x0000000086200000, 0x0000000086200000, 0x0000000086300000|  0%| F|  |TAMS 0x0000000086200000, 0x0000000086200000| Untracked 
|  99|0x0000000086300000, 0x0000000086300000, 0x0000000086400000|  0%| F|  |TAMS 0x0000000086300000, 0x0000000086300000| Untracked 
| 100|0x0000000086400000, 0x0000000086400000, 0x0000000086500000|  0%| F|  |TAMS 0x0000000086400000, 0x0000000086400000| Untracked 
| 101|0x0000000086500000, 0x0000000086500000, 0x0000000086600000|  0%| F|  |TAMS 0x0000000086500000, 0x0000000086500000| Untracked 
| 102|0x0000000086600000, 0x0000000086600000, 0x0000000086700000|  0%| F|  |TAMS 0x0000000086600000, 0x0000000086600000| Untracked 
| 103|0x0000000086700000, 0x0000000086700000, 0x0000000086800000|  0%| F|  |TAMS 0x0000000086700000, 0x0000000086700000| Untracked 
| 104|0x0000000086800000, 0x0000000086800000, 0x0000000086900000|  0%| F|  |TAMS 0x0000000086800000, 0x0000000086800000| Untracked 
| 105|0x0000000086900000, 0x0000000086900000, 0x0000000086a00000|  0%| F|  |TAMS 0x0000000086900000, 0x0000000086900000| Untracked 
| 106|0x0000000086a00000, 0x0000000086a00000, 0x0000000086b00000|  0%| F|  |TAMS 0x0000000086a00000, 0x0000000086a00000| Untracked 
| 107|0x0000000086b00000, 0x0000000086b00000, 0x0000000086c00000|  0%| F|  |TAMS 0x0000000086b00000, 0x0000000086b00000| Untracked 
| 108|0x0000000086c00000, 0x0000000086c00000, 0x0000000086d00000|  0%| F|  |TAMS 0x0000000086c00000, 0x0000000086c00000| Untracked 
| 109|0x0000000086d00000, 0x0000000086d00000, 0x0000000086e00000|  0%| F|  |TAMS 0x0000000086d00000, 0x0000000086d00000| Untracked 
| 110|0x0000000086e00000, 0x0000000086e620d8, 0x0000000086f00000| 38%| S|CS|TAMS 0x0000000086e00000, 0x0000000086e00000| Complete 
| 111|0x0000000086f00000, 0x0000000087000000, 0x0000000087000000|100%| S|CS|TAMS 0x0000000086f00000, 0x0000000086f00000| Complete 
| 112|0x0000000087000000, 0x0000000087100000, 0x0000000087100000|100%| S|CS|TAMS 0x0000000087000000, 0x0000000087000000| Complete 
| 113|0x0000000087100000, 0x0000000087200000, 0x0000000087200000|100%| S|CS|TAMS 0x0000000087100000, 0x0000000087100000| Complete 
| 114|0x0000000087200000, 0x0000000087300000, 0x0000000087300000|100%| S|CS|TAMS 0x0000000087200000, 0x0000000087200000| Complete 
| 115|0x0000000087300000, 0x0000000087400000, 0x0000000087400000|100%| S|CS|TAMS 0x0000000087300000, 0x0000000087300000| Complete 
| 116|0x0000000087400000, 0x0000000087500000, 0x0000000087500000|100%| S|CS|TAMS 0x0000000087400000, 0x0000000087400000| Complete 
| 117|0x0000000087500000, 0x0000000087600000, 0x0000000087600000|100%| S|CS|TAMS 0x0000000087500000, 0x0000000087500000| Complete 
| 118|0x0000000087600000, 0x0000000087700000, 0x0000000087700000|100%| S|CS|TAMS 0x0000000087600000, 0x0000000087600000| Complete 
| 119|0x0000000087700000, 0x0000000087800000, 0x0000000087800000|100%| S|CS|TAMS 0x0000000087700000, 0x0000000087700000| Complete 
| 120|0x0000000087800000, 0x0000000087800000, 0x0000000087900000|  0%| F|  |TAMS 0x0000000087800000, 0x0000000087800000| Untracked 
| 121|0x0000000087900000, 0x0000000087900000, 0x0000000087a00000|  0%| F|  |TAMS 0x0000000087900000, 0x0000000087900000| Untracked 
| 122|0x0000000087a00000, 0x0000000087a00000, 0x0000000087b00000|  0%| F|  |TAMS 0x0000000087a00000, 0x0000000087a00000| Untracked 
| 123|0x0000000087b00000, 0x0000000087b00000, 0x0000000087c00000|  0%| F|  |TAMS 0x0000000087b00000, 0x0000000087b00000| Untracked 
| 124|0x0000000087c00000, 0x0000000087c00000, 0x0000000087d00000|  0%| F|  |TAMS 0x0000000087c00000, 0x0000000087c00000| Untracked 
| 125|0x0000000087d00000, 0x0000000087d00000, 0x0000000087e00000|  0%| F|  |TAMS 0x0000000087d00000, 0x0000000087d00000| Untracked 
| 126|0x0000000087e00000, 0x0000000087e00000, 0x0000000087f00000|  0%| F|  |TAMS 0x0000000087e00000, 0x0000000087e00000| Untracked 
| 127|0x0000000087f00000, 0x0000000087f00000, 0x0000000088000000|  0%| F|  |TAMS 0x0000000087f00000, 0x0000000087f00000| Untracked 
| 128|0x0000000088000000, 0x0000000088000000, 0x0000000088100000|  0%| F|  |TAMS 0x0000000088000000, 0x0000000088000000| Untracked 
| 129|0x0000000088100000, 0x0000000088100000, 0x0000000088200000|  0%| F|  |TAMS 0x0000000088100000, 0x0000000088100000| Untracked 
| 130|0x0000000088200000, 0x0000000088200000, 0x0000000088300000|  0%| F|  |TAMS 0x0000000088200000, 0x0000000088200000| Untracked 
| 131|0x0000000088300000, 0x0000000088300000, 0x0000000088400000|  0%| F|  |TAMS 0x0000000088300000, 0x0000000088300000| Untracked 
| 132|0x0000000088400000, 0x0000000088400000, 0x0000000088500000|  0%| F|  |TAMS 0x0000000088400000, 0x0000000088400000| Untracked 
| 133|0x0000000088500000, 0x0000000088500000, 0x0000000088600000|  0%| F|  |TAMS 0x0000000088500000, 0x0000000088500000| Untracked 
| 134|0x0000000088600000, 0x0000000088600000, 0x0000000088700000|  0%| F|  |TAMS 0x0000000088600000, 0x0000000088600000| Untracked 
| 135|0x0000000088700000, 0x0000000088700000, 0x0000000088800000|  0%| F|  |TAMS 0x0000000088700000, 0x0000000088700000| Untracked 
| 136|0x0000000088800000, 0x0000000088800000, 0x0000000088900000|  0%| F|  |TAMS 0x0000000088800000, 0x0000000088800000| Untracked 
| 137|0x0000000088900000, 0x0000000088900000, 0x0000000088a00000|  0%| F|  |TAMS 0x0000000088900000, 0x0000000088900000| Untracked 
| 138|0x0000000088a00000, 0x0000000088a00000, 0x0000000088b00000|  0%| F|  |TAMS 0x0000000088a00000, 0x0000000088a00000| Untracked 
| 139|0x0000000088b00000, 0x0000000088b00000, 0x0000000088c00000|  0%| F|  |TAMS 0x0000000088b00000, 0x0000000088b00000| Untracked 
| 140|0x0000000088c00000, 0x0000000088c00000, 0x0000000088d00000|  0%| F|  |TAMS 0x0000000088c00000, 0x0000000088c00000| Untracked 
| 141|0x0000000088d00000, 0x0000000088d00000, 0x0000000088e00000|  0%| F|  |TAMS 0x0000000088d00000, 0x0000000088d00000| Untracked 
| 142|0x0000000088e00000, 0x0000000088e00000, 0x0000000088f00000|  0%| F|  |TAMS 0x0000000088e00000, 0x0000000088e00000| Untracked 
| 143|0x0000000088f00000, 0x0000000088f00000, 0x0000000089000000|  0%| F|  |TAMS 0x0000000088f00000, 0x0000000088f00000| Untracked 
| 144|0x0000000089000000, 0x0000000089000000, 0x0000000089100000|  0%| F|  |TAMS 0x0000000089000000, 0x0000000089000000| Untracked 
| 145|0x0000000089100000, 0x0000000089100000, 0x0000000089200000|  0%| F|  |TAMS 0x0000000089100000, 0x0000000089100000| Untracked 
| 146|0x0000000089200000, 0x0000000089200000, 0x0000000089300000|  0%| F|  |TAMS 0x0000000089200000, 0x0000000089200000| Untracked 
| 147|0x0000000089300000, 0x0000000089300000, 0x0000000089400000|  0%| F|  |TAMS 0x0000000089300000, 0x0000000089300000| Untracked 
| 148|0x0000000089400000, 0x0000000089400000, 0x0000000089500000|  0%| F|  |TAMS 0x0000000089400000, 0x0000000089400000| Untracked 
| 149|0x0000000089500000, 0x0000000089500000, 0x0000000089600000|  0%| F|  |TAMS 0x0000000089500000, 0x0000000089500000| Untracked 
| 150|0x0000000089600000, 0x0000000089600000, 0x0000000089700000|  0%| F|  |TAMS 0x0000000089600000, 0x0000000089600000| Untracked 
| 151|0x0000000089700000, 0x0000000089700000, 0x0000000089800000|  0%| F|  |TAMS 0x0000000089700000, 0x0000000089700000| Untracked 
| 152|0x0000000089800000, 0x0000000089800000, 0x0000000089900000|  0%| F|  |TAMS 0x0000000089800000, 0x0000000089800000| Untracked 
| 153|0x0000000089900000, 0x0000000089900000, 0x0000000089a00000|  0%| F|  |TAMS 0x0000000089900000, 0x0000000089900000| Untracked 
| 154|0x0000000089a00000, 0x0000000089a00000, 0x0000000089b00000|  0%| F|  |TAMS 0x0000000089a00000, 0x0000000089a00000| Untracked 
| 155|0x0000000089b00000, 0x0000000089b00000, 0x0000000089c00000|  0%| F|  |TAMS 0x0000000089b00000, 0x0000000089b00000| Untracked 
| 156|0x0000000089c00000, 0x0000000089c00000, 0x0000000089d00000|  0%| F|  |TAMS 0x0000000089c00000, 0x0000000089c00000| Untracked 
| 157|0x0000000089d00000, 0x0000000089d00000, 0x0000000089e00000|  0%| F|  |TAMS 0x0000000089d00000, 0x0000000089d00000| Untracked 
| 158|0x0000000089e00000, 0x0000000089e00000, 0x0000000089f00000|  0%| F|  |TAMS 0x0000000089e00000, 0x0000000089e00000| Untracked 
| 159|0x0000000089f00000, 0x0000000089f00000, 0x000000008a000000|  0%| F|  |TAMS 0x0000000089f00000, 0x0000000089f00000| Untracked 
| 160|0x000000008a000000, 0x000000008a000000, 0x000000008a100000|  0%| F|  |TAMS 0x000000008a000000, 0x000000008a000000| Untracked 
| 161|0x000000008a100000, 0x000000008a100000, 0x000000008a200000|  0%| F|  |TAMS 0x000000008a100000, 0x000000008a100000| Untracked 
| 162|0x000000008a200000, 0x000000008a200000, 0x000000008a300000|  0%| F|  |TAMS 0x000000008a200000, 0x000000008a200000| Untracked 
| 163|0x000000008a300000, 0x000000008a300000, 0x000000008a400000|  0%| F|  |TAMS 0x000000008a300000, 0x000000008a300000| Untracked 
| 164|0x000000008a400000, 0x000000008a400000, 0x000000008a500000|  0%| F|  |TAMS 0x000000008a400000, 0x000000008a400000| Untracked 
| 165|0x000000008a500000, 0x000000008a500000, 0x000000008a600000|  0%| F|  |TAMS 0x000000008a500000, 0x000000008a500000| Untracked 
| 166|0x000000008a600000, 0x000000008a600000, 0x000000008a700000|  0%| F|  |TAMS 0x000000008a600000, 0x000000008a600000| Untracked 
| 167|0x000000008a700000, 0x000000008a700000, 0x000000008a800000|  0%| F|  |TAMS 0x000000008a700000, 0x000000008a700000| Untracked 
| 168|0x000000008a800000, 0x000000008a800000, 0x000000008a900000|  0%| F|  |TAMS 0x000000008a800000, 0x000000008a800000| Untracked 
| 169|0x000000008a900000, 0x000000008a900000, 0x000000008aa00000|  0%| F|  |TAMS 0x000000008a900000, 0x000000008a900000| Untracked 
| 170|0x000000008aa00000, 0x000000008aa00000, 0x000000008ab00000|  0%| F|  |TAMS 0x000000008aa00000, 0x000000008aa00000| Untracked 
| 171|0x000000008ab00000, 0x000000008ab00000, 0x000000008ac00000|  0%| F|  |TAMS 0x000000008ab00000, 0x000000008ab00000| Untracked 
| 172|0x000000008ac00000, 0x000000008ac00000, 0x000000008ad00000|  0%| F|  |TAMS 0x000000008ac00000, 0x000000008ac00000| Untracked 
| 173|0x000000008ad00000, 0x000000008ad00000, 0x000000008ae00000|  0%| F|  |TAMS 0x000000008ad00000, 0x000000008ad00000| Untracked 
| 174|0x000000008ae00000, 0x000000008ae00000, 0x000000008af00000|  0%| F|  |TAMS 0x000000008ae00000, 0x000000008ae00000| Untracked 
| 175|0x000000008af00000, 0x000000008af00000, 0x000000008b000000|  0%| F|  |TAMS 0x000000008af00000, 0x000000008af00000| Untracked 
| 176|0x000000008b000000, 0x000000008b000000, 0x000000008b100000|  0%| F|  |TAMS 0x000000008b000000, 0x000000008b000000| Untracked 
| 177|0x000000008b100000, 0x000000008b100000, 0x000000008b200000|  0%| F|  |TAMS 0x000000008b100000, 0x000000008b100000| Untracked 
| 178|0x000000008b200000, 0x000000008b200000, 0x000000008b300000|  0%| F|  |TAMS 0x000000008b200000, 0x000000008b200000| Untracked 
| 179|0x000000008b300000, 0x000000008b300000, 0x000000008b400000|  0%| F|  |TAMS 0x000000008b300000, 0x000000008b300000| Untracked 
| 180|0x000000008b400000, 0x000000008b400000, 0x000000008b500000|  0%| F|  |TAMS 0x000000008b400000, 0x000000008b400000| Untracked 
| 181|0x000000008b500000, 0x000000008b500000, 0x000000008b600000|  0%| F|  |TAMS 0x000000008b500000, 0x000000008b500000| Untracked 
| 182|0x000000008b600000, 0x000000008b700000, 0x000000008b700000|100%| E|  |TAMS 0x000000008b600000, 0x000000008b600000| Complete 
| 183|0x000000008b700000, 0x000000008b800000, 0x000000008b800000|100%| E|CS|TAMS 0x000000008b700000, 0x000000008b700000| Complete 
| 184|0x000000008b800000, 0x000000008b900000, 0x000000008b900000|100%| E|CS|TAMS 0x000000008b800000, 0x000000008b800000| Complete 
| 185|0x000000008b900000, 0x000000008ba00000, 0x000000008ba00000|100%| E|CS|TAMS 0x000000008b900000, 0x000000008b900000| Complete 
| 186|0x000000008ba00000, 0x000000008bb00000, 0x000000008bb00000|100%| E|CS|TAMS 0x000000008ba00000, 0x000000008ba00000| Complete 
| 187|0x000000008bb00000, 0x000000008bc00000, 0x000000008bc00000|100%| E|CS|TAMS 0x000000008bb00000, 0x000000008bb00000| Complete 
| 188|0x000000008bc00000, 0x000000008bd00000, 0x000000008bd00000|100%| E|CS|TAMS 0x000000008bc00000, 0x000000008bc00000| Complete 
| 189|0x000000008bd00000, 0x000000008be00000, 0x000000008be00000|100%| E|CS|TAMS 0x000000008bd00000, 0x000000008bd00000| Complete 
| 190|0x000000008be00000, 0x000000008bf00000, 0x000000008bf00000|100%| E|CS|TAMS 0x000000008be00000, 0x000000008be00000| Complete 
| 191|0x000000008bf00000, 0x000000008c000000, 0x000000008c000000|100%| E|CS|TAMS 0x000000008bf00000, 0x000000008bf00000| Complete 
| 192|0x000000008c000000, 0x000000008c100000, 0x000000008c100000|100%| E|CS|TAMS 0x000000008c000000, 0x000000008c000000| Complete 
| 193|0x000000008c100000, 0x000000008c200000, 0x000000008c200000|100%| E|CS|TAMS 0x000000008c100000, 0x000000008c100000| Complete 
| 194|0x000000008c200000, 0x000000008c300000, 0x000000008c300000|100%| E|CS|TAMS 0x000000008c200000, 0x000000008c200000| Complete 
| 195|0x000000008c300000, 0x000000008c400000, 0x000000008c400000|100%| E|CS|TAMS 0x000000008c300000, 0x000000008c300000| Complete 
| 196|0x000000008c400000, 0x000000008c500000, 0x000000008c500000|100%| E|CS|TAMS 0x000000008c400000, 0x000000008c400000| Complete 
| 197|0x000000008c500000, 0x000000008c600000, 0x000000008c600000|100%| E|CS|TAMS 0x000000008c500000, 0x000000008c500000| Complete 
| 198|0x000000008c600000, 0x000000008c700000, 0x000000008c700000|100%| E|  |TAMS 0x000000008c600000, 0x000000008c600000| Complete 
| 199|0x000000008c700000, 0x000000008c800000, 0x000000008c800000|100%| E|CS|TAMS 0x000000008c700000, 0x000000008c700000| Complete 
| 200|0x000000008c800000, 0x000000008c900000, 0x000000008c900000|100%| E|CS|TAMS 0x000000008c800000, 0x000000008c800000| Complete 
| 201|0x000000008c900000, 0x000000008ca00000, 0x000000008ca00000|100%| E|CS|TAMS 0x000000008c900000, 0x000000008c900000| Complete 
| 202|0x000000008ca00000, 0x000000008cb00000, 0x000000008cb00000|100%| E|CS|TAMS 0x000000008ca00000, 0x000000008ca00000| Complete 
| 203|0x000000008cb00000, 0x000000008cc00000, 0x000000008cc00000|100%| E|CS|TAMS 0x000000008cb00000, 0x000000008cb00000| Complete 
| 204|0x000000008cc00000, 0x000000008cd00000, 0x000000008cd00000|100%| E|CS|TAMS 0x000000008cc00000, 0x000000008cc00000| Complete 
| 205|0x000000008cd00000, 0x000000008ce00000, 0x000000008ce00000|100%| E|CS|TAMS 0x000000008cd00000, 0x000000008cd00000| Complete 
| 206|0x000000008ce00000, 0x000000008cf00000, 0x000000008cf00000|100%| E|CS|TAMS 0x000000008ce00000, 0x000000008ce00000| Complete 
| 207|0x000000008cf00000, 0x000000008d000000, 0x000000008d000000|100%| E|CS|TAMS 0x000000008cf00000, 0x000000008cf00000| Complete 
| 208|0x000000008d000000, 0x000000008d100000, 0x000000008d100000|100%| E|CS|TAMS 0x000000008d000000, 0x000000008d000000| Complete 
| 209|0x000000008d100000, 0x000000008d200000, 0x000000008d200000|100%| E|CS|TAMS 0x000000008d100000, 0x000000008d100000| Complete 
| 210|0x000000008d200000, 0x000000008d300000, 0x000000008d300000|100%| E|CS|TAMS 0x000000008d200000, 0x000000008d200000| Complete 
| 211|0x000000008d300000, 0x000000008d400000, 0x000000008d400000|100%| E|CS|TAMS 0x000000008d300000, 0x000000008d300000| Complete 
| 212|0x000000008d400000, 0x000000008d500000, 0x000000008d500000|100%| E|CS|TAMS 0x000000008d400000, 0x000000008d400000| Complete 
| 213|0x000000008d500000, 0x000000008d600000, 0x000000008d600000|100%| E|CS|TAMS 0x000000008d500000, 0x000000008d500000| Complete 
| 214|0x000000008d600000, 0x000000008d700000, 0x000000008d700000|100%| E|CS|TAMS 0x000000008d600000, 0x000000008d600000| Complete 
| 215|0x000000008d700000, 0x000000008d800000, 0x000000008d800000|100%| E|CS|TAMS 0x000000008d700000, 0x000000008d700000| Complete 
| 216|0x000000008d800000, 0x000000008d900000, 0x000000008d900000|100%| E|CS|TAMS 0x000000008d800000, 0x000000008d800000| Complete 
| 217|0x000000008d900000, 0x000000008da00000, 0x000000008da00000|100%| E|CS|TAMS 0x000000008d900000, 0x000000008d900000| Complete 
| 218|0x000000008da00000, 0x000000008db00000, 0x000000008db00000|100%| E|CS|TAMS 0x000000008da00000, 0x000000008da00000| Complete 
| 219|0x000000008db00000, 0x000000008dc00000, 0x000000008dc00000|100%| E|CS|TAMS 0x000000008db00000, 0x000000008db00000| Complete 
| 220|0x000000008dc00000, 0x000000008dd00000, 0x000000008dd00000|100%| E|CS|TAMS 0x000000008dc00000, 0x000000008dc00000| Complete 
| 221|0x000000008dd00000, 0x000000008de00000, 0x000000008de00000|100%| E|CS|TAMS 0x000000008dd00000, 0x000000008dd00000| Complete 
| 222|0x000000008de00000, 0x000000008df00000, 0x000000008df00000|100%| E|CS|TAMS 0x000000008de00000, 0x000000008de00000| Complete 
| 223|0x000000008df00000, 0x000000008e000000, 0x000000008e000000|100%| E|CS|TAMS 0x000000008df00000, 0x000000008df00000| Complete 
| 224|0x000000008e000000, 0x000000008e100000, 0x000000008e100000|100%| E|CS|TAMS 0x000000008e000000, 0x000000008e000000| Complete 
| 225|0x000000008e100000, 0x000000008e200000, 0x000000008e200000|100%| E|CS|TAMS 0x000000008e100000, 0x000000008e100000| Complete 
| 226|0x000000008e200000, 0x000000008e300000, 0x000000008e300000|100%| E|CS|TAMS 0x000000008e200000, 0x000000008e200000| Complete 
| 227|0x000000008e300000, 0x000000008e400000, 0x000000008e400000|100%| E|CS|TAMS 0x000000008e300000, 0x000000008e300000| Complete 
| 228|0x000000008e400000, 0x000000008e500000, 0x000000008e500000|100%| E|CS|TAMS 0x000000008e400000, 0x000000008e400000| Complete 
| 229|0x000000008e500000, 0x000000008e600000, 0x000000008e600000|100%| E|CS|TAMS 0x000000008e500000, 0x000000008e500000| Complete 
| 230|0x000000008e600000, 0x000000008e700000, 0x000000008e700000|100%| E|CS|TAMS 0x000000008e600000, 0x000000008e600000| Complete 

Card table byte_map: [0x000002213f020000,0x000002213f420000] _byte_map_base: 0x000002213ec20000

Marking Bits (Prev, Next): (CMBitMap*) 0x000002212b8daf98, (CMBitMap*) 0x000002212b8dafd0
 Prev Bits: [0x000002213f820000, 0x0000022141820000)
 Next Bits: [0x0000022141820000, 0x0000022143820000)

Polling page: 0x000002212b980000

Metaspace:

Usage:
  Non-class:     78.20 MB capacity,    76.91 MB ( 98%) used,     1.08 MB (  1%) free+waste,   226.75 KB ( <1%) overhead. 
      Class:     12.09 MB capacity,    11.33 MB ( 94%) used,   667.65 KB (  5%) free+waste,   103.31 KB ( <1%) overhead. 
       Both:     90.29 MB capacity,    88.24 MB ( 98%) used,     1.73 MB (  2%) free+waste,   330.06 KB ( <1%) overhead. 

Virtual space:
  Non-class space:       80.00 MB reserved,      78.25 MB ( 98%) committed 
      Class space:        1.00 GB reserved,      12.20 MB (  1%) committed 
             Both:        1.08 GB reserved,      90.45 MB (  8%) committed 

Chunk freelists:
   Non-Class:  48.00 KB
       Class:  8.00 KB
        Both:  56.00 KB

MaxMetaspaceSize: 17179869184.00 GB
CompressedClassSpaceSize: 1.00 GB

CodeHeap 'non-profiled nmethods': size=120064Kb used=5254Kb max_used=5254Kb free=114809Kb
 bounds [0x0000022136e80000, 0x00000221373b0000, 0x000002213e3c0000]
CodeHeap 'profiled nmethods': size=120000Kb used=18703Kb max_used=18703Kb free=101296Kb
 bounds [0x000002212f950000, 0x0000022130ba0000, 0x0000022136e80000]
CodeHeap 'non-nmethods': size=5696Kb used=2291Kb max_used=2320Kb free=3404Kb
 bounds [0x000002212f3c0000, 0x000002212f630000, 0x000002212f950000]
 total_blobs=9797 nmethods=8885 adapters=824
 compilation: enabled
              stopped_count=0, restarted_count=0
 full_count=0

Compilation events (20 events):
Event: 14.672 Thread 0x000002214697d000 nmethod 8950 0x0000022130b84410 code [0x0000022130b84600, 0x0000022130b84b58]
Event: 14.672 Thread 0x000002214697d000 8951       3       org.gradle.api.internal.artifacts.ivyservice.dependencysubstitution.DefaultDependencySubstitution_Decorated::isUpdated (45 bytes)
Event: 14.673 Thread 0x000002214697d000 nmethod 8951 0x0000022130b84d10 code [0x0000022130b84f60, 0x0000022130b85868]
Event: 14.673 Thread 0x000002214fdfd000 nmethod 8921 0x000002213739a410 code [0x000002213739a5e0, 0x000002213739aab8]
Event: 14.673 Thread 0x000002214697d000 8954       3       org.gradle.api.internal.artifacts.ivyservice.ivyresolve.ErrorHandlingModuleComponentRepository$ErrorHandlingModuleComponentRepositoryAccess::estimateMetadataFetchingCost (11 bytes)
Event: 14.673 Thread 0x000002214fdfd000 8915       4       org.gradle.api.internal.artifacts.configurations.DefaultConfiguration_Decorated::getName (40 bytes)
Event: 14.673 Thread 0x000002214697d000 nmethod 8954 0x0000022130b85b10 code [0x0000022130b85cc0, 0x0000022130b85e88]
Event: 14.673 Thread 0x000002214697d000 8952       3       org.gradle.api.internal.artifacts.ivyservice.dependencysubstitution.DefaultDependencySubstitution::isUpdated (13 bytes)
Event: 14.673 Thread 0x000002214697d000 nmethod 8952 0x0000022130b85f90 code [0x0000022130b86140, 0x0000022130b86298]
Event: 14.673 Thread 0x000002214fdfd000 nmethod 8915 0x000002213739ae10 code [0x000002213739afa0, 0x000002213739b038]
Event: 14.673 Thread 0x000002214fdfd000 8877       4       org.gradle.api.internal.collections.AbstractIterationOrderRetainingElementSource$RealizedElementCollectionIterator::hasNext (13 bytes)
Event: 14.674 Thread 0x000002214fdfd000 nmethod 8877 0x000002213739b110 code [0x000002213739b2a0, 0x000002213739b318]
Event: 14.674 Thread 0x000002214fdfd000 8876       4       org.gradle.api.internal.collections.IterationOrderRetainingSetElementSource$1::isSatisfiedBy (9 bytes)
Event: 14.676 Thread 0x000002214697d000 8955       3       org.apache.http.message.ParserCursor::atEnd (17 bytes)
Event: 14.676 Thread 0x000002214697d000 nmethod 8955 0x0000022130b86310 code [0x0000022130b864c0, 0x0000022130b86618]
Event: 14.676 Thread 0x000002214697d000 8956       3       java.util.BitSet::get (69 bytes)
Event: 14.677 Thread 0x000002214697d000 nmethod 8956 0x0000022130b86690 code [0x0000022130b86920, 0x0000022130b87328]
Event: 14.682 Thread 0x000002214fdfd000 nmethod 8876 0x000002213739b390 code [0x000002213739b5a0, 0x000002213739bab8]
Event: 14.682 Thread 0x000002214fdfd000 8873   !   4       org.gradle.internal.instantiation.generator.AsmBackedClassGenerator$InvokeConstructorStrategy::newInstance (66 bytes)
Event: 14.720 Thread 0x000002214fdfd000 nmethod 8873 0x000002213739bf90 code [0x000002213739c2a0, 0x000002213739d9e8]

GC Heap History (20 events):
Event: 2.149 GC heap before
{Heap before GC invocations=1 (full 0):
 garbage-first heap   total 196608K, used 108200K [0x0000000080000000, 0x0000000100000000)
  region size 1024K, 101 young (103424K), 3 survivors (3072K)
 Metaspace       used 20641K, capacity 21128K, committed 21248K, reserved 1067008K
  class space    used 2521K, capacity 2722K, committed 2816K, reserved 1048576K
}
Event: 2.158 GC heap after
{Heap after GC invocations=2 (full 0):
 garbage-first heap   total 196608K, used 16779K [0x0000000080000000, 0x0000000100000000)
  region size 1024K, 11 young (11264K), 11 survivors (11264K)
 Metaspace       used 20641K, capacity 21128K, committed 21248K, reserved 1067008K
  class space    used 2521K, capacity 2722K, committed 2816K, reserved 1048576K
}
Event: 2.321 GC heap before
{Heap before GC invocations=3 (full 0):
 garbage-first heap   total 196608K, used 36235K [0x0000000080000000, 0x0000000100000000)
  region size 1024K, 30 young (30720K), 11 survivors (11264K)
 Metaspace       used 22146K, capacity 22699K, committed 22784K, reserved 1069056K
  class space    used 2813K, capacity 3036K, committed 3072K, reserved 1048576K
}
Event: 2.327 GC heap after
{Heap after GC invocations=4 (full 0):
 garbage-first heap   total 196608K, used 17446K [0x0000000080000000, 0x0000000100000000)
  region size 1024K, 1 young (1024K), 1 survivors (1024K)
 Metaspace       used 22146K, capacity 22699K, committed 22784K, reserved 1069056K
  class space    used 2813K, capacity 3036K, committed 3072K, reserved 1048576K
}
Event: 3.144 GC heap before
{Heap before GC invocations=4 (full 0):
 garbage-first heap   total 196608K, used 93222K [0x0000000080000000, 0x0000000100000000)
  region size 1024K, 75 young (76800K), 1 survivors (1024K)
 Metaspace       used 29931K, capacity 30619K, committed 30720K, reserved 1075200K
  class space    used 4014K, capacity 4274K, committed 4352K, reserved 1048576K
}
Event: 3.147 GC heap after
{Heap after GC invocations=5 (full 0):
 garbage-first heap   total 196608K, used 19541K [0x0000000080000000, 0x0000000100000000)
  region size 1024K, 4 young (4096K), 4 survivors (4096K)
 Metaspace       used 29931K, capacity 30619K, committed 30720K, reserved 1075200K
  class space    used 4014K, capacity 4274K, committed 4352K, reserved 1048576K
}
Event: 3.485 GC heap before
{Heap before GC invocations=5 (full 0):
 garbage-first heap   total 196608K, used 36949K [0x0000000080000000, 0x0000000100000000)
  region size 1024K, 22 young (22528K), 4 survivors (4096K)
 Metaspace       used 35052K, capacity 35834K, committed 35840K, reserved 1081344K
  class space    used 4538K, capacity 4864K, committed 4864K, reserved 1048576K
}
Event: 3.494 GC heap after
{Heap after GC invocations=6 (full 0):
 garbage-first heap   total 196608K, used 22089K [0x0000000080000000, 0x0000000100000000)
  region size 1024K, 6 young (6144K), 6 survivors (6144K)
 Metaspace       used 35052K, capacity 35834K, committed 35840K, reserved 1081344K
  class space    used 4538K, capacity 4864K, committed 4864K, reserved 1048576K
}
Event: 4.446 GC heap before
{Heap before GC invocations=7 (full 0):
 garbage-first heap   total 196608K, used 125513K [0x0000000080000000, 0x0000000100000000)
  region size 1024K, 103 young (105472K), 6 survivors (6144K)
 Metaspace       used 42662K, capacity 43780K, committed 43980K, reserved 1087488K
  class space    used 5431K, capacity 5818K, committed 5836K, reserved 1048576K
}
Event: 4.457 GC heap after
{Heap after GC invocations=8 (full 0):
 garbage-first heap   total 196608K, used 28153K [0x0000000080000000, 0x0000000100000000)
  region size 1024K, 12 young (12288K), 12 survivors (12288K)
 Metaspace       used 42662K, capacity 43780K, committed 43980K, reserved 1087488K
  class space    used 5431K, capacity 5818K, committed 5836K, reserved 1048576K
}
Event: 5.672 GC heap before
{Heap before GC invocations=8 (full 0):
 garbage-first heap   total 196608K, used 135673K [0x0000000080000000, 0x0000000100000000)
  region size 1024K, 110 young (112640K), 12 survivors (12288K)
 Metaspace       used 48088K, capacity 49542K, committed 49740K, reserved 1091584K
  class space    used 6136K, capacity 6653K, committed 6732K, reserved 1048576K
}
Event: 5.693 GC heap after
{Heap after GC invocations=9 (full 0):
 garbage-first heap   total 196608K, used 48500K [0x0000000080000000, 0x0000000100000000)
  region size 1024K, 14 young (14336K), 14 survivors (14336K)
 Metaspace       used 48088K, capacity 49542K, committed 49740K, reserved 1091584K
  class space    used 6136K, capacity 6653K, committed 6732K, reserved 1048576K
}
Event: 7.017 GC heap before
{Heap before GC invocations=9 (full 0):
 garbage-first heap   total 196608K, used 118132K [0x0000000080000000, 0x0000000100000000)
  region size 1024K, 83 young (84992K), 14 survivors (14336K)
 Metaspace       used 58639K, capacity 60176K, committed 60236K, reserved 1101824K
  class space    used 7396K, capacity 7976K, committed 8012K, reserved 1048576K
}
Event: 7.044 GC heap after
{Heap after GC invocations=10 (full 0):
 garbage-first heap   total 196608K, used 52825K [0x0000000080000000, 0x0000000100000000)
  region size 1024K, 4 young (4096K), 4 survivors (4096K)
 Metaspace       used 58639K, capacity 60176K, committed 60236K, reserved 1101824K
  class space    used 7396K, capacity 7976K, committed 8012K, reserved 1048576K
}
Event: 9.171 GC heap before
{Heap before GC invocations=11 (full 0):
 garbage-first heap   total 196608K, used 134745K [0x0000000080000000, 0x0000000100000000)
  region size 1024K, 84 young (86016K), 4 survivors (4096K)
 Metaspace       used 66483K, capacity 68053K, committed 68172K, reserved 1107968K
  class space    used 8368K, capacity 8942K, committed 9036K, reserved 1048576K
}
Event: 9.181 GC heap after
{Heap after GC invocations=12 (full 0):
 garbage-first heap   total 236544K, used 57880K [0x0000000080000000, 0x0000000100000000)
  region size 1024K, 9 young (9216K), 9 survivors (9216K)
 Metaspace       used 66483K, capacity 68053K, committed 68172K, reserved 1107968K
  class space    used 8368K, capacity 8942K, committed 9036K, reserved 1048576K
}
Event: 11.685 GC heap before
{Heap before GC invocations=13 (full 0):
 garbage-first heap   total 236544K, used 157208K [0x0000000080000000, 0x0000000100000000)
  region size 1024K, 106 young (108544K), 9 survivors (9216K)
 Metaspace       used 74607K, capacity 76374K, committed 76620K, reserved 1116160K
  class space    used 9575K, capacity 10231K, committed 10316K, reserved 1048576K
}
Event: 11.699 GC heap after
{Heap after GC invocations=14 (full 0):
 garbage-first heap   total 236544K, used 66214K [0x0000000080000000, 0x0000000100000000)
  region size 1024K, 14 young (14336K), 14 survivors (14336K)
 Metaspace       used 74607K, capacity 76374K, committed 76620K, reserved 1116160K
  class space    used 9575K, capacity 10231K, committed 10316K, reserved 1048576K
}
Event: 12.945 GC heap before
{Heap before GC invocations=14 (full 0):
 garbage-first heap   total 236544K, used 164518K [0x0000000080000000, 0x0000000100000000)
  region size 1024K, 111 young (113664K), 14 survivors (14336K)
 Metaspace       used 84579K, capacity 86588K, committed 86732K, reserved 1124352K
  class space    used 10890K, capacity 11637K, committed 11724K, reserved 1048576K
}
Event: 12.960 GC heap after
{Heap after GC invocations=15 (full 0):
 garbage-first heap   total 236544K, used 74912K [0x0000000080000000, 0x0000000100000000)
  region size 1024K, 10 young (10240K), 10 survivors (10240K)
 Metaspace       used 84579K, capacity 86588K, committed 86732K, reserved 1124352K
  class space    used 10890K, capacity 11637K, committed 11724K, reserved 1048576K
}

Deoptimization events (20 events):
Event: 13.905 Thread 0x000002214698b800 DEOPT PACKING pc=0x0000022136fe8034 sp=0x000000781e5f4c50
Event: 13.905 Thread 0x000002214698b800 DEOPT UNPACKING pc=0x000002212f3e62a9 sp=0x000000781e5f4bb0 mode 2
Event: 13.924 Thread 0x000002214698b800 DEOPT PACKING pc=0x000002212fde4391 sp=0x000000781e5f2240
Event: 13.924 Thread 0x000002214698b800 DEOPT UNPACKING pc=0x000002212f3e66bf sp=0x000000781e5f1718 mode 0
Event: 13.924 Thread 0x000002214698b800 DEOPT PACKING pc=0x000002212feebf96 sp=0x000000781e5f2210
Event: 13.924 Thread 0x000002214698b800 DEOPT UNPACKING pc=0x000002212f3e66bf sp=0x000000781e5f1728 mode 0
Event: 13.928 Thread 0x000002214698b800 DEOPT PACKING pc=0x0000022130a02dd8 sp=0x000000781e5f44e0
Event: 13.928 Thread 0x000002214698b800 DEOPT UNPACKING pc=0x000002212f3e66bf sp=0x000000781e5f3998 mode 0
Event: 13.932 Thread 0x000002214698b800 Uncommon trap: trap_request=0xffffff4d fr.pc=0x00000221372baf80 relative=0x0000000000000540
Event: 13.932 Thread 0x000002214698b800 Uncommon trap: reason=unstable_if action=reinterpret pc=0x00000221372baf80 method=java.util.ArrayList.toArray([Ljava/lang/Object;)[Ljava/lang/Object; @ 45 c2
Event: 13.932 Thread 0x000002214698b800 DEOPT PACKING pc=0x00000221372baf80 sp=0x000000781e5f48e0
Event: 13.932 Thread 0x000002214698b800 DEOPT UNPACKING pc=0x000002212f3e62a9 sp=0x000000781e5f48e8 mode 2
Event: 13.938 Thread 0x000002214698b800 DEOPT PACKING pc=0x0000022130a02dd8 sp=0x000000781e5f48d0
Event: 13.938 Thread 0x000002214698b800 DEOPT UNPACKING pc=0x000002212f3e66bf sp=0x000000781e5f3d88 mode 0
Event: 14.408 Thread 0x000002214698b800 Uncommon trap: trap_request=0xffffffde fr.pc=0x0000022137059bd4 relative=0x0000000000000514
Event: 14.408 Thread 0x000002214698b800 Uncommon trap: reason=class_check action=maybe_recompile pc=0x0000022137059bd4 method=java.lang.Throwable.<init>(Ljava/lang/String;Ljava/lang/Throwable;)V @ 24 c2
Event: 14.408 Thread 0x000002214698b800 DEOPT PACKING pc=0x0000022137059bd4 sp=0x000000781e5f6540
Event: 14.408 Thread 0x000002214698b800 DEOPT UNPACKING pc=0x000002212f3e62a9 sp=0x000000781e5f6508 mode 2
Event: 14.572 Thread 0x000002214698b800 DEOPT PACKING pc=0x0000022130a60c18 sp=0x000000781e5f7320
Event: 14.572 Thread 0x000002214698b800 DEOPT UNPACKING pc=0x000002212f3e66bf sp=0x000000781e5f6820 mode 0

Classes redefined (0 events):
No events

Internal exceptions (20 events):
Event: 12.191 Thread 0x000002214698b800 Implicit null exception at 0x00000221371050b5 to 0x0000022137107d7c
Event: 12.209 Thread 0x000002214698b800 Implicit null exception at 0x00000221372c4231 to 0x00000221372cac6c
Event: 12.520 Thread 0x000002214698b800 Exception <a 'java/lang/NoSuchMethodError'{0x000000008a9f9230}: 'java.lang.Object java.lang.invoke.Invokers$Holder.linkToTargetMethod(java.lang.Object, int, int, java.lang.Object)'> (0x000000008a9f9230) thrown at [./src/hotspot/share/interpreter/linkResolver.cpp, line 773]
Event: 12.726 Thread 0x000002214698b800 Exception <a 'java/lang/NoSuchMethodError'{0x00000000896e2fa0}: <clinit>> (0x00000000896e2fa0) thrown at [./src/hotspot/share/prims/jni.cpp, line 1362]
Event: 12.730 Thread 0x000002214698b800 Exception <a 'java/lang/NoSuchMethodError'{0x000000008951d0d0}: <clinit>> (0x000000008951d0d0) thrown at [./src/hotspot/share/prims/jni.cpp, line 1362]
Event: 12.759 Thread 0x000002214698b800 Exception <a 'sun/nio/fs/WindowsException'{0x0000000089334e60}> (0x0000000089334e60) thrown at [./src/hotspot/share/prims/jni.cpp, line 615]
Event: 12.808 Thread 0x00000221490dc000 Exception <a 'java/lang/NoSuchMethodError'{0x0000000088f85098}: <clinit>> (0x0000000088f85098) thrown at [./src/hotspot/share/prims/jni.cpp, line 1362]
Event: 12.808 Thread 0x00000221490dc000 Exception <a 'java/lang/NoSuchMethodError'{0x0000000088f8ebd8}: <clinit>> (0x0000000088f8ebd8) thrown at [./src/hotspot/share/prims/jni.cpp, line 1362]
Event: 12.821 Thread 0x000002214fdfc800 Exception <a 'java/lang/NoSuchMethodError'{0x0000000088e81ff8}: 'java.lang.Object java.lang.invoke.Invokers$Holder.linkToTargetMethod(java.lang.Object, java.lang.Object, java.lang.Object, int, java.lang.Object, java.lang.Object)'> (0x0000000088e81ff8) thrown at [./src/hotspot/share/interpreter/linkResolver.cpp, line 773]
Event: 12.832 Thread 0x000002214fdfc800 Exception <a 'java/lang/NoSuchMethodError'{0x0000000088d54f38}: 'void java.lang.invoke.DirectMethodHandle$Holder.invokeVirtual(java.lang.Object, java.lang.Object)'> (0x0000000088d54f38) thrown at [./src/hotspot/share/interpreter/linkResolver.cpp, line 773]
Event: 12.854 Thread 0x00000221490dc000 Exception <a 'java/lang/NoSuchMethodError'{0x0000000088cff668}: <clinit>> (0x0000000088cff668) thrown at [./src/hotspot/share/prims/jni.cpp, line 1362]
Event: 12.856 Thread 0x00000221490dc000 Exception <a 'java/lang/NoSuchMethodError'{0x0000000088b2ce48}: <clinit>> (0x0000000088b2ce48) thrown at [./src/hotspot/share/prims/jni.cpp, line 1362]
Event: 12.856 Thread 0x00000221490dc000 Exception <a 'java/lang/NoSuchMethodError'{0x0000000088b2e120}: <clinit>> (0x0000000088b2e120) thrown at [./src/hotspot/share/prims/jni.cpp, line 1362]
Event: 12.877 Thread 0x000002214a733800 Exception <a 'java/lang/NoSuchMethodError'{0x0000000088ac3550}: <clinit>> (0x0000000088ac3550) thrown at [./src/hotspot/share/prims/jni.cpp, line 1362]
Event: 12.879 Thread 0x000002214a733800 Exception <a 'java/lang/NoSuchMethodError'{0x0000000088ad8118}: <clinit>> (0x0000000088ad8118) thrown at [./src/hotspot/share/prims/jni.cpp, line 1362]
Event: 12.881 Thread 0x000002214a733800 Exception <a 'java/lang/NoSuchMethodError'{0x0000000088903ac0}: <clinit>> (0x0000000088903ac0) thrown at [./src/hotspot/share/prims/jni.cpp, line 1362]
Event: 12.907 Thread 0x00000221490dc000 Exception <a 'java/lang/NoSuchMethodError'{0x00000000888c72e8}: <clinit>> (0x00000000888c72e8) thrown at [./src/hotspot/share/prims/jni.cpp, line 1362]
Event: 12.985 Thread 0x000002214698b800 Implicit null exception at 0x0000022137224714 to 0x0000022137224d24
Event: 13.048 Thread 0x000002214698b800 Exception <a 'sun/nio/fs/WindowsException'{0x000000008e0643c8}> (0x000000008e0643c8) thrown at [./src/hotspot/share/prims/jni.cpp, line 615]
Event: 14.410 Thread 0x000002214698b800 Exception <a 'java/lang/ClassNotFoundException'{0x000000008c083158}: sun/misc/SharedSecrets> (0x000000008c083158) thrown at [./src/hotspot/share/classfile/systemDictionary.cpp, line 231]

Events (20 events):
Event: 14.565 loading class org/gradle/api/internal/artifacts/ivyservice/modulecache/artifacts/AbstractArtifactsCache$ModuleArtifactsCacheEntry
Event: 14.565 loading class org/gradle/api/internal/artifacts/ivyservice/modulecache/artifacts/AbstractArtifactsCache$ModuleArtifactsCacheEntry done
Event: 14.566 loading class org/gradle/api/internal/artifacts/ivyservice/modulecache/artifacts/DefaultCachedArtifacts
Event: 14.566 loading class org/gradle/api/internal/artifacts/ivyservice/modulecache/artifacts/DefaultCachedArtifacts done
Event: 14.592 loading class org/gradle/api/artifacts/result/DependencyResult
Event: 14.592 loading class org/gradle/api/artifacts/result/DependencyResult done
Event: 14.592 loading class org/gradle/api/artifacts/result/ResolvedDependencyResult
Event: 14.592 loading class org/gradle/api/artifacts/result/ResolvedDependencyResult done
Event: 14.592 loading class com/android/build/gradle/internal/dependency/ConstraintHandler$execute$1$1
Event: 14.592 loading class com/android/build/gradle/internal/dependency/ConstraintHandler$execute$1$1 done
Event: 14.594 loading class org/gradle/api/artifacts/dsl/DependencyConstraintHandler
Event: 14.594 loading class org/gradle/api/artifacts/dsl/DependencyConstraintHandler done
Event: 14.598 loading class org/gradle/api/artifacts/DependencyConstraint
Event: 14.598 loading class org/gradle/api/artifacts/DependencyConstraint done
Event: 14.598 loading class com/android/build/gradle/internal/dependency/ConstraintHandler$execute$1$1$1
Event: 14.598 loading class com/android/build/gradle/internal/dependency/ConstraintHandler$execute$1$1$1 done
Event: 14.599 loading class org/gradle/api/artifacts/MutableVersionConstraint
Event: 14.599 loading class org/gradle/api/artifacts/MutableVersionConstraint done
Event: 14.653 loading class org/gradle/api/internal/artifacts/ivyservice/ivyresolve/strategy/InverseVersionSelector
Event: 14.653 loading class org/gradle/api/internal/artifacts/ivyservice/ivyresolve/strategy/InverseVersionSelector done


Dynamic libraries:
0x00007ff77fb30000 - 0x00007ff77fb3a000 	C:\Program Files\Android\Android Studio\jre\bin\java.exe
0x00007ffe01410000 - 0x00007ffe01605000 	C:\WINDOWS\SYSTEM32\ntdll.dll
0x00007ffe000b0000 - 0x00007ffe0016e000 	C:\WINDOWS\System32\KERNEL32.DLL
0x00007ffdfef90000 - 0x00007ffdff258000 	C:\WINDOWS\System32\KERNELBASE.dll
0x00007ffdfebd0000 - 0x00007ffdfecd0000 	C:\WINDOWS\System32\ucrtbase.dll
0x00007ffdf4230000 - 0x00007ffdf4249000 	C:\Program Files\Android\Android Studio\jre\bin\jli.dll
0x00007ffde5730000 - 0x00007ffde5747000 	C:\Program Files\Android\Android Studio\jre\bin\VCRUNTIME140.dll
0x00007ffe011c0000 - 0x00007ffe01361000 	C:\WINDOWS\System32\USER32.dll
0x00007ffdfed70000 - 0x00007ffdfed92000 	C:\WINDOWS\System32\win32u.dll
0x00007ffdee950000 - 0x00007ffdeebea000 	C:\WINDOWS\WinSxS\amd64_microsoft.windows.common-controls_6595b64144ccf1df_6.0.19041.1110_none_60b5254171f9507e\COMCTL32.dll
0x00007ffe004f0000 - 0x00007ffe0058e000 	C:\WINDOWS\System32\msvcrt.dll
0x00007ffdffa90000 - 0x00007ffdffabb000 	C:\WINDOWS\System32\GDI32.dll
0x00007ffdfee80000 - 0x00007ffdfef8d000 	C:\WINDOWS\System32\gdi32full.dll
0x00007ffdfecd0000 - 0x00007ffdfed6d000 	C:\WINDOWS\System32\msvcp_win.dll
0x00007ffdffa60000 - 0x00007ffdffa90000 	C:\WINDOWS\System32\IMM32.DLL
0x00007ffdb8a10000 - 0x00007ffdb8aad000 	C:\Program Files\Android\Android Studio\jre\bin\msvcp140.dll
0x00007ffdb1f70000 - 0x00007ffdb2a45000 	C:\Program Files\Android\Android Studio\jre\bin\server\jvm.dll
0x00007ffdffe20000 - 0x00007ffdffecc000 	C:\WINDOWS\System32\ADVAPI32.dll
0x00007ffe00380000 - 0x00007ffe0041b000 	C:\WINDOWS\System32\sechost.dll
0x00007ffe006c0000 - 0x00007ffe007ea000 	C:\WINDOWS\System32\RPCRT4.dll
0x00007ffdff4b0000 - 0x00007ffdff4b8000 	C:\WINDOWS\System32\PSAPI.DLL
0x00007ffdec770000 - 0x00007ffdec779000 	C:\WINDOWS\SYSTEM32\WSOCK32.dll
0x00007ffdf72a0000 - 0x00007ffdf72c7000 	C:\WINDOWS\SYSTEM32\WINMM.dll
0x00007ffdf72d0000 - 0x00007ffdf72da000 	C:\WINDOWS\SYSTEM32\VERSION.dll
0x00007ffe00020000 - 0x00007ffe0008b000 	C:\WINDOWS\System32\WS2_32.dll
0x00007ffdfca30000 - 0x00007ffdfca42000 	C:\WINDOWS\SYSTEM32\kernel.appcore.dll
0x00007ffde0640000 - 0x00007ffde0651000 	C:\Program Files\Android\Android Studio\jre\bin\verify.dll
0x00007ffdf4d60000 - 0x00007ffdf4f44000 	C:\WINDOWS\SYSTEM32\DBGHELP.DLL
0x00007ffdf4d00000 - 0x00007ffdf4d2c000 	C:\WINDOWS\SYSTEM32\dbgcore.DLL
0x00007ffdff3c0000 - 0x00007ffdff442000 	C:\WINDOWS\System32\bcryptPrimitives.dll
0x00007ffddf0a0000 - 0x00007ffddf0c9000 	C:\Program Files\Android\Android Studio\jre\bin\java.dll
0x00007ffdec4a0000 - 0x00007ffdec4ab000 	C:\Program Files\Android\Android Studio\jre\bin\jimage.dll
0x00007ffde0530000 - 0x00007ffde0548000 	C:\Program Files\Android\Android Studio\jre\bin\zip.dll
0x00007ffe00a70000 - 0x00007ffe011b4000 	C:\WINDOWS\System32\SHELL32.dll
0x00007ffdfcc30000 - 0x00007ffdfd3c4000 	C:\WINDOWS\SYSTEM32\windows.storage.dll
0x00007ffdffac0000 - 0x00007ffdffe15000 	C:\WINDOWS\System32\combase.dll
0x00007ffdfe570000 - 0x00007ffdfe59e000 	C:\WINDOWS\SYSTEM32\Wldp.dll
0x00007ffe009c0000 - 0x00007ffe00a6d000 	C:\WINDOWS\System32\SHCORE.dll
0x00007ffe00320000 - 0x00007ffe00375000 	C:\WINDOWS\System32\shlwapi.dll
0x00007ffdfea60000 - 0x00007ffdfea7f000 	C:\WINDOWS\SYSTEM32\profapi.dll
0x00007ffdde180000 - 0x00007ffdde19a000 	C:\Program Files\Android\Android Studio\jre\bin\net.dll
0x00007ffdf8650000 - 0x00007ffdf875c000 	C:\WINDOWS\SYSTEM32\WINHTTP.dll
0x00007ffdfe2d0000 - 0x00007ffdfe33a000 	C:\WINDOWS\system32\mswsock.dll
0x00007ffdddf00000 - 0x00007ffdddf14000 	C:\Program Files\Android\Android Studio\jre\bin\nio.dll
0x00007ffdf09e0000 - 0x00007ffdf0a07000 	C:\Users\Bilal Envy\.gradle\native\8bec1ad78214c89d9ad589b4d07fe93259594b29d510b10fafb7a158f7737e5d\windows-amd64\native-platform.dll
0x00007ffdb3690000 - 0x00007ffdb37cd000 	C:\Users\Bilal Envy\.gradle\native\53dbd7edfb1c66fb8903c78663c9afc45aea4f116125fa6feffd364cf09443e8\windows-amd64\native-platform-file-events.dll
0x00007ffdedc10000 - 0x00007ffdedc1a000 	C:\Program Files\Android\Android Studio\jre\bin\management.dll
0x00007ffdec410000 - 0x00007ffdec41d000 	C:\Program Files\Android\Android Studio\jre\bin\management_ext.dll
0x00007ffdfe4c0000 - 0x00007ffdfe4d8000 	C:\WINDOWS\SYSTEM32\CRYPTSP.dll
0x00007ffdfdbe0000 - 0x00007ffdfdc14000 	C:\WINDOWS\system32\rsaenh.dll
0x00007ffdfedf0000 - 0x00007ffdfee17000 	C:\WINDOWS\System32\bcrypt.dll
0x00007ffdfea20000 - 0x00007ffdfea4e000 	C:\WINDOWS\SYSTEM32\USERENV.dll
0x00007ffdfe4e0000 - 0x00007ffdfe4ec000 	C:\WINDOWS\SYSTEM32\CRYPTBASE.dll
0x00007ffdfdf70000 - 0x00007ffdfdfab000 	C:\WINDOWS\SYSTEM32\IPHLPAPI.DLL
0x00007ffe00920000 - 0x00007ffe00928000 	C:\WINDOWS\System32\NSI.dll
0x00007ffdf9870000 - 0x00007ffdf9887000 	C:\WINDOWS\SYSTEM32\dhcpcsvc6.DLL
0x00007ffdf9720000 - 0x00007ffdf973d000 	C:\WINDOWS\SYSTEM32\dhcpcsvc.DLL
0x00007ffdfdfb0000 - 0x00007ffdfe07b000 	C:\WINDOWS\SYSTEM32\DNSAPI.dll
0x00007ffdbce20000 - 0x00007ffdbce47000 	C:\Program Files\Android\Android Studio\jre\bin\sunec.dll
0x00007ffdf8930000 - 0x00007ffdf893a000 	C:\Windows\System32\rasadhlp.dll
0x00007ffdf74a0000 - 0x00007ffdf751f000 	C:\WINDOWS\System32\fwpuclnt.dll

dbghelp: loaded successfully - version: 4.0.5 - missing functions: none
symbol engine: initialized successfully - sym options: 0x614 - pdb path: .;C:\Program Files\Android\Android Studio\jre\bin;C:\WINDOWS\SYSTEM32;C:\WINDOWS\WinSxS\amd64_microsoft.windows.common-controls_6595b64144ccf1df_6.0.19041.1110_none_60b5254171f9507e;C:\Program Files\Android\Android Studio\jre\bin\server;C:\Users\Bilal Envy\.gradle\native\8bec1ad78214c89d9ad589b4d07fe93259594b29d510b10fafb7a158f7737e5d\windows-amd64;C:\Users\Bilal Envy\.gradle\native\53dbd7edfb1c66fb8903c78663c9afc45aea4f116125fa6feffd364cf09443e8\windows-amd64

VM Arguments:
jvm_args: --add-opens=java.base/java.util=ALL-UNNAMED --add-opens=java.base/java.lang=ALL-UNNAMED --add-opens=java.base/java.lang.invoke=ALL-UNNAMED --add-opens=java.base/java.util=ALL-UNNAMED --add-opens=java.prefs/java.util.prefs=ALL-UNNAMED --add-opens=java.prefs/java.util.prefs=ALL-UNNAMED --add-opens=java.base/java.nio.charset=ALL-UNNAMED --add-opens=java.base/java.net=ALL-UNNAMED --add-opens=java.base/java.util.concurrent.atomic=ALL-UNNAMED -Xmx2048m -Dfile.encoding=UTF-8 -Duser.country=GB -Duser.language=en -Duser.variant 
java_command: org.gradle.launcher.daemon.bootstrap.GradleDaemon 7.0.2
java_class_path (initial): C:\Users\Bilal Envy\.gradle\wrapper\dists\gradle-7.0.2-bin\857tjihv64xamwrf0h14cai3r\gradle-7.0.2\lib\gradle-launcher-7.0.2.jar
Launcher Type: SUN_STANDARD

[Global flags]
     intx CICompilerCount                          = 3                                         {product} {ergonomic}
     uint ConcGCThreads                            = 2                                         {product} {ergonomic}
     uint G1ConcRefinementThreads                  = 6                                         {product} {ergonomic}
   size_t G1HeapRegionSize                         = 1048576                                   {product} {ergonomic}
    uintx GCDrainStackTargetSize                   = 64                                        {product} {ergonomic}
   size_t InitialHeapSize                          = 201326592                                 {product} {ergonomic}
   size_t MarkStackSize                            = 4194304                                   {product} {ergonomic}
   size_t MaxHeapSize                              = 2147483648                                {product} {command line}
   size_t MaxNewSize                               = 1287651328                                {product} {ergonomic}
   size_t MinHeapDeltaBytes                        = 1048576                                   {product} {ergonomic}
    uintx NonNMethodCodeHeapSize                   = 5830732                                {pd product} {ergonomic}
    uintx NonProfiledCodeHeapSize                  = 122913754                              {pd product} {ergonomic}
    uintx ProfiledCodeHeapSize                     = 122913754                              {pd product} {ergonomic}
    uintx ReservedCodeCacheSize                    = 251658240                              {pd product} {ergonomic}
     bool SegmentedCodeCache                       = true                                      {product} {ergonomic}
     bool UseCompressedClassPointers               = true                                 {lp64_product} {ergonomic}
     bool UseCompressedOops                        = true                                 {lp64_product} {ergonomic}
     bool UseG1GC                                  = true                                      {product} {ergonomic}
     bool UseLargePagesIndividualAllocation        = false                                  {pd product} {ergonomic}

Logging:
Log output configuration:
 #0: stdout all=warning uptime,level,tags
 #1: stderr all=off uptime,level,tags

Environment Variables:
PATH=C:\WINDOWS\system32;C:\WINDOWS;C:\WINDOWS\System32\Wbem;C:\WINDOWS\System32\WindowsPowerShell\v1.0\;C:\WINDOWS\System32\OpenSSH\;C:\Program Files\Git\cmd;C:\Users\Bilal Envy\AppData\Local\Microsoft\WindowsApps;
USERNAME=Bilal Envy
OS=Windows_NT
PROCESSOR_IDENTIFIER=Intel64 Family 6 Model 44 Stepping 2, GenuineIntel



---------------  S Y S T E M  ---------------

OS: Windows 10 , 64 bit Build 19041 (10.0.19041.1348)
OS uptime: 0 days 20:45 hours

CPU:total 6 (initial active 6) (6 cores per cpu, 2 threads per core) family 6 model 44 stepping 2 microcode 0x1f, cmov, cx8, fxsr, mmx, sse, sse2, sse3, ssse3, sse4.1, sse4.2, popcnt, aes, clmul, ht, tsc, tscinvbit, tscinv

Memory: 4k page, system-wide physical 12285M (5451M free)
TotalPageFile size 14141M (AvailPageFile size 5245M)
current process WorkingSet (physical memory assigned to process): 487M, peak: 488M
current process commit charge ("private bytes"): 524M, peak: 525M

vm_info: OpenJDK 64-Bit Server VM (11.0.11+9-b60-7590822) for windows-amd64 JRE (11.0.11+9-b60-7590822), built on Jul 29 2021 21:43:44 by "builder" with MS VC++ 14.0 (VS2015)

END.
