#
# A fatal error has been detected by the Java Runtime Environment:
#
#  EXCEPTION_ACCESS_VIOLATION (0xc0000005) at pc=0x00007ffe1ea8c355, pid=6320, tid=3760
#
# JRE version: OpenJDK Runtime Environment (11.0.11+9) (build 11.0.11+9-b60-7590822)
# Java VM: OpenJDK 64-Bit Server VM (11.0.11+9-b60-7590822, mixed mode, tiered, compressed oops, g1 gc, windows-amd64)
# Problematic frame:
# V  [jvm.dll+0x35c355]
#
# No core dump will be written. Minidumps are not enabled by default on client versions of Windows
#
# If you would like to submit a bug report, please visit:
#   https://bugreport.java.com/bugreport/crash.jsp
#

---------------  S U M M A R Y ------------

Command Line: --add-opens=java.base/java.util=ALL-UNNAMED --add-opens=java.base/java.lang=ALL-UNNAMED --add-opens=java.base/java.lang.invoke=ALL-UNNAMED --add-opens=java.base/java.util=ALL-UNNAMED --add-opens=java.prefs/java.util.prefs=ALL-UNNAMED --add-opens=java.prefs/java.util.prefs=ALL-UNNAMED --add-opens=java.base/java.nio.charset=ALL-UNNAMED --add-opens=java.base/java.net=ALL-UNNAMED --add-opens=java.base/java.util.concurrent.atomic=ALL-UNNAMED -Xmx2048m -Dfile.encoding=UTF-8 -Duser.country=GB -Duser.language=en -Duser.variant org.gradle.launcher.daemon.bootstrap.GradleDaemon 7.0.2

Host: Intel(R) Xeon(R) CPU           W3670  @ 3.20GHz, 6 cores, 11G,  Windows 10 , 64 bit Build 18362 (10.0.18362.1)
Time: Thu May 12 11:44:45 2022 Pakistan Standard Time elapsed time: 654.855522 seconds (0d 0h 10m 54s)

---------------  T H R E A D  ---------------

Current thread (0x0000022fe362c000):  GCTaskThread "GC Thread#2" [stack: 0x0000004415d00000,0x0000004415e00000] [id=3760]

Stack: [0x0000004415d00000,0x0000004415e00000],  sp=0x0000004415dff700,  free space=1021k
Native frames: (J=compiled Java code, j=interpreted, Vv=VM code, C=native code)
V  [jvm.dll+0x35c355]
V  [jvm.dll+0x2de105]
V  [jvm.dll+0x2de5cc]
V  [jvm.dll+0x74d230]
V  [jvm.dll+0x6e80b5]
V  [jvm.dll+0x5f1036]
C  [ucrtbase.dll+0x1d912]
C  [KERNEL32.DLL+0x17944]
C  [ntdll.dll+0x6ce71]


siginfo: EXCEPTION_ACCESS_VIOLATION (0xc0000005), reading address 0x0000020ff0094290


Register to memory mapping:

RIP=0x00007ffe1ea8c355 jvm.dll
RAX=0x0000020ff0094280 is an unknown value
RBX=0x0000000000000010 is an unknown value
RCX=0x0 is NULL
RDX=0x00000044150feb48 points into unknown readable memory: 0x0000000000000000 | 00 00 00 00 00 00 00 00
RSP=0x0000004415dff700 points into unknown readable memory: 0x0000000000000000 | 00 00 00 00 00 00 00 00
RBP=0x0000022fe2ab5030 points into unknown readable memory: 0x00007ffe1ef31f58 | 58 1f f3 1e fe 7f 00 00
RSI=0x0000000100d8a3b8 is a pointer to class: 
com.google.wireless.android.sdk.stats.EditorHighlightingStats {0x0000000100d8a3c0}
RDI=0x0000000000000080 is an unknown value
R8 =0x0000000100d8a3b8 is a pointer to class: 
com.google.wireless.android.sdk.stats.EditorHighlightingStats {0x0000000100d8a3c0}
R9 =0x0 is NULL
R10=0x0 is NULL
R11=0x0000022ff336c558 is pointing into metadata
R12=0x0 is NULL
R13=0x0 is NULL
R14=0x0000022fe2ab5408 points into unknown readable memory: 0x88000c012df6c141 | 41 c1 f6 2d 01 0c 00 88
R15=0x00000000000003d8 is an unknown value


Registers:
RAX=0x0000020ff0094280, RBX=0x0000000000000010, RCX=0x0000000000000000, RDX=0x00000044150feb48
RSP=0x0000004415dff700, RBP=0x0000022fe2ab5030, RSI=0x0000000100d8a3b8, RDI=0x0000000000000080
R8 =0x0000000100d8a3b8, R9 =0x0000000000000000, R10=0x0000000000000000, R11=0x0000022ff336c558
R12=0x0000000000000000, R13=0x0000000000000000, R14=0x0000022fe2ab5408, R15=0x00000000000003d8
RIP=0x00007ffe1ea8c355, EFLAGS=0x0000000000010297

Top of Stack: (sp=0x0000004415dff700)
0x0000004415dff700:   0000000000000000 0000000000000001
0x0000004415dff710:   0000000100db5a30 0000000100d8b240
0x0000004415dff720:   0000022fe2ab5020 00007ffe1ea0e105
0x0000004415dff730:   00000044150feb40 0000022fe2c55160
0x0000004415dff740:   00000044150feb40 0000000000000000
0x0000004415dff750:   0000000000000000 0000022fe362c000
0x0000004415dff760:   0000022fc5f64520 00007ffe1ea0e5cc
0x0000004415dff770:   0000000000000000 00000044150fea70
0x0000004415dff780:   0000000000000000 0000022fc5f64520
0x0000004415dff790:   00000000000075a3 00007ffe1ee7d230
0x0000004415dff7a0:   0000022fe362c000 0000004415dff950
0x0000004415dff7b0:   0000000000000000 00000000000075a3
0x0000004415dff7c0:   00000044150fea70 0000000000000000
0x0000004415dff7d0:   0000000000000000 0000000000000000
0x0000004415dff7e0:   0000022fe362c000 00007ffe1ee180b5
0x0000004415dff7f0:   0000022fffffffff 00007ffe5e6a6399 

Instructions: (pc=0x00007ffe1ea8c355)
0x00007ffe1ea8c255:   48 89 44 24 20 48 8d 15 37 54 4d 00 48 8b cd e8
0x00007ffe1ea8c265:   17 68 f6 ff 48 83 3e 00 74 13 49 8b d4 48 8b cf
0x00007ffe1ea8c275:   e8 86 0b d6 ff 48 8b ce e8 2e 0a d6 ff 4c 89 7f
0x00007ffe1ea8c285:   20 4c 89 77 18 48 89 77 10 48 8b 5c 24 50 48 8b
0x00007ffe1ea8c295:   6c 24 58 48 8b 74 24 60 48 8b 7c 24 68 48 83 c4
0x00007ffe1ea8c2a5:   30 41 5f 41 5e 41 5c c3 cc cc cc 40 53 48 83 ec
0x00007ffe1ea8c2b5:   20 4c 8b 05 23 87 6d 00 48 8b 15 d4 7b 6d 00 e8
0x00007ffe1ea8c2c5:   b7 18 00 00 48 8b d8 48 85 c0 74 15 48 8b c8 e8
0x00007ffe1ea8c2d5:   b7 b8 24 00 84 c0 74 09 48 8b c3 48 83 c4 20 5b
0x00007ffe1ea8c2e5:   c3 33 c0 48 83 c4 20 5b c3 cc cc 48 89 5c 24 18
0x00007ffe1ea8c2f5:   56 48 83 ec 20 8b 81 a4 00 00 00 33 db c1 e8 09
0x00007ffe1ea8c305:   48 8b f1 a8 01 74 2e 38 1d f3 ce 63 00 74 26 e8
0x00007ffe1ea8c315:   e7 24 00 00 48 85 c0 74 1c 48 8b 80 98 00 00 00
0x00007ffe1ea8c325:   38 58 20 74 10 48 8b ce e8 2e 74 e4 ff 48 85 c0
0x00007ffe1ea8c335:   74 03 48 89 18 48 8b 86 98 01 00 00 39 18 7e 36
0x00007ffe1ea8c345:   48 89 7c 24 38 48 8b fb 0f 1f 00 48 8b 44 07 08
0x00007ffe1ea8c355:   48 8b 48 10 48 85 c9 74 07 33 d2 e8 bb 10 25 00
0x00007ffe1ea8c365:   48 8b 86 98 01 00 00 ff c3 48 83 c7 08 3b 18 7c
0x00007ffe1ea8c375:   da 48 8b 7c 24 38 48 8d 86 60 01 00 00 48 8d 4c
0x00007ffe1ea8c385:   24 30 48 89 44 24 30 e8 4f 76 ef ff 48 8b 5c 24
0x00007ffe1ea8c395:   40 48 83 c4 20 5e c3 cc cc cc cc 48 89 5c 24 10
0x00007ffe1ea8c3a5:   48 89 6c 24 18 57 48 83 ec 20 48 8b fa 48 8b e9
0x00007ffe1ea8c3b5:   e8 36 d2 16 00 8b 45 08 33 db 83 e0 f8 48 98 48
0x00007ffe1ea8c3c5:   89 07 8b 85 c4 00 00 00 c1 e0 03 48 98 48 89 47
0x00007ffe1ea8c3d5:   30 8b 85 34 01 00 00 c1 e0 03 48 98 48 89 47 38
0x00007ffe1ea8c3e5:   8b 85 30 01 00 00 c1 e0 03 48 98 48 89 47 40 48
0x00007ffe1ea8c3f5:   8b 85 98 01 00 00 48 85 c0 75 04 8b c3 eb 1c 8b
0x00007ffe1ea8c405:   08 8b c3 85 c9 74 14 ff c9 85 c9 0f 4f c1 48 98
0x00007ffe1ea8c415:   48 8d 04 c5 17 00 00 00 83 e0 f8 48 63 d0 48 89
0x00007ffe1ea8c425:   57 48 48 8b 85 b8 01 00 00 48 85 c0 75 04 8b c3
0x00007ffe1ea8c435:   eb 21 8b 00 85 c0 75 04 8b c3 eb 17 ff c8 8b cb
0x00007ffe1ea8c445:   85 c0 0f 4f c8 48 63 c1 48 8d 04 85 0f 00 00 00 


Stack slot to memory mapping:
stack at sp + 0 slots: 0x0 is NULL
stack at sp + 1 slots: 0x0000000000000001 is an unknown value
stack at sp + 2 slots: 0x0000000100db5a30 is a pointer to class: 
org.jetbrains.kotlin.compilerRunner.ArgumentUtils {0x0000000100db5a38}
stack at sp + 3 slots: 0x0000000100d8b240 is a pointer to class: 
com.google.wireless.android.sdk.stats.AppLinksAssistantEvent {0x0000000100d8b248}
stack at sp + 4 slots: 0x0000022fe2ab5020 points into unknown readable memory: 0x0000000000000000 | 00 00 00 00 00 00 00 00
stack at sp + 5 slots: 0x00007ffe1ea0e105 jvm.dll
stack at sp + 6 slots: 0x00000044150feb40 points into unknown readable memory: 0xffffffff00000001 | 01 00 00 00 ff ff ff ff
stack at sp + 7 slots: 0x0000022fe2c55160 points into unknown readable memory: 0x006e002d00000002 | 02 00 00 00 2d 00 6e 00


---------------  P R O C E S S  ---------------

Threads class SMR info:
_java_thread_list=0x0000022fe3323480, length=76, elements={
0x0000022fc806e000, 0x0000022fe20be000, 0x0000022fe20ac000, 0x0000022fe2940800,
0x0000022fe2941000, 0x0000022fe2942000, 0x0000022fe2948000, 0x0000022fe294c800,
0x0000022fe294e800, 0x0000022fe2aa1800, 0x0000022fe4e09800, 0x0000022fe3e9a000,
0x0000022fe4270800, 0x0000022fe5381800, 0x0000022fe5384000, 0x0000022fe5382000,
0x0000022fe537f000, 0x0000022fe5380000, 0x0000022fe6c3c000, 0x0000022fe6c3c800,
0x0000022fe6c37800, 0x0000022fe6c3e800, 0x0000022fe6c40000, 0x0000022fe6c44000,
0x0000022fe6c45000, 0x0000022fe6c42800, 0x0000022fe98b0000, 0x0000022fe98b1000,
0x0000022fe98bb800, 0x0000022fe5384800, 0x0000022fe2be4800, 0x0000022fe2bec000,
0x0000022fe2be6000, 0x0000022fe2bed000, 0x0000022fe2be8000, 0x0000022fe2be7000,
0x0000022fe2be9800, 0x0000022fe2be5800, 0x0000022fe2bed800, 0x0000022fe2beb000,
0x0000022fe2bee800, 0x0000022fe2be8800, 0x0000022fe2bf3800, 0x0000022fe2bf1000,
0x0000022fe2bef000, 0x0000022fe2bf0000, 0x0000022fe2bf1800, 0x0000022fe2bf2800,
0x0000022fe98af000, 0x0000022fe98b2800, 0x0000022fe98ac800, 0x0000022fe98b3000,
0x0000022fe98ad800, 0x0000022fe98b4000, 0x0000022fe98b9800, 0x0000022fe98b7800,
0x0000022fe98b5000, 0x0000022fe98b6800, 0x0000022fe98b8000, 0x0000022fe98ba800,
0x0000022fe98b5800, 0x0000022fe6c3f000, 0x0000022fe6c39800, 0x0000022fe6c3a000,
0x0000022fe6c40800, 0x0000022fe6c3b000, 0x0000022fe6c45800, 0x0000022fe6c41800,
0x0000022fe6c43000, 0x0000022fe6c46800, 0x0000022fe5380800, 0x0000022fe5383000,
0x0000022fe5385800, 0x0000022feef4f800, 0x0000022feef4e800, 0x0000022feef56000
}

Java Threads: ( => current thread )
  0x0000022fc806e000 JavaThread "main" [_thread_blocked, id=7828, stack(0x0000004414a00000,0x0000004414b00000)]
  0x0000022fe20be000 JavaThread "Reference Handler" daemon [_thread_blocked, id=3952, stack(0x0000004415100000,0x0000004415200000)]
  0x0000022fe20ac000 JavaThread "Finalizer" daemon [_thread_blocked, id=8008, stack(0x0000004415200000,0x0000004415300000)]
  0x0000022fe2940800 JavaThread "Signal Dispatcher" daemon [_thread_blocked, id=6652, stack(0x0000004415300000,0x0000004415400000)]
  0x0000022fe2941000 JavaThread "Attach Listener" daemon [_thread_blocked, id=6164, stack(0x0000004415400000,0x0000004415500000)]
  0x0000022fe2942000 JavaThread "Service Thread" daemon [_thread_blocked, id=5864, stack(0x0000004415500000,0x0000004415600000)]
  0x0000022fe2948000 JavaThread "C2 CompilerThread0" daemon [_thread_blocked, id=2308, stack(0x0000004415600000,0x0000004415700000)]
  0x0000022fe294c800 JavaThread "C1 CompilerThread0" daemon [_thread_blocked, id=2768, stack(0x0000004415700000,0x0000004415800000)]
  0x0000022fe294e800 JavaThread "Sweeper thread" daemon [_thread_blocked, id=5424, stack(0x0000004415800000,0x0000004415900000)]
  0x0000022fe2aa1800 JavaThread "Common-Cleaner" daemon [_thread_blocked, id=4748, stack(0x0000004415900000,0x0000004415a00000)]
  0x0000022fe4e09800 JavaThread "Daemon health stats" [_thread_blocked, id=128, stack(0x0000004415f00000,0x0000004416000000)]
  0x0000022fe3e9a000 JavaThread "Incoming local TCP Connector on port 64506" [_thread_in_native, id=4652, stack(0x0000004416000000,0x0000004416100000)]
  0x0000022fe4270800 JavaThread "Daemon periodic checks" [_thread_blocked, id=5588, stack(0x0000004416100000,0x0000004416200000)]
  0x0000022fe5381800 JavaThread "Cache worker for file hash cache (C:\Users\Bilal Envy\.gradle\caches\7.0.2\fileHashes)" [_thread_blocked, id=5860, stack(0x0000004415b00000,0x0000004415c00000)]
  0x0000022fe5384000 JavaThread "File lock request listener" [_thread_in_native, id=8788, stack(0x0000004416b00000,0x0000004416c00000)]
  0x0000022fe5382000 JavaThread "Cache worker for journal cache (C:\Users\Bilal Envy\.gradle\caches\journal-1)" [_thread_blocked, id=8656, stack(0x0000004416d00000,0x0000004416e00000)]
  0x0000022fe537f000 JavaThread "File watcher server" daemon [_thread_blocked, id=7896, stack(0x0000004417000000,0x0000004417100000)]
  0x0000022fe5380000 JavaThread "File watcher consumer" daemon [_thread_blocked, id=6636, stack(0x0000004417100000,0x0000004417200000)]
  0x0000022fe6c3c000 JavaThread "Cache worker for execution history cache (C:\Users\Bilal Envy\.gradle\caches\7.0.2\executionHistory)" [_thread_blocked, id=476, stack(0x0000004417500000,0x0000004417600000)]
  0x0000022fe6c3c800 JavaThread "jar transforms" [_thread_blocked, id=8004, stack(0x0000004417600000,0x0000004417700000)]
  0x0000022fe6c37800 JavaThread "jar transforms Thread 2" [_thread_blocked, id=2360, stack(0x0000004417700000,0x0000004417800000)]
  0x0000022fe6c3e800 JavaThread "Cache worker for file content cache (C:\Users\Bilal Envy\.gradle\caches\7.0.2\fileContent)" [_thread_blocked, id=9036, stack(0x0000004417800000,0x0000004417900000)]
  0x0000022fe6c40000 JavaThread "jar transforms Thread 3" [_thread_blocked, id=5784, stack(0x0000004417a00000,0x0000004417b00000)]
  0x0000022fe6c44000 JavaThread "jar transforms Thread 4" [_thread_blocked, id=4568, stack(0x0000004418200000,0x0000004418300000)]
  0x0000022fe6c45000 JavaThread "jar transforms Thread 5" [_thread_blocked, id=3860, stack(0x0000004418300000,0x0000004418400000)]
  0x0000022fe6c42800 JavaThread "jar transforms Thread 6" [_thread_blocked, id=4836, stack(0x0000004418400000,0x0000004418500000)]
  0x0000022fe98b0000 JavaThread "Memory manager" [_thread_blocked, id=8496, stack(0x0000004418700000,0x0000004418800000)]
  0x0000022fe98b1000 JavaThread "pool-3-thread-1" [_thread_blocked, id=552, stack(0x0000004418900000,0x0000004418a00000)]
  0x0000022fe98bb800 JavaThread "ForkJoinPool.commonPool-worker-3" daemon [_thread_blocked, id=5636, stack(0x0000004419300000,0x0000004419400000)]
  0x0000022fe5384800 JavaThread "pool-7-thread-1" [_thread_blocked, id=9072, stack(0x0000004418800000,0x0000004418900000)]
  0x0000022fe2be4800 JavaThread "RMI Scheduler(0)" daemon [_thread_blocked, id=5600, stack(0x0000004419200000,0x0000004419300000)]
  0x0000022fe2bec000 JavaThread "RMI GC Daemon" daemon [_thread_blocked, id=7476, stack(0x0000004419900000,0x0000004419a00000)]
  0x0000022fe2be6000 JavaThread "RMI TCP Accept-0" daemon [_thread_in_native, id=5900, stack(0x0000004419a00000,0x0000004419b00000)]
  0x0000022fe2bed000 JavaThread "RMI Reaper" [_thread_blocked, id=7096, stack(0x0000004419b00000,0x0000004419c00000)]
  0x0000022fe2be8000 JavaThread "Daemon Thread 2" [_thread_blocked, id=3472, stack(0x0000004414700000,0x0000004414800000)]
  0x0000022fe2be7000 JavaThread "Handler for socket connection from /127.0.0.1:64506 to /127.0.0.1:50149" [_thread_in_native, id=8452, stack(0x0000004414800000,0x0000004414900000)]
  0x0000022fe2be9800 JavaThread "Cancel handler" [_thread_blocked, id=6868, stack(0x0000004414900000,0x0000004414a00000)]
  0x0000022fe2be5800 JavaThread "Daemon worker Thread 2" [_thread_blocked, id=1744, stack(0x0000004416200000,0x0000004416300000)]
  0x0000022fe2bed800 JavaThread "Asynchronous log dispatcher for DefaultDaemonConnection: socket connection from /127.0.0.1:64506 to /127.0.0.1:50149" [_thread_blocked, id=7940, stack(0x0000004416300000,0x0000004416400000)]
  0x0000022fe2beb000 JavaThread "Stdin handler" [_thread_blocked, id=1032, stack(0x0000004416400000,0x0000004416500000)]
  0x0000022fe2bee800 JavaThread "Daemon client event forwarder" [_thread_blocked, id=4992, stack(0x0000004416500000,0x0000004416600000)]
  0x0000022fe2be8800 JavaThread "Cache worker for file hash cache (D:\Envy\bg_remover_bilals\.gradle\7.0.2\fileHashes)" [_thread_blocked, id=8352, stack(0x0000004416600000,0x0000004416700000)]
  0x0000022fe2bf3800 JavaThread "Cache worker for checksums cache (D:\Envy\bg_remover_bilals\.gradle\checksums)" [_thread_blocked, id=8048, stack(0x0000004416a00000,0x0000004416b00000)]
  0x0000022fe2bf1000 JavaThread "Cache worker for cache directory md-supplier (C:\Users\Bilal Envy\.gradle\caches\7.0.2\md-supplier)" [_thread_blocked, id=3632, stack(0x0000004416e00000,0x0000004416f00000)]
  0x0000022fe2bef000 JavaThread "Cache worker for cache directory md-rule (C:\Users\Bilal Envy\.gradle\caches\7.0.2\md-rule)" [_thread_blocked, id=8912, stack(0x0000004416f00000,0x0000004417000000)]
  0x0000022fe2bf0000 JavaThread "Cache worker for dependencies-accessors (D:\Envy\bg_remover_bilals\.gradle\7.0.2\dependencies-accessors)" [_thread_blocked, id=9084, stack(0x0000004417200000,0x0000004417300000)]
  0x0000022fe2bf1800 JavaThread "Cache worker for Build Output Cleanup Cache (D:\Envy\bg_remover_bilals\.gradle\buildOutputCleanup)" [_thread_blocked, id=7916, stack(0x0000004417300000,0x0000004417400000)]
  0x0000022fe2bf2800 JavaThread "Build operations" [_thread_blocked, id=7664, stack(0x0000004417400000,0x0000004417500000)]
  0x0000022fe98af000 JavaThread "Build operations Thread 2" [_thread_blocked, id=8664, stack(0x0000004417900000,0x0000004417a00000)]
  0x0000022fe98b2800 JavaThread "Build operations Thread 3" [_thread_blocked, id=8248, stack(0x0000004417b00000,0x0000004417c00000)]
  0x0000022fe98ac800 JavaThread "Build operations Thread 4" [_thread_blocked, id=2948, stack(0x0000004417c00000,0x0000004417d00000)]
  0x0000022fe98b3000 JavaThread "Build operations Thread 5" [_thread_blocked, id=1648, stack(0x0000004417d00000,0x0000004417e00000)]
  0x0000022fe98ad800 JavaThread "Build operations Thread 6" [_thread_blocked, id=1972, stack(0x0000004417e00000,0x0000004417f00000)]
  0x0000022fe98b4000 JavaThread "build event listener" [_thread_blocked, id=1232, stack(0x0000004417f00000,0x0000004418000000)]
  0x0000022fe98b9800 JavaThread "pool-11-thread-1" [_thread_blocked, id=5628, stack(0x0000004418000000,0x0000004418100000)]
  0x0000022fe98b7800 JavaThread "build event listener" [_thread_blocked, id=6308, stack(0x0000004418100000,0x0000004418200000)]
  0x0000022fe98b5000 JavaThread "Execution worker for ':'" [_thread_blocked, id=8668, stack(0x0000004418a00000,0x0000004418b00000)]
  0x0000022fe98b6800 JavaThread "Execution worker for ':' Thread 2" [_thread_blocked, id=7768, stack(0x0000004418b00000,0x0000004418c00000)]
  0x0000022fe98b8000 JavaThread "Execution worker for ':' Thread 3" [_thread_blocked, id=2624, stack(0x0000004418c00000,0x0000004418d00000)]
  0x0000022fe98ba800 JavaThread "Execution worker for ':' Thread 4" [_thread_blocked, id=1408, stack(0x0000004418d00000,0x0000004418e00000)]
  0x0000022fe98b5800 JavaThread "Execution worker for ':' Thread 5" [_thread_blocked, id=1928, stack(0x0000004418e00000,0x0000004418f00000)]
  0x0000022fe6c3f000 JavaThread "Cache worker for execution history cache (D:\Envy\bg_remover_bilals\.gradle\7.0.2\executionHistory)" [_thread_blocked, id=8608, stack(0x0000004418f00000,0x0000004419000000)]
  0x0000022fe6c39800 JavaThread "RMI RenewClean-[127.0.0.1:17727,org.jetbrains.kotlin.daemon.common.LoopbackNetworkInterface$ClientLoopbackSocketFactory@7147635d]" daemon [_thread_blocked, id=8176, stack(0x0000004419100000,0x0000004419200000)]
  0x0000022fe6c3a000 JavaThread "RMI TCP Connection(3)-127.0.0.1" daemon [_thread_in_native, id=5548, stack(0x0000004419400000,0x0000004419500000)]
  0x0000022fe6c40800 JavaThread "C2 CompilerThread1" daemon [_thread_in_native, id=8344, stack(0x0000004416700000,0x0000004416800000)]
  0x0000022fe6c3b000 JavaThread "WorkerExecutor Queue" [_thread_blocked, id=3176, stack(0x0000004419500000,0x0000004419600000)]
  0x0000022fe6c45800 JavaThread "WorkerExecutor Queue Thread 2" [_thread_blocked, id=6928, stack(0x0000004419600000,0x0000004419700000)]
  0x0000022fe6c41800 JavaThread "WorkerExecutor Queue Thread 3" [_thread_blocked, id=8396, stack(0x0000004419700000,0x0000004419800000)]
  0x0000022fe6c43000 JavaThread "WorkerExecutor Queue Thread 4" [_thread_blocked, id=2872, stack(0x0000004419800000,0x0000004419900000)]
  0x0000022fe6c46800 JavaThread "WorkerExecutor Queue Thread 5" [_thread_blocked, id=8164, stack(0x0000004419c00000,0x0000004419d00000)]
  0x0000022fe5380800 JavaThread "WorkerExecutor Queue Thread 6" [_thread_blocked, id=5916, stack(0x0000004419d00000,0x0000004419e00000)]
  0x0000022fe5383000 JavaThread "WorkerExecutor Queue Thread 7" [_thread_blocked, id=9200, stack(0x0000004419e00000,0x0000004419f00000)]
  0x0000022fe5385800 JavaThread "ForkJoinPool.commonPool-worker-13" daemon [_thread_blocked, id=3084, stack(0x0000004419f00000,0x000000441a000000)]
  0x0000022feef4f800 JavaThread "ForkJoinPool.commonPool-worker-15" daemon [_thread_blocked, id=2156, stack(0x000000441a000000,0x000000441a100000)]
  0x0000022feef4e800 JavaThread "ForkJoinPool.commonPool-worker-1" daemon [_thread_blocked, id=8184, stack(0x000000441a100000,0x000000441a200000)]
  0x0000022feef56000 JavaThread "ForkJoinPool.commonPool-worker-5" daemon [_thread_blocked, id=6236, stack(0x000000441a200000,0x000000441a300000)]

Other Threads:
  0x0000022fe20a9000 VMThread "VM Thread" [stack: 0x0000004415000000,0x0000004415100000] [id=9204]
  0x0000022fe2add800 WatcherThread [stack: 0x0000004415a00000,0x0000004415b00000] [id=7992]
  0x0000022fc8085800 GCTaskThread "GC Thread#0" [stack: 0x0000004414b00000,0x0000004414c00000] [id=4012]
  0x0000022fe35dd800 GCTaskThread "GC Thread#1" [stack: 0x0000004415c00000,0x0000004415d00000] [id=1248]
=>0x0000022fe362c000 GCTaskThread "GC Thread#2" [stack: 0x0000004415d00000,0x0000004415e00000] [id=3760]
  0x0000022fe3317000 GCTaskThread "GC Thread#3" [stack: 0x0000004415e00000,0x0000004415f00000] [id=3528]
  0x0000022fe4b71000 GCTaskThread "GC Thread#4" [stack: 0x0000004416800000,0x0000004416900000] [id=4476]
  0x0000022fe4b71800 GCTaskThread "GC Thread#5" [stack: 0x0000004416900000,0x0000004416a00000] [id=1992]
  0x0000022fc80b6800 ConcurrentGCThread "G1 Main Marker" [stack: 0x0000004414c00000,0x0000004414d00000] [id=4192]
  0x0000022fc80ba000 ConcurrentGCThread "G1 Conc#0" [stack: 0x0000004414d00000,0x0000004414e00000] [id=7576]
  0x0000022fe4c12800 ConcurrentGCThread "G1 Conc#1" [stack: 0x0000004416c00000,0x0000004416d00000] [id=2960]
  0x0000022fe1f18800 ConcurrentGCThread "G1 Refine#0" [stack: 0x0000004414e00000,0x0000004414f00000] [id=5288]
  0x0000022fe6774000 ConcurrentGCThread "G1 Refine#1" [stack: 0x0000004418500000,0x0000004418600000] [id=3516]
  0x0000022fe6771800 ConcurrentGCThread "G1 Refine#2" [stack: 0x0000004418600000,0x0000004418700000] [id=8764]
  0x0000022fe1f19000 ConcurrentGCThread "G1 Young RemSet Sampling" [stack: 0x0000004414f00000,0x0000004415000000] [id=2536]

Threads with active compile tasks:
C2 CompilerThread0 654897 16807       4       sun.security.util.DerInputStream::getLength (243 bytes)
C2 CompilerThread1 654897 16266       4       java.io.ObjectOutputStream::writeClassDesc (60 bytes)

VM state:at safepoint (normal execution)

VM Mutex/Monitor currently owned by a thread:  ([mutex/lock_event])
[0x0000022fc806a040] Threads_lock - owner thread: 0x0000022fe20a9000
[0x0000022fc806aee0] Heap_lock - owner thread: 0x0000022fc80b6800

Heap address: 0x0000000080000000, size: 2048 MB, Compressed Oops mode: 32-bit
Narrow klass base: 0x0000000000000000, Narrow klass shift: 3
Compressed class space size: 1073741824 Address: 0x0000000100000000

Heap:
 garbage-first heap   total 239616K, used 151477K [0x0000000080000000, 0x0000000100000000)
  region size 1024K, 4 young (4096K), 2 survivors (2048K)
 Metaspace       used 119718K, capacity 123127K, committed 123212K, reserved 1155072K
  class space    used 15407K, capacity 16661K, committed 16716K, reserved 1048576K
Heap Regions: E=young(eden), S=young(survivor), O=old, HS=humongous(starts), HC=humongous(continues), CS=collection set, F=free, A=archive, TAMS=top-at-mark-start (previous, next)
|   0|0x0000000080000000, 0x0000000080100000, 0x0000000080100000|100%| O|  |TAMS 0x0000000080100000, 0x0000000080100000| Untracked 
|   1|0x0000000080100000, 0x0000000080200000, 0x0000000080200000|100%| O|  |TAMS 0x0000000080200000, 0x0000000080200000| Untracked 
|   2|0x0000000080200000, 0x0000000080300000, 0x0000000080300000|100%| O|  |TAMS 0x0000000080300000, 0x0000000080300000| Untracked 
|   3|0x0000000080300000, 0x0000000080400000, 0x0000000080400000|100%|HS|  |TAMS 0x0000000080400000, 0x0000000080400000| Complete 
|   4|0x0000000080400000, 0x0000000080500000, 0x0000000080500000|100%|HC|  |TAMS 0x0000000080500000, 0x0000000080500000| Complete 
|   5|0x0000000080500000, 0x0000000080600000, 0x0000000080600000|100%|HC|  |TAMS 0x0000000080600000, 0x0000000080600000| Complete 
|   6|0x0000000080600000, 0x0000000080700000, 0x0000000080700000|100%| O|  |TAMS 0x0000000080700000, 0x0000000080700000| Untracked 
|   7|0x0000000080700000, 0x0000000080800000, 0x0000000080800000|100%| O|  |TAMS 0x0000000080800000, 0x0000000080800000| Untracked 
|   8|0x0000000080800000, 0x0000000080900000, 0x0000000080900000|100%| O|  |TAMS 0x0000000080900000, 0x0000000080900000| Untracked 
|   9|0x0000000080900000, 0x0000000080a00000, 0x0000000080a00000|100%| O|  |TAMS 0x0000000080a00000, 0x0000000080a00000| Untracked 
|  10|0x0000000080a00000, 0x0000000080b00000, 0x0000000080b00000|100%| O|  |TAMS 0x0000000080b00000, 0x0000000080b00000| Untracked 
|  11|0x0000000080b00000, 0x0000000080c00000, 0x0000000080c00000|100%| O|  |TAMS 0x0000000080c00000, 0x0000000080c00000| Untracked 
|  12|0x0000000080c00000, 0x0000000080d00000, 0x0000000080d00000|100%| O|  |TAMS 0x0000000080d00000, 0x0000000080d00000| Untracked 
|  13|0x0000000080d00000, 0x0000000080e00000, 0x0000000080e00000|100%| O|  |TAMS 0x0000000080e00000, 0x0000000080e00000| Untracked 
|  14|0x0000000080e00000, 0x0000000080f00000, 0x0000000080f00000|100%| O|  |TAMS 0x0000000080f00000, 0x0000000080f00000| Untracked 
|  15|0x0000000080f00000, 0x0000000081000000, 0x0000000081000000|100%| O|  |TAMS 0x0000000081000000, 0x0000000081000000| Untracked 
|  16|0x0000000081000000, 0x0000000081100000, 0x0000000081100000|100%|HS|  |TAMS 0x0000000081100000, 0x0000000081100000| Complete 
|  17|0x0000000081100000, 0x0000000081200000, 0x0000000081200000|100%|HS|  |TAMS 0x0000000081200000, 0x0000000081200000| Complete 
|  18|0x0000000081200000, 0x0000000081300000, 0x0000000081300000|100%|HS|  |TAMS 0x0000000081300000, 0x0000000081300000| Complete 
|  19|0x0000000081300000, 0x0000000081400000, 0x0000000081400000|100%|HS|  |TAMS 0x0000000081400000, 0x0000000081400000| Complete 
|  20|0x0000000081400000, 0x0000000081500000, 0x0000000081500000|100%|HC|  |TAMS 0x0000000081500000, 0x0000000081500000| Complete 
|  21|0x0000000081500000, 0x0000000081600000, 0x0000000081600000|100%|HC|  |TAMS 0x0000000081600000, 0x0000000081600000| Complete 
|  22|0x0000000081600000, 0x0000000081700000, 0x0000000081700000|100%|HS|  |TAMS 0x0000000081700000, 0x0000000081700000| Complete 
|  23|0x0000000081700000, 0x0000000081800000, 0x0000000081800000|100%|HC|  |TAMS 0x0000000081800000, 0x0000000081800000| Complete 
|  24|0x0000000081800000, 0x0000000081900000, 0x0000000081900000|100%| O|  |TAMS 0x0000000081900000, 0x0000000081900000| Untracked 
|  25|0x0000000081900000, 0x0000000081a00000, 0x0000000081a00000|100%| O|  |TAMS 0x0000000081a00000, 0x0000000081a00000| Untracked 
|  26|0x0000000081a00000, 0x0000000081b00000, 0x0000000081b00000|100%| O|  |TAMS 0x0000000081b00000, 0x0000000081b00000| Untracked 
|  27|0x0000000081b00000, 0x0000000081c00000, 0x0000000081c00000|100%| O|  |TAMS 0x0000000081c00000, 0x0000000081c00000| Untracked 
|  28|0x0000000081c00000, 0x0000000081d00000, 0x0000000081d00000|100%| O|  |TAMS 0x0000000081d00000, 0x0000000081d00000| Untracked 
|  29|0x0000000081d00000, 0x0000000081e00000, 0x0000000081e00000|100%| O|  |TAMS 0x0000000081e00000, 0x0000000081e00000| Untracked 
|  30|0x0000000081e00000, 0x0000000081f00000, 0x0000000081f00000|100%| O|  |TAMS 0x0000000081f00000, 0x0000000081f00000| Untracked 
|  31|0x0000000081f00000, 0x0000000082000000, 0x0000000082000000|100%| O|  |TAMS 0x0000000082000000, 0x0000000082000000| Untracked 
|  32|0x0000000082000000, 0x0000000082100000, 0x0000000082100000|100%| O|  |TAMS 0x0000000082100000, 0x0000000082100000| Untracked 
|  33|0x0000000082100000, 0x0000000082200000, 0x0000000082200000|100%| O|  |TAMS 0x0000000082200000, 0x0000000082200000| Untracked 
|  34|0x0000000082200000, 0x0000000082300000, 0x0000000082300000|100%| O|  |TAMS 0x0000000082300000, 0x0000000082300000| Untracked 
|  35|0x0000000082300000, 0x0000000082400000, 0x0000000082400000|100%| O|  |TAMS 0x0000000082400000, 0x0000000082400000| Untracked 
|  36|0x0000000082400000, 0x0000000082500000, 0x0000000082500000|100%| O|  |TAMS 0x0000000082500000, 0x0000000082500000| Untracked 
|  37|0x0000000082500000, 0x0000000082600000, 0x0000000082600000|100%| O|  |TAMS 0x0000000082600000, 0x0000000082600000| Untracked 
|  38|0x0000000082600000, 0x0000000082700000, 0x0000000082700000|100%| O|  |TAMS 0x0000000082700000, 0x0000000082700000| Untracked 
|  39|0x0000000082700000, 0x0000000082800000, 0x0000000082800000|100%| O|  |TAMS 0x0000000082800000, 0x0000000082800000| Untracked 
|  40|0x0000000082800000, 0x0000000082900000, 0x0000000082900000|100%| O|  |TAMS 0x0000000082900000, 0x0000000082900000| Untracked 
|  41|0x0000000082900000, 0x0000000082a00000, 0x0000000082a00000|100%| O|  |TAMS 0x0000000082a00000, 0x0000000082a00000| Untracked 
|  42|0x0000000082a00000, 0x0000000082b00000, 0x0000000082b00000|100%| O|  |TAMS 0x0000000082b00000, 0x0000000082b00000| Untracked 
|  43|0x0000000082b00000, 0x0000000082c00000, 0x0000000082c00000|100%| O|  |TAMS 0x0000000082c00000, 0x0000000082c00000| Untracked 
|  44|0x0000000082c00000, 0x0000000082d00000, 0x0000000082d00000|100%| O|  |TAMS 0x0000000082d00000, 0x0000000082d00000| Untracked 
|  45|0x0000000082d00000, 0x0000000082e00000, 0x0000000082e00000|100%| O|  |TAMS 0x0000000082e00000, 0x0000000082e00000| Untracked 
|  46|0x0000000082e00000, 0x0000000082f00000, 0x0000000082f00000|100%| O|  |TAMS 0x0000000082f00000, 0x0000000082f00000| Untracked 
|  47|0x0000000082f00000, 0x0000000083000000, 0x0000000083000000|100%| O|  |TAMS 0x0000000083000000, 0x0000000083000000| Untracked 
|  48|0x0000000083000000, 0x0000000083000000, 0x0000000083100000|  0%| F|  |TAMS 0x0000000083000000, 0x0000000083000000| Untracked 
|  49|0x0000000083100000, 0x0000000083200000, 0x0000000083200000|100%| O|  |TAMS 0x0000000083200000, 0x0000000083200000| Untracked 
|  50|0x0000000083200000, 0x0000000083300000, 0x0000000083300000|100%| O|  |TAMS 0x0000000083300000, 0x0000000083300000| Untracked 
|  51|0x0000000083300000, 0x0000000083400000, 0x0000000083400000|100%| O|  |TAMS 0x0000000083400000, 0x0000000083400000| Untracked 
|  52|0x0000000083400000, 0x0000000083500000, 0x0000000083500000|100%| O|  |TAMS 0x0000000083500000, 0x0000000083500000| Untracked 
|  53|0x0000000083500000, 0x0000000083600000, 0x0000000083600000|100%| O|  |TAMS 0x0000000083600000, 0x0000000083600000| Untracked 
|  54|0x0000000083600000, 0x0000000083700000, 0x0000000083700000|100%| O|  |TAMS 0x0000000083700000, 0x0000000083700000| Untracked 
|  55|0x0000000083700000, 0x0000000083800000, 0x0000000083800000|100%| O|  |TAMS 0x0000000083800000, 0x0000000083800000| Untracked 
|  56|0x0000000083800000, 0x0000000083900000, 0x0000000083900000|100%| O|  |TAMS 0x0000000083900000, 0x0000000083900000| Untracked 
|  57|0x0000000083900000, 0x0000000083a00000, 0x0000000083a00000|100%| O|  |TAMS 0x0000000083a00000, 0x0000000083a00000| Untracked 
|  58|0x0000000083a00000, 0x0000000083b00000, 0x0000000083b00000|100%| O|  |TAMS 0x0000000083b00000, 0x0000000083b00000| Untracked 
|  59|0x0000000083b00000, 0x0000000083c00000, 0x0000000083c00000|100%| O|  |TAMS 0x0000000083c00000, 0x0000000083c00000| Untracked 
|  60|0x0000000083c00000, 0x0000000083d00000, 0x0000000083d00000|100%| O|  |TAMS 0x0000000083d00000, 0x0000000083d00000| Untracked 
|  61|0x0000000083d00000, 0x0000000083e00000, 0x0000000083e00000|100%| O|  |TAMS 0x0000000083e00000, 0x0000000083e00000| Untracked 
|  62|0x0000000083e00000, 0x0000000083f00000, 0x0000000083f00000|100%| O|  |TAMS 0x0000000083f00000, 0x0000000083f00000| Untracked 
|  63|0x0000000083f00000, 0x0000000084000000, 0x0000000084000000|100%| O|  |TAMS 0x0000000084000000, 0x0000000084000000| Untracked 
|  64|0x0000000084000000, 0x0000000084100000, 0x0000000084100000|100%| O|  |TAMS 0x0000000084100000, 0x0000000084100000| Untracked 
|  65|0x0000000084100000, 0x0000000084200000, 0x0000000084200000|100%| O|  |TAMS 0x0000000084200000, 0x0000000084200000| Untracked 
|  66|0x0000000084200000, 0x0000000084300000, 0x0000000084300000|100%| O|  |TAMS 0x0000000084300000, 0x0000000084300000| Untracked 
|  67|0x0000000084300000, 0x0000000084400000, 0x0000000084400000|100%| O|  |TAMS 0x0000000084400000, 0x0000000084400000| Untracked 
|  68|0x0000000084400000, 0x0000000084500000, 0x0000000084500000|100%| O|  |TAMS 0x0000000084500000, 0x0000000084500000| Untracked 
|  69|0x0000000084500000, 0x0000000084600000, 0x0000000084600000|100%| O|  |TAMS 0x0000000084600000, 0x0000000084600000| Untracked 
|  70|0x0000000084600000, 0x0000000084700000, 0x0000000084700000|100%| O|  |TAMS 0x0000000084700000, 0x0000000084700000| Untracked 
|  71|0x0000000084700000, 0x0000000084800000, 0x0000000084800000|100%| O|  |TAMS 0x0000000084800000, 0x0000000084800000| Untracked 
|  72|0x0000000084800000, 0x0000000084900000, 0x0000000084900000|100%| O|  |TAMS 0x0000000084900000, 0x0000000084900000| Untracked 
|  73|0x0000000084900000, 0x0000000084a00000, 0x0000000084a00000|100%| O|  |TAMS 0x0000000084a00000, 0x0000000084a00000| Untracked 
|  74|0x0000000084a00000, 0x0000000084b00000, 0x0000000084b00000|100%| O|  |TAMS 0x0000000084b00000, 0x0000000084b00000| Untracked 
|  75|0x0000000084b00000, 0x0000000084c00000, 0x0000000084c00000|100%| O|  |TAMS 0x0000000084c00000, 0x0000000084c00000| Untracked 
|  76|0x0000000084c00000, 0x0000000084d00000, 0x0000000084d00000|100%| O|  |TAMS 0x0000000084d00000, 0x0000000084d00000| Untracked 
|  77|0x0000000084d00000, 0x0000000084e00000, 0x0000000084e00000|100%| O|  |TAMS 0x0000000084e00000, 0x0000000084e00000| Untracked 
|  78|0x0000000084e00000, 0x0000000084f00000, 0x0000000084f00000|100%| O|  |TAMS 0x0000000084f00000, 0x0000000084f00000| Untracked 
|  79|0x0000000084f00000, 0x0000000085000000, 0x0000000085000000|100%| O|  |TAMS 0x0000000085000000, 0x0000000085000000| Untracked 
|  80|0x0000000085000000, 0x0000000085100000, 0x0000000085100000|100%| O|  |TAMS 0x0000000085100000, 0x0000000085100000| Untracked 
|  81|0x0000000085100000, 0x0000000085200000, 0x0000000085200000|100%| O|  |TAMS 0x0000000085200000, 0x0000000085200000| Untracked 
|  82|0x0000000085200000, 0x0000000085300000, 0x0000000085300000|100%| O|  |TAMS 0x0000000085300000, 0x0000000085300000| Untracked 
|  83|0x0000000085300000, 0x0000000085400000, 0x0000000085400000|100%| O|  |TAMS 0x0000000085400000, 0x0000000085400000| Untracked 
|  84|0x0000000085400000, 0x0000000085500000, 0x0000000085500000|100%| O|  |TAMS 0x0000000085500000, 0x0000000085500000| Untracked 
|  85|0x0000000085500000, 0x0000000085600000, 0x0000000085600000|100%| O|  |TAMS 0x0000000085600000, 0x0000000085600000| Untracked 
|  86|0x0000000085600000, 0x0000000085700000, 0x0000000085700000|100%| O|  |TAMS 0x0000000085700000, 0x0000000085700000| Untracked 
|  87|0x0000000085700000, 0x0000000085800000, 0x0000000085800000|100%| O|  |TAMS 0x0000000085800000, 0x0000000085800000| Untracked 
|  88|0x0000000085800000, 0x0000000085900000, 0x0000000085900000|100%| O|  |TAMS 0x0000000085900000, 0x0000000085900000| Untracked 
|  89|0x0000000085900000, 0x0000000085a00000, 0x0000000085a00000|100%| O|  |TAMS 0x0000000085a00000, 0x0000000085a00000| Untracked 
|  90|0x0000000085a00000, 0x0000000085b00000, 0x0000000085b00000|100%| O|  |TAMS 0x0000000085b00000, 0x0000000085b00000| Untracked 
|  91|0x0000000085b00000, 0x0000000085c00000, 0x0000000085c00000|100%| O|  |TAMS 0x0000000085c00000, 0x0000000085c00000| Untracked 
|  92|0x0000000085c00000, 0x0000000085d00000, 0x0000000085d00000|100%| O|  |TAMS 0x0000000085d00000, 0x0000000085d00000| Untracked 
|  93|0x0000000085d00000, 0x0000000085e00000, 0x0000000085e00000|100%| O|  |TAMS 0x0000000085dc2000, 0x0000000085e00000| Untracked 
|  94|0x0000000085e00000, 0x0000000085f00000, 0x0000000085f00000|100%| O|  |TAMS 0x0000000085e00000, 0x0000000085f00000| Untracked 
|  95|0x0000000085f00000, 0x0000000086000000, 0x0000000086000000|100%| O|  |TAMS 0x0000000085f00000, 0x0000000086000000| Untracked 
|  96|0x0000000086000000, 0x0000000086100000, 0x0000000086100000|100%| O|  |TAMS 0x0000000086000000, 0x0000000086100000| Untracked 
|  97|0x0000000086100000, 0x0000000086200000, 0x0000000086200000|100%| O|  |TAMS 0x0000000086100000, 0x0000000086200000| Untracked 
|  98|0x0000000086200000, 0x0000000086300000, 0x0000000086300000|100%| O|  |TAMS 0x0000000086200000, 0x0000000086300000| Untracked 
|  99|0x0000000086300000, 0x0000000086400000, 0x0000000086400000|100%| O|  |TAMS 0x0000000086300000, 0x0000000086400000| Untracked 
| 100|0x0000000086400000, 0x0000000086500000, 0x0000000086500000|100%| O|  |TAMS 0x0000000086400000, 0x0000000086500000| Untracked 
| 101|0x0000000086500000, 0x0000000086600000, 0x0000000086600000|100%| O|  |TAMS 0x0000000086500000, 0x0000000086600000| Untracked 
| 102|0x0000000086600000, 0x0000000086600000, 0x0000000086700000|  0%| F|  |TAMS 0x0000000086600000, 0x0000000086600000| Untracked 
| 103|0x0000000086700000, 0x0000000086800000, 0x0000000086800000|100%| O|  |TAMS 0x0000000086800000, 0x0000000086800000| Untracked 
| 104|0x0000000086800000, 0x0000000086900000, 0x0000000086900000|100%| O|  |TAMS 0x0000000086900000, 0x0000000086900000| Untracked 
| 105|0x0000000086900000, 0x0000000086a00000, 0x0000000086a00000|100%| O|  |TAMS 0x0000000086a00000, 0x0000000086a00000| Untracked 
| 106|0x0000000086a00000, 0x0000000086b00000, 0x0000000086b00000|100%| O|  |TAMS 0x0000000086b00000, 0x0000000086b00000| Untracked 
| 107|0x0000000086b00000, 0x0000000086c00000, 0x0000000086c00000|100%| O|  |TAMS 0x0000000086c00000, 0x0000000086c00000| Untracked 
| 108|0x0000000086c00000, 0x0000000086d00000, 0x0000000086d00000|100%| O|  |TAMS 0x0000000086c00000, 0x0000000086d00000| Untracked 
| 109|0x0000000086d00000, 0x0000000086ded400, 0x0000000086e00000| 92%| O|  |TAMS 0x0000000086d00000, 0x0000000086ded400| Untracked 
| 110|0x0000000086e00000, 0x0000000086f00000, 0x0000000086f00000|100%|HS|  |TAMS 0x0000000086e00000, 0x0000000086e00000| Complete 
| 111|0x0000000086f00000, 0x0000000087000000, 0x0000000087000000|100%|HC|  |TAMS 0x0000000086f00000, 0x0000000086f00000| Complete 
| 112|0x0000000087000000, 0x0000000087100000, 0x0000000087100000|100%|HS|  |TAMS 0x0000000087000000, 0x0000000087000000| Complete 
| 113|0x0000000087100000, 0x0000000087200000, 0x0000000087200000|100%|HC|  |TAMS 0x0000000087100000, 0x0000000087100000| Complete 
| 114|0x0000000087200000, 0x0000000087300000, 0x0000000087300000|100%|HS|  |TAMS 0x0000000087200000, 0x0000000087200000| Complete 
| 115|0x0000000087300000, 0x0000000087400000, 0x0000000087400000|100%|HC|  |TAMS 0x0000000087300000, 0x0000000087300000| Complete 
| 116|0x0000000087400000, 0x0000000087500000, 0x0000000087500000|100%|HS|  |TAMS 0x0000000087400000, 0x0000000087400000| Complete 
| 117|0x0000000087500000, 0x0000000087600000, 0x0000000087600000|100%|HC|  |TAMS 0x0000000087500000, 0x0000000087500000| Complete 
| 118|0x0000000087600000, 0x0000000087700000, 0x0000000087700000|100%|HS|  |TAMS 0x0000000087600000, 0x0000000087600000| Complete 
| 119|0x0000000087700000, 0x0000000087800000, 0x0000000087800000|100%|HC|  |TAMS 0x0000000087700000, 0x0000000087700000| Complete 
| 120|0x0000000087800000, 0x0000000087900000, 0x0000000087900000|100%|HS|  |TAMS 0x0000000087800000, 0x0000000087800000| Complete 
| 121|0x0000000087900000, 0x0000000087a00000, 0x0000000087a00000|100%|HC|  |TAMS 0x0000000087900000, 0x0000000087900000| Complete 
| 122|0x0000000087a00000, 0x0000000087b00000, 0x0000000087b00000|100%|HS|  |TAMS 0x0000000087a00000, 0x0000000087a00000| Complete 
| 123|0x0000000087b00000, 0x0000000087c00000, 0x0000000087c00000|100%|HC|  |TAMS 0x0000000087b00000, 0x0000000087b00000| Complete 
| 124|0x0000000087c00000, 0x0000000087d00000, 0x0000000087d00000|100%|HS|  |TAMS 0x0000000087c00000, 0x0000000087c00000| Complete 
| 125|0x0000000087d00000, 0x0000000087e00000, 0x0000000087e00000|100%|HC|  |TAMS 0x0000000087d00000, 0x0000000087d00000| Complete 
| 126|0x0000000087e00000, 0x0000000087f00000, 0x0000000087f00000|100%|HS|  |TAMS 0x0000000087e00000, 0x0000000087e00000| Complete 
| 127|0x0000000087f00000, 0x0000000088000000, 0x0000000088000000|100%|HC|  |TAMS 0x0000000087f00000, 0x0000000087f00000| Complete 
| 128|0x0000000088000000, 0x0000000088100000, 0x0000000088100000|100%|HS|  |TAMS 0x0000000088000000, 0x0000000088000000| Complete 
| 129|0x0000000088100000, 0x0000000088200000, 0x0000000088200000|100%|HC|  |TAMS 0x0000000088100000, 0x0000000088100000| Complete 
| 130|0x0000000088200000, 0x0000000088300000, 0x0000000088300000|100%|HS|  |TAMS 0x0000000088200000, 0x0000000088200000| Complete 
| 131|0x0000000088300000, 0x0000000088400000, 0x0000000088400000|100%|HC|  |TAMS 0x0000000088300000, 0x0000000088300000| Complete 
| 132|0x0000000088400000, 0x0000000088500000, 0x0000000088500000|100%|HS|  |TAMS 0x0000000088400000, 0x0000000088400000| Complete 
| 133|0x0000000088500000, 0x0000000088600000, 0x0000000088600000|100%|HC|  |TAMS 0x0000000088500000, 0x0000000088500000| Complete 
| 134|0x0000000088600000, 0x0000000088700000, 0x0000000088700000|100%|HS|  |TAMS 0x0000000088600000, 0x0000000088600000| Complete 
| 135|0x0000000088700000, 0x0000000088800000, 0x0000000088800000|100%|HC|  |TAMS 0x0000000088700000, 0x0000000088700000| Complete 
| 136|0x0000000088800000, 0x0000000088900000, 0x0000000088900000|100%|HS|  |TAMS 0x0000000088800000, 0x0000000088800000| Complete 
| 137|0x0000000088900000, 0x0000000088a00000, 0x0000000088a00000|100%|HC|  |TAMS 0x0000000088900000, 0x0000000088900000| Complete 
| 138|0x0000000088a00000, 0x0000000088b00000, 0x0000000088b00000|100%|HS|  |TAMS 0x0000000088a00000, 0x0000000088a00000| Complete 
| 139|0x0000000088b00000, 0x0000000088c00000, 0x0000000088c00000|100%|HC|  |TAMS 0x0000000088b00000, 0x0000000088b00000| Complete 
| 140|0x0000000088c00000, 0x0000000088d00000, 0x0000000088d00000|100%|HS|  |TAMS 0x0000000088c00000, 0x0000000088c00000| Complete 
| 141|0x0000000088d00000, 0x0000000088e00000, 0x0000000088e00000|100%|HC|  |TAMS 0x0000000088d00000, 0x0000000088d00000| Complete 
| 142|0x0000000088e00000, 0x0000000088e00000, 0x0000000088f00000|  0%| F|  |TAMS 0x0000000088e00000, 0x0000000088e00000| Untracked 
| 143|0x0000000088f00000, 0x0000000088f00000, 0x0000000089000000|  0%| F|  |TAMS 0x0000000088f00000, 0x0000000088f00000| Untracked 
| 144|0x0000000089000000, 0x0000000089000000, 0x0000000089100000|  0%| F|  |TAMS 0x0000000089000000, 0x0000000089000000| Untracked 
| 145|0x0000000089100000, 0x0000000089100000, 0x0000000089200000|  0%| F|  |TAMS 0x0000000089100000, 0x0000000089100000| Untracked 
| 146|0x0000000089200000, 0x0000000089200000, 0x0000000089300000|  0%| F|  |TAMS 0x0000000089200000, 0x0000000089200000| Untracked 
| 147|0x0000000089300000, 0x0000000089300000, 0x0000000089400000|  0%| F|  |TAMS 0x0000000089300000, 0x0000000089300000| Untracked 
| 148|0x0000000089400000, 0x0000000089400000, 0x0000000089500000|  0%| F|  |TAMS 0x0000000089400000, 0x0000000089400000| Untracked 
| 149|0x0000000089500000, 0x0000000089500000, 0x0000000089600000|  0%| F|  |TAMS 0x0000000089500000, 0x0000000089500000| Untracked 
| 150|0x0000000089600000, 0x0000000089600000, 0x0000000089700000|  0%| F|  |TAMS 0x0000000089600000, 0x0000000089600000| Untracked 
| 151|0x0000000089700000, 0x0000000089700000, 0x0000000089800000|  0%| F|  |TAMS 0x0000000089700000, 0x0000000089700000| Untracked 
| 152|0x0000000089800000, 0x0000000089800000, 0x0000000089900000|  0%| F|  |TAMS 0x0000000089800000, 0x0000000089800000| Untracked 
| 153|0x0000000089900000, 0x0000000089900000, 0x0000000089a00000|  0%| F|  |TAMS 0x0000000089900000, 0x0000000089900000| Untracked 
| 154|0x0000000089a00000, 0x0000000089a00000, 0x0000000089b00000|  0%| F|  |TAMS 0x0000000089a00000, 0x0000000089a00000| Untracked 
| 155|0x0000000089b00000, 0x0000000089b00000, 0x0000000089c00000|  0%| F|  |TAMS 0x0000000089b00000, 0x0000000089b00000| Untracked 
| 156|0x0000000089c00000, 0x0000000089c00000, 0x0000000089d00000|  0%| F|  |TAMS 0x0000000089c00000, 0x0000000089c00000| Untracked 
| 157|0x0000000089d00000, 0x0000000089d00000, 0x0000000089e00000|  0%| F|  |TAMS 0x0000000089d00000, 0x0000000089d00000| Untracked 
| 158|0x0000000089e00000, 0x0000000089e00000, 0x0000000089f00000|  0%| F|  |TAMS 0x0000000089e00000, 0x0000000089e00000| Untracked 
| 159|0x0000000089f00000, 0x0000000089f00000, 0x000000008a000000|  0%| F|  |TAMS 0x0000000089f00000, 0x0000000089f00000| Untracked 
| 160|0x000000008a000000, 0x000000008a000000, 0x000000008a100000|  0%| F|  |TAMS 0x000000008a000000, 0x000000008a000000| Untracked 
| 161|0x000000008a100000, 0x000000008a100000, 0x000000008a200000|  0%| F|  |TAMS 0x000000008a100000, 0x000000008a100000| Untracked 
| 162|0x000000008a200000, 0x000000008a200000, 0x000000008a300000|  0%| F|  |TAMS 0x000000008a200000, 0x000000008a200000| Untracked 
| 163|0x000000008a300000, 0x000000008a300000, 0x000000008a400000|  0%| F|  |TAMS 0x000000008a300000, 0x000000008a300000| Untracked 
| 164|0x000000008a400000, 0x000000008a400000, 0x000000008a500000|  0%| F|  |TAMS 0x000000008a400000, 0x000000008a400000| Untracked 
| 165|0x000000008a500000, 0x000000008a500000, 0x000000008a600000|  0%| F|  |TAMS 0x000000008a500000, 0x000000008a500000| Untracked 
| 166|0x000000008a600000, 0x000000008a700000, 0x000000008a700000|100%| O|  |TAMS 0x000000008a700000, 0x000000008a700000| Untracked 
| 167|0x000000008a700000, 0x000000008a800000, 0x000000008a800000|100%| O|  |TAMS 0x000000008a800000, 0x000000008a800000| Untracked 
| 168|0x000000008a800000, 0x000000008a900000, 0x000000008a900000|100%| O|  |TAMS 0x000000008a900000, 0x000000008a900000| Untracked 
| 169|0x000000008a900000, 0x000000008aa00000, 0x000000008aa00000|100%| O|  |TAMS 0x000000008aa00000, 0x000000008aa00000| Untracked 
| 170|0x000000008aa00000, 0x000000008ab00000, 0x000000008ab00000|100%| O|  |TAMS 0x000000008ab00000, 0x000000008ab00000| Untracked 
| 171|0x000000008ab00000, 0x000000008ac00000, 0x000000008ac00000|100%| O|  |TAMS 0x000000008ac00000, 0x000000008ac00000| Untracked 
| 172|0x000000008ac00000, 0x000000008ac00000, 0x000000008ad00000|  0%| F|  |TAMS 0x000000008ac00000, 0x000000008ac00000| Untracked 
| 173|0x000000008ad00000, 0x000000008ad00000, 0x000000008ae00000|  0%| F|  |TAMS 0x000000008ad00000, 0x000000008ad00000| Untracked 
| 174|0x000000008ae00000, 0x000000008ae00000, 0x000000008af00000|  0%| F|  |TAMS 0x000000008ae00000, 0x000000008ae00000| Untracked 
| 175|0x000000008af00000, 0x000000008af00000, 0x000000008b000000|  0%| F|  |TAMS 0x000000008af00000, 0x000000008af00000| Untracked 
| 176|0x000000008b000000, 0x000000008b000000, 0x000000008b100000|  0%| F|  |TAMS 0x000000008b000000, 0x000000008b000000| Untracked 
| 177|0x000000008b100000, 0x000000008b100000, 0x000000008b200000|  0%| F|  |TAMS 0x000000008b100000, 0x000000008b100000| Untracked 
| 178|0x000000008b200000, 0x000000008b200000, 0x000000008b300000|  0%| F|  |TAMS 0x000000008b200000, 0x000000008b200000| Untracked 
| 179|0x000000008b300000, 0x000000008b300000, 0x000000008b400000|  0%| F|  |TAMS 0x000000008b300000, 0x000000008b300000| Untracked 
| 180|0x000000008b400000, 0x000000008b400000, 0x000000008b500000|  0%| F|  |TAMS 0x000000008b400000, 0x000000008b400000| Untracked 
| 181|0x000000008b500000, 0x000000008b500000, 0x000000008b600000|  0%| F|  |TAMS 0x000000008b500000, 0x000000008b500000| Untracked 
| 182|0x000000008b600000, 0x000000008b600000, 0x000000008b700000|  0%| F|  |TAMS 0x000000008b600000, 0x000000008b600000| Untracked 
| 183|0x000000008b700000, 0x000000008b700000, 0x000000008b800000|  0%| F|  |TAMS 0x000000008b700000, 0x000000008b700000| Untracked 
| 184|0x000000008b800000, 0x000000008b800000, 0x000000008b900000|  0%| F|  |TAMS 0x000000008b800000, 0x000000008b800000| Untracked 
| 185|0x000000008b900000, 0x000000008b900000, 0x000000008ba00000|  0%| F|  |TAMS 0x000000008b900000, 0x000000008b900000| Untracked 
| 186|0x000000008ba00000, 0x000000008bb00000, 0x000000008bb00000|100%| S|CS|TAMS 0x000000008ba00000, 0x000000008ba00000| Complete 
| 187|0x000000008bb00000, 0x000000008bc00000, 0x000000008bc00000|100%| S|CS|TAMS 0x000000008bb00000, 0x000000008bb00000| Complete 
| 188|0x000000008bc00000, 0x000000008bc00000, 0x000000008bd00000|  0%| F|  |TAMS 0x000000008bc00000, 0x000000008bc00000| Untracked 
| 189|0x000000008bd00000, 0x000000008bd00000, 0x000000008be00000|  0%| F|  |TAMS 0x000000008bd00000, 0x000000008bd00000| Untracked 
| 190|0x000000008be00000, 0x000000008be00000, 0x000000008bf00000|  0%| F|  |TAMS 0x000000008be00000, 0x000000008be00000| Untracked 
| 191|0x000000008bf00000, 0x000000008bf00000, 0x000000008c000000|  0%| F|  |TAMS 0x000000008bf00000, 0x000000008bf00000| Untracked 
| 192|0x000000008c000000, 0x000000008c000000, 0x000000008c100000|  0%| F|  |TAMS 0x000000008c000000, 0x000000008c000000| Untracked 
| 193|0x000000008c100000, 0x000000008c100000, 0x000000008c200000|  0%| F|  |TAMS 0x000000008c100000, 0x000000008c100000| Untracked 
| 194|0x000000008c200000, 0x000000008c200000, 0x000000008c300000|  0%| F|  |TAMS 0x000000008c200000, 0x000000008c200000| Untracked 
| 195|0x000000008c300000, 0x000000008c300000, 0x000000008c400000|  0%| F|  |TAMS 0x000000008c300000, 0x000000008c300000| Untracked 
| 196|0x000000008c400000, 0x000000008c400000, 0x000000008c500000|  0%| F|  |TAMS 0x000000008c400000, 0x000000008c400000| Untracked 
| 197|0x000000008c500000, 0x000000008c500000, 0x000000008c600000|  0%| F|  |TAMS 0x000000008c500000, 0x000000008c500000| Untracked 
| 198|0x000000008c600000, 0x000000008c600000, 0x000000008c700000|  0%| F|  |TAMS 0x000000008c600000, 0x000000008c600000| Untracked 
| 199|0x000000008c700000, 0x000000008c700000, 0x000000008c800000|  0%| F|  |TAMS 0x000000008c700000, 0x000000008c700000| Untracked 
| 200|0x000000008c800000, 0x000000008c800000, 0x000000008c900000|  0%| F|  |TAMS 0x000000008c800000, 0x000000008c800000| Untracked 
| 201|0x000000008c900000, 0x000000008c900000, 0x000000008ca00000|  0%| F|  |TAMS 0x000000008c900000, 0x000000008c900000| Untracked 
| 202|0x000000008ca00000, 0x000000008ca00000, 0x000000008cb00000|  0%| F|  |TAMS 0x000000008ca00000, 0x000000008ca00000| Untracked 
| 203|0x000000008cb00000, 0x000000008cb00000, 0x000000008cc00000|  0%| F|  |TAMS 0x000000008cb00000, 0x000000008cb00000| Untracked 
| 204|0x000000008cc00000, 0x000000008cc00000, 0x000000008cd00000|  0%| F|  |TAMS 0x000000008cc00000, 0x000000008cc00000| Untracked 
| 205|0x000000008cd00000, 0x000000008cd00000, 0x000000008ce00000|  0%| F|  |TAMS 0x000000008cd00000, 0x000000008cd00000| Untracked 
| 206|0x000000008ce00000, 0x000000008ce00000, 0x000000008cf00000|  0%| F|  |TAMS 0x000000008ce00000, 0x000000008ce00000| Untracked 
| 207|0x000000008cf00000, 0x000000008cf00000, 0x000000008d000000|  0%| F|  |TAMS 0x000000008cf00000, 0x000000008cf00000| Untracked 
| 208|0x000000008d000000, 0x000000008d000000, 0x000000008d100000|  0%| F|  |TAMS 0x000000008d000000, 0x000000008d000000| Untracked 
| 209|0x000000008d100000, 0x000000008d100000, 0x000000008d200000|  0%| F|  |TAMS 0x000000008d100000, 0x000000008d100000| Untracked 
| 210|0x000000008d200000, 0x000000008d200000, 0x000000008d300000|  0%| F|  |TAMS 0x000000008d200000, 0x000000008d200000| Untracked 
| 211|0x000000008d300000, 0x000000008d300000, 0x000000008d400000|  0%| F|  |TAMS 0x000000008d300000, 0x000000008d300000| Untracked 
| 212|0x000000008d400000, 0x000000008d400000, 0x000000008d500000|  0%| F|  |TAMS 0x000000008d400000, 0x000000008d400000| Untracked 
| 213|0x000000008d500000, 0x000000008d500000, 0x000000008d600000|  0%| F|  |TAMS 0x000000008d500000, 0x000000008d500000| Untracked 
| 214|0x000000008d600000, 0x000000008d600000, 0x000000008d700000|  0%| F|  |TAMS 0x000000008d600000, 0x000000008d600000| Untracked 
| 215|0x000000008d700000, 0x000000008d700000, 0x000000008d800000|  0%| F|  |TAMS 0x000000008d700000, 0x000000008d700000| Untracked 
| 216|0x000000008d800000, 0x000000008d800000, 0x000000008d900000|  0%| F|  |TAMS 0x000000008d800000, 0x000000008d800000| Untracked 
| 217|0x000000008d900000, 0x000000008d900000, 0x000000008da00000|  0%| F|  |TAMS 0x000000008d900000, 0x000000008d900000| Untracked 
| 218|0x000000008da00000, 0x000000008da00000, 0x000000008db00000|  0%| F|  |TAMS 0x000000008da00000, 0x000000008da00000| Untracked 
| 219|0x000000008db00000, 0x000000008db00000, 0x000000008dc00000|  0%| F|  |TAMS 0x000000008db00000, 0x000000008db00000| Untracked 
| 220|0x000000008dc00000, 0x000000008dc00000, 0x000000008dd00000|  0%| F|  |TAMS 0x000000008dc00000, 0x000000008dc00000| Untracked 
| 221|0x000000008dd00000, 0x000000008dd00000, 0x000000008de00000|  0%| F|  |TAMS 0x000000008dd00000, 0x000000008dd00000| Untracked 
| 222|0x000000008de00000, 0x000000008de00000, 0x000000008df00000|  0%| F|  |TAMS 0x000000008de00000, 0x000000008de00000| Untracked 
| 223|0x000000008df00000, 0x000000008df00000, 0x000000008e000000|  0%| F|  |TAMS 0x000000008df00000, 0x000000008df00000| Untracked 
| 224|0x000000008e000000, 0x000000008e000000, 0x000000008e100000|  0%| F|  |TAMS 0x000000008e000000, 0x000000008e000000| Untracked 
| 225|0x000000008e100000, 0x000000008e100000, 0x000000008e200000|  0%| F|  |TAMS 0x000000008e100000, 0x000000008e100000| Untracked 
| 226|0x000000008e200000, 0x000000008e200000, 0x000000008e300000|  0%| F|  |TAMS 0x000000008e200000, 0x000000008e200000| Untracked 
| 227|0x000000008e300000, 0x000000008e300000, 0x000000008e400000|  0%| F|  |TAMS 0x000000008e300000, 0x000000008e300000| Untracked 
| 228|0x000000008e400000, 0x000000008e400000, 0x000000008e500000|  0%| F|  |TAMS 0x000000008e400000, 0x000000008e400000| Untracked 
| 229|0x000000008e500000, 0x000000008e500000, 0x000000008e600000|  0%| F|  |TAMS 0x000000008e500000, 0x000000008e500000| Untracked 
| 230|0x000000008e600000, 0x000000008e600000, 0x000000008e700000|  0%| F|  |TAMS 0x000000008e600000, 0x000000008e600000| Untracked 
| 231|0x000000008e700000, 0x000000008e700000, 0x000000008e800000|  0%| F|  |TAMS 0x000000008e700000, 0x000000008e700000| Untracked 
| 232|0x000000008e800000, 0x000000008e849c50, 0x000000008e900000| 28%| E|  |TAMS 0x000000008e800000, 0x000000008e800000| Complete 
| 233|0x000000008e900000, 0x000000008e9d0ca8, 0x000000008ea00000| 81%| E|  |TAMS 0x000000008e900000, 0x000000008e900000| Complete 

Card table byte_map: [0x0000022fdb070000,0x0000022fdb470000] _byte_map_base: 0x0000022fdac70000

Marking Bits (Prev, Next): (CMBitMap*) 0x0000022fc80adb50, (CMBitMap*) 0x0000022fc80adb18
 Prev Bits: [0x0000022fdd870000, 0x0000022fdf870000)
 Next Bits: [0x0000022fdb870000, 0x0000022fdd870000)

Polling page: 0x0000022fc6050000

Metaspace:

Usage:
  Non-class:    103.97 MB capacity,   101.87 MB ( 98%) used,     1.72 MB (  2%) free+waste,   396.88 KB ( <1%) overhead. 
      Class:     16.27 MB capacity,    15.05 MB ( 92%) used,     1.05 MB (  6%) free+waste,   179.31 KB (  1%) overhead. 
       Both:    120.24 MB capacity,   116.91 MB ( 97%) used,     2.77 MB (  2%) free+waste,   576.19 KB ( <1%) overhead. 

Virtual space:
  Non-class space:      104.00 MB reserved,     104.00 MB (100%) committed 
      Class space:        1.00 GB reserved,      16.32 MB (  2%) committed 
             Both:        1.10 GB reserved,     120.32 MB ( 11%) committed 

Chunk freelists:
   Non-Class:  30.00 KB
       Class:  0 bytes
        Both:  30.00 KB

MaxMetaspaceSize: 17179869184.00 GB
CompressedClassSpaceSize: 1.00 GB

CodeHeap 'non-profiled nmethods': size=120064Kb used=9424Kb max_used=9424Kb free=110639Kb
 bounds [0x0000022fd3620000, 0x0000022fd3f60000, 0x0000022fdab60000]
CodeHeap 'profiled nmethods': size=120000Kb used=36078Kb max_used=36078Kb free=83921Kb
 bounds [0x0000022fcc0f0000, 0x0000022fce430000, 0x0000022fd3620000]
CodeHeap 'non-nmethods': size=5696Kb used=2366Kb max_used=2432Kb free=3329Kb
 bounds [0x0000022fcbb60000, 0x0000022fcbdd0000, 0x0000022fcc0f0000]
 total_blobs=17666 nmethods=16654 adapters=923
 compilation: enabled
              stopped_count=0, restarted_count=0
 full_count=0

Compilation events (20 events):
Event: 654.553 Thread 0x0000022fe294c800 nmethod 16796 0x0000022fd3f49490 code [0x0000022fd3f49640, 0x0000022fd3f496d8]
Event: 654.555 Thread 0x0000022fe2948000 16797  s    4       java.io.ByteArrayInputStream::read (36 bytes)
Event: 654.557 Thread 0x0000022fe294c800 16798       3       com.google.gson.internal.$Gson$Types::resolve (418 bytes)
Event: 654.558 Thread 0x0000022fe2948000 nmethod 16797 0x0000022fd3f49790 code [0x0000022fd3f49920, 0x0000022fd3f49b78]
Event: 654.558 Thread 0x0000022fe2948000 16802 %     4       com.sun.org.apache.xerces.internal.impl.io.UTF8Reader::read @ 113 (1443 bytes)
Event: 654.559 Thread 0x0000022fe294c800 nmethod 16798 0x0000022fce426a10 code [0x0000022fce426e40, 0x0000022fce4291a8]
Event: 654.559 Thread 0x0000022fe294c800 16803       3       com.sun.org.apache.xerces.internal.util.SymbolTable::addSymbol (110 bytes)
Event: 654.559 Thread 0x0000022fe294c800 nmethod 16803 0x0000022fce429b10 code [0x0000022fce429d00, 0x0000022fce42a158]
Event: 654.559 Thread 0x0000022fe294c800 16800       3       com.sun.org.apache.xerces.internal.impl.XMLEntityManager$RewindableInputStream::read (168 bytes)
Event: 654.560 Thread 0x0000022fe294c800 nmethod 16800 0x0000022fce42a410 code [0x0000022fce42a620, 0x0000022fce42ac08]
Event: 654.560 Thread 0x0000022fe294c800 16801       3       com.sun.org.apache.xerces.internal.util.XMLStringBuffer::<init> (7 bytes)
Event: 654.560 Thread 0x0000022fe294c800 nmethod 16801 0x0000022fce42ad90 code [0x0000022fce42af60, 0x0000022fce42b278]
Event: 654.560 Thread 0x0000022fe294c800 16799       3       com.sun.org.apache.xerces.internal.utils.XMLSecurityManager$Limit::values (10 bytes)
Event: 654.561 Thread 0x0000022fe294c800 nmethod 16799 0x0000022fce42b390 code [0x0000022fce42b560, 0x0000022fce42b7e8]
Event: 654.564 Thread 0x0000022fe2948000 nmethod 16802% 0x0000022fd3f49c90 code [0x0000022fd3f49e40, 0x0000022fd3f4a258]
Event: 654.564 Thread 0x0000022fe2948000 16808   !   4       com.sun.crypto.provider.PKCS12PBECipherCore::derive (501 bytes)
Event: 654.712 Thread 0x0000022fe294c800 16812   !   3       java.util.zip.Deflater::finished (19 bytes)
Event: 654.712 Thread 0x0000022fe294c800 nmethod 16812 0x0000022fce42b890 code [0x0000022fce42ba40, 0x0000022fce42bcd8]
Event: 654.834 Thread 0x0000022fe2948000 nmethod 16808 0x0000022fd3f4a490 code [0x0000022fd3f4a940, 0x0000022fd3f506d0]
Event: 654.834 Thread 0x0000022fe2948000 16807       4       sun.security.util.DerInputStream::getLength (243 bytes)

GC Heap History (20 events):
Event: 13.830 GC heap before
{Heap before GC invocations=17 (full 0):
 garbage-first heap   total 236544K, used 181734K [0x0000000080000000, 0x0000000100000000)
  region size 1024K, 103 young (105472K), 12 survivors (12288K)
 Metaspace       used 97536K, capacity 99965K, committed 100300K, reserved 1136640K
  class space    used 12514K, capacity 13388K, committed 13516K, reserved 1048576K
}
Event: 13.843 GC heap after
{Heap after GC invocations=18 (full 0):
 garbage-first heap   total 236544K, used 93789K [0x0000000080000000, 0x0000000100000000)
  region size 1024K, 11 young (11264K), 11 survivors (11264K)
 Metaspace       used 97536K, capacity 99965K, committed 100300K, reserved 1136640K
  class space    used 12514K, capacity 13388K, committed 13516K, reserved 1048576K
}
Event: 14.428 GC heap before
{Heap before GC invocations=18 (full 0):
 garbage-first heap   total 236544K, used 180829K [0x0000000080000000, 0x0000000100000000)
  region size 1024K, 98 young (100352K), 11 survivors (11264K)
 Metaspace       used 98501K, capacity 100938K, committed 101036K, reserved 1136640K
  class space    used 12637K, capacity 13567K, committed 13644K, reserved 1048576K
}
Event: 14.440 GC heap after
{Heap after GC invocations=19 (full 0):
 garbage-first heap   total 236544K, used 99999K [0x0000000080000000, 0x0000000100000000)
  region size 1024K, 11 young (11264K), 11 survivors (11264K)
 Metaspace       used 98501K, capacity 100938K, committed 101036K, reserved 1136640K
  class space    used 12637K, capacity 13567K, committed 13644K, reserved 1048576K
}
Event: 14.810 GC heap before
{Heap before GC invocations=20 (full 0):
 garbage-first heap   total 236544K, used 137887K [0x0000000080000000, 0x0000000100000000)
  region size 1024K, 34 young (34816K), 11 survivors (11264K)
 Metaspace       used 99277K, capacity 101542K, committed 102092K, reserved 1138688K
  class space    used 12693K, capacity 13530K, committed 13772K, reserved 1048576K
}
Event: 14.820 GC heap after
{Heap after GC invocations=21 (full 0):
 garbage-first heap   total 236544K, used 117719K [0x0000000080000000, 0x0000000100000000)
  region size 1024K, 8 young (8192K), 8 survivors (8192K)
 Metaspace       used 99277K, capacity 101542K, committed 102092K, reserved 1138688K
  class space    used 12693K, capacity 13530K, committed 13772K, reserved 1048576K
}
Event: 15.214 GC heap before
{Heap before GC invocations=22 (full 0):
 garbage-first heap   total 236544K, used 180183K [0x0000000080000000, 0x0000000100000000)
  region size 1024K, 12 young (12288K), 8 survivors (8192K)
 Metaspace       used 99524K, capacity 101846K, committed 102348K, reserved 1138688K
  class space    used 12717K, capacity 13564K, committed 13772K, reserved 1048576K
}
Event: 15.222 GC heap after
{Heap after GC invocations=23 (full 0):
 garbage-first heap   total 236544K, used 101241K [0x0000000080000000, 0x0000000100000000)
  region size 1024K, 2 young (2048K), 2 survivors (2048K)
 Metaspace       used 99524K, capacity 101846K, committed 102348K, reserved 1138688K
  class space    used 12717K, capacity 13564K, committed 13772K, reserved 1048576K
}
Event: 65.722 GC heap before
{Heap before GC invocations=24 (full 0):
 garbage-first heap   total 236544K, used 222073K [0x0000000080000000, 0x0000000100000000)
  region size 1024K, 89 young (91136K), 2 survivors (2048K)
 Metaspace       used 104082K, capacity 106504K, committed 106700K, reserved 1142784K
  class space    used 13061K, capacity 13902K, committed 14028K, reserved 1048576K
}
Event: 65.731 GC heap after
{Heap after GC invocations=25 (full 0):
 garbage-first heap   total 236544K, used 107610K [0x0000000080000000, 0x0000000100000000)
  region size 1024K, 8 young (8192K), 8 survivors (8192K)
 Metaspace       used 104082K, capacity 106504K, committed 106700K, reserved 1142784K
  class space    used 13061K, capacity 13902K, committed 14028K, reserved 1048576K
}
Event: 68.674 GC heap before
{Heap before GC invocations=25 (full 0):
 garbage-first heap   total 236544K, used 190554K [0x0000000080000000, 0x0000000100000000)
  region size 1024K, 90 young (92160K), 8 survivors (8192K)
 Metaspace       used 117523K, capacity 120691K, committed 120780K, reserved 1153024K
  class space    used 15144K, capacity 16330K, committed 16332K, reserved 1048576K
}
Event: 68.685 GC heap after
{Heap after GC invocations=26 (full 0):
 garbage-first heap   total 236544K, used 111574K [0x0000000080000000, 0x0000000100000000)
  region size 1024K, 5 young (5120K), 5 survivors (5120K)
 Metaspace       used 117523K, capacity 120691K, committed 120780K, reserved 1153024K
  class space    used 15144K, capacity 16330K, committed 16332K, reserved 1048576K
}
Event: 68.935 GC heap before
{Heap before GC invocations=26 (full 0):
 garbage-first heap   total 236544K, used 130006K [0x0000000080000000, 0x0000000100000000)
  region size 1024K, 25 young (25600K), 5 survivors (5120K)
 Metaspace       used 118411K, capacity 121660K, committed 121804K, reserved 1155072K
  class space    used 15332K, capacity 16544K, committed 16588K, reserved 1048576K
}
Event: 68.943 GC heap after
{Heap after GC invocations=27 (full 0):
 garbage-first heap   total 236544K, used 111963K [0x0000000080000000, 0x0000000100000000)
  region size 1024K, 5 young (5120K), 5 survivors (5120K)
 Metaspace       used 118411K, capacity 121660K, committed 121804K, reserved 1155072K
  class space    used 15332K, capacity 16544K, committed 16588K, reserved 1048576K
}
Event: 652.781 GC heap before
{Heap before GC invocations=28 (full 0):
 garbage-first heap   total 236544K, used 226651K [0x0000000080000000, 0x0000000100000000)
  region size 1024K, 86 young (88064K), 5 survivors (5120K)
 Metaspace       used 119255K, capacity 122633K, committed 122956K, reserved 1155072K
  class space    used 15390K, capacity 16635K, committed 16716K, reserved 1048576K
}
Event: 652.793 GC heap after
{Heap after GC invocations=29 (full 0):
 garbage-first heap   total 239616K, used 118131K [0x0000000080000000, 0x0000000100000000)
  region size 1024K, 11 young (11264K), 11 survivors (11264K)
 Metaspace       used 119255K, capacity 122633K, committed 122956K, reserved 1155072K
  class space    used 15390K, capacity 16635K, committed 16716K, reserved 1048576K
}
Event: 652.807 GC heap before
{Heap before GC invocations=29 (full 0):
 garbage-first heap   total 239616K, used 119155K [0x0000000080000000, 0x0000000100000000)
  region size 1024K, 12 young (12288K), 11 survivors (11264K)
 Metaspace       used 119260K, capacity 122633K, committed 122956K, reserved 1155072K
  class space    used 15390K, capacity 16635K, committed 16716K, reserved 1048576K
}
Event: 652.819 GC heap after
{Heap after GC invocations=30 (full 0):
 garbage-first heap   total 239616K, used 118262K [0x0000000080000000, 0x0000000100000000)
  region size 1024K, 2 young (2048K), 2 survivors (2048K)
 Metaspace       used 119260K, capacity 122633K, committed 122956K, reserved 1155072K
  class space    used 15390K, capacity 16635K, committed 16716K, reserved 1048576K
}
Event: 654.713 GC heap before
{Heap before GC invocations=30 (full 0):
 garbage-first heap   total 239616K, used 161270K [0x0000000080000000, 0x0000000100000000)
  region size 1024K, 46 young (47104K), 2 survivors (2048K)
 Metaspace       used 119718K, capacity 123127K, committed 123212K, reserved 1155072K
  class space    used 15407K, capacity 16661K, committed 16716K, reserved 1048576K
}
Event: 654.720 GC heap after
{Heap after GC invocations=31 (full 0):
 garbage-first heap   total 239616K, used 118709K [0x0000000080000000, 0x0000000100000000)
  region size 1024K, 2 young (2048K), 2 survivors (2048K)
 Metaspace       used 119718K, capacity 123127K, committed 123212K, reserved 1155072K
  class space    used 15407K, capacity 16661K, committed 16716K, reserved 1048576K
}

Deoptimization events (20 events):
Event: 654.487 Thread 0x0000022fe6c41800 Uncommon trap: trap_request=0xffffff7e fr.pc=0x0000022fd3e21664 relative=0x00000000000005a4
Event: 654.487 Thread 0x0000022fe6c41800 Uncommon trap: reason=predicate action=maybe_recompile pc=0x0000022fd3e21664 method=java.util.TimSort.binarySort([Ljava/lang/Object;IIILjava/util/Comparator;)V @ 34 c2
Event: 654.487 Thread 0x0000022fe6c41800 DEOPT PACKING pc=0x0000022fd3e21664 sp=0x00000044197fd280
Event: 654.487 Thread 0x0000022fe6c41800 DEOPT UNPACKING pc=0x0000022fcbb862a9 sp=0x00000044197fd240 mode 2
Event: 654.487 Thread 0x0000022fe6c41800 Uncommon trap: trap_request=0xffffffe4 fr.pc=0x0000022fd3f2b1bc relative=0x000000000000027c
Event: 654.487 Thread 0x0000022fe6c41800 Uncommon trap: reason=range_check action=make_not_entrant pc=0x0000022fd3f2b1bc method=com.android.tools.r8.graph.c0.a(Lcom/android/tools/r8/graph/c0;)I @ 9 c2
Event: 654.487 Thread 0x0000022fe6c41800 DEOPT PACKING pc=0x0000022fd3f2b1bc sp=0x00000044197fc7b0
Event: 654.487 Thread 0x0000022fe6c41800 DEOPT UNPACKING pc=0x0000022fcbb862a9 sp=0x00000044197fc728 mode 2
Event: 654.523 Thread 0x0000022fe5380800 DEOPT PACKING pc=0x0000022fcdfcfa46 sp=0x0000004419dfd290
Event: 654.523 Thread 0x0000022fe5380800 DEOPT UNPACKING pc=0x0000022fcbb866bf sp=0x0000004419dfc708 mode 0
Event: 654.562 Thread 0x0000022fe6c45800 DEOPT PACKING pc=0x0000022fce014df6 sp=0x00000044196fd430
Event: 654.562 Thread 0x0000022fe6c45800 DEOPT UNPACKING pc=0x0000022fcbb866bf sp=0x00000044196fc9b0 mode 0
Event: 654.583 Thread 0x0000022fe6c45800 DEOPT PACKING pc=0x0000022fce014df6 sp=0x00000044196fd430
Event: 654.583 Thread 0x0000022fe6c45800 DEOPT UNPACKING pc=0x0000022fcbb866bf sp=0x00000044196fc9b0 mode 0
Event: 654.603 Thread 0x0000022fe6c45800 DEOPT PACKING pc=0x0000022fce014df6 sp=0x00000044196fd720
Event: 654.603 Thread 0x0000022fe6c45800 DEOPT UNPACKING pc=0x0000022fcbb866bf sp=0x00000044196fcca0 mode 0
Event: 654.644 Thread 0x0000022fe6c45800 DEOPT PACKING pc=0x0000022fce014df6 sp=0x00000044196fd3e0
Event: 654.644 Thread 0x0000022fe6c45800 DEOPT UNPACKING pc=0x0000022fcbb866bf sp=0x00000044196fc960 mode 0
Event: 654.685 Thread 0x0000022fe6c45800 DEOPT PACKING pc=0x0000022fce014df6 sp=0x00000044196fd3e0
Event: 654.685 Thread 0x0000022fe6c45800 DEOPT UNPACKING pc=0x0000022fcbb866bf sp=0x00000044196fc960 mode 0

Classes redefined (0 events):
No events

Internal exceptions (20 events):
Event: 68.760 Thread 0x0000022fe2bf3800 Exception <a 'sun/nio/fs/WindowsException'{0x000000008e3d4328}> (0x000000008e3d4328) thrown at [./src/hotspot/share/prims/jni.cpp, line 615]
Event: 69.063 Thread 0x0000022fe2bf1800 Implicit null exception at 0x0000022fd3cbfaeb to 0x0000022fd3cbfb0c
Event: 69.145 Thread 0x0000022fe4486000 Implicit null exception at 0x0000022fd3abf6f8 to 0x0000022fd3abfb5c
Event: 69.147 Thread 0x0000022fe2beb000 Exception <a 'sun/nio/fs/WindowsException'{0x000000008e44fda8}> (0x000000008e44fda8) thrown at [./src/hotspot/share/prims/jni.cpp, line 615]
Event: 366.028 Thread 0x0000022fe2be8000 Exception <a 'java/lang/NoSuchMethodError'{0x000000008da9bea0}: 'java.lang.Object java.lang.invoke.DirectMethodHandle$Holder.invokeSpecial(java.lang.Object, java.lang.Object, int, int, int, java.lang.Object, java.lang.Object, java.lang.Object)'> (0x000000008da9bea0) thrown at [./src/hotspot/share/interpreter/linkResolver.cpp, line 773]
Event: 366.028 Thread 0x0000022fe2be8000 Exception <a 'java/lang/NoSuchMethodError'{0x000000008da9f4e0}: 'java.lang.Object java.lang.invoke.DelegatingMethodHandle$Holder.reinvoke_L(java.lang.Object, int, int, int, java.lang.Object, java.lang.Object, java.lang.Object)'> (0x000000008da9f4e0) thrown at [./src/hotspot/share/interpreter/linkResolver.cpp, line 773]
Event: 366.028 Thread 0x0000022fe2be8000 Exception <a 'java/lang/NoSuchMethodError'{0x000000008daa6810}: 'java.lang.Object java.lang.invoke.DirectMethodHandle$Holder.invokeStatic(java.lang.Object, java.lang.Object, java.lang.Object, java.lang.Object, java.lang.Object, int)'> (0x000000008daa6810) thrown at [./src/hotspot/share/interpreter/linkResolver.cpp, line 773]
Event: 650.911 Thread 0x0000022fe2be5800 Exception <a 'sun/nio/fs/WindowsException'{0x000000008ba4eea0}> (0x000000008ba4eea0) thrown at [./src/hotspot/share/prims/jni.cpp, line 615]
Event: 651.028 Thread 0x0000022fe2be5800 Exception <a 'sun/nio/fs/WindowsException'{0x000000008b179a30}> (0x000000008b179a30) thrown at [./src/hotspot/share/prims/jni.cpp, line 615]
Event: 651.035 Thread 0x0000022fe2be5800 Exception <a 'sun/nio/fs/WindowsException'{0x000000008b0213f8}> (0x000000008b0213f8) thrown at [./src/hotspot/share/prims/jni.cpp, line 615]
Event: 651.035 Thread 0x0000022fe2be5800 Exception <a 'sun/nio/fs/WindowsException'{0x000000008b0224f0}> (0x000000008b0224f0) thrown at [./src/hotspot/share/prims/jni.cpp, line 615]
Event: 651.035 Thread 0x0000022fe2be5800 Exception <a 'sun/nio/fs/WindowsException'{0x000000008b023878}> (0x000000008b023878) thrown at [./src/hotspot/share/prims/jni.cpp, line 615]
Event: 651.035 Thread 0x0000022fe2be5800 Exception <a 'sun/nio/fs/WindowsException'{0x000000008b0249c0}> (0x000000008b0249c0) thrown at [./src/hotspot/share/prims/jni.cpp, line 615]
Event: 651.040 Thread 0x0000022fe2be5800 Implicit null exception at 0x0000022fd3cb3355 to 0x0000022fd3cb86f0
Event: 651.124 Thread 0x0000022fe2be5800 Exception <a 'sun/nio/fs/WindowsException'{0x000000008a4336c0}> (0x000000008a4336c0) thrown at [./src/hotspot/share/prims/jni.cpp, line 615]
Event: 652.886 Thread 0x0000022fe6c39800 Exception <a 'java/lang/InterruptedException'{0x000000008e380800}> (0x000000008e380800) thrown at [./src/hotspot/share/runtime/objectMonitor.cpp, line 1635]
Event: 654.355 Thread 0x0000022fe6c41800 Exception <a 'sun/nio/fs/WindowsException'{0x000000008d6d9678}> (0x000000008d6d9678) thrown at [./src/hotspot/share/prims/jni.cpp, line 615]
Event: 654.492 Thread 0x0000022fe6c41800 Exception <a 'sun/nio/fs/WindowsException'{0x000000008cff78a0}> (0x000000008cff78a0) thrown at [./src/hotspot/share/prims/jni.cpp, line 615]
Event: 654.518 Thread 0x0000022fe5380800 Exception <a 'sun/nio/fs/WindowsException'{0x000000008cc243b8}> (0x000000008cc243b8) thrown at [./src/hotspot/share/prims/jni.cpp, line 615]
Event: 654.537 Thread 0x0000022fe5380800 Exception <a 'sun/nio/fs/WindowsException'{0x000000008cb596b0}> (0x000000008cb596b0) thrown at [./src/hotspot/share/prims/jni.cpp, line 615]

Events (20 events):
Event: 654.713 Executing VM operation: RevokeBias done
Event: 654.713 Executing VM operation: G1CollectForAllocation
Event: 654.721 Executing VM operation: G1CollectForAllocation done
Event: 654.723 Executing VM operation: RevokeBias
Event: 654.724 Executing VM operation: RevokeBias done
Event: 654.724 Executing VM operation: RevokeBias
Event: 654.724 Executing VM operation: RevokeBias done
Event: 654.823 Executing VM operation: RevokeBias
Event: 654.823 Thread 0x0000022fe5385800 Thread added: 0x0000022fe5385800
Event: 654.823 Executing coalesced safepoint VM operation: RevokeBias
Event: 654.823 Executing coalesced safepoint VM operation: RevokeBias done
Event: 654.823 Executing VM operation: RevokeBias done
Event: 654.823 Thread 0x0000022feef4f800 Thread added: 0x0000022feef4f800
Event: 654.824 Thread 0x0000022feef4e800 Thread added: 0x0000022feef4e800
Event: 654.824 Thread 0x0000022feef56000 Thread added: 0x0000022feef56000
Event: 654.832 Executing VM operation: RevokeBias
Event: 654.833 Executing VM operation: RevokeBias done
Event: 654.833 Executing VM operation: RevokeBias
Event: 654.833 Executing VM operation: RevokeBias done
Event: 654.835 Executing VM operation: CGC_Operation


Dynamic libraries:
0x00007ff6697f0000 - 0x00007ff6697fa000 	C:\Program Files\Android\Android Studio\jre\bin\java.exe
0x00007ffe61040000 - 0x00007ffe61230000 	C:\Windows\SYSTEM32\ntdll.dll
0x00007ffe60400000 - 0x00007ffe604b2000 	C:\Windows\System32\KERNEL32.DLL
0x00007ffe5e640000 - 0x00007ffe5e8e2000 	C:\Windows\System32\KERNELBASE.dll
0x00007ffe5dfd0000 - 0x00007ffe5e0ca000 	C:\Windows\System32\ucrtbase.dll
0x00007ffe50b30000 - 0x00007ffe50b47000 	C:\Program Files\Android\Android Studio\jre\bin\VCRUNTIME140.dll
0x00007ffe4eec0000 - 0x00007ffe4eed9000 	C:\Program Files\Android\Android Studio\jre\bin\jli.dll
0x00007ffe60e30000 - 0x00007ffe60fc3000 	C:\Windows\System32\USER32.dll
0x00007ffe5e590000 - 0x00007ffe5e5b1000 	C:\Windows\System32\win32u.dll
0x00007ffe5d4b0000 - 0x00007ffe5d735000 	C:\Windows\WinSxS\amd64_microsoft.windows.common-controls_6595b64144ccf1df_6.0.18362.30_none_a1435978519dce7f\COMCTL32.dll
0x00007ffe60fd0000 - 0x00007ffe60ff6000 	C:\Windows\System32\GDI32.dll
0x00007ffe5f230000 - 0x00007ffe5f2ce000 	C:\Windows\System32\msvcrt.dll
0x00007ffe5e200000 - 0x00007ffe5e394000 	C:\Windows\System32\gdi32full.dll
0x00007ffe60a30000 - 0x00007ffe60d66000 	C:\Windows\System32\combase.dll
0x00007ffe5e3a0000 - 0x00007ffe5e43e000 	C:\Windows\System32\msvcp_win.dll
0x00007ffe604f0000 - 0x00007ffe60610000 	C:\Windows\System32\RPCRT4.dll
0x00007ffe5f070000 - 0x00007ffe5f0f1000 	C:\Windows\System32\bcryptPrimitives.dll
0x00007ffe604c0000 - 0x00007ffe604ee000 	C:\Windows\System32\IMM32.DLL
0x00007ffe4d000000 - 0x00007ffe4d09d000 	C:\Program Files\Android\Android Studio\jre\bin\msvcp140.dll
0x00007ffe1e730000 - 0x00007ffe1f205000 	C:\Program Files\Android\Android Studio\jre\bin\server\jvm.dll
0x00007ffe5f3a0000 - 0x00007ffe5f443000 	C:\Windows\System32\ADVAPI32.dll
0x00007ffe5f100000 - 0x00007ffe5f197000 	C:\Windows\System32\sechost.dll
0x00007ffe602c0000 - 0x00007ffe602c8000 	C:\Windows\System32\PSAPI.DLL
0x00007ffe58970000 - 0x00007ffe58979000 	C:\Windows\SYSTEM32\WSOCK32.dll
0x00007ffe5b2b0000 - 0x00007ffe5b2d4000 	C:\Windows\SYSTEM32\WINMM.dll
0x00007ffe52190000 - 0x00007ffe5219a000 	C:\Windows\SYSTEM32\VERSION.dll
0x00007ffe5f1c0000 - 0x00007ffe5f22f000 	C:\Windows\System32\WS2_32.dll
0x00007ffe5ade0000 - 0x00007ffe5ae0d000 	C:\Windows\SYSTEM32\winmmbase.dll
0x00007ffe5e0d0000 - 0x00007ffe5e11a000 	C:\Windows\System32\cfgmgr32.dll
0x00007ffe5df20000 - 0x00007ffe5df31000 	C:\Windows\System32\kernel.appcore.dll
0x00007ffe506f0000 - 0x00007ffe50701000 	C:\Program Files\Android\Android Studio\jre\bin\verify.dll
0x00007ffe5da30000 - 0x00007ffe5dc24000 	C:\Windows\SYSTEM32\DBGHELP.DLL
0x00007ffe5d940000 - 0x00007ffe5d96a000 	C:\Windows\SYSTEM32\dbgcore.DLL
0x00007ffe4f3a0000 - 0x00007ffe4f3c9000 	C:\Program Files\Android\Android Studio\jre\bin\java.dll
0x00007ffe55ef0000 - 0x00007ffe55efb000 	C:\Program Files\Android\Android Studio\jre\bin\jimage.dll
0x00007ffe4f010000 - 0x00007ffe4f028000 	C:\Program Files\Android\Android Studio\jre\bin\zip.dll
0x00007ffe5fbe0000 - 0x00007ffe602c0000 	C:\Windows\System32\SHELL32.dll
0x00007ffe5f630000 - 0x00007ffe5f6d9000 	C:\Windows\System32\shcore.dll
0x00007ffe5e8f0000 - 0x00007ffe5f06b000 	C:\Windows\System32\windows.storage.dll
0x00007ffe5df90000 - 0x00007ffe5dfaf000 	C:\Windows\System32\profapi.dll
0x00007ffe5df40000 - 0x00007ffe5df8a000 	C:\Windows\System32\powrprof.dll
0x00007ffe5df10000 - 0x00007ffe5df20000 	C:\Windows\System32\UMPDC.dll
0x00007ffe602d0000 - 0x00007ffe60322000 	C:\Windows\System32\shlwapi.dll
0x00007ffe5e620000 - 0x00007ffe5e637000 	C:\Windows\System32\cryptsp.dll
0x00007ffe4eff0000 - 0x00007ffe4f00a000 	C:\Program Files\Android\Android Studio\jre\bin\net.dll
0x00007ffe55970000 - 0x00007ffe55a5f000 	C:\Windows\SYSTEM32\WINHTTP.dll
0x00007ffe5d0a0000 - 0x00007ffe5d107000 	C:\Windows\system32\mswsock.dll
0x00007ffe4efd0000 - 0x00007ffe4efe4000 	C:\Program Files\Android\Android Studio\jre\bin\nio.dll
0x00007ffe4c180000 - 0x00007ffe4c1a7000 	C:\Users\Bilal Envy\.gradle\native\8bec1ad78214c89d9ad589b4d07fe93259594b29d510b10fafb7a158f7737e5d\windows-amd64\native-platform.dll
0x00007ffe45070000 - 0x00007ffe451ad000 	C:\Users\Bilal Envy\.gradle\native\53dbd7edfb1c66fb8903c78663c9afc45aea4f116125fa6feffd364cf09443e8\windows-amd64\native-platform-file-events.dll
0x00007ffe51050000 - 0x00007ffe5105a000 	C:\Program Files\Android\Android Studio\jre\bin\management.dll
0x00007ffe50c80000 - 0x00007ffe50c8d000 	C:\Program Files\Android\Android Studio\jre\bin\management_ext.dll
0x00007ffe5cc60000 - 0x00007ffe5cc93000 	C:\Windows\system32\rsaenh.dll
0x00007ffe5e120000 - 0x00007ffe5e146000 	C:\Windows\System32\bcrypt.dll
0x00007ffe5de30000 - 0x00007ffe5de55000 	C:\Windows\SYSTEM32\USERENV.dll
0x00007ffe5d270000 - 0x00007ffe5d27c000 	C:\Windows\SYSTEM32\CRYPTBASE.dll
0x00007ffe5ce00000 - 0x00007ffe5ce3a000 	C:\Windows\SYSTEM32\IPHLPAPI.DLL
0x00007ffe60610000 - 0x00007ffe60618000 	C:\Windows\System32\NSI.dll
0x00007ffe57770000 - 0x00007ffe57786000 	C:\Windows\SYSTEM32\dhcpcsvc6.DLL
0x00007ffe57610000 - 0x00007ffe5762c000 	C:\Windows\SYSTEM32\dhcpcsvc.DLL
0x00007ffe5ce40000 - 0x00007ffe5cf0a000 	C:\Windows\SYSTEM32\DNSAPI.dll
0x00007ffe4e650000 - 0x00007ffe4e677000 	C:\Program Files\Android\Android Studio\jre\bin\sunec.dll
0x00007ffe55930000 - 0x00007ffe5593a000 	C:\Windows\System32\rasadhlp.dll
0x00007ffe56ff0000 - 0x00007ffe57067000 	C:\Windows\System32\fwpuclnt.dll
0x00007ffe56000000 - 0x00007ffe56008000 	C:\Program Files\Android\Android Studio\jre\bin\rmi.dll

dbghelp: loaded successfully - version: 4.0.5 - missing functions: none
symbol engine: initialized successfully - sym options: 0x614 - pdb path: .;C:\Program Files\Android\Android Studio\jre\bin;C:\Windows\SYSTEM32;C:\Windows\WinSxS\amd64_microsoft.windows.common-controls_6595b64144ccf1df_6.0.18362.30_none_a1435978519dce7f;C:\Program Files\Android\Android Studio\jre\bin\server;C:\Users\Bilal Envy\.gradle\native\8bec1ad78214c89d9ad589b4d07fe93259594b29d510b10fafb7a158f7737e5d\windows-amd64;C:\Users\Bilal Envy\.gradle\native\53dbd7edfb1c66fb8903c78663c9afc45aea4f116125fa6feffd364cf09443e8\windows-amd64

VM Arguments:
jvm_args: --add-opens=java.base/java.util=ALL-UNNAMED --add-opens=java.base/java.lang=ALL-UNNAMED --add-opens=java.base/java.lang.invoke=ALL-UNNAMED --add-opens=java.base/java.util=ALL-UNNAMED --add-opens=java.prefs/java.util.prefs=ALL-UNNAMED --add-opens=java.prefs/java.util.prefs=ALL-UNNAMED --add-opens=java.base/java.nio.charset=ALL-UNNAMED --add-opens=java.base/java.net=ALL-UNNAMED --add-opens=java.base/java.util.concurrent.atomic=ALL-UNNAMED -Xmx2048m -Dfile.encoding=UTF-8 -Duser.country=GB -Duser.language=en -Duser.variant 
java_command: org.gradle.launcher.daemon.bootstrap.GradleDaemon 7.0.2
java_class_path (initial): C:\Users\Bilal Envy\.gradle\wrapper\dists\gradle-7.0.2-bin\857tjihv64xamwrf0h14cai3r\gradle-7.0.2\lib\gradle-launcher-7.0.2.jar
Launcher Type: SUN_STANDARD

[Global flags]
     intx CICompilerCount                          = 3                                         {product} {ergonomic}
     uint ConcGCThreads                            = 2                                         {product} {ergonomic}
     uint G1ConcRefinementThreads                  = 6                                         {product} {ergonomic}
   size_t G1HeapRegionSize                         = 1048576                                   {product} {ergonomic}
    uintx GCDrainStackTargetSize                   = 64                                        {product} {ergonomic}
   size_t InitialHeapSize                          = 201326592                                 {product} {ergonomic}
   size_t MarkStackSize                            = 4194304                                   {product} {ergonomic}
   size_t MaxHeapSize                              = 2147483648                                {product} {command line}
   size_t MaxNewSize                               = 1287651328                                {product} {ergonomic}
   size_t MinHeapDeltaBytes                        = 1048576                                   {product} {ergonomic}
    uintx NonNMethodCodeHeapSize                   = 5830732                                {pd product} {ergonomic}
    uintx NonProfiledCodeHeapSize                  = 122913754                              {pd product} {ergonomic}
    uintx ProfiledCodeHeapSize                     = 122913754                              {pd product} {ergonomic}
    uintx ReservedCodeCacheSize                    = 251658240                              {pd product} {ergonomic}
     bool SegmentedCodeCache                       = true                                      {product} {ergonomic}
     bool UseCompressedClassPointers               = true                                 {lp64_product} {ergonomic}
     bool UseCompressedOops                        = true                                 {lp64_product} {ergonomic}
     bool UseG1GC                                  = true                                      {product} {ergonomic}
     bool UseLargePagesIndividualAllocation        = false                                  {pd product} {ergonomic}

Logging:
Log output configuration:
 #0: stdout all=warning uptime,level,tags
 #1: stderr all=off uptime,level,tags

Environment Variables:
PATH=C:\Windows\system32;C:\Windows;C:\Windows\System32\Wbem;C:\Windows\System32\WindowsPowerShell\v1.0\;C:\Windows\System32\OpenSSH\;C:\Program Files\Git\cmd;C:\Users\Bilal Envy\AppData\Local\Microsoft\WindowsApps;
USERNAME=Bilal Envy
OS=Windows_NT
PROCESSOR_IDENTIFIER=Intel64 Family 6 Model 44 Stepping 2, GenuineIntel



---------------  S Y S T E M  ---------------

OS: Windows 10 , 64 bit Build 18362 (10.0.18362.1)
OS uptime: 0 days 2:33 hours

CPU:total 6 (initial active 6) (6 cores per cpu, 2 threads per core) family 6 model 44 stepping 2 microcode 0x1f, cmov, cx8, fxsr, mmx, sse, sse2, sse3, ssse3, sse4.1, sse4.2, popcnt, aes, clmul, ht, tsc, tscinvbit, tscinv

Memory: 4k page, system-wide physical 12285M (6315M free)
TotalPageFile size 14141M (AvailPageFile size 7681M)
current process WorkingSet (physical memory assigned to process): 544M, peak: 569M
current process commit charge ("private bytes"): 591M, peak: 605M

vm_info: OpenJDK 64-Bit Server VM (11.0.11+9-b60-7590822) for windows-amd64 JRE (11.0.11+9-b60-7590822), built on Jul 29 2021 21:43:44 by "builder" with MS VC++ 14.0 (VS2015)

END.
