#
# A fatal error has been detected by the Java Runtime Environment:
#
#  EXCEPTION_ACCESS_VIOLATION (0xc0000005) at pc=0x00007ffe1ec1c044, pid=4808, tid=8560
#
# JRE version: OpenJDK Runtime Environment (11.0.11+9) (build 11.0.11+9-b60-7590822)
# Java VM: OpenJDK 64-Bit Server VM (11.0.11+9-b60-7590822, mixed mode, tiered, compressed oops, g1 gc, windows-amd64)
# Problematic frame:
# V  [jvm.dll+0x4ec044]
#
# No core dump will be written. Minidumps are not enabled by default on client versions of Windows
#
# If you would like to submit a bug report, please visit:
#   https://bugreport.java.com/bugreport/crash.jsp
#

---------------  S U M M A R Y ------------

Command Line: --add-opens=java.base/java.util=ALL-UNNAMED --add-opens=java.base/java.lang=ALL-UNNAMED --add-opens=java.base/java.lang.invoke=ALL-UNNAMED --add-opens=java.base/java.util=ALL-UNNAMED --add-opens=java.prefs/java.util.prefs=ALL-UNNAMED --add-opens=java.prefs/java.util.prefs=ALL-UNNAMED --add-opens=java.base/java.nio.charset=ALL-UNNAMED --add-opens=java.base/java.net=ALL-UNNAMED --add-opens=java.base/java.util.concurrent.atomic=ALL-UNNAMED -Xmx2048m -Dfile.encoding=UTF-8 -Duser.country=GB -Duser.language=en -Duser.variant org.gradle.launcher.daemon.bootstrap.GradleDaemon 7.0.2

Host: Intel(R) Xeon(R) CPU           W3670  @ 3.20GHz, 6 cores, 11G,  Windows 10 , 64 bit Build 18362 (10.0.18362.1)
Time: Thu May 12 14:06:05 2022 Pakistan Standard Time elapsed time: 8471.906552 seconds (0d 2h 21m 11s)

---------------  T H R E A D  ---------------

Current thread (0x000001db7cda3000):  JavaThread "C2 CompilerThread0" daemon [_thread_in_native, id=8560, stack(0x000000241c300000,0x000000241c400000)]


Current CompileTask:
C2:8471906 28066       4       org.codehaus.groovy.util.LazyReference::get (44 bytes)

Stack: [0x000000241c300000,0x000000241c400000],  sp=0x000000241c3fbb20,  free space=1006k
Native frames: (J=compiled Java code, j=interpreted, Vv=VM code, C=native code)
V  [jvm.dll+0x4ec044]
V  [jvm.dll+0x4ec856]
V  [jvm.dll+0x3218c2]
V  [jvm.dll+0x320d8a]
V  [jvm.dll+0x1fc1e2]
V  [jvm.dll+0x1fb3d4]
V  [jvm.dll+0x183d6c]
V  [jvm.dll+0x209a57]
V  [jvm.dll+0x2082a1]
V  [jvm.dll+0x6ef58f]
V  [jvm.dll+0x6e80b5]
V  [jvm.dll+0x5f1036]
C  [ucrtbase.dll+0x1d912]
C  [KERNEL32.DLL+0x17944]
C  [ntdll.dll+0x6ce71]


siginfo: EXCEPTION_ACCESS_VIOLATION (0xc0000005), reading address 0x000001fb16ea74ec


Register to memory mapping:

RIP=0x00007ffe1ec1c044 jvm.dll
RAX=0x000000241c3fbbc8 is pointing into the stack for thread: 0x000001db7cda3000
RBX=0x000001db1cb3bd88 points into unknown readable memory: 0x00007ffe0000001a | 1a 00 00 00 fe 7f 00 00
RCX=0x000000241c3fbf50 is pointing into the stack for thread: 0x000001db7cda3000
RDX=0x000001fb16ea74a0 is an unknown value
RSP=0x000000241c3fbb20 is pointing into the stack for thread: 0x000001db7cda3000
RBP=0x0000000000000008 is an unknown value
RSI=0x0000000000000001 is an unknown value
RDI=0x0 is NULL
R8 =0x000001db1cb3bd88 points into unknown readable memory: 0x00007ffe0000001a | 1a 00 00 00 fe 7f 00 00
R9 =0x000000241c3fbc20 is pointing into the stack for thread: 0x000001db7cda3000
R10=0x000001db1cccb300 points into unknown readable memory: 0x0000000000000001 | 01 00 00 00 00 00 00 00
R11=0x00007ffe1f12cf18 jvm.dll
R12=0x0000000000000001 is an unknown value
R13=0x000001db16ea7348 points into unknown readable memory: 0x00007ffe1ef1c5e8 | e8 c5 f1 1e fe 7f 00 00
R14=0x000001fb16ea74a0 is an unknown value
R15=0x000001db1cb3bd88 points into unknown readable memory: 0x00007ffe0000001a | 1a 00 00 00 fe 7f 00 00


Registers:
RAX=0x000000241c3fbbc8, RBX=0x000001db1cb3bd88, RCX=0x000000241c3fbf50, RDX=0x000001fb16ea74a0
RSP=0x000000241c3fbb20, RBP=0x0000000000000008, RSI=0x0000000000000001, RDI=0x0000000000000000
R8 =0x000001db1cb3bd88, R9 =0x000000241c3fbc20, R10=0x000001db1cccb300, R11=0x00007ffe1f12cf18
R12=0x0000000000000001, R13=0x000001db16ea7348, R14=0x000001fb16ea74a0, R15=0x000001db1cb3bd88
RIP=0x00007ffe1ec1c044, EFLAGS=0x0000000000010202

Top of Stack: (sp=0x000000241c3fbb20)
0x000000241c3fbb20:   0000000000001bce 00007ffe1ea89054
0x000000241c3fbb30:   000001db0fd758a0 00007ffe1ea89054
0x000000241c3fbb40:   000001db1cccb300 000001db1cb3bd88
0x000000241c3fbb50:   000001db1bcd74f0 00007ffe1ec1be8f
0x000000241c3fbb60:   000000000000000e 00007ffe1f12cf18
0x000000241c3fbb70:   0000000000000006 0000000000000027
0x000000241c3fbb80:   00001bcf00000000 0000000000000008
0x000000241c3fbb90:   0000000000000686 000001db1cb3bd88
0x000000241c3fbba0:   000001fb16ea74a0 000001db16ea7348
0x000000241c3fbbb0:   0000000000000001 0000000000000008
0x000000241c3fbbc0:   000000241c3fbf50 00007ffe1ec1c856
0x000000241c3fbbd0:   000000241c3fbf50 000001fb16ea74a0
0x000000241c3fbbe0:   0000000000000001 000000241c3fbc20
0x000000241c3fbbf0:   000001db7cd970e8 000001db7cd9ead0
0x000000241c3fbc00:   000001db1b8edf70 000001db1b8edfc0
0x000000241c3fbc10:   00000000002813f0 000001db1b8f5f58 

Instructions: (pc=0x00007ffe1ec1c044)
0x00007ffe1ec1bf44:   e8 a7 f8 ca ff 84 c0 0f 84 b1 00 00 00 44 8b 57
0x00007ffe1ec1bf54:   4c 44 8b c6 49 c1 e8 08 44 8b ce 49 c1 e9 05 41
0x00007ffe1ec1bf64:   83 e1 07 41 8d 42 ff 48 8d 0c 80 44 8b d8 48 8b
0x00007ffe1ec1bf74:   43 20 48 c1 e1 05 48 8b 54 01 08 8b ce 83 e1 1f
0x00007ffe1ec1bf84:   4a 8b 14 c2 42 8b 04 8a 0f a3 c8 72 71 48 8b 43
0x00007ffe1ec1bf94:   28 4a 83 3c d8 00 75 35 41 8b c2 c1 e8 05 3b 45
0x00007ffe1ec1bfa4:   10 73 2a 44 8b c0 41 83 e2 1f 48 8b 45 18 ba 01
0x00007ffe1ec1bfb4:   00 00 00 41 0f b6 ca d3 e2 42 8b 04 80 23 c2 74
0x00007ffe1ec1bfc4:   0c 48 8b 4b 38 48 8b d7 e8 cf 6c c2 ff 8b 4f 4c
0x00007ffe1ec1bfd4:   48 8b 43 28 ff c9 48 8b 0c c8 48 85 c9 75 18 48
0x00007ffe1ec1bfe4:   8b cb e8 05 0c 00 00 8b 57 4c 48 8b c8 48 8b 43
0x00007ffe1ec1bff4:   28 ff ca 48 89 0c d0 8b d6 e8 ee f7 ca ff 48 8b
0x00007ffe1ec1c004:   5c 24 38 48 8b 6c 24 40 48 8b 74 24 48 48 83 c4
0x00007ffe1ec1c014:   20 5f c3 cc cc cc cc cc cc cc cc cc 48 8b c4 4c
0x00007ffe1ec1c024:   89 48 20 48 89 50 10 48 89 48 08 53 55 41 54 41
0x00007ffe1ec1c034:   55 41 56 41 57 48 83 ec 78 48 89 70 18 49 8b d8
0x00007ffe1ec1c044:   8b 42 4c 48 8b 71 10 ff c8 44 8b d8 4c 8d 14 80
0x00007ffe1ec1c054:   48 8b 41 20 49 c1 e2 05 49 03 c2 49 03 f2 48 89
0x00007ffe1ec1c064:   44 24 20 48 8b 41 28 4e 8b 24 d8 4c 89 64 24 28
0x00007ffe1ec1c074:   4d 85 e4 74 05 49 8b ec eb 08 e8 6d 0b 00 00 48
0x00007ffe1ec1c084:   8b e8 48 8b d3 48 8d 4c 24 30 e8 5d cd e6 ff 4c
0x00007ffe1ec1c094:   8b 6c 24 20 4c 8d 35 61 3f b1 ff 4c 8d 25 72 0e
0x00007ffe1ec1c0a4:   51 00 48 89 7c 24 70 41 bf 01 00 00 00 8b 54 24
0x00007ffe1ec1c0b4:   30 85 d2 74 42 44 8b 4c 24 34 f6 c2 1f 75 0c c1
0x00007ffe1ec1c0c4:   ea 05 41 83 c1 05 f6 c2 1f 74 f4 44 8b c2 41 83
0x00007ffe1ec1c0d4:   e0 1f 43 0f b6 8c 30 80 0e 83 00 43 0f b6 9c 30
0x00007ffe1ec1c0e4:   60 0e 83 00 d3 ea 89 54 24 30 41 03 d9 42 8d 04
0x00007ffe1ec1c0f4:   09 89 44 24 34 eb 0c 48 8d 4c 24 30 e8 3b cd e6
0x00007ffe1ec1c104:   ff 8b d8 85 db 0f 84 82 00 00 00 48 8b 4e 08 8b
0x00007ffe1ec1c114:   d3 48 c1 ea 08 8b fb 4c 8b 04 d1 4d 3b c4 75 0d
0x00007ffe1ec1c124:   8b d3 48 8b ce e8 12 cf e6 ff 4c 8b c0 8b cb 45
0x00007ffe1ec1c134:   8b cf 83 e1 1f 41 d3 e1 48 8b cf 48 c1 e9 05 83 


Stack slot to memory mapping:
stack at sp + 0 slots: 0x0000000000001bce is an unknown value
stack at sp + 1 slots: 0x00007ffe1ea89054 jvm.dll
stack at sp + 2 slots: 0x000001db0fd758a0 points into unknown readable memory: 0x000001db0000001a | 1a 00 00 00 db 01 00 00
stack at sp + 3 slots: 0x00007ffe1ea89054 jvm.dll
stack at sp + 4 slots: 0x000001db1cccb300 points into unknown readable memory: 0x0000000000000001 | 01 00 00 00 00 00 00 00
stack at sp + 5 slots: 0x000001db1cb3bd88 points into unknown readable memory: 0x00007ffe0000001a | 1a 00 00 00 fe 7f 00 00
stack at sp + 6 slots: 0x000001db1bcd74f0 points into unknown readable memory: 0x0000000000000018 | 18 00 00 00 00 00 00 00
stack at sp + 7 slots: 0x00007ffe1ec1be8f jvm.dll


---------------  P R O C E S S  ---------------

Threads class SMR info:
_java_thread_list=0x000001db1b4d7110, length=73, elements={
0x000001db6f44c000, 0x000001db7c520000, 0x000001db7c523000, 0x000001db7cd99800,
0x000001db7cd9a000, 0x000001db7cd9b000, 0x000001db7cda3000, 0x000001db7cda6000,
0x000001db7cda7000, 0x000001db7cf0c000, 0x000001db7e68f000, 0x000001db7f48a000,
0x000001db7f23d000, 0x000001db7f27a800, 0x000001db7f27b000, 0x000001db7f279800,
0x000001db7f276800, 0x000001db7f27d000, 0x000001db0fed4800, 0x000001db0fed8800,
0x000001db0fed6000, 0x000001db0fedb000, 0x000001db0fedd800, 0x000001db0fee0000,
0x000001db0fee1800, 0x000001db0fee3800, 0x000001db7e463000, 0x000001db7e462000,
0x000001db0fedd000, 0x000001db0fc03000, 0x000001db0fc00000, 0x000001db7e46b000,
0x000001db0fc09000, 0x000001db7e466000, 0x000001db13354800, 0x000001db7e467000,
0x000001db13359800, 0x000001db1335d000, 0x000001db13358000, 0x000001db0fc05800,
0x000001db13359000, 0x000001db0fc00800, 0x000001db0fc0b800, 0x000001db7e465000,
0x000001db0fc04000, 0x000001db7e46a000, 0x000001db7e46d800, 0x000001db13353000,
0x000001db7dbe3800, 0x000001db7dbee000, 0x000001db7dbe8000, 0x000001db0fc09800,
0x000001db7dbdf000, 0x000001db7dbe1800, 0x000001db7dbe0000, 0x000001db7dbe2800,
0x000001db7dbe4000, 0x000001db7dbe6000, 0x000001db7dbe1000, 0x000001db7dbe6800,
0x000001db7dbea800, 0x000001db7dbe7800, 0x000001db7dbe9000, 0x000001db7dbea000,
0x000001db7dbeb800, 0x000001db7dbec800, 0x000001db7dbed000, 0x000001db1334e000,
0x000001db13350800, 0x000001db13354000, 0x000001db1334f000, 0x000001db13352800,
0x000001db13350000
}

Java Threads: ( => current thread )
  0x000001db6f44c000 JavaThread "main" [_thread_blocked, id=9016, stack(0x000000241b700000,0x000000241b800000)]
  0x000001db7c520000 JavaThread "Reference Handler" daemon [_thread_blocked, id=3464, stack(0x000000241be00000,0x000000241bf00000)]
  0x000001db7c523000 JavaThread "Finalizer" daemon [_thread_blocked, id=6748, stack(0x000000241bf00000,0x000000241c000000)]
  0x000001db7cd99800 JavaThread "Signal Dispatcher" daemon [_thread_blocked, id=4076, stack(0x000000241c000000,0x000000241c100000)]
  0x000001db7cd9a000 JavaThread "Attach Listener" daemon [_thread_blocked, id=2424, stack(0x000000241c100000,0x000000241c200000)]
  0x000001db7cd9b000 JavaThread "Service Thread" daemon [_thread_blocked, id=7388, stack(0x000000241c200000,0x000000241c300000)]
=>0x000001db7cda3000 JavaThread "C2 CompilerThread0" daemon [_thread_in_native, id=8560, stack(0x000000241c300000,0x000000241c400000)]
  0x000001db7cda6000 JavaThread "C1 CompilerThread0" daemon [_thread_blocked, id=4044, stack(0x000000241c400000,0x000000241c500000)]
  0x000001db7cda7000 JavaThread "Sweeper thread" daemon [_thread_blocked, id=7112, stack(0x000000241c500000,0x000000241c600000)]
  0x000001db7cf0c000 JavaThread "Common-Cleaner" daemon [_thread_blocked, id=8876, stack(0x000000241c600000,0x000000241c700000)]
  0x000001db7e68f000 JavaThread "Daemon health stats" [_thread_blocked, id=6160, stack(0x000000241cc00000,0x000000241cd00000)]
  0x000001db7f48a000 JavaThread "Incoming local TCP Connector on port 50160" [_thread_in_native, id=4540, stack(0x000000241cd00000,0x000000241ce00000)]
  0x000001db7f23d000 JavaThread "Daemon periodic checks" [_thread_blocked, id=4432, stack(0x000000241ce00000,0x000000241cf00000)]
  0x000001db7f27a800 JavaThread "Cache worker for file hash cache (C:\Users\Bilal Envy\.gradle\caches\7.0.2\fileHashes)" [_thread_blocked, id=6288, stack(0x000000241c800000,0x000000241c900000)]
  0x000001db7f27b000 JavaThread "File lock request listener" [_thread_in_native, id=8424, stack(0x000000241d800000,0x000000241d900000)]
  0x000001db7f279800 JavaThread "Cache worker for journal cache (C:\Users\Bilal Envy\.gradle\caches\journal-1)" [_thread_blocked, id=7248, stack(0x000000241da00000,0x000000241db00000)]
  0x000001db7f276800 JavaThread "File watcher server" daemon [_thread_in_native, id=8136, stack(0x000000241dd00000,0x000000241de00000)]
  0x000001db7f27d000 JavaThread "File watcher consumer" daemon [_thread_blocked, id=2904, stack(0x000000241de00000,0x000000241df00000)]
  0x000001db0fed4800 JavaThread "Cache worker for execution history cache (C:\Users\Bilal Envy\.gradle\caches\7.0.2\executionHistory)" [_thread_blocked, id=2116, stack(0x000000241e200000,0x000000241e300000)]
  0x000001db0fed8800 JavaThread "jar transforms" [_thread_blocked, id=4904, stack(0x000000241e300000,0x000000241e400000)]
  0x000001db0fed6000 JavaThread "jar transforms Thread 2" [_thread_blocked, id=7988, stack(0x000000241e400000,0x000000241e500000)]
  0x000001db0fedb000 JavaThread "Cache worker for file content cache (C:\Users\Bilal Envy\.gradle\caches\7.0.2\fileContent)" [_thread_blocked, id=3716, stack(0x000000241e500000,0x000000241e600000)]
  0x000001db0fedd800 JavaThread "jar transforms Thread 3" [_thread_blocked, id=1680, stack(0x000000241e700000,0x000000241e800000)]
  0x000001db0fee0000 JavaThread "jar transforms Thread 4" [_thread_blocked, id=248, stack(0x000000241ef00000,0x000000241f000000)]
  0x000001db0fee1800 JavaThread "jar transforms Thread 5" [_thread_blocked, id=5884, stack(0x000000241f000000,0x000000241f100000)]
  0x000001db0fee3800 JavaThread "jar transforms Thread 6" [_thread_blocked, id=4764, stack(0x000000241f100000,0x000000241f200000)]
  0x000001db7e463000 JavaThread "Memory manager" [_thread_blocked, id=5396, stack(0x000000241f400000,0x000000241f500000)]
  0x000001db7e462000 JavaThread "pool-3-thread-1" [_thread_blocked, id=4680, stack(0x000000241f600000,0x000000241f700000)]
  0x000001db0fedd000 JavaThread "pool-7-thread-1" [_thread_blocked, id=3516, stack(0x000000241ed00000,0x000000241ee00000)]
  0x000001db0fc03000 JavaThread "RMI Scheduler(0)" daemon [_thread_blocked, id=1928, stack(0x000000241fc00000,0x000000241fd00000)]
  0x000001db0fc00000 JavaThread "RMI TCP Accept-0" daemon [_thread_in_native, id=8668, stack(0x0000002420000000,0x0000002420100000)]
  0x000001db7e46b000 JavaThread "pool-11-thread-1" [_thread_blocked, id=4888, stack(0x000000241ee00000,0x000000241ef00000)]
  0x000001db0fc09000 JavaThread "pool-15-thread-1" [_thread_blocked, id=7808, stack(0x000000241f500000,0x000000241f600000)]
  0x000001db7e466000 JavaThread "pool-19-thread-1" [_thread_blocked, id=5176, stack(0x000000241f800000,0x000000241f900000)]
  0x000001db13354800 JavaThread "pool-23-thread-1" [_thread_blocked, id=9432, stack(0x000000241f900000,0x000000241fa00000)]
  0x000001db7e467000 JavaThread "ForkJoinPool.commonPool-worker-15" daemon [_thread_blocked, id=9772, stack(0x0000002420e00000,0x0000002420f00000)]
  0x000001db13359800 JavaThread "pool-27-thread-1" [_thread_blocked, id=1372, stack(0x000000241fb00000,0x000000241fc00000)]
  0x000001db1335d000 JavaThread "pool-31-thread-1" [_thread_blocked, id=3168, stack(0x000000241fe00000,0x000000241ff00000)]
  0x000001db13358000 JavaThread "pool-35-thread-1" [_thread_blocked, id=9484, stack(0x0000002420100000,0x0000002420200000)]
  0x000001db0fc05800 JavaThread "pool-39-thread-1" [_thread_blocked, id=9020, stack(0x000000241fa00000,0x000000241fb00000)]
  0x000001db13359000 JavaThread "pool-43-thread-1" [_thread_blocked, id=9056, stack(0x000000241f700000,0x000000241f800000)]
  0x000001db0fc00800 JavaThread "pool-47-thread-1" [_thread_blocked, id=84, stack(0x000000241fd00000,0x000000241fe00000)]
  0x000001db0fc0b800 JavaThread "pool-51-thread-1" [_thread_blocked, id=4760, stack(0x0000002420200000,0x0000002420300000)]
  0x000001db7e465000 JavaThread "pool-55-thread-1" [_thread_blocked, id=7664, stack(0x0000002420400000,0x0000002420500000)]
  0x000001db0fc04000 JavaThread "pool-59-thread-1" [_thread_blocked, id=10044, stack(0x0000002420700000,0x0000002420800000)]
  0x000001db7e46a000 JavaThread "pool-63-thread-1" [_thread_blocked, id=9768, stack(0x0000002420800000,0x0000002420900000)]
  0x000001db7e46d800 JavaThread "pool-67-thread-1" [_thread_blocked, id=9360, stack(0x0000002420900000,0x0000002420a00000)]
  0x000001db13353000 JavaThread "pool-71-thread-1" [_thread_blocked, id=9916, stack(0x0000002420a00000,0x0000002420b00000)]
  0x000001db7dbe3800 JavaThread "pool-75-thread-1" [_thread_blocked, id=9744, stack(0x0000002420600000,0x0000002420700000)]
  0x000001db7dbee000 JavaThread "pool-79-thread-1" [_thread_blocked, id=10192, stack(0x0000002420c00000,0x0000002420d00000)]
  0x000001db7dbe8000 JavaThread "pool-83-thread-1" [_thread_blocked, id=7444, stack(0x0000002420b00000,0x0000002420c00000)]
  0x000001db0fc09800 JavaThread "Cache worker for Java compile cache (C:\Users\Bilal Envy\.gradle\caches\7.0.2\javaCompile)" [_thread_blocked, id=3548, stack(0x0000002421e00000,0x0000002421f00000)]
  0x000001db7dbdf000 JavaThread "Daemon Thread 12" [_thread_blocked, id=6380, stack(0x000000241b400000,0x000000241b500000)]
  0x000001db7dbe1800 JavaThread "Handler for socket connection from /127.0.0.1:50160 to /127.0.0.1:54403" [_thread_in_native, id=7252, stack(0x000000241b500000,0x000000241b600000)]
  0x000001db7dbe0000 JavaThread "Cancel handler" [_thread_blocked, id=4720, stack(0x000000241b600000,0x000000241b700000)]
  0x000001db7dbe2800 JavaThread "Daemon worker Thread 12" [_thread_in_vm, id=2960, stack(0x000000241cf00000,0x000000241d000000)]
  0x000001db7dbe4000 JavaThread "Asynchronous log dispatcher for DefaultDaemonConnection: socket connection from /127.0.0.1:50160 to /127.0.0.1:54403" [_thread_blocked, id=3584, stack(0x000000241d000000,0x000000241d100000)]
  0x000001db7dbe6000 JavaThread "Stdin handler" [_thread_blocked, id=8760, stack(0x000000241d300000,0x000000241d400000)]
  0x000001db7dbe1000 JavaThread "Daemon client event forwarder" [_thread_blocked, id=3368, stack(0x000000241d400000,0x000000241d500000)]
  0x000001db7dbe6800 JavaThread "Cache worker for file hash cache (D:\Envy\bg_remover_bilals\.gradle\7.0.2\fileHashes)" [_thread_blocked, id=9460, stack(0x000000241d500000,0x000000241d600000)]
  0x000001db7dbea800 JavaThread "C2 CompilerThread1" daemon [_thread_in_native, id=8296, stack(0x000000241d600000,0x000000241d700000)]
  0x000001db7dbe7800 JavaThread "Cache worker for checksums cache (D:\Envy\bg_remover_bilals\.gradle\checksums)" [_thread_blocked, id=10016, stack(0x000000241d700000,0x000000241d800000)]
  0x000001db7dbe9000 JavaThread "Cache worker for cache directory md-supplier (C:\Users\Bilal Envy\.gradle\caches\7.0.2\md-supplier)" [_thread_blocked, id=4120, stack(0x000000241db00000,0x000000241dc00000)]
  0x000001db7dbea000 JavaThread "Cache worker for cache directory md-rule (C:\Users\Bilal Envy\.gradle\caches\7.0.2\md-rule)" [_thread_blocked, id=6940, stack(0x000000241dc00000,0x000000241dd00000)]
  0x000001db7dbeb800 JavaThread "Cache worker for dependencies-accessors (D:\Envy\bg_remover_bilals\.gradle\7.0.2\dependencies-accessors)" [_thread_blocked, id=8788, stack(0x000000241df00000,0x000000241e000000)]
  0x000001db7dbec800 JavaThread "Cache worker for Build Output Cleanup Cache (D:\Envy\bg_remover_bilals\.gradle\buildOutputCleanup)" [_thread_blocked, id=6336, stack(0x000000241e000000,0x000000241e100000)]
  0x000001db7dbed000 JavaThread "Build operations" [_thread_blocked, id=7896, stack(0x000000241e100000,0x000000241e200000)]
  0x000001db1334e000 JavaThread "Build operations Thread 2" [_thread_blocked, id=3176, stack(0x000000241e600000,0x000000241e700000)]
  0x000001db13350800 JavaThread "Build operations Thread 3" [_thread_blocked, id=9704, stack(0x000000241e800000,0x000000241e900000)]
  0x000001db13354000 JavaThread "Build operations Thread 4" [_thread_blocked, id=8644, stack(0x000000241e900000,0x000000241ea00000)]
  0x000001db1334f000 JavaThread "Build operations Thread 5" [_thread_blocked, id=3180, stack(0x000000241ea00000,0x000000241eb00000)]
  0x000001db13352800 JavaThread "Build operations Thread 6" [_thread_blocked, id=7900, stack(0x000000241eb00000,0x000000241ec00000)]
  0x000001db13350000 JavaThread "pool-87-thread-1" [_thread_blocked, id=2536, stack(0x000000241ec00000,0x000000241ed00000)]

Other Threads:
  0x000001db7c50b000 VMThread "VM Thread" [stack: 0x000000241bd00000,0x000000241be00000] [id=1088]
  0x000001db7cf23800 WatcherThread [stack: 0x000000241c700000,0x000000241c800000] [id=7520]
  0x000001db714d5800 GCTaskThread "GC Thread#0" [stack: 0x000000241b800000,0x000000241b900000] [id=2580]
  0x000001db7d503800 GCTaskThread "GC Thread#1" [stack: 0x000000241c900000,0x000000241ca00000] [id=8908]
  0x000001db7d504000 GCTaskThread "GC Thread#2" [stack: 0x000000241ca00000,0x000000241cb00000] [id=6804]
  0x000001db7d9e7000 GCTaskThread "GC Thread#3" [stack: 0x000000241cb00000,0x000000241cc00000] [id=2392]
  0x000001db7df35000 GCTaskThread "GC Thread#4" [stack: 0x000000241d100000,0x000000241d200000] [id=5328]
  0x000001db7df35800 GCTaskThread "GC Thread#5" [stack: 0x000000241d200000,0x000000241d300000] [id=1108]
  0x000001db71505800 ConcurrentGCThread "G1 Main Marker" [stack: 0x000000241b900000,0x000000241ba00000] [id=7084]
  0x000001db71507800 ConcurrentGCThread "G1 Conc#0" [stack: 0x000000241ba00000,0x000000241bb00000] [id=7692]
  0x000001db7f86c800 ConcurrentGCThread "G1 Conc#1" [stack: 0x000000241d900000,0x000000241da00000] [id=5364]
  0x000001db7158e800 ConcurrentGCThread "G1 Refine#0" [stack: 0x000000241bb00000,0x000000241bc00000] [id=1856]
  0x000001db11f41800 ConcurrentGCThread "G1 Refine#1" [stack: 0x000000241f200000,0x000000241f300000] [id=3732]
  0x000001db7dead000 ConcurrentGCThread "G1 Refine#2" [stack: 0x000000241f300000,0x000000241f400000] [id=2164]
  0x000001db7c378800 ConcurrentGCThread "G1 Young RemSet Sampling" [stack: 0x000000241bc00000,0x000000241bd00000] [id=860]

Threads with active compile tasks:
C2 CompilerThread08471959 28066       4       org.codehaus.groovy.util.LazyReference::get (44 bytes)
C2 CompilerThread18471959 27881       4       org.codehaus.groovy.reflection.CachedMethod::compareTo (25 bytes)

VM state:not at safepoint (normal execution)

VM Mutex/Monitor currently owned by a thread: None

Heap address: 0x0000000080000000, size: 2048 MB, Compressed Oops mode: 32-bit
Narrow klass base: 0x0000000000000000, Narrow klass shift: 3
Compressed class space size: 1073741824 Address: 0x0000000100000000

Heap:
 garbage-first heap   total 307200K, used 178938K [0x0000000080000000, 0x0000000100000000)
  region size 1024K, 54 young (55296K), 10 survivors (10240K)
 Metaspace       used 138025K, capacity 142994K, committed 144332K, reserved 1173504K
  class space    used 17315K, capacity 19086K, committed 19404K, reserved 1048576K
Heap Regions: E=young(eden), S=young(survivor), O=old, HS=humongous(starts), HC=humongous(continues), CS=collection set, F=free, A=archive, TAMS=top-at-mark-start (previous, next)
|   0|0x0000000080000000, 0x00000000800ffff0, 0x0000000080100000| 99%| O|  |TAMS 0x00000000800ffff0, 0x0000000080000000| Untracked 
|   1|0x0000000080100000, 0x00000000801fa558, 0x0000000080200000| 97%| O|  |TAMS 0x00000000801fa558, 0x0000000080100000| Untracked 
|   2|0x0000000080200000, 0x00000000802fff90, 0x0000000080300000| 99%| O|  |TAMS 0x00000000802fff90, 0x0000000080200000| Untracked 
|   3|0x0000000080300000, 0x0000000080400000, 0x0000000080400000|100%|HS|  |TAMS 0x0000000080400000, 0x0000000080300000| Complete 
|   4|0x0000000080400000, 0x0000000080500000, 0x0000000080500000|100%|HC|  |TAMS 0x0000000080500000, 0x0000000080400000| Complete 
|   5|0x0000000080500000, 0x0000000080600000, 0x0000000080600000|100%|HC|  |TAMS 0x0000000080600000, 0x0000000080500000| Complete 
|   6|0x0000000080600000, 0x00000000806efc18, 0x0000000080700000| 93%| O|  |TAMS 0x00000000806efc18, 0x0000000080600000| Untracked 
|   7|0x0000000080700000, 0x00000000807f9bb8, 0x0000000080800000| 97%| O|  |TAMS 0x00000000807f9bb8, 0x0000000080700000| Untracked 
|   8|0x0000000080800000, 0x00000000808ffff0, 0x0000000080900000| 99%| O|  |TAMS 0x00000000808ffff0, 0x0000000080800000| Untracked 
|   9|0x0000000080900000, 0x00000000809fffb8, 0x0000000080a00000| 99%| O|  |TAMS 0x00000000809fffb8, 0x0000000080900000| Untracked 
|  10|0x0000000080a00000, 0x0000000080affff8, 0x0000000080b00000| 99%| O|  |TAMS 0x0000000080affff8, 0x0000000080a00000| Untracked 
|  11|0x0000000080b00000, 0x0000000080bfffe0, 0x0000000080c00000| 99%| O|  |TAMS 0x0000000080bfffe0, 0x0000000080b00000| Untracked 
|  12|0x0000000080c00000, 0x0000000080c92a20, 0x0000000080d00000| 57%| O|  |TAMS 0x0000000080c92a20, 0x0000000080c00000| Untracked 
|  13|0x0000000080d00000, 0x0000000080dfab38, 0x0000000080e00000| 97%| O|  |TAMS 0x0000000080dfab38, 0x0000000080d00000| Untracked 
|  14|0x0000000080e00000, 0x0000000080f00000, 0x0000000080f00000|100%| O|  |TAMS 0x0000000080f00000, 0x0000000080e00000| Untracked 
|  15|0x0000000080f00000, 0x0000000080ffffe8, 0x0000000081000000| 99%| O|  |TAMS 0x0000000080ffffe8, 0x0000000080f00000| Untracked 
|  16|0x0000000081000000, 0x0000000081100000, 0x0000000081100000|100%|HS|  |TAMS 0x0000000081100000, 0x0000000081000000| Complete 
|  17|0x0000000081100000, 0x0000000081200000, 0x0000000081200000|100%|HS|  |TAMS 0x0000000081200000, 0x0000000081100000| Complete 
|  18|0x0000000081200000, 0x0000000081300000, 0x0000000081300000|100%|HS|  |TAMS 0x0000000081300000, 0x0000000081200000| Complete 
|  19|0x0000000081300000, 0x0000000081400000, 0x0000000081400000|100%|HS|  |TAMS 0x0000000081400000, 0x0000000081300000| Complete 
|  20|0x0000000081400000, 0x0000000081500000, 0x0000000081500000|100%|HC|  |TAMS 0x0000000081500000, 0x0000000081400000| Complete 
|  21|0x0000000081500000, 0x0000000081600000, 0x0000000081600000|100%|HC|  |TAMS 0x0000000081600000, 0x0000000081500000| Complete 
|  22|0x0000000081600000, 0x0000000081700000, 0x0000000081700000|100%|HS|  |TAMS 0x0000000081700000, 0x0000000081600000| Complete 
|  23|0x0000000081700000, 0x0000000081800000, 0x0000000081800000|100%|HC|  |TAMS 0x0000000081800000, 0x0000000081700000| Complete 
|  24|0x0000000081800000, 0x00000000818fffd0, 0x0000000081900000| 99%| O|  |TAMS 0x00000000818fffd0, 0x0000000081800000| Untracked 
|  25|0x0000000081900000, 0x00000000819ffff8, 0x0000000081a00000| 99%| O|  |TAMS 0x00000000819ffff8, 0x0000000081900000| Untracked 
|  26|0x0000000081a00000, 0x0000000081afffb0, 0x0000000081b00000| 99%| O|  |TAMS 0x0000000081afffb0, 0x0000000081a00000| Untracked 
|  27|0x0000000081b00000, 0x0000000081bf1770, 0x0000000081c00000| 94%| O|  |TAMS 0x0000000081bf1770, 0x0000000081b00000| Untracked 
|  28|0x0000000081c00000, 0x0000000081cfff90, 0x0000000081d00000| 99%| O|  |TAMS 0x0000000081cfff90, 0x0000000081c00000| Untracked 
|  29|0x0000000081d00000, 0x0000000081e00000, 0x0000000081e00000|100%| O|  |TAMS 0x0000000081e00000, 0x0000000081d00000| Untracked 
|  30|0x0000000081e00000, 0x0000000081eff1f0, 0x0000000081f00000| 99%| O|  |TAMS 0x0000000081eff1f0, 0x0000000081e00000| Untracked 
|  31|0x0000000081f00000, 0x0000000082000000, 0x0000000082000000|100%| O|  |TAMS 0x0000000082000000, 0x0000000081f00000| Untracked 
|  32|0x0000000082000000, 0x0000000082100000, 0x0000000082100000|100%| O|  |TAMS 0x0000000082100000, 0x0000000082000000| Untracked 
|  33|0x0000000082100000, 0x0000000082200000, 0x0000000082200000|100%| O|  |TAMS 0x0000000082200000, 0x0000000082100000| Untracked 
|  34|0x0000000082200000, 0x00000000822fffc8, 0x0000000082300000| 99%| O|  |TAMS 0x00000000822fffc8, 0x0000000082200000| Untracked 
|  35|0x0000000082300000, 0x00000000823fd160, 0x0000000082400000| 98%| O|  |TAMS 0x00000000823fd160, 0x0000000082300000| Untracked 
|  36|0x0000000082400000, 0x00000000824e8500, 0x0000000082500000| 90%| O|  |TAMS 0x00000000824e8500, 0x0000000082400000| Untracked 
|  37|0x0000000082500000, 0x00000000825d79d0, 0x0000000082600000| 84%| O|  |TAMS 0x00000000825d79d0, 0x0000000082500000| Untracked 
|  38|0x0000000082600000, 0x00000000826ffe40, 0x0000000082700000| 99%| O|  |TAMS 0x00000000826ffe40, 0x0000000082600000| Untracked 
|  39|0x0000000082700000, 0x00000000827fffe8, 0x0000000082800000| 99%| O|  |TAMS 0x00000000827fffe8, 0x0000000082700000| Untracked 
|  40|0x0000000082800000, 0x00000000828ffff0, 0x0000000082900000| 99%| O|  |TAMS 0x00000000828ffff0, 0x0000000082800000| Untracked 
|  41|0x0000000082900000, 0x0000000082a00000, 0x0000000082a00000|100%| O|  |TAMS 0x0000000082a00000, 0x0000000082900000| Untracked 
|  42|0x0000000082a00000, 0x0000000082b00000, 0x0000000082b00000|100%| O|  |TAMS 0x0000000082b00000, 0x0000000082a00000| Untracked 
|  43|0x0000000082b00000, 0x0000000082bffff0, 0x0000000082c00000| 99%| O|  |TAMS 0x0000000082bffff0, 0x0000000082b00000| Untracked 
|  44|0x0000000082c00000, 0x0000000082cffca0, 0x0000000082d00000| 99%| O|  |TAMS 0x0000000082cffca0, 0x0000000082c00000| Untracked 
|  45|0x0000000082d00000, 0x0000000082dfcc18, 0x0000000082e00000| 98%| O|  |TAMS 0x0000000082dfcc18, 0x0000000082d00000| Untracked 
|  46|0x0000000082e00000, 0x0000000082eff988, 0x0000000082f00000| 99%| O|  |TAMS 0x0000000082eff988, 0x0000000082e00000| Untracked 
|  47|0x0000000082f00000, 0x0000000082fffff8, 0x0000000083000000| 99%| O|  |TAMS 0x0000000082fffff8, 0x0000000082f00000| Untracked 
|  48|0x0000000083000000, 0x00000000830fffe0, 0x0000000083100000| 99%| O|  |TAMS 0x00000000830fffe0, 0x0000000083000000| Untracked 
|  49|0x0000000083100000, 0x00000000831ffff0, 0x0000000083200000| 99%| O|  |TAMS 0x00000000831ffff0, 0x0000000083100000| Untracked 
|  50|0x0000000083200000, 0x0000000083300000, 0x0000000083300000|100%| O|  |TAMS 0x0000000083300000, 0x0000000083200000| Untracked 
|  51|0x0000000083300000, 0x00000000833fffd8, 0x0000000083400000| 99%| O|  |TAMS 0x00000000833fffd8, 0x0000000083300000| Untracked 
|  52|0x0000000083400000, 0x00000000834fffe0, 0x0000000083500000| 99%| O|  |TAMS 0x00000000834fffe0, 0x0000000083400000| Untracked 
|  53|0x0000000083500000, 0x00000000835ffff8, 0x0000000083600000| 99%| O|  |TAMS 0x00000000835ffff8, 0x0000000083500000| Untracked 
|  54|0x0000000083600000, 0x0000000083700000, 0x0000000083700000|100%| O|  |TAMS 0x0000000083700000, 0x0000000083600000| Untracked 
|  55|0x0000000083700000, 0x0000000083800000, 0x0000000083800000|100%| O|  |TAMS 0x0000000083800000, 0x0000000083700000| Untracked 
|  56|0x0000000083800000, 0x00000000838fff78, 0x0000000083900000| 99%| O|  |TAMS 0x00000000838fff78, 0x0000000083800000| Untracked 
|  57|0x0000000083900000, 0x0000000083a00000, 0x0000000083a00000|100%| O|  |TAMS 0x0000000083a00000, 0x0000000083900000| Untracked 
|  58|0x0000000083a00000, 0x0000000083affd40, 0x0000000083b00000| 99%| O|  |TAMS 0x0000000083affd40, 0x0000000083a00000| Untracked 
|  59|0x0000000083b00000, 0x0000000083bfffc0, 0x0000000083c00000| 99%| O|  |TAMS 0x0000000083bfffc0, 0x0000000083b00000| Untracked 
|  60|0x0000000083c00000, 0x0000000083cfff68, 0x0000000083d00000| 99%| O|  |TAMS 0x0000000083cfff68, 0x0000000083c00000| Untracked 
|  61|0x0000000083d00000, 0x0000000083dfffe8, 0x0000000083e00000| 99%| O|  |TAMS 0x0000000083dfffe8, 0x0000000083d00000| Untracked 
|  62|0x0000000083e00000, 0x0000000083effff0, 0x0000000083f00000| 99%| O|  |TAMS 0x0000000083effff0, 0x0000000083e00000| Untracked 
|  63|0x0000000083f00000, 0x0000000084000000, 0x0000000084000000|100%| O|  |TAMS 0x0000000084000000, 0x0000000083f00000| Untracked 
|  64|0x0000000084000000, 0x00000000840ffff8, 0x0000000084100000| 99%| O|  |TAMS 0x00000000840ffff8, 0x0000000084000000| Untracked 
|  65|0x0000000084100000, 0x00000000841ffff8, 0x0000000084200000| 99%| O|  |TAMS 0x00000000841ffff8, 0x0000000084100000| Untracked 
|  66|0x0000000084200000, 0x00000000842ffff8, 0x0000000084300000| 99%| O|  |TAMS 0x00000000842ffff8, 0x0000000084200000| Untracked 
|  67|0x0000000084300000, 0x00000000843fffd8, 0x0000000084400000| 99%| O|  |TAMS 0x00000000843fffd8, 0x0000000084300000| Untracked 
|  68|0x0000000084400000, 0x00000000844ffff0, 0x0000000084500000| 99%| O|  |TAMS 0x00000000844ffff0, 0x0000000084400000| Untracked 
|  69|0x0000000084500000, 0x00000000845ffff0, 0x0000000084600000| 99%| O|  |TAMS 0x00000000845ffff0, 0x0000000084500000| Untracked 
|  70|0x0000000084600000, 0x00000000846ffff8, 0x0000000084700000| 99%| O|  |TAMS 0x00000000846ffff8, 0x0000000084600000| Untracked 
|  71|0x0000000084700000, 0x0000000084800000, 0x0000000084800000|100%| O|  |TAMS 0x0000000084800000, 0x0000000084700000| Untracked 
|  72|0x0000000084800000, 0x0000000084900000, 0x0000000084900000|100%| O|  |TAMS 0x0000000084900000, 0x0000000084800000| Untracked 
|  73|0x0000000084900000, 0x00000000849ffff8, 0x0000000084a00000| 99%| O|  |TAMS 0x00000000849ffff8, 0x0000000084900000| Untracked 
|  74|0x0000000084a00000, 0x0000000084afffc0, 0x0000000084b00000| 99%| O|  |TAMS 0x0000000084afffc0, 0x0000000084a00000| Untracked 
|  75|0x0000000084b00000, 0x0000000084c00000, 0x0000000084c00000|100%| O|  |TAMS 0x0000000084c00000, 0x0000000084b00000| Untracked 
|  76|0x0000000084c00000, 0x0000000084cffff0, 0x0000000084d00000| 99%| O|  |TAMS 0x0000000084cffff0, 0x0000000084c00000| Untracked 
|  77|0x0000000084d00000, 0x0000000084dfffd8, 0x0000000084e00000| 99%| O|  |TAMS 0x0000000084dfffd8, 0x0000000084d00000| Untracked 
|  78|0x0000000084e00000, 0x0000000084e406f0, 0x0000000084f00000| 25%| O|  |TAMS 0x0000000084e406f0, 0x0000000084e00000| Untracked 
|  79|0x0000000084f00000, 0x0000000084fffff8, 0x0000000085000000| 99%| O|  |TAMS 0x0000000084fffff8, 0x0000000084f00000| Untracked 
|  80|0x0000000085000000, 0x00000000850ffff8, 0x0000000085100000| 99%| O|  |TAMS 0x00000000850ffff8, 0x0000000085000000| Untracked 
|  81|0x0000000085100000, 0x00000000851fedc0, 0x0000000085200000| 99%| O|  |TAMS 0x00000000851fedc0, 0x0000000085100000| Untracked 
|  82|0x0000000085200000, 0x0000000085241360, 0x0000000085300000| 25%| O|  |TAMS 0x0000000085241360, 0x0000000085200000| Untracked 
|  83|0x0000000085300000, 0x0000000085400000, 0x0000000085400000|100%| O|  |TAMS 0x0000000085400000, 0x0000000085300000| Untracked 
|  84|0x0000000085400000, 0x0000000085500000, 0x0000000085500000|100%| O|  |TAMS 0x0000000085500000, 0x0000000085400000| Untracked 
|  85|0x0000000085500000, 0x000000008559cbd0, 0x0000000085600000| 61%| O|  |TAMS 0x000000008559cbd0, 0x0000000085500000| Untracked 
|  86|0x0000000085600000, 0x0000000085667898, 0x0000000085700000| 40%| O|  |TAMS 0x0000000085667898, 0x0000000085600000| Untracked 
|  87|0x0000000085700000, 0x00000000857fffe8, 0x0000000085800000| 99%| O|  |TAMS 0x00000000857fffe8, 0x0000000085700000| Untracked 
|  88|0x0000000085800000, 0x0000000085862b40, 0x0000000085900000| 38%| O|  |TAMS 0x0000000085862b40, 0x0000000085800000| Untracked 
|  89|0x0000000085900000, 0x0000000085a00000, 0x0000000085a00000|100%|HS|  |TAMS 0x0000000085a00000, 0x0000000085900000| Complete 
|  90|0x0000000085a00000, 0x0000000085b00000, 0x0000000085b00000|100%|HC|  |TAMS 0x0000000085b00000, 0x0000000085a00000| Complete 
|  91|0x0000000085b00000, 0x0000000085bffe88, 0x0000000085c00000| 99%| O|  |TAMS 0x0000000085bffe88, 0x0000000085b00000| Untracked 
|  92|0x0000000085c00000, 0x0000000085c7c398, 0x0000000085d00000| 48%| O|  |TAMS 0x0000000085c7c398, 0x0000000085c00000| Untracked 
|  93|0x0000000085d00000, 0x0000000085e00000, 0x0000000085e00000|100%|HS|  |TAMS 0x0000000085e00000, 0x0000000085d00000| Complete 
|  94|0x0000000085e00000, 0x0000000085f00000, 0x0000000085f00000|100%|HC|  |TAMS 0x0000000085f00000, 0x0000000085e00000| Complete 
|  95|0x0000000085f00000, 0x0000000086000000, 0x0000000086000000|100%|HC|  |TAMS 0x0000000086000000, 0x0000000085f00000| Complete 
|  96|0x0000000086000000, 0x0000000086100000, 0x0000000086100000|100%|HS|  |TAMS 0x0000000086100000, 0x0000000086000000| Complete 
|  97|0x0000000086100000, 0x0000000086200000, 0x0000000086200000|100%|HC|  |TAMS 0x0000000086200000, 0x0000000086100000| Complete 
|  98|0x0000000086200000, 0x0000000086300000, 0x0000000086300000|100%|HC|  |TAMS 0x0000000086300000, 0x0000000086200000| Complete 
|  99|0x0000000086300000, 0x0000000086400000, 0x0000000086400000|100%|HC|  |TAMS 0x0000000086400000, 0x0000000086300000| Complete 
| 100|0x0000000086400000, 0x0000000086500000, 0x0000000086500000|100%|HS|  |TAMS 0x0000000086500000, 0x0000000086400000| Complete 
| 101|0x0000000086500000, 0x0000000086600000, 0x0000000086600000|100%|HC|  |TAMS 0x0000000086600000, 0x0000000086500000| Complete 
| 102|0x0000000086600000, 0x0000000086700000, 0x0000000086700000|100%|HC|  |TAMS 0x0000000086700000, 0x0000000086600000| Complete 
| 103|0x0000000086700000, 0x0000000086800000, 0x0000000086800000|100%| O|  |TAMS 0x0000000086800000, 0x0000000086700000| Untracked 
| 104|0x0000000086800000, 0x0000000086900000, 0x0000000086900000|100%| O|  |TAMS 0x0000000086900000, 0x0000000086800000| Untracked 
| 105|0x0000000086900000, 0x0000000086a00000, 0x0000000086a00000|100%| O|  |TAMS 0x0000000086a00000, 0x0000000086900000| Untracked 
| 106|0x0000000086a00000, 0x0000000086b00000, 0x0000000086b00000|100%| O|  |TAMS 0x0000000086b00000, 0x0000000086a00000| Untracked 
| 107|0x0000000086b00000, 0x0000000086c00000, 0x0000000086c00000|100%| O|  |TAMS 0x0000000086c00000, 0x0000000086b00000| Untracked 
| 108|0x0000000086c00000, 0x0000000086d00000, 0x0000000086d00000|100%| O|  |TAMS 0x0000000086d00000, 0x0000000086c00000| Untracked 
| 109|0x0000000086d00000, 0x0000000086e00000, 0x0000000086e00000|100%| O|  |TAMS 0x0000000086e00000, 0x0000000086d00000| Untracked 
| 110|0x0000000086e00000, 0x0000000086f00000, 0x0000000086f00000|100%|HS|  |TAMS 0x0000000086f00000, 0x0000000086e00000| Complete 
| 111|0x0000000086f00000, 0x0000000087000000, 0x0000000087000000|100%|HC|  |TAMS 0x0000000087000000, 0x0000000086f00000| Complete 
| 112|0x0000000087000000, 0x0000000087100000, 0x0000000087100000|100%|HC|  |TAMS 0x0000000087100000, 0x0000000087000000| Complete 
| 113|0x0000000087100000, 0x0000000087200000, 0x0000000087200000|100%|HC|  |TAMS 0x0000000087200000, 0x0000000087100000| Complete 
| 114|0x0000000087200000, 0x0000000087300000, 0x0000000087300000|100%| O|  |TAMS 0x0000000087300000, 0x0000000087200000| Untracked 
| 115|0x0000000087300000, 0x0000000087400000, 0x0000000087400000|100%| O|  |TAMS 0x0000000087400000, 0x0000000087300000| Untracked 
| 116|0x0000000087400000, 0x0000000087500000, 0x0000000087500000|100%| O|  |TAMS 0x0000000087500000, 0x0000000087400000| Untracked 
| 117|0x0000000087500000, 0x0000000087600000, 0x0000000087600000|100%| O|  |TAMS 0x0000000087600000, 0x0000000087500000| Untracked 
| 118|0x0000000087600000, 0x0000000087658a00, 0x0000000087700000| 34%| O|  |TAMS 0x0000000087658a00, 0x0000000087600000| Untracked 
| 119|0x0000000087700000, 0x0000000087800000, 0x0000000087800000|100%|HS|  |TAMS 0x0000000087700000, 0x0000000087700000| Complete 
| 120|0x0000000087800000, 0x0000000087900000, 0x0000000087900000|100%|HC|  |TAMS 0x0000000087800000, 0x0000000087800000| Complete 
| 121|0x0000000087900000, 0x0000000087a00000, 0x0000000087a00000|100%|HS|  |TAMS 0x0000000087900000, 0x0000000087900000| Complete 
| 122|0x0000000087a00000, 0x0000000087b00000, 0x0000000087b00000|100%|HC|  |TAMS 0x0000000087a00000, 0x0000000087a00000| Complete 
| 123|0x0000000087b00000, 0x0000000087c00000, 0x0000000087c00000|100%|HC|  |TAMS 0x0000000087b00000, 0x0000000087b00000| Complete 
| 124|0x0000000087c00000, 0x0000000087d00000, 0x0000000087d00000|100%|HS|  |TAMS 0x0000000087c00000, 0x0000000087c00000| Complete 
| 125|0x0000000087d00000, 0x0000000087e00000, 0x0000000087e00000|100%|HC|  |TAMS 0x0000000087d00000, 0x0000000087d00000| Complete 
| 126|0x0000000087e00000, 0x0000000087f00000, 0x0000000087f00000|100%|HC|  |TAMS 0x0000000087e00000, 0x0000000087e00000| Complete 
| 127|0x0000000087f00000, 0x0000000088000000, 0x0000000088000000|100%|HC|  |TAMS 0x0000000087f00000, 0x0000000087f00000| Complete 
| 128|0x0000000088000000, 0x0000000088000000, 0x0000000088100000|  0%| F|  |TAMS 0x0000000088000000, 0x0000000088000000| Untracked 
| 129|0x0000000088100000, 0x0000000088100000, 0x0000000088200000|  0%| F|  |TAMS 0x0000000088100000, 0x0000000088100000| Untracked 
| 130|0x0000000088200000, 0x0000000088200000, 0x0000000088300000|  0%| F|  |TAMS 0x0000000088200000, 0x0000000088200000| Untracked 
| 131|0x0000000088300000, 0x0000000088300000, 0x0000000088400000|  0%| F|  |TAMS 0x0000000088300000, 0x0000000088300000| Untracked 
| 132|0x0000000088400000, 0x0000000088400000, 0x0000000088500000|  0%| F|  |TAMS 0x0000000088400000, 0x0000000088400000| Untracked 
| 133|0x0000000088500000, 0x0000000088500000, 0x0000000088600000|  0%| F|  |TAMS 0x0000000088500000, 0x0000000088500000| Untracked 
| 134|0x0000000088600000, 0x0000000088600000, 0x0000000088700000|  0%| F|  |TAMS 0x0000000088600000, 0x0000000088600000| Untracked 
| 135|0x0000000088700000, 0x0000000088700000, 0x0000000088800000|  0%| F|  |TAMS 0x0000000088700000, 0x0000000088700000| Untracked 
| 136|0x0000000088800000, 0x0000000088800000, 0x0000000088900000|  0%| F|  |TAMS 0x0000000088800000, 0x0000000088800000| Untracked 
| 137|0x0000000088900000, 0x0000000088900000, 0x0000000088a00000|  0%| F|  |TAMS 0x0000000088900000, 0x0000000088900000| Untracked 
| 138|0x0000000088a00000, 0x0000000088a00000, 0x0000000088b00000|  0%| F|  |TAMS 0x0000000088a00000, 0x0000000088a00000| Untracked 
| 139|0x0000000088b00000, 0x0000000088b00000, 0x0000000088c00000|  0%| F|  |TAMS 0x0000000088b00000, 0x0000000088b00000| Untracked 
| 140|0x0000000088c00000, 0x0000000088c00000, 0x0000000088d00000|  0%| F|  |TAMS 0x0000000088c00000, 0x0000000088c00000| Untracked 
| 141|0x0000000088d00000, 0x0000000088d00000, 0x0000000088e00000|  0%| F|  |TAMS 0x0000000088d00000, 0x0000000088d00000| Untracked 
| 142|0x0000000088e00000, 0x0000000088e00000, 0x0000000088f00000|  0%| F|  |TAMS 0x0000000088e00000, 0x0000000088e00000| Untracked 
| 143|0x0000000088f00000, 0x0000000088f00000, 0x0000000089000000|  0%| F|  |TAMS 0x0000000088f00000, 0x0000000088f00000| Untracked 
| 144|0x0000000089000000, 0x0000000089000000, 0x0000000089100000|  0%| F|  |TAMS 0x0000000089000000, 0x0000000089000000| Untracked 
| 145|0x0000000089100000, 0x0000000089100000, 0x0000000089200000|  0%| F|  |TAMS 0x0000000089100000, 0x0000000089100000| Untracked 
| 146|0x0000000089200000, 0x0000000089200000, 0x0000000089300000|  0%| F|  |TAMS 0x0000000089200000, 0x0000000089200000| Untracked 
| 147|0x0000000089300000, 0x0000000089300000, 0x0000000089400000|  0%| F|  |TAMS 0x0000000089300000, 0x0000000089300000| Untracked 
| 148|0x0000000089400000, 0x0000000089400000, 0x0000000089500000|  0%| F|  |TAMS 0x0000000089400000, 0x0000000089400000| Untracked 
| 149|0x0000000089500000, 0x0000000089500000, 0x0000000089600000|  0%| F|  |TAMS 0x0000000089500000, 0x0000000089500000| Untracked 
| 150|0x0000000089600000, 0x0000000089600000, 0x0000000089700000|  0%| F|  |TAMS 0x0000000089600000, 0x0000000089600000| Untracked 
| 151|0x0000000089700000, 0x0000000089700000, 0x0000000089800000|  0%| F|  |TAMS 0x0000000089700000, 0x0000000089700000| Untracked 
| 152|0x0000000089800000, 0x0000000089800000, 0x0000000089900000|  0%| F|  |TAMS 0x0000000089800000, 0x0000000089800000| Untracked 
| 153|0x0000000089900000, 0x0000000089900000, 0x0000000089a00000|  0%| F|  |TAMS 0x0000000089900000, 0x0000000089900000| Untracked 
| 154|0x0000000089a00000, 0x0000000089a00000, 0x0000000089b00000|  0%| F|  |TAMS 0x0000000089a00000, 0x0000000089a00000| Untracked 
| 155|0x0000000089b00000, 0x0000000089b00000, 0x0000000089c00000|  0%| F|  |TAMS 0x0000000089b00000, 0x0000000089b00000| Untracked 
| 156|0x0000000089c00000, 0x0000000089c00000, 0x0000000089d00000|  0%| F|  |TAMS 0x0000000089c00000, 0x0000000089c00000| Untracked 
| 157|0x0000000089d00000, 0x0000000089d00000, 0x0000000089e00000|  0%| F|  |TAMS 0x0000000089d00000, 0x0000000089d00000| Untracked 
| 158|0x0000000089e00000, 0x0000000089e00000, 0x0000000089f00000|  0%| F|  |TAMS 0x0000000089e00000, 0x0000000089e00000| Untracked 
| 159|0x0000000089f00000, 0x0000000089f00000, 0x000000008a000000|  0%| F|  |TAMS 0x0000000089f00000, 0x0000000089f00000| Untracked 
| 160|0x000000008a000000, 0x000000008a000000, 0x000000008a100000|  0%| F|  |TAMS 0x000000008a000000, 0x000000008a000000| Untracked 
| 161|0x000000008a100000, 0x000000008a100000, 0x000000008a200000|  0%| F|  |TAMS 0x000000008a100000, 0x000000008a100000| Untracked 
| 162|0x000000008a200000, 0x000000008a200000, 0x000000008a300000|  0%| F|  |TAMS 0x000000008a200000, 0x000000008a200000| Untracked 
| 163|0x000000008a300000, 0x000000008a300000, 0x000000008a400000|  0%| F|  |TAMS 0x000000008a300000, 0x000000008a300000| Untracked 
| 164|0x000000008a400000, 0x000000008a400000, 0x000000008a500000|  0%| F|  |TAMS 0x000000008a400000, 0x000000008a400000| Untracked 
| 165|0x000000008a500000, 0x000000008a500000, 0x000000008a600000|  0%| F|  |TAMS 0x000000008a500000, 0x000000008a500000| Untracked 
| 166|0x000000008a600000, 0x000000008a600000, 0x000000008a700000|  0%| F|  |TAMS 0x000000008a600000, 0x000000008a600000| Untracked 
| 167|0x000000008a700000, 0x000000008a700000, 0x000000008a800000|  0%| F|  |TAMS 0x000000008a700000, 0x000000008a700000| Untracked 
| 168|0x000000008a800000, 0x000000008a800000, 0x000000008a900000|  0%| F|  |TAMS 0x000000008a800000, 0x000000008a800000| Untracked 
| 169|0x000000008a900000, 0x000000008a900000, 0x000000008aa00000|  0%| F|  |TAMS 0x000000008a900000, 0x000000008a900000| Untracked 
| 170|0x000000008aa00000, 0x000000008aa00000, 0x000000008ab00000|  0%| F|  |TAMS 0x000000008aa00000, 0x000000008aa00000| Untracked 
| 171|0x000000008ab00000, 0x000000008ab00000, 0x000000008ac00000|  0%| F|  |TAMS 0x000000008ab00000, 0x000000008ab00000| Untracked 
| 172|0x000000008ac00000, 0x000000008ac00000, 0x000000008ad00000|  0%| F|  |TAMS 0x000000008ac00000, 0x000000008ac00000| Untracked 
| 173|0x000000008ad00000, 0x000000008ad00000, 0x000000008ae00000|  0%| F|  |TAMS 0x000000008ad00000, 0x000000008ad00000| Untracked 
| 174|0x000000008ae00000, 0x000000008ae00000, 0x000000008af00000|  0%| F|  |TAMS 0x000000008ae00000, 0x000000008ae00000| Untracked 
| 175|0x000000008af00000, 0x000000008af00000, 0x000000008b000000|  0%| F|  |TAMS 0x000000008af00000, 0x000000008af00000| Untracked 
| 176|0x000000008b000000, 0x000000008b000000, 0x000000008b100000|  0%| F|  |TAMS 0x000000008b000000, 0x000000008b000000| Untracked 
| 177|0x000000008b100000, 0x000000008b100000, 0x000000008b200000|  0%| F|  |TAMS 0x000000008b100000, 0x000000008b100000| Untracked 
| 178|0x000000008b200000, 0x000000008b200000, 0x000000008b300000|  0%| F|  |TAMS 0x000000008b200000, 0x000000008b200000| Untracked 
| 179|0x000000008b300000, 0x000000008b300000, 0x000000008b400000|  0%| F|  |TAMS 0x000000008b300000, 0x000000008b300000| Untracked 
| 180|0x000000008b400000, 0x000000008b400000, 0x000000008b500000|  0%| F|  |TAMS 0x000000008b400000, 0x000000008b400000| Untracked 
| 181|0x000000008b500000, 0x000000008b500000, 0x000000008b600000|  0%| F|  |TAMS 0x000000008b500000, 0x000000008b500000| Untracked 
| 182|0x000000008b600000, 0x000000008b600000, 0x000000008b700000|  0%| F|  |TAMS 0x000000008b600000, 0x000000008b600000| Untracked 
| 183|0x000000008b700000, 0x000000008b700000, 0x000000008b800000|  0%| F|  |TAMS 0x000000008b700000, 0x000000008b700000| Untracked 
| 184|0x000000008b800000, 0x000000008b800000, 0x000000008b900000|  0%| F|  |TAMS 0x000000008b800000, 0x000000008b800000| Untracked 
| 185|0x000000008b900000, 0x000000008b900000, 0x000000008ba00000|  0%| F|  |TAMS 0x000000008b900000, 0x000000008b900000| Untracked 
| 186|0x000000008ba00000, 0x000000008ba00000, 0x000000008bb00000|  0%| F|  |TAMS 0x000000008ba00000, 0x000000008ba00000| Untracked 
| 187|0x000000008bb00000, 0x000000008bb00000, 0x000000008bc00000|  0%| F|  |TAMS 0x000000008bb00000, 0x000000008bb00000| Untracked 
| 188|0x000000008bc00000, 0x000000008bc00000, 0x000000008bd00000|  0%| F|  |TAMS 0x000000008bc00000, 0x000000008bc00000| Untracked 
| 189|0x000000008bd00000, 0x000000008bd00000, 0x000000008be00000|  0%| F|  |TAMS 0x000000008bd00000, 0x000000008bd00000| Untracked 
| 190|0x000000008be00000, 0x000000008be00000, 0x000000008bf00000|  0%| F|  |TAMS 0x000000008be00000, 0x000000008be00000| Untracked 
| 191|0x000000008bf00000, 0x000000008bf00000, 0x000000008c000000|  0%| F|  |TAMS 0x000000008bf00000, 0x000000008bf00000| Untracked 
| 192|0x000000008c000000, 0x000000008c000000, 0x000000008c100000|  0%| F|  |TAMS 0x000000008c000000, 0x000000008c000000| Untracked 
| 193|0x000000008c100000, 0x000000008c100000, 0x000000008c200000|  0%| F|  |TAMS 0x000000008c100000, 0x000000008c100000| Untracked 
| 194|0x000000008c200000, 0x000000008c200000, 0x000000008c300000|  0%| F|  |TAMS 0x000000008c200000, 0x000000008c200000| Untracked 
| 195|0x000000008c300000, 0x000000008c300000, 0x000000008c400000|  0%| F|  |TAMS 0x000000008c300000, 0x000000008c300000| Untracked 
| 196|0x000000008c400000, 0x000000008c400000, 0x000000008c500000|  0%| F|  |TAMS 0x000000008c400000, 0x000000008c400000| Untracked 
| 197|0x000000008c500000, 0x000000008c500000, 0x000000008c600000|  0%| F|  |TAMS 0x000000008c500000, 0x000000008c500000| Untracked 
| 198|0x000000008c600000, 0x000000008c600000, 0x000000008c700000|  0%| F|  |TAMS 0x000000008c600000, 0x000000008c600000| Untracked 
| 199|0x000000008c700000, 0x000000008c700000, 0x000000008c800000|  0%| F|  |TAMS 0x000000008c700000, 0x000000008c700000| Untracked 
| 200|0x000000008c800000, 0x000000008c800000, 0x000000008c900000|  0%| F|  |TAMS 0x000000008c800000, 0x000000008c800000| Untracked 
| 201|0x000000008c900000, 0x000000008c900000, 0x000000008ca00000|  0%| F|  |TAMS 0x000000008c900000, 0x000000008c900000| Untracked 
| 202|0x000000008ca00000, 0x000000008ca00000, 0x000000008cb00000|  0%| F|  |TAMS 0x000000008ca00000, 0x000000008ca00000| Untracked 
| 203|0x000000008cb00000, 0x000000008cb00000, 0x000000008cc00000|  0%| F|  |TAMS 0x000000008cb00000, 0x000000008cb00000| Untracked 
| 204|0x000000008cc00000, 0x000000008cc00000, 0x000000008cd00000|  0%| F|  |TAMS 0x000000008cc00000, 0x000000008cc00000| Untracked 
| 205|0x000000008cd00000, 0x000000008cd00000, 0x000000008ce00000|  0%| F|  |TAMS 0x000000008cd00000, 0x000000008cd00000| Untracked 
| 206|0x000000008ce00000, 0x000000008ce00000, 0x000000008cf00000|  0%| F|  |TAMS 0x000000008ce00000, 0x000000008ce00000| Untracked 
| 207|0x000000008cf00000, 0x000000008cf00000, 0x000000008d000000|  0%| F|  |TAMS 0x000000008cf00000, 0x000000008cf00000| Untracked 
| 208|0x000000008d000000, 0x000000008d000000, 0x000000008d100000|  0%| F|  |TAMS 0x000000008d000000, 0x000000008d000000| Untracked 
| 209|0x000000008d100000, 0x000000008d100000, 0x000000008d200000|  0%| F|  |TAMS 0x000000008d100000, 0x000000008d100000| Untracked 
| 210|0x000000008d200000, 0x000000008d200000, 0x000000008d300000|  0%| F|  |TAMS 0x000000008d200000, 0x000000008d200000| Untracked 
| 211|0x000000008d300000, 0x000000008d300000, 0x000000008d400000|  0%| F|  |TAMS 0x000000008d300000, 0x000000008d300000| Untracked 
| 212|0x000000008d400000, 0x000000008d400000, 0x000000008d500000|  0%| F|  |TAMS 0x000000008d400000, 0x000000008d400000| Untracked 
| 213|0x000000008d500000, 0x000000008d500000, 0x000000008d600000|  0%| F|  |TAMS 0x000000008d500000, 0x000000008d500000| Untracked 
| 214|0x000000008d600000, 0x000000008d600000, 0x000000008d700000|  0%| F|  |TAMS 0x000000008d600000, 0x000000008d600000| Untracked 
| 215|0x000000008d700000, 0x000000008d700000, 0x000000008d800000|  0%| F|  |TAMS 0x000000008d700000, 0x000000008d700000| Untracked 
| 216|0x000000008d800000, 0x000000008d800000, 0x000000008d900000|  0%| F|  |TAMS 0x000000008d800000, 0x000000008d800000| Untracked 
| 217|0x000000008d900000, 0x000000008d900000, 0x000000008da00000|  0%| F|  |TAMS 0x000000008d900000, 0x000000008d900000| Untracked 
| 218|0x000000008da00000, 0x000000008da00000, 0x000000008db00000|  0%| F|  |TAMS 0x000000008da00000, 0x000000008da00000| Untracked 
| 219|0x000000008db00000, 0x000000008db00000, 0x000000008dc00000|  0%| F|  |TAMS 0x000000008db00000, 0x000000008db00000| Untracked 
| 220|0x000000008dc00000, 0x000000008dc00000, 0x000000008dd00000|  0%| F|  |TAMS 0x000000008dc00000, 0x000000008dc00000| Untracked 
| 221|0x000000008dd00000, 0x000000008dd00000, 0x000000008de00000|  0%| F|  |TAMS 0x000000008dd00000, 0x000000008dd00000| Untracked 
| 222|0x000000008de00000, 0x000000008de00000, 0x000000008df00000|  0%| F|  |TAMS 0x000000008de00000, 0x000000008de00000| Untracked 
| 223|0x000000008df00000, 0x000000008df00000, 0x000000008e000000|  0%| F|  |TAMS 0x000000008df00000, 0x000000008df00000| Untracked 
| 224|0x000000008e000000, 0x000000008e000000, 0x000000008e100000|  0%| F|  |TAMS 0x000000008e000000, 0x000000008e000000| Untracked 
| 225|0x000000008e100000, 0x000000008e100000, 0x000000008e200000|  0%| F|  |TAMS 0x000000008e100000, 0x000000008e100000| Untracked 
| 226|0x000000008e200000, 0x000000008e200000, 0x000000008e300000|  0%| F|  |TAMS 0x000000008e200000, 0x000000008e200000| Untracked 
| 227|0x000000008e300000, 0x000000008e300000, 0x000000008e400000|  0%| F|  |TAMS 0x000000008e300000, 0x000000008e300000| Untracked 
| 228|0x000000008e400000, 0x000000008e400000, 0x000000008e500000|  0%| F|  |TAMS 0x000000008e400000, 0x000000008e400000| Untracked 
| 229|0x000000008e500000, 0x000000008e500000, 0x000000008e600000|  0%| F|  |TAMS 0x000000008e500000, 0x000000008e500000| Untracked 
| 230|0x000000008e600000, 0x000000008e600000, 0x000000008e700000|  0%| F|  |TAMS 0x000000008e600000, 0x000000008e600000| Untracked 
| 231|0x000000008e700000, 0x000000008e700000, 0x000000008e800000|  0%| F|  |TAMS 0x000000008e700000, 0x000000008e700000| Untracked 
| 232|0x000000008e800000, 0x000000008e800000, 0x000000008e900000|  0%| F|  |TAMS 0x000000008e800000, 0x000000008e800000| Untracked 
| 233|0x000000008e900000, 0x000000008e900000, 0x000000008ea00000|  0%| F|  |TAMS 0x000000008e900000, 0x000000008e900000| Untracked 
| 234|0x000000008ea00000, 0x000000008ea00000, 0x000000008eb00000|  0%| F|  |TAMS 0x000000008ea00000, 0x000000008ea00000| Untracked 
| 235|0x000000008eb00000, 0x000000008eb00000, 0x000000008ec00000|  0%| F|  |TAMS 0x000000008eb00000, 0x000000008eb00000| Untracked 
| 236|0x000000008ec00000, 0x000000008ec00000, 0x000000008ed00000|  0%| F|  |TAMS 0x000000008ec00000, 0x000000008ec00000| Untracked 
| 237|0x000000008ed00000, 0x000000008ed00000, 0x000000008ee00000|  0%| F|  |TAMS 0x000000008ed00000, 0x000000008ed00000| Untracked 
| 238|0x000000008ee00000, 0x000000008ee00000, 0x000000008ef00000|  0%| F|  |TAMS 0x000000008ee00000, 0x000000008ee00000| Untracked 
| 239|0x000000008ef00000, 0x000000008ef00000, 0x000000008f000000|  0%| F|  |TAMS 0x000000008ef00000, 0x000000008ef00000| Untracked 
| 240|0x000000008f000000, 0x000000008f000000, 0x000000008f100000|  0%| F|  |TAMS 0x000000008f000000, 0x000000008f000000| Untracked 
| 241|0x000000008f100000, 0x000000008f100000, 0x000000008f200000|  0%| F|  |TAMS 0x000000008f100000, 0x000000008f100000| Untracked 
| 242|0x000000008f200000, 0x000000008f200000, 0x000000008f300000|  0%| F|  |TAMS 0x000000008f200000, 0x000000008f200000| Untracked 
| 243|0x000000008f300000, 0x000000008f300000, 0x000000008f400000|  0%| F|  |TAMS 0x000000008f300000, 0x000000008f300000| Untracked 
| 244|0x000000008f400000, 0x000000008f400000, 0x000000008f500000|  0%| F|  |TAMS 0x000000008f400000, 0x000000008f400000| Untracked 
| 245|0x000000008f500000, 0x000000008f500000, 0x000000008f600000|  0%| F|  |TAMS 0x000000008f500000, 0x000000008f500000| Untracked 
| 246|0x000000008f600000, 0x000000008f681258, 0x000000008f700000| 50%| E|  |TAMS 0x000000008f600000, 0x000000008f600000| Complete 
| 247|0x000000008f700000, 0x000000008f800000, 0x000000008f800000|100%| E|CS|TAMS 0x000000008f700000, 0x000000008f700000| Complete 
| 248|0x000000008f800000, 0x000000008f900000, 0x000000008f900000|100%| E|CS|TAMS 0x000000008f800000, 0x000000008f800000| Complete 
| 249|0x000000008f900000, 0x000000008fa00000, 0x000000008fa00000|100%| E|CS|TAMS 0x000000008f900000, 0x000000008f900000| Complete 
| 250|0x000000008fa00000, 0x000000008fb00000, 0x000000008fb00000|100%| E|CS|TAMS 0x000000008fa00000, 0x000000008fa00000| Complete 
| 251|0x000000008fb00000, 0x000000008fc00000, 0x000000008fc00000|100%| E|CS|TAMS 0x000000008fb00000, 0x000000008fb00000| Complete 
| 252|0x000000008fc00000, 0x000000008fd00000, 0x000000008fd00000|100%| E|CS|TAMS 0x000000008fc00000, 0x000000008fc00000| Complete 
| 253|0x000000008fd00000, 0x000000008fe00000, 0x000000008fe00000|100%| E|CS|TAMS 0x000000008fd00000, 0x000000008fd00000| Complete 
| 254|0x000000008fe00000, 0x000000008ff00000, 0x000000008ff00000|100%| E|CS|TAMS 0x000000008fe00000, 0x000000008fe00000| Complete 
| 255|0x000000008ff00000, 0x0000000090000000, 0x0000000090000000|100%| E|CS|TAMS 0x000000008ff00000, 0x000000008ff00000| Complete 
| 256|0x0000000090000000, 0x0000000090100000, 0x0000000090100000|100%| E|CS|TAMS 0x0000000090000000, 0x0000000090000000| Complete 
| 257|0x0000000090100000, 0x00000000901e8100, 0x0000000090200000| 90%| S|CS|TAMS 0x0000000090100000, 0x0000000090100000| Complete 
| 258|0x0000000090200000, 0x0000000090300000, 0x0000000090300000|100%| S|CS|TAMS 0x0000000090200000, 0x0000000090200000| Complete 
| 259|0x0000000090300000, 0x0000000090400000, 0x0000000090400000|100%| S|CS|TAMS 0x0000000090300000, 0x0000000090300000| Complete 
| 260|0x0000000090400000, 0x0000000090500000, 0x0000000090500000|100%| S|CS|TAMS 0x0000000090400000, 0x0000000090400000| Complete 
| 261|0x0000000090500000, 0x0000000090600000, 0x0000000090600000|100%| S|CS|TAMS 0x0000000090500000, 0x0000000090500000| Complete 
| 262|0x0000000090600000, 0x0000000090700000, 0x0000000090700000|100%| S|CS|TAMS 0x0000000090600000, 0x0000000090600000| Complete 
| 263|0x0000000090700000, 0x0000000090800000, 0x0000000090800000|100%| S|CS|TAMS 0x0000000090700000, 0x0000000090700000| Complete 
| 264|0x0000000090800000, 0x0000000090900000, 0x0000000090900000|100%| S|CS|TAMS 0x0000000090800000, 0x0000000090800000| Complete 
| 265|0x0000000090900000, 0x0000000090a00000, 0x0000000090a00000|100%| S|CS|TAMS 0x0000000090900000, 0x0000000090900000| Complete 
| 266|0x0000000090a00000, 0x0000000090b00000, 0x0000000090b00000|100%| S|CS|TAMS 0x0000000090a00000, 0x0000000090a00000| Complete 
| 267|0x0000000090b00000, 0x0000000090c00000, 0x0000000090c00000|100%| E|CS|TAMS 0x0000000090b00000, 0x0000000090b00000| Complete 
| 268|0x0000000090c00000, 0x0000000090d00000, 0x0000000090d00000|100%| E|CS|TAMS 0x0000000090c00000, 0x0000000090c00000| Complete 
| 269|0x0000000090d00000, 0x0000000090e00000, 0x0000000090e00000|100%| E|CS|TAMS 0x0000000090d00000, 0x0000000090d00000| Complete 
| 270|0x0000000090e00000, 0x0000000090f00000, 0x0000000090f00000|100%| E|CS|TAMS 0x0000000090e00000, 0x0000000090e00000| Complete 
| 271|0x0000000090f00000, 0x0000000091000000, 0x0000000091000000|100%| E|CS|TAMS 0x0000000090f00000, 0x0000000090f00000| Complete 
| 272|0x0000000091000000, 0x0000000091100000, 0x0000000091100000|100%| E|CS|TAMS 0x0000000091000000, 0x0000000091000000| Complete 
| 273|0x0000000091100000, 0x0000000091200000, 0x0000000091200000|100%| E|CS|TAMS 0x0000000091100000, 0x0000000091100000| Complete 
| 274|0x0000000091200000, 0x0000000091300000, 0x0000000091300000|100%| E|CS|TAMS 0x0000000091200000, 0x0000000091200000| Complete 
| 275|0x0000000091300000, 0x0000000091400000, 0x0000000091400000|100%| E|CS|TAMS 0x0000000091300000, 0x0000000091300000| Complete 
| 276|0x0000000091400000, 0x0000000091500000, 0x0000000091500000|100%| E|CS|TAMS 0x0000000091400000, 0x0000000091400000| Complete 
| 277|0x0000000091500000, 0x0000000091600000, 0x0000000091600000|100%| E|CS|TAMS 0x0000000091500000, 0x0000000091500000| Complete 
| 278|0x0000000091600000, 0x0000000091700000, 0x0000000091700000|100%| E|CS|TAMS 0x0000000091600000, 0x0000000091600000| Complete 
| 279|0x0000000091700000, 0x0000000091800000, 0x0000000091800000|100%| E|CS|TAMS 0x0000000091700000, 0x0000000091700000| Complete 
| 280|0x0000000091800000, 0x0000000091900000, 0x0000000091900000|100%| E|CS|TAMS 0x0000000091800000, 0x0000000091800000| Complete 
| 281|0x0000000091900000, 0x0000000091a00000, 0x0000000091a00000|100%| E|CS|TAMS 0x0000000091900000, 0x0000000091900000| Complete 
| 282|0x0000000091a00000, 0x0000000091b00000, 0x0000000091b00000|100%| E|CS|TAMS 0x0000000091a00000, 0x0000000091a00000| Complete 
| 283|0x0000000091b00000, 0x0000000091c00000, 0x0000000091c00000|100%| E|CS|TAMS 0x0000000091b00000, 0x0000000091b00000| Complete 
| 284|0x0000000091c00000, 0x0000000091d00000, 0x0000000091d00000|100%| E|CS|TAMS 0x0000000091c00000, 0x0000000091c00000| Complete 
| 285|0x0000000091d00000, 0x0000000091e00000, 0x0000000091e00000|100%| E|CS|TAMS 0x0000000091d00000, 0x0000000091d00000| Complete 
| 286|0x0000000091e00000, 0x0000000091f00000, 0x0000000091f00000|100%| E|CS|TAMS 0x0000000091e00000, 0x0000000091e00000| Complete 
| 287|0x0000000091f00000, 0x0000000092000000, 0x0000000092000000|100%| E|CS|TAMS 0x0000000091f00000, 0x0000000091f00000| Complete 
| 288|0x0000000092000000, 0x0000000092100000, 0x0000000092100000|100%| E|CS|TAMS 0x0000000092000000, 0x0000000092000000| Complete 
| 289|0x0000000092100000, 0x0000000092200000, 0x0000000092200000|100%| E|CS|TAMS 0x0000000092100000, 0x0000000092100000| Complete 
| 290|0x0000000092200000, 0x0000000092300000, 0x0000000092300000|100%| E|CS|TAMS 0x0000000092200000, 0x0000000092200000| Complete 
| 291|0x0000000092300000, 0x0000000092400000, 0x0000000092400000|100%| E|CS|TAMS 0x0000000092300000, 0x0000000092300000| Complete 
| 292|0x0000000092400000, 0x0000000092500000, 0x0000000092500000|100%| E|CS|TAMS 0x0000000092400000, 0x0000000092400000| Complete 
| 293|0x0000000092500000, 0x0000000092600000, 0x0000000092600000|100%| E|CS|TAMS 0x0000000092500000, 0x0000000092500000| Complete 
| 294|0x0000000092600000, 0x0000000092700000, 0x0000000092700000|100%| E|CS|TAMS 0x0000000092600000, 0x0000000092600000| Complete 
| 295|0x0000000092700000, 0x0000000092800000, 0x0000000092800000|100%| E|CS|TAMS 0x0000000092700000, 0x0000000092700000| Complete 
| 296|0x0000000092800000, 0x0000000092900000, 0x0000000092900000|100%| E|CS|TAMS 0x0000000092800000, 0x0000000092800000| Complete 
| 297|0x0000000092900000, 0x0000000092a00000, 0x0000000092a00000|100%| E|CS|TAMS 0x0000000092900000, 0x0000000092900000| Complete 
| 298|0x0000000092a00000, 0x0000000092b00000, 0x0000000092b00000|100%| E|  |TAMS 0x0000000092a00000, 0x0000000092a00000| Complete 
| 299|0x0000000092b00000, 0x0000000092c00000, 0x0000000092c00000|100%| E|CS|TAMS 0x0000000092b00000, 0x0000000092b00000| Complete 

Card table byte_map: [0x000001db754c0000,0x000001db758c0000] _byte_map_base: 0x000001db750c0000

Marking Bits (Prev, Next): (CMBitMap*) 0x000001db714fc880, (CMBitMap*) 0x000001db714fc848
 Prev Bits: [0x000001db77cc0000, 0x000001db79cc0000)
 Next Bits: [0x000001db75cc0000, 0x000001db77cc0000)

Polling page: 0x000001db6f4a0000

Metaspace:

Usage:
  Non-class:    121.07 MB capacity,   117.91 MB ( 97%) used,     2.63 MB (  2%) free+waste,   541.69 KB ( <1%) overhead. 
      Class:     18.64 MB capacity,    16.91 MB ( 91%) used,     1.49 MB (  8%) free+waste,   240.38 KB (  1%) overhead. 
       Both:    139.71 MB capacity,   134.82 MB ( 97%) used,     4.12 MB (  3%) free+waste,   782.06 KB ( <1%) overhead. 

Virtual space:
  Non-class space:      122.00 MB reserved,     122.00 MB (100%) committed 
      Class space:        1.00 GB reserved,      18.95 MB (  2%) committed 
             Both:        1.12 GB reserved,     140.95 MB ( 12%) committed 

Chunk freelists:
   Non-Class:  956.00 KB
       Class:  242.00 KB
        Both:  1.17 MB

MaxMetaspaceSize: 17179869184.00 GB
CompressedClassSpaceSize: 1.00 GB

CodeHeap 'non-profiled nmethods': size=120064Kb used=17690Kb max_used=17690Kb free=102373Kb
 bounds [0x000001db07ac0000, 0x000001db08c10000, 0x000001db0f000000]
CodeHeap 'profiled nmethods': size=120000Kb used=54269Kb max_used=54269Kb free=65730Kb
 bounds [0x000001db00590000, 0x000001db03ac0000, 0x000001db07ac0000]
CodeHeap 'non-nmethods': size=5696Kb used=2387Kb max_used=2467Kb free=3308Kb
 bounds [0x000001db00000000, 0x000001db00280000, 0x000001db00590000]
 total_blobs=26264 nmethods=25226 adapters=948
 compilation: enabled
              stopped_count=0, restarted_count=0
 full_count=0

Compilation events (20 events):
Event: 8471.882 Thread 0x000001db7cda6000 28093       2       org.codehaus.groovy.vmplugin.v9.Java9::getOrTransformMetaMethod (33 bytes)
Event: 8471.883 Thread 0x000001db7cda6000 nmethod 28093 0x000001db021ec890 code [0x000001db021eca40, 0x000001db021ecbe8]
Event: 8471.883 Thread 0x000001db7cda6000 28094       2       org.codehaus.groovy.runtime.metaclass.MetaClassRegistryImpl::getMetaClass (12 bytes)
Event: 8471.883 Thread 0x000001db7cda6000 nmethod 28094 0x000001db02318e90 code [0x000001db023190c0, 0x000001db02319538]
Event: 8471.883 Thread 0x000001db7cda6000 28095       2       org.codehaus.groovy.reflection.ClassInfo::getMetaClass (17 bytes)
Event: 8471.884 Thread 0x000001db7cda6000 nmethod 28095 0x000001db0231ad10 code [0x000001db0231af80, 0x000001db0231b6a8]
Event: 8471.884 Thread 0x000001db7cda6000 28097       2       org.codehaus.groovy.vmplugin.v9.Java9::transformMetaMethod (48 bytes)
Event: 8471.885 Thread 0x000001db7cda6000 nmethod 28097 0x000001db02310e10 code [0x000001db02310fe0, 0x000001db02311248]
Event: 8471.885 Thread 0x000001db7cda6000 28096       2       org.codehaus.groovy.runtime.InvokerHelper::getMetaClass (28 bytes)
Event: 8471.885 Thread 0x000001db7cda6000 nmethod 28096 0x000001db0231e310 code [0x000001db0231e520, 0x000001db0231e8e8]
Event: 8471.886 Thread 0x000001db7cda6000 28098       2       org.gradle.api.internal.project.DefaultProject_Decorated::getProjectRegistry (32 bytes)
Event: 8471.886 Thread 0x000001db7cda6000 nmethod 28098 0x000001db022f6890 code [0x000001db022f6a60, 0x000001db022f6c48]
Event: 8471.889 Thread 0x000001db7cda6000 28099       2       org.codehaus.groovy.runtime.ScriptBytecodeAdapter::compareEqual (99 bytes)
Event: 8471.889 Thread 0x000001db7cda6000 nmethod 28099 0x000001db02314f10 code [0x000001db02315100, 0x000001db02315398]
Event: 8471.889 Thread 0x000001db7cda6000 28101       2       com.google.common.base.Strings::isNullOrEmpty (5 bytes)
Event: 8471.889 Thread 0x000001db7cda6000 nmethod 28101 0x000001db02273a10 code [0x000001db02273bc0, 0x000001db02273cf8]
Event: 8471.889 Thread 0x000001db7cda6000 28100       2       groovy.lang.MetaClassImpl::getMethodWithCaching (65 bytes)
Event: 8471.890 Thread 0x000001db7cda6000 nmethod 28100 0x000001db0231d810 code [0x000001db0231da60, 0x000001db0231dfe8]
Event: 8471.890 Thread 0x000001db7cda6000 28102       2       org.codehaus.groovy.reflection.ClassInfo::getVersion (8 bytes)
Event: 8471.890 Thread 0x000001db7cda6000 nmethod 28102 0x000001db0220b610 code [0x000001db0220b7c0, 0x000001db0220b8b8]

GC Heap History (20 events):
Event: 1843.870 GC heap before
{Heap before GC invocations=64 (full 0):
 garbage-first heap   total 311296K, used 303914K [0x0000000080000000, 0x0000000100000000)
  region size 1024K, 123 young (125952K), 15 survivors (15360K)
 Metaspace       used 128448K, capacity 133693K, committed 133836K, reserved 1165312K
  class space    used 16126K, capacity 17998K, committed 18124K, reserved 1048576K
}
Event: 1843.880 GC heap after
{Heap after GC invocations=65 (full 0):
 garbage-first heap   total 315392K, used 123292K [0x0000000080000000, 0x0000000100000000)
  region size 1024K, 3 young (3072K), 3 survivors (3072K)
 Metaspace       used 128448K, capacity 133693K, committed 133836K, reserved 1165312K
  class space    used 16126K, capacity 17998K, committed 18124K, reserved 1048576K
}
Event: 1979.971 GC heap before
{Heap before GC invocations=65 (full 0):
 garbage-first heap   total 315392K, used 134556K [0x0000000080000000, 0x0000000100000000)
  region size 1024K, 15 young (15360K), 3 survivors (3072K)
 Metaspace       used 128458K, capacity 133693K, committed 133836K, reserved 1165312K
  class space    used 16126K, capacity 17998K, committed 18124K, reserved 1048576K
}
Event: 1979.980 GC heap after
{Heap after GC invocations=66 (full 0):
 garbage-first heap   total 315392K, used 118570K [0x0000000080000000, 0x0000000100000000)
  region size 1024K, 2 young (2048K), 2 survivors (2048K)
 Metaspace       used 128458K, capacity 133693K, committed 133836K, reserved 1165312K
  class space    used 16126K, capacity 17998K, committed 18124K, reserved 1048576K
}
Event: 1983.221 GC heap before
{Heap before GC invocations=66 (full 0):
 garbage-first heap   total 315392K, used 233258K [0x0000000080000000, 0x0000000100000000)
  region size 1024K, 116 young (118784K), 2 survivors (2048K)
 Metaspace       used 129276K, capacity 134521K, committed 134732K, reserved 1165312K
  class space    used 16240K, capacity 18125K, committed 18252K, reserved 1048576K
}
Event: 1983.238 GC heap after
{Heap after GC invocations=67 (full 0):
 garbage-first heap   total 315392K, used 130539K [0x0000000080000000, 0x0000000100000000)
  region size 1024K, 14 young (14336K), 14 survivors (14336K)
 Metaspace       used 129276K, capacity 134521K, committed 134732K, reserved 1165312K
  class space    used 16240K, capacity 18125K, committed 18252K, reserved 1048576K
}
Event: 5583.240 GC heap before
{Heap before GC invocations=68 (full 0):
 garbage-first heap   total 315392K, used 242155K [0x0000000080000000, 0x0000000100000000)
  region size 1024K, 93 young (95232K), 14 survivors (14336K)
 Metaspace       used 129060K, capacity 134250K, committed 134988K, reserved 1165312K
  class space    used 16170K, capacity 17989K, committed 18252K, reserved 1048576K
}
Event: 5583.368 GC heap after
{Heap after GC invocations=69 (full 1):
 garbage-first heap   total 307200K, used 87543K [0x0000000080000000, 0x0000000100000000)
  region size 1024K, 0 young (0K), 0 survivors (0K)
 Metaspace       used 129039K, capacity 134216K, committed 134988K, reserved 1165312K
  class space    used 16163K, capacity 17976K, committed 18252K, reserved 1048576K
}
Event: 8468.465 GC heap before
{Heap before GC invocations=69 (full 1):
 garbage-first heap   total 307200K, used 150007K [0x0000000080000000, 0x0000000100000000)
  region size 1024K, 62 young (63488K), 0 survivors (0K)
 Metaspace       used 129199K, capacity 134399K, committed 134988K, reserved 1165312K
  class space    used 16195K, capacity 18027K, committed 18252K, reserved 1048576K
}
Event: 8468.468 GC heap after
{Heap after GC invocations=70 (full 1):
 garbage-first heap   total 307200K, used 89591K [0x0000000080000000, 0x0000000100000000)
  region size 1024K, 2 young (2048K), 2 survivors (2048K)
 Metaspace       used 129199K, capacity 134399K, committed 134988K, reserved 1165312K
  class space    used 16195K, capacity 18027K, committed 18252K, reserved 1048576K
}
Event: 8470.086 GC heap before
{Heap before GC invocations=71 (full 1):
 garbage-first heap   total 307200K, used 230903K [0x0000000080000000, 0x0000000100000000)
  region size 1024K, 132 young (135168K), 2 survivors (2048K)
 Metaspace       used 133087K, capacity 137668K, committed 139596K, reserved 1169408K
  class space    used 16672K, capacity 18316K, committed 18764K, reserved 1048576K
}
Event: 8470.099 GC heap after
{Heap after GC invocations=72 (full 1):
 garbage-first heap   total 307200K, used 104951K [0x0000000080000000, 0x0000000100000000)
  region size 1024K, 8 young (8192K), 8 survivors (8192K)
 Metaspace       used 133087K, capacity 137668K, committed 139596K, reserved 1169408K
  class space    used 16672K, capacity 18316K, committed 18764K, reserved 1048576K
}
Event: 8470.124 GC heap before
{Heap before GC invocations=72 (full 1):
 garbage-first heap   total 307200K, used 106999K [0x0000000080000000, 0x0000000100000000)
  region size 1024K, 11 young (11264K), 8 survivors (8192K)
 Metaspace       used 133107K, capacity 137680K, committed 139596K, reserved 1169408K
  class space    used 16676K, capacity 18320K, committed 18764K, reserved 1048576K
}
Event: 8470.134 GC heap after
{Heap after GC invocations=73 (full 1):
 garbage-first heap   total 307200K, used 104951K [0x0000000080000000, 0x0000000100000000)
  region size 1024K, 8 young (8192K), 8 survivors (8192K)
 Metaspace       used 133107K, capacity 137680K, committed 139596K, reserved 1169408K
  class space    used 16676K, capacity 18320K, committed 18764K, reserved 1048576K
}
Event: 8470.660 GC heap before
{Heap before GC invocations=74 (full 1):
 garbage-first heap   total 307200K, used 184823K [0x0000000080000000, 0x0000000100000000)
  region size 1024K, 84 young (86016K), 8 survivors (8192K)
 Metaspace       used 134433K, capacity 139214K, committed 141132K, reserved 1171456K
  class space    used 16822K, capacity 18553K, committed 19020K, reserved 1048576K
}
Event: 8470.681 GC heap after
{Heap after GC invocations=75 (full 1):
 garbage-first heap   total 307200K, used 112859K [0x0000000080000000, 0x0000000100000000)
  region size 1024K, 5 young (5120K), 5 survivors (5120K)
 Metaspace       used 134433K, capacity 139214K, committed 141132K, reserved 1171456K
  class space    used 16822K, capacity 18553K, committed 19020K, reserved 1048576K
}
Event: 8471.175 GC heap before
{Heap before GC invocations=76 (full 1):
 garbage-first heap   total 307200K, used 201947K [0x0000000080000000, 0x0000000100000000)
  region size 1024K, 89 young (91136K), 5 survivors (5120K)
 Metaspace       used 134915K, capacity 139829K, committed 141388K, reserved 1171456K
  class space    used 16884K, capacity 18647K, committed 19020K, reserved 1048576K
}
Event: 8471.185 GC heap after
{Heap after GC invocations=77 (full 1):
 garbage-first heap   total 307200K, used 122817K [0x0000000080000000, 0x0000000100000000)
  region size 1024K, 11 young (11264K), 11 survivors (11264K)
 Metaspace       used 134915K, capacity 139829K, committed 141388K, reserved 1171456K
  class space    used 16884K, capacity 18647K, committed 19020K, reserved 1048576K
}
Event: 8471.457 GC heap before
{Heap before GC invocations=77 (full 1):
 garbage-first heap   total 307200K, used 155585K [0x0000000080000000, 0x0000000100000000)
  region size 1024K, 44 young (45056K), 11 survivors (11264K)
 Metaspace       used 136140K, capacity 141096K, committed 142668K, reserved 1173504K
  class space    used 17066K, capacity 18879K, committed 19276K, reserved 1048576K
}
Event: 8471.471 GC heap after
{Heap after GC invocations=78 (full 1):
 garbage-first heap   total 307200K, used 126714K [0x0000000080000000, 0x0000000100000000)
  region size 1024K, 10 young (10240K), 10 survivors (10240K)
 Metaspace       used 136140K, capacity 141096K, committed 142668K, reserved 1173504K
  class space    used 17066K, capacity 18879K, committed 19276K, reserved 1048576K
}

Deoptimization events (20 events):
Event: 8471.684 Thread 0x000001db7dbe2800 DEOPT PACKING pc=0x000001db020dd6c4 sp=0x000000241cff99c0
Event: 8471.684 Thread 0x000001db7dbe2800 DEOPT UNPACKING pc=0x000001db000266bf sp=0x000000241cff8f60 mode 0
Event: 8471.701 Thread 0x000001db7dbe2800 Uncommon trap: trap_request=0xffffffde fr.pc=0x000001db08591404 relative=0x0000000000000344
Event: 8471.701 Thread 0x000001db7dbe2800 Uncommon trap: reason=class_check action=maybe_recompile pc=0x000001db08591404 method=org.gradle.api.internal.artifacts.ivyservice.modulecache.ModuleComponentAtRepositoryKey.<init>(Ljava/lang/String;Lorg/gradle/api/artifacts/component/ModuleComponentIdent
Event: 8471.701 Thread 0x000001db7dbe2800 DEOPT PACKING pc=0x000001db08591404 sp=0x000000241cffa650
Event: 8471.701 Thread 0x000001db7dbe2800 DEOPT UNPACKING pc=0x000001db000262a9 sp=0x000000241cffa5f8 mode 2
Event: 8471.708 Thread 0x000001db7dbe2800 DEOPT PACKING pc=0x000001db020dd6c4 sp=0x000000241cff9920
Event: 8471.708 Thread 0x000001db7dbe2800 DEOPT UNPACKING pc=0x000001db000266bf sp=0x000000241cff8ec0 mode 0
Event: 8471.731 Thread 0x000001db7dbe2800 DEOPT PACKING pc=0x000001db020dd6c4 sp=0x000000241cffa000
Event: 8471.731 Thread 0x000001db7dbe2800 DEOPT UNPACKING pc=0x000001db000266bf sp=0x000000241cff95a0 mode 0
Event: 8471.754 Thread 0x000001db7dbe2800 DEOPT PACKING pc=0x000001db020dd6c4 sp=0x000000241cff9920
Event: 8471.754 Thread 0x000001db7dbe2800 DEOPT UNPACKING pc=0x000001db000266bf sp=0x000000241cff8ec0 mode 0
Event: 8471.775 Thread 0x000001db7dbe2800 DEOPT PACKING pc=0x000001db020dd6c4 sp=0x000000241cffa000
Event: 8471.775 Thread 0x000001db7dbe2800 DEOPT UNPACKING pc=0x000001db000266bf sp=0x000000241cff95a0 mode 0
Event: 8471.815 Thread 0x000001db7dbe2800 Uncommon trap: trap_request=0x000007d8 fr.pc=0x000001db07e87b34 relative=0x0000000000004ef4
Event: 8471.815 Thread 0x000001db7dbe2800 Uncommon trap: reason=unloaded action=reinterpret pc=0x000001db07e87b34 method=groovy.lang.MetaClassImpl.checkIfStdMethod(Lgroovy/lang/MetaMethod;)V @ 170 c2
Event: 8471.817 Thread 0x000001db7dbe2800 DEOPT PACKING pc=0x000001db07e87b34 sp=0x000000241cff9b70
Event: 8471.817 Thread 0x000001db7dbe2800 DEOPT UNPACKING pc=0x000001db000262a9 sp=0x000000241cff9b30 mode 2
Event: 8471.854 Thread 0x000001db7dbe2800 DEOPT PACKING pc=0x000001db012ae96b sp=0x000000241cffa050
Event: 8471.854 Thread 0x000001db7dbe2800 DEOPT UNPACKING pc=0x000001db000266bf sp=0x000000241cff94b0 mode 0

Classes redefined (0 events):
No events

Internal exceptions (20 events):
Event: 8471.623 Thread 0x000001db7dbe2800 Exception <a 'java/lang/ClassNotFoundException'{0x00000000923bc750}: org/jetbrains/plugins/gradle/tooling/util/SourceSetCachedFinder$ArtifactsMapBeanInfo> (0x00000000923bc750) thrown at [./src/hotspot/share/classfile/systemDictionary.cpp, line 231]
Event: 8471.623 Thread 0x000001db7dbe2800 Exception <a 'java/lang/ClassNotFoundException'{0x00000000923cfec8}: org/jetbrains/plugins/gradle/tooling/util/SourceSetCachedFinder$ArtifactsMapCustomizer> (0x00000000923cfec8) thrown at [./src/hotspot/share/classfile/systemDictionary.cpp, line 231]
Event: 8471.803 Thread 0x000001db7dbe2800 Exception <a 'java/lang/ClassNotFoundException'{0x0000000091275938}: org/gradle/api/internal/artifacts/configurations/DefaultConfigurationContainer_DecoratedBeanInfo> (0x0000000091275938) thrown at [./src/hotspot/share/classfile/systemDictionary.cpp, line 231]
Event: 8471.804 Thread 0x000001db7dbe2800 Exception <a 'java/lang/ClassNotFoundException'{0x000000009129ed18}: org/gradle/api/internal/artifacts/configurations/DefaultConfigurationContainerBeanInfo> (0x000000009129ed18) thrown at [./src/hotspot/share/classfile/systemDictionary.cpp, line 231]
Event: 8471.804 Thread 0x000001db7dbe2800 Exception <a 'java/lang/ClassNotFoundException'{0x00000000912b81a0}: org/gradle/api/internal/AbstractValidatingNamedDomainObjectContainerBeanInfo> (0x00000000912b81a0) thrown at [./src/hotspot/share/classfile/systemDictionary.cpp, line 231]
Event: 8471.805 Thread 0x000001db7dbe2800 Exception <a 'java/lang/ClassNotFoundException'{0x00000000912d17c8}: org/gradle/api/internal/AbstractValidatingNamedDomainObjectContainerCustomizer> (0x00000000912d17c8) thrown at [./src/hotspot/share/classfile/systemDictionary.cpp, line 231]
Event: 8471.807 Thread 0x000001db7dbe2800 Exception <a 'java/lang/ClassNotFoundException'{0x00000000911866d8}: org/gradle/api/internal/artifacts/configurations/DefaultConfigurationContainerCustomizer> (0x00000000911866d8) thrown at [./src/hotspot/share/classfile/systemDictionary.cpp, line 231]
Event: 8471.809 Thread 0x000001db7dbe2800 Exception <a 'java/lang/ClassNotFoundException'{0x00000000911e8838}: org/gradle/api/internal/artifacts/configurations/DefaultConfigurationContainer_DecoratedCustomizer> (0x00000000911e8838) thrown at [./src/hotspot/share/classfile/systemDictionary.cpp, line 231]
Event: 8471.835 Thread 0x000001db7dbe2800 Exception <a 'java/lang/ClassNotFoundException'{0x0000000090ff1000}: java/lang/IntegerBeanInfo> (0x0000000090ff1000) thrown at [./src/hotspot/share/classfile/systemDictionary.cpp, line 231]
Event: 8471.835 Thread 0x000001db7dbe2800 Exception <a 'java/lang/ClassNotFoundException'{0x0000000090ffa240}: java/lang/NumberBeanInfo> (0x0000000090ffa240) thrown at [./src/hotspot/share/classfile/systemDictionary.cpp, line 231]
Event: 8471.835 Thread 0x000001db7dbe2800 Exception <a 'java/lang/ClassNotFoundException'{0x0000000090e03d28}: java/lang/NumberCustomizer> (0x0000000090e03d28) thrown at [./src/hotspot/share/classfile/systemDictionary.cpp, line 231]
Event: 8471.836 Thread 0x000001db7dbe2800 Exception <a 'java/lang/ClassNotFoundException'{0x0000000090e10230}: java/lang/IntegerCustomizer> (0x0000000090e10230) thrown at [./src/hotspot/share/classfile/systemDictionary.cpp, line 231]
Event: 8471.840 Thread 0x000001db7dbe2800 Exception <a 'java/lang/ClassNotFoundException'{0x0000000090e77880}: org/gradle/internal/extensibility/DefaultConventionBeanInfo> (0x0000000090e77880) thrown at [./src/hotspot/share/classfile/systemDictionary.cpp, line 231]
Event: 8471.840 Thread 0x000001db7dbe2800 Exception <a 'java/lang/ClassNotFoundException'{0x0000000090e8ed98}: org/gradle/internal/extensibility/DefaultConventionCustomizer> (0x0000000090e8ed98) thrown at [./src/hotspot/share/classfile/systemDictionary.cpp, line 231]
Event: 8471.846 Thread 0x000001db7dbe2800 Exception <a 'java/lang/ClassNotFoundException'{0x0000000090d353a8}: org/gradle/internal/extensibility/DefaultExtensionsSchemaBeanInfo> (0x0000000090d353a8) thrown at [./src/hotspot/share/classfile/systemDictionary.cpp, line 231]
Event: 8471.846 Thread 0x000001db7dbe2800 Exception <a 'java/lang/ClassNotFoundException'{0x0000000090d4d838}: org/gradle/internal/extensibility/DefaultExtensionsSchemaCustomizer> (0x0000000090d4d838) thrown at [./src/hotspot/share/classfile/systemDictionary.cpp, line 231]
Event: 8471.848 Thread 0x000001db7dbe2800 Exception <a 'java/lang/ClassNotFoundException'{0x0000000090d8ebf8}: org/gradle/internal/extensibility/ExtensionsStorage$ExtensionHolderBeanInfo> (0x0000000090d8ebf8) thrown at [./src/hotspot/share/classfile/systemDictionary.cpp, line 231]
Event: 8471.848 Thread 0x000001db7dbe2800 Exception <a 'java/lang/ClassNotFoundException'{0x0000000090da83b8}: org/gradle/internal/extensibility/ExtensionsStorage$ExtensionHolderCustomizer> (0x0000000090da83b8) thrown at [./src/hotspot/share/classfile/systemDictionary.cpp, line 231]
Event: 8471.856 Thread 0x000001db7dbe2800 Exception <a 'java/lang/ClassNotFoundException'{0x0000000090be0970}: org/codehaus/groovy/runtime/NullObjectBeanInfo> (0x0000000090be0970) thrown at [./src/hotspot/share/classfile/systemDictionary.cpp, line 231]
Event: 8471.858 Thread 0x000001db7dbe2800 Exception <a 'java/lang/ClassNotFoundException'{0x000000008ffb5da0}: org/codehaus/groovy/runtime/NullObjectCustomizer> (0x000000008ffb5da0) thrown at [./src/hotspot/share/classfile/systemDictionary.cpp, line 231]

Events (20 events):
Event: 8471.899 loading class com/amazon/ion/impl/bin/PooledBlockAllocatorProvider
Event: 8471.899 loading class com/amazon/ion/impl/bin/PooledBlockAllocatorProvider done
Event: 8471.900 loading class com/amazon/ion/impl/_Private_IonBinaryWriterBuilder$Mutable
Event: 8471.900 loading class com/amazon/ion/impl/_Private_IonBinaryWriterBuilder$Mutable done
Event: 8471.901 loading class com/amazon/ion/impl/bin/BlockAllocator
Event: 8471.901 loading class com/amazon/ion/impl/bin/BlockAllocator done
Event: 8471.901 loading class com/amazon/ion/impl/bin/PooledBlockAllocatorProvider$PooledBlockAllocator
Event: 8471.901 loading class com/amazon/ion/impl/bin/PooledBlockAllocatorProvider$PooledBlockAllocator done
Event: 8471.902 loading class com/amazon/ion/impl/bin/_Private_IonManagedBinaryWriterBuilder
Event: 8471.902 loading class com/amazon/ion/impl/bin/_Private_IonManagedBinaryWriterBuilder done
Event: 8471.902 loading class com/amazon/ion/impl/bin/IonBinaryWriterAdapter$Factory
Event: 8471.902 loading class com/amazon/ion/impl/bin/IonBinaryWriterAdapter$Factory done
Event: 8471.902 loading class com/amazon/ion/IonCatalog
Event: 8471.902 loading class com/amazon/ion/IonCatalog done
Event: 8471.903 loading class com/amazon/ion/impl/bin/IonManagedBinaryWriter
Event: 8471.903 loading class com/amazon/ion/impl/bin/IonManagedBinaryWriter done
Event: 8471.903 loading class com/amazon/ion/impl/bin/_Private_IonManagedWriter
Event: 8471.903 loading class com/amazon/ion/impl/bin/_Private_IonManagedWriter done
Event: 8471.904 loading class com/amazon/ion/impl/bin/AbstractIonWriter
Event: 8471.904 loading class com/amazon/ion/impl/bin/AbstractIonWriter done


Dynamic libraries:
0x00007ff6697f0000 - 0x00007ff6697fa000 	C:\Program Files\Android\Android Studio\jre\bin\java.exe
0x00007ffe61040000 - 0x00007ffe61230000 	C:\Windows\SYSTEM32\ntdll.dll
0x00007ffe60400000 - 0x00007ffe604b2000 	C:\Windows\System32\KERNEL32.DLL
0x00007ffe5e640000 - 0x00007ffe5e8e2000 	C:\Windows\System32\KERNELBASE.dll
0x00007ffe5dfd0000 - 0x00007ffe5e0ca000 	C:\Windows\System32\ucrtbase.dll
0x00007ffe4eec0000 - 0x00007ffe4eed9000 	C:\Program Files\Android\Android Studio\jre\bin\jli.dll
0x00007ffe50b30000 - 0x00007ffe50b47000 	C:\Program Files\Android\Android Studio\jre\bin\VCRUNTIME140.dll
0x00007ffe60e30000 - 0x00007ffe60fc3000 	C:\Windows\System32\USER32.dll
0x00007ffe5d4b0000 - 0x00007ffe5d735000 	C:\Windows\WinSxS\amd64_microsoft.windows.common-controls_6595b64144ccf1df_6.0.18362.30_none_a1435978519dce7f\COMCTL32.dll
0x00007ffe5e590000 - 0x00007ffe5e5b1000 	C:\Windows\System32\win32u.dll
0x00007ffe5f230000 - 0x00007ffe5f2ce000 	C:\Windows\System32\msvcrt.dll
0x00007ffe60fd0000 - 0x00007ffe60ff6000 	C:\Windows\System32\GDI32.dll
0x00007ffe5e200000 - 0x00007ffe5e394000 	C:\Windows\System32\gdi32full.dll
0x00007ffe60a30000 - 0x00007ffe60d66000 	C:\Windows\System32\combase.dll
0x00007ffe5e3a0000 - 0x00007ffe5e43e000 	C:\Windows\System32\msvcp_win.dll
0x00007ffe604f0000 - 0x00007ffe60610000 	C:\Windows\System32\RPCRT4.dll
0x00007ffe5f070000 - 0x00007ffe5f0f1000 	C:\Windows\System32\bcryptPrimitives.dll
0x00007ffe604c0000 - 0x00007ffe604ee000 	C:\Windows\System32\IMM32.DLL
0x00007ffe4d000000 - 0x00007ffe4d09d000 	C:\Program Files\Android\Android Studio\jre\bin\msvcp140.dll
0x00007ffe1e730000 - 0x00007ffe1f205000 	C:\Program Files\Android\Android Studio\jre\bin\server\jvm.dll
0x00007ffe5f3a0000 - 0x00007ffe5f443000 	C:\Windows\System32\ADVAPI32.dll
0x00007ffe5f100000 - 0x00007ffe5f197000 	C:\Windows\System32\sechost.dll
0x00007ffe602c0000 - 0x00007ffe602c8000 	C:\Windows\System32\PSAPI.DLL
0x00007ffe58970000 - 0x00007ffe58979000 	C:\Windows\SYSTEM32\WSOCK32.dll
0x00007ffe5b2b0000 - 0x00007ffe5b2d4000 	C:\Windows\SYSTEM32\WINMM.dll
0x00007ffe52190000 - 0x00007ffe5219a000 	C:\Windows\SYSTEM32\VERSION.dll
0x00007ffe5f1c0000 - 0x00007ffe5f22f000 	C:\Windows\System32\WS2_32.dll
0x00007ffe5ade0000 - 0x00007ffe5ae0d000 	C:\Windows\SYSTEM32\winmmbase.dll
0x00007ffe5e0d0000 - 0x00007ffe5e11a000 	C:\Windows\System32\cfgmgr32.dll
0x00007ffe5df20000 - 0x00007ffe5df31000 	C:\Windows\System32\kernel.appcore.dll
0x00007ffe506f0000 - 0x00007ffe50701000 	C:\Program Files\Android\Android Studio\jre\bin\verify.dll
0x00007ffe5da30000 - 0x00007ffe5dc24000 	C:\Windows\SYSTEM32\DBGHELP.DLL
0x00007ffe5d940000 - 0x00007ffe5d96a000 	C:\Windows\SYSTEM32\dbgcore.DLL
0x00007ffe4f3a0000 - 0x00007ffe4f3c9000 	C:\Program Files\Android\Android Studio\jre\bin\java.dll
0x00007ffe55ef0000 - 0x00007ffe55efb000 	C:\Program Files\Android\Android Studio\jre\bin\jimage.dll
0x00007ffe4f010000 - 0x00007ffe4f028000 	C:\Program Files\Android\Android Studio\jre\bin\zip.dll
0x00007ffe5fbe0000 - 0x00007ffe602c0000 	C:\Windows\System32\SHELL32.dll
0x00007ffe5f630000 - 0x00007ffe5f6d9000 	C:\Windows\System32\shcore.dll
0x00007ffe5e8f0000 - 0x00007ffe5f06b000 	C:\Windows\System32\windows.storage.dll
0x00007ffe5df90000 - 0x00007ffe5dfaf000 	C:\Windows\System32\profapi.dll
0x00007ffe5df40000 - 0x00007ffe5df8a000 	C:\Windows\System32\powrprof.dll
0x00007ffe5df10000 - 0x00007ffe5df20000 	C:\Windows\System32\UMPDC.dll
0x00007ffe602d0000 - 0x00007ffe60322000 	C:\Windows\System32\shlwapi.dll
0x00007ffe5e620000 - 0x00007ffe5e637000 	C:\Windows\System32\cryptsp.dll
0x00007ffe4eff0000 - 0x00007ffe4f00a000 	C:\Program Files\Android\Android Studio\jre\bin\net.dll
0x00007ffe55970000 - 0x00007ffe55a5f000 	C:\Windows\SYSTEM32\WINHTTP.dll
0x00007ffe5d0a0000 - 0x00007ffe5d107000 	C:\Windows\system32\mswsock.dll
0x00007ffe4efd0000 - 0x00007ffe4efe4000 	C:\Program Files\Android\Android Studio\jre\bin\nio.dll
0x00007ffe4c180000 - 0x00007ffe4c1a7000 	C:\Users\Bilal Envy\.gradle\native\8bec1ad78214c89d9ad589b4d07fe93259594b29d510b10fafb7a158f7737e5d\windows-amd64\native-platform.dll
0x00007ffe45070000 - 0x00007ffe451ad000 	C:\Users\Bilal Envy\.gradle\native\53dbd7edfb1c66fb8903c78663c9afc45aea4f116125fa6feffd364cf09443e8\windows-amd64\native-platform-file-events.dll
0x00007ffe51050000 - 0x00007ffe5105a000 	C:\Program Files\Android\Android Studio\jre\bin\management.dll
0x00007ffe50c80000 - 0x00007ffe50c8d000 	C:\Program Files\Android\Android Studio\jre\bin\management_ext.dll
0x00007ffe5cc60000 - 0x00007ffe5cc93000 	C:\Windows\system32\rsaenh.dll
0x00007ffe5e120000 - 0x00007ffe5e146000 	C:\Windows\System32\bcrypt.dll
0x00007ffe5de30000 - 0x00007ffe5de55000 	C:\Windows\SYSTEM32\USERENV.dll
0x00007ffe5d270000 - 0x00007ffe5d27c000 	C:\Windows\SYSTEM32\CRYPTBASE.dll
0x00007ffe5ce00000 - 0x00007ffe5ce3a000 	C:\Windows\SYSTEM32\IPHLPAPI.DLL
0x00007ffe60610000 - 0x00007ffe60618000 	C:\Windows\System32\NSI.dll
0x00007ffe57770000 - 0x00007ffe57786000 	C:\Windows\SYSTEM32\dhcpcsvc6.DLL
0x00007ffe57610000 - 0x00007ffe5762c000 	C:\Windows\SYSTEM32\dhcpcsvc.DLL
0x00007ffe5ce40000 - 0x00007ffe5cf0a000 	C:\Windows\SYSTEM32\DNSAPI.dll
0x00007ffe4e650000 - 0x00007ffe4e677000 	C:\Program Files\Android\Android Studio\jre\bin\sunec.dll
0x00007ffe55930000 - 0x00007ffe5593a000 	C:\Windows\System32\rasadhlp.dll
0x00007ffe56ff0000 - 0x00007ffe57067000 	C:\Windows\System32\fwpuclnt.dll
0x00007ffe56000000 - 0x00007ffe56008000 	C:\Program Files\Android\Android Studio\jre\bin\rmi.dll

dbghelp: loaded successfully - version: 4.0.5 - missing functions: none
symbol engine: initialized successfully - sym options: 0x614 - pdb path: .;C:\Program Files\Android\Android Studio\jre\bin;C:\Windows\SYSTEM32;C:\Windows\WinSxS\amd64_microsoft.windows.common-controls_6595b64144ccf1df_6.0.18362.30_none_a1435978519dce7f;C:\Program Files\Android\Android Studio\jre\bin\server;C:\Users\Bilal Envy\.gradle\native\8bec1ad78214c89d9ad589b4d07fe93259594b29d510b10fafb7a158f7737e5d\windows-amd64;C:\Users\Bilal Envy\.gradle\native\53dbd7edfb1c66fb8903c78663c9afc45aea4f116125fa6feffd364cf09443e8\windows-amd64

VM Arguments:
jvm_args: --add-opens=java.base/java.util=ALL-UNNAMED --add-opens=java.base/java.lang=ALL-UNNAMED --add-opens=java.base/java.lang.invoke=ALL-UNNAMED --add-opens=java.base/java.util=ALL-UNNAMED --add-opens=java.prefs/java.util.prefs=ALL-UNNAMED --add-opens=java.prefs/java.util.prefs=ALL-UNNAMED --add-opens=java.base/java.nio.charset=ALL-UNNAMED --add-opens=java.base/java.net=ALL-UNNAMED --add-opens=java.base/java.util.concurrent.atomic=ALL-UNNAMED -Xmx2048m -Dfile.encoding=UTF-8 -Duser.country=GB -Duser.language=en -Duser.variant 
java_command: org.gradle.launcher.daemon.bootstrap.GradleDaemon 7.0.2
java_class_path (initial): C:\Users\Bilal Envy\.gradle\wrapper\dists\gradle-7.0.2-bin\857tjihv64xamwrf0h14cai3r\gradle-7.0.2\lib\gradle-launcher-7.0.2.jar
Launcher Type: SUN_STANDARD

[Global flags]
     intx CICompilerCount                          = 3                                         {product} {ergonomic}
     uint ConcGCThreads                            = 2                                         {product} {ergonomic}
     uint G1ConcRefinementThreads                  = 6                                         {product} {ergonomic}
   size_t G1HeapRegionSize                         = 1048576                                   {product} {ergonomic}
    uintx GCDrainStackTargetSize                   = 64                                        {product} {ergonomic}
   size_t InitialHeapSize                          = 201326592                                 {product} {ergonomic}
   size_t MarkStackSize                            = 4194304                                   {product} {ergonomic}
   size_t MaxHeapSize                              = 2147483648                                {product} {command line}
   size_t MaxNewSize                               = 1287651328                                {product} {ergonomic}
   size_t MinHeapDeltaBytes                        = 1048576                                   {product} {ergonomic}
    uintx NonNMethodCodeHeapSize                   = 5830732                                {pd product} {ergonomic}
    uintx NonProfiledCodeHeapSize                  = 122913754                              {pd product} {ergonomic}
    uintx ProfiledCodeHeapSize                     = 122913754                              {pd product} {ergonomic}
    uintx ReservedCodeCacheSize                    = 251658240                              {pd product} {ergonomic}
     bool SegmentedCodeCache                       = true                                      {product} {ergonomic}
     bool UseCompressedClassPointers               = true                                 {lp64_product} {ergonomic}
     bool UseCompressedOops                        = true                                 {lp64_product} {ergonomic}
     bool UseG1GC                                  = true                                      {product} {ergonomic}
     bool UseLargePagesIndividualAllocation        = false                                  {pd product} {ergonomic}

Logging:
Log output configuration:
 #0: stdout all=warning uptime,level,tags
 #1: stderr all=off uptime,level,tags

Environment Variables:
PATH=C:\Windows\system32;C:\Windows;C:\Windows\System32\Wbem;C:\Windows\System32\WindowsPowerShell\v1.0\;C:\Windows\System32\OpenSSH\;C:\Program Files\Git\cmd;C:\Users\Bilal Envy\AppData\Local\Microsoft\WindowsApps;
USERNAME=Bilal Envy
OS=Windows_NT
PROCESSOR_IDENTIFIER=Intel64 Family 6 Model 44 Stepping 2, GenuineIntel



---------------  S Y S T E M  ---------------

OS: Windows 10 , 64 bit Build 18362 (10.0.18362.1)
OS uptime: 0 days 4:54 hours

CPU:total 6 (initial active 6) (6 cores per cpu, 2 threads per core) family 6 model 44 stepping 2 microcode 0x1f, cmov, cx8, fxsr, mmx, sse, sse2, sse3, ssse3, sse4.1, sse4.2, popcnt, aes, clmul, ht, tsc, tscinvbit, tscinv

Memory: 4k page, system-wide physical 12285M (5339M free)
TotalPageFile size 14141M (AvailPageFile size 6264M)
current process WorkingSet (physical memory assigned to process): 650M, peak: 680M
current process commit charge ("private bytes"): 729M, peak: 729M

vm_info: OpenJDK 64-Bit Server VM (11.0.11+9-b60-7590822) for windows-amd64 JRE (11.0.11+9-b60-7590822), built on Jul 29 2021 21:43:44 by "builder" with MS VC++ 14.0 (VS2015)

END.
