#
# A fatal error has been detected by the Java Runtime Environment:
#
#  EXCEPTION_ACCESS_VIOLATION (0xc0000005) at pc=0x00007ffdb2292d2d, pid=4644, tid=11756
#
# JRE version: OpenJDK Runtime Environment (11.0.11+9) (build 11.0.11+9-b60-7590822)
# Java VM: OpenJDK 64-Bit Server VM (11.0.11+9-b60-7590822, mixed mode, tiered, compressed oops, g1 gc, windows-amd64)
# Problematic frame:
# V  [jvm.dll+0x322d2d]
#
# No core dump will be written. Minidumps are not enabled by default on client versions of Windows
#
# If you would like to submit a bug report, please visit:
#   https://bugreport.java.com/bugreport/crash.jsp
#

---------------  S U M M A R Y ------------

Command Line: --add-opens=java.base/java.util=ALL-UNNAMED --add-opens=java.base/java.lang=ALL-UNNAMED --add-opens=java.base/java.lang.invoke=ALL-UNNAMED --add-opens=java.base/java.util=ALL-UNNAMED --add-opens=java.prefs/java.util.prefs=ALL-UNNAMED --add-opens=java.prefs/java.util.prefs=ALL-UNNAMED --add-opens=java.base/java.nio.charset=ALL-UNNAMED --add-opens=java.base/java.net=ALL-UNNAMED --add-opens=java.base/java.util.concurrent.atomic=ALL-UNNAMED -Xmx2048m -Dfile.encoding=UTF-8 -Duser.country=GB -Duser.language=en -Duser.variant org.gradle.launcher.daemon.bootstrap.GradleDaemon 7.0.2

Host: Intel(R) Xeon(R) CPU           W3670  @ 3.20GHz, 6 cores, 11G,  Windows 10 , 64 bit Build 19041 (10.0.19041.1348)
Time: Tue May 17 14:10:29 2022 Pakistan Standard Time elapsed time: 5.027859 seconds (0d 0h 0m 5s)

---------------  T H R E A D  ---------------

Current thread (0x0000023f40ce7800):  JavaThread "C2 CompilerThread1" daemon [_thread_in_native, id=11756, stack(0x0000008cbc000000,0x0000008cbc100000)]


Current CompileTask:
C2:   5027 4109       4       groovy.lang.MetaClassImpl$1MOPIter::methodNameAction (325 bytes)

Stack: [0x0000008cbc000000,0x0000008cbc100000],  sp=0x0000008cbc0fbc90,  free space=1007k
Native frames: (J=compiled Java code, j=interpreted, Vv=VM code, C=native code)
V  [jvm.dll+0x322d2d]
V  [jvm.dll+0x323ea8]
V  [jvm.dll+0x321691]
V  [jvm.dll+0x320d8a]
V  [jvm.dll+0x1fc1e2]
V  [jvm.dll+0x1fb3d4]
V  [jvm.dll+0x183d6c]
V  [jvm.dll+0x209a57]
V  [jvm.dll+0x2082a1]
V  [jvm.dll+0x6ef58f]
V  [jvm.dll+0x6e80b5]
V  [jvm.dll+0x5f1036]
C  [ucrtbase.dll+0x21bb2]
C  [KERNEL32.DLL+0x17034]
C  [ntdll.dll+0x52651]


siginfo: EXCEPTION_ACCESS_VIOLATION (0xc0000005), reading address 0x0000021f40c6bd20


Register to memory mapping:

RIP=0x00007ffdb2292d2d jvm.dll
RAX=0x0000023f41035a68 points into unknown readable memory: 0x00007ffdb275c5e8 | e8 c5 75 b2 fd 7f 00 00
RBX=0x0000021f40c6bcf8 is an unknown value
RCX=0x0000023f46191cb0 points into unknown readable memory: 0x0000023f469526d8 | d8 26 95 46 3f 02 00 00
RDX=0x0000008cbc0fbdf0 is pointing into the stack for thread: 0x0000023f40ce7800
RSP=0x0000008cbc0fbc90 is pointing into the stack for thread: 0x0000023f40ce7800
RBP=0x0 is NULL
RSI=0x0000023f40c69048 points into unknown readable memory: 0x00007ffdb27164a8 | a8 64 71 b2 fd 7f 00 00
RDI=0x0000000000000002 is an unknown value
R8 =0x000000000000000f is an unknown value
R9 =0x0000008cbc0fbdf0 is pointing into the stack for thread: 0x0000023f40ce7800
R10=0x0000023f41035a10 points into unknown readable memory: 0x0000023f40c6c0e8 | e8 c0 c6 40 3f 02 00 00
R11=0x0 is NULL
R12=0x0 is NULL
R13=0x0000008cbc0fc250 is pointing into the stack for thread: 0x0000023f40ce7800
R14=0x0000008cbc0fbd00 is pointing into the stack for thread: 0x0000023f40ce7800
R15=0x0000000000000323 is an unknown value


Registers:
RAX=0x0000023f41035a68, RBX=0x0000021f40c6bcf8, RCX=0x0000023f46191cb0, RDX=0x0000008cbc0fbdf0
RSP=0x0000008cbc0fbc90, RBP=0x0000000000000000, RSI=0x0000023f40c69048, RDI=0x0000000000000002
R8 =0x000000000000000f, R9 =0x0000008cbc0fbdf0, R10=0x0000023f41035a10, R11=0x0000000000000000
R12=0x0000000000000000, R13=0x0000008cbc0fc250, R14=0x0000008cbc0fbd00, R15=0x0000000000000323
RIP=0x00007ffdb2292d2d, EFLAGS=0x0000000000010202

Top of Stack: (sp=0x0000008cbc0fbc90)
0x0000008cbc0fbc90:   0000008cbc0fc250 0000023f40c6c0e8
0x0000008cbc0fbca0:   0000000000000000 0000023f41035a68
0x0000008cbc0fbcb0:   0000000000000000 0000000000000001
0x0000008cbc0fbcc0:   0000023f41035978 0000023f40c6c101
0x0000008cbc0fbcd0:   0000023f41035a68 00007ffdb2293ea8
0x0000008cbc0fbce0:   0000008cbc0fc250 0000023f40c6c0e8
0x0000008cbc0fbcf0:   0000000000000000 0000023f40c6c0e8
0x0000008cbc0fbd00:   0000008cbc0fbdf0 0000008cbc0fbda0
0x0000008cbc0fbd10:   0000008cbc0fc250 0000023f40c1d280
0x0000008cbc0fbd20:   0000023f40c1d280 0000023f40f8b3d0
0x0000008cbc0fbd30:   00007ffdb275b998 0000008cbc0fbe50
0x0000008cbc0fbd40:   0000008cbc0fc250 00007ffdb2291691
0x0000008cbc0fbd50:   0000023f434755c0 000000000000aab0
0x0000008cbc0fbd60:   0000023f40d4c978 0000000000000b00
0x0000008cbc0fbd70:   0000023f000003ff 0000000000000b15
0x0000008cbc0fbd80:   0000000000000000 0000000000021950 

Instructions: (pc=0x00007ffdb2292d2d)
0x00007ffdb2292c2d:   8b 5b 18 49 8b 6b 20 49 8b 73 28 49 8b e3 5f c3
0x00007ffdb2292c3d:   cc cc cc 41 56 48 83 ec 40 48 8b 51 08 4c 8b f1
0x00007ffdb2292c4d:   48 8b 02 48 2b 42 10 48 83 c0 10 48 c1 e8 04 85
0x00007ffdb2292c5d:   c0 75 09 33 c0 48 83 c4 40 41 5e c3 48 8b 02 48
0x00007ffdb2292c6d:   89 5c 24 58 48 89 6c 24 60 48 89 74 24 38 48 8b
0x00007ffdb2292c7d:   30 48 89 7c 24 30 48 83 e6 fe 4c 89 64 24 28 44
0x00007ffdb2292c8d:   0f b6 20 8b 40 08 41 80 e4 01 8b 7e 20 3b c7 4c
0x00007ffdb2292c9d:   89 7c 24 20 0f 42 f8 48 83 02 f0 0f 1f 84 00 00
0x00007ffdb2292cad:   00 00 00 44 8b 46 28 41 8b c0 4d 8b 0e c1 e8 05
0x00007ffdb2292cbd:   41 3b 41 10 72 0e 49 8b 01 41 8b d0 49 8b c9 ff
0x00007ffdb2292ccd:   50 18 eb 1b 8b c8 41 83 e0 1f 49 8b 41 18 48 8d
0x00007ffdb2292cdd:   14 88 b8 01 00 00 00 41 0f b6 c8 d3 e0 09 02 8b
0x00007ffdb2292ced:   46 2c 24 0f 3c 08 75 09 48 8b 46 08 48 8b 08 eb
0x00007ffdb2292cfd:   03 48 8b ce 49 8b 46 10 33 ed 8b 51 28 48 8b 48
0x00007ffdb2292d0d:   78 48 8b 04 d1 44 8b 78 68 85 ff 0f 84 c3 00 00
0x00007ffdb2292d1d:   00 66 90 48 8b 5e 10 ff cf 49 8b 16 48 8b 1c fb
0x00007ffdb2292d2d:   8b 4b 28 8b c1 c1 e8 05 3b 42 10 73 19 44 8b c0
0x00007ffdb2292d3d:   83 e1 1f 48 8b 42 18 ba 01 00 00 00 d3 e2 42 8b
0x00007ffdb2292d4d:   04 80 23 c2 75 4a 8b 43 2c 24 0f 3c 08 75 09 48
0x00007ffdb2292d5d:   8b 43 08 4c 8b 00 eb 03 4c 8b c3 49 8b 46 10 41
0x00007ffdb2292d6d:   8b 50 28 48 8b 48 78 48 8b 04 d1 8b 48 68 41 3b
0x00007ffdb2292d7d:   cf 72 1d 75 0b 41 8b 40 2c 83 e0 0f 3c 0c 74 10
0x00007ffdb2292d8d:   48 8b cb 48 8b eb e8 f8 f4 2a 00 41 3a c4 74 08
0x00007ffdb2292d9d:   85 ff 0f 85 7b ff ff ff 48 85 ed 74 37 49 8b 5e
0x00007ffdb2292dad:   08 48 83 03 10 48 8b 03 48 3b 43 08 72 08 48 8b
0x00007ffdb2292dbd:   cb e8 4d e7 2a 00 48 8b 0b 41 0f b6 c4 48 0b c6
0x00007ffdb2292dcd:   48 8b f5 45 32 e4 48 89 01 89 79 08 8b 7d 20 e9
0x00007ffdb2292ddd:   cf fe ff ff 45 84 e4 75 0b 8b 7e 20 41 b4 01 e9
0x00007ffdb2292ded:   bf fe ff ff 4c 8b 7c 24 20 48 8b c6 48 8b 74 24
0x00007ffdb2292dfd:   38 4c 8b 64 24 28 48 8b 7c 24 30 48 8b 6c 24 60
0x00007ffdb2292e0d:   48 8b 5c 24 58 48 83 c4 40 41 5e c3 cc cc cc cc
0x00007ffdb2292e1d:   cc cc cc 48 89 5c 24 08 48 89 74 24 10 57 48 83 


Stack slot to memory mapping:
stack at sp + 0 slots: 0x0000008cbc0fc250 is pointing into the stack for thread: 0x0000023f40ce7800
stack at sp + 1 slots: 0x0000023f40c6c0e8 points into unknown readable memory: 0x00007ffdb26e4068 | 68 40 6e b2 fd 7f 00 00
stack at sp + 2 slots: 0x0 is NULL
stack at sp + 3 slots: 0x0000023f41035a68 points into unknown readable memory: 0x00007ffdb275c5e8 | e8 c5 75 b2 fd 7f 00 00
stack at sp + 4 slots: 0x0 is NULL
stack at sp + 5 slots: 0x0000000000000001 is an unknown value
stack at sp + 6 slots: 0x0000023f41035978 points into unknown readable memory: 0x00007ffdb275c5e8 | e8 c5 75 b2 fd 7f 00 00
stack at sp + 7 slots: 0x0000023f40c6c101 points into unknown readable memory: 00 00 00 01 00 00 00


---------------  P R O C E S S  ---------------

Threads class SMR info:
_java_thread_list=0x0000023f44ffc710, length=39, elements={
0x0000023f258eb800, 0x0000023f40130000, 0x0000023f40142000, 0x0000023f40144800,
0x0000023f40146000, 0x0000023f40148000, 0x0000023f4014d000, 0x0000023f409b2800,
0x0000023f409b9800, 0x0000023f40b26800, 0x0000023f40ce7800, 0x0000023f4197b800,
0x0000023f43115000, 0x0000023f42410000, 0x0000023f41c24800, 0x0000023f428f0800,
0x0000023f43133800, 0x0000023f42470000, 0x0000023f42c92000, 0x0000023f42000800,
0x0000023f41a82800, 0x0000023f41a83800, 0x0000023f41a84000, 0x0000023f41a86000,
0x0000023f41a86800, 0x0000023f41a85000, 0x0000023f41a81000, 0x0000023f41a87800,
0x0000023f41a81800, 0x0000023f44712800, 0x0000023f44713800, 0x0000023f44711800,
0x0000023f44714000, 0x0000023f4470f000, 0x0000023f44711000, 0x0000023f4470e800,
0x0000023f44715000, 0x0000023f44710000, 0x0000023f44719000
}

Java Threads: ( => current thread )
  0x0000023f258eb800 JavaThread "main" [_thread_blocked, id=6068, stack(0x0000008cbaf00000,0x0000008cbb000000)]
  0x0000023f40130000 JavaThread "Reference Handler" daemon [_thread_blocked, id=14292, stack(0x0000008cbb600000,0x0000008cbb700000)]
  0x0000023f40142000 JavaThread "Finalizer" daemon [_thread_blocked, id=9688, stack(0x0000008cbb700000,0x0000008cbb800000)]
  0x0000023f40144800 JavaThread "Signal Dispatcher" daemon [_thread_blocked, id=3592, stack(0x0000008cbb800000,0x0000008cbb900000)]
  0x0000023f40146000 JavaThread "Attach Listener" daemon [_thread_blocked, id=3576, stack(0x0000008cbb900000,0x0000008cbba00000)]
  0x0000023f40148000 JavaThread "Service Thread" daemon [_thread_blocked, id=7304, stack(0x0000008cbba00000,0x0000008cbbb00000)]
  0x0000023f4014d000 JavaThread "C2 CompilerThread0" daemon [_thread_in_native, id=3416, stack(0x0000008cbbb00000,0x0000008cbbc00000)]
  0x0000023f409b2800 JavaThread "C1 CompilerThread0" daemon [_thread_blocked, id=7248, stack(0x0000008cbbc00000,0x0000008cbbd00000)]
  0x0000023f409b9800 JavaThread "Sweeper thread" daemon [_thread_blocked, id=14204, stack(0x0000008cbbd00000,0x0000008cbbe00000)]
  0x0000023f40b26800 JavaThread "Common-Cleaner" daemon [_thread_blocked, id=3440, stack(0x0000008cbbe00000,0x0000008cbbf00000)]
=>0x0000023f40ce7800 JavaThread "C2 CompilerThread1" daemon [_thread_in_native, id=11756, stack(0x0000008cbc000000,0x0000008cbc100000)]
  0x0000023f4197b800 JavaThread "Daemon health stats" [_thread_blocked, id=8396, stack(0x0000008cbc400000,0x0000008cbc500000)]
  0x0000023f43115000 JavaThread "Incoming local TCP Connector on port 65440" [_thread_in_native, id=11656, stack(0x0000008cbc500000,0x0000008cbc600000)]
  0x0000023f42410000 JavaThread "Daemon periodic checks" [_thread_blocked, id=10292, stack(0x0000008cbc600000,0x0000008cbc700000)]
  0x0000023f41c24800 JavaThread "Daemon" [_thread_blocked, id=5724, stack(0x0000008cbc900000,0x0000008cbca00000)]
  0x0000023f428f0800 JavaThread "Handler for socket connection from /127.0.0.1:65440 to /127.0.0.1:65441" [_thread_in_native, id=12844, stack(0x0000008cbca00000,0x0000008cbcb00000)]
  0x0000023f43133800 JavaThread "Cancel handler" [_thread_blocked, id=4936, stack(0x0000008cbcb00000,0x0000008cbcc00000)]
  0x0000023f42470000 JavaThread "Daemon worker" [_thread_in_vm, id=9848, stack(0x0000008cbcc00000,0x0000008cbcd00000)]
  0x0000023f42c92000 JavaThread "Asynchronous log dispatcher for DefaultDaemonConnection: socket connection from /127.0.0.1:65440 to /127.0.0.1:65441" [_thread_blocked, id=5288, stack(0x0000008cbcd00000,0x0000008cbce00000)]
  0x0000023f42000800 JavaThread "Stdin handler" [_thread_blocked, id=2560, stack(0x0000008cbce00000,0x0000008cbcf00000)]
  0x0000023f41a82800 JavaThread "Daemon client event forwarder" [_thread_blocked, id=1804, stack(0x0000008cbcf00000,0x0000008cbd000000)]
  0x0000023f41a83800 JavaThread "Cache worker for file hash cache (C:\Users\Bilal Envy\.gradle\caches\7.0.2\fileHashes)" [_thread_blocked, id=7488, stack(0x0000008cbd000000,0x0000008cbd100000)]
  0x0000023f41a84000 JavaThread "File lock request listener" [_thread_in_native, id=1688, stack(0x0000008cbd100000,0x0000008cbd200000)]
  0x0000023f41a86000 JavaThread "Cache worker for journal cache (C:\Users\Bilal Envy\.gradle\caches\journal-1)" [_thread_blocked, id=6340, stack(0x0000008cbd300000,0x0000008cbd400000)]
  0x0000023f41a86800 JavaThread "Cache worker for file hash cache (D:\Envy\bg_remover_bilals\.gradle\7.0.2\fileHashes)" [_thread_blocked, id=9720, stack(0x0000008cbd400000,0x0000008cbd500000)]
  0x0000023f41a85000 JavaThread "File watcher server" daemon [_thread_in_native, id=960, stack(0x0000008cbd500000,0x0000008cbd600000)]
  0x0000023f41a81000 JavaThread "File watcher consumer" daemon [_thread_blocked, id=9924, stack(0x0000008cbd600000,0x0000008cbd700000)]
  0x0000023f41a87800 JavaThread "jar transforms" [_thread_blocked, id=5776, stack(0x0000008cbd700000,0x0000008cbd800000)]
  0x0000023f41a81800 JavaThread "jar transforms Thread 2" [_thread_blocked, id=4284, stack(0x0000008cbd800000,0x0000008cbd900000)]
  0x0000023f44712800 JavaThread "jar transforms Thread 3" [_thread_blocked, id=6952, stack(0x0000008cbd900000,0x0000008cbda00000)]
  0x0000023f44713800 JavaThread "jar transforms Thread 4" [_thread_blocked, id=5568, stack(0x0000008cbda00000,0x0000008cbdb00000)]
  0x0000023f44711800 JavaThread "jar transforms Thread 5" [_thread_blocked, id=5208, stack(0x0000008cbdb00000,0x0000008cbdc00000)]
  0x0000023f44714000 JavaThread "jar transforms Thread 6" [_thread_blocked, id=11968, stack(0x0000008cbdc00000,0x0000008cbdd00000)]
  0x0000023f4470f000 JavaThread "Cache worker for checksums cache (D:\Envy\bg_remover_bilals\.gradle\checksums)" [_thread_blocked, id=11128, stack(0x0000008cbdd00000,0x0000008cbde00000)]
  0x0000023f44711000 JavaThread "Cache worker for cache directory md-supplier (C:\Users\Bilal Envy\.gradle\caches\7.0.2\md-supplier)" [_thread_blocked, id=12284, stack(0x0000008cbde00000,0x0000008cbdf00000)]
  0x0000023f4470e800 JavaThread "Cache worker for cache directory md-rule (C:\Users\Bilal Envy\.gradle\caches\7.0.2\md-rule)" [_thread_blocked, id=4148, stack(0x0000008cbdf00000,0x0000008cbe000000)]
  0x0000023f44715000 JavaThread "Cache worker for execution history cache (C:\Users\Bilal Envy\.gradle\caches\7.0.2\executionHistory)" [_thread_blocked, id=11444, stack(0x0000008cbe000000,0x0000008cbe100000)]
  0x0000023f44710000 JavaThread "Cache worker for file content cache (C:\Users\Bilal Envy\.gradle\caches\7.0.2\fileContent)" [_thread_blocked, id=4920, stack(0x0000008cbe100000,0x0000008cbe200000)]
  0x0000023f44719000 JavaThread "Cache worker for dependencies-accessors (D:\Envy\bg_remover_bilals\.gradle\7.0.2\dependencies-accessors)" [_thread_blocked, id=5316, stack(0x0000008cbe200000,0x0000008cbe300000)]

Other Threads:
  0x0000023f40957000 VMThread "VM Thread" [stack: 0x0000008cbb500000,0x0000008cbb600000] [id=1844]
  0x0000023f40b3d800 WatcherThread [stack: 0x0000008cbbf00000,0x0000008cbc000000] [id=13196]
  0x0000023f25901800 GCTaskThread "GC Thread#0" [stack: 0x0000008cbb000000,0x0000008cbb100000] [id=12956]
  0x0000023f41748000 GCTaskThread "GC Thread#1" [stack: 0x0000008cbc100000,0x0000008cbc200000] [id=7864]
  0x0000023f41742800 GCTaskThread "GC Thread#2" [stack: 0x0000008cbc200000,0x0000008cbc300000] [id=6688]
  0x0000023f41658800 GCTaskThread "GC Thread#3" [stack: 0x0000008cbc300000,0x0000008cbc400000] [id=11872]
  0x0000023f42de5000 GCTaskThread "GC Thread#4" [stack: 0x0000008cbc700000,0x0000008cbc800000] [id=9672]
  0x0000023f42de6000 GCTaskThread "GC Thread#5" [stack: 0x0000008cbc800000,0x0000008cbc900000] [id=11684]
  0x0000023f25936800 ConcurrentGCThread "G1 Main Marker" [stack: 0x0000008cbb100000,0x0000008cbb200000] [id=1060]
  0x0000023f25937800 ConcurrentGCThread "G1 Conc#0" [stack: 0x0000008cbb200000,0x0000008cbb300000] [id=8180]
  0x0000023f42d5e800 ConcurrentGCThread "G1 Conc#1" [stack: 0x0000008cbd200000,0x0000008cbd300000] [id=712]
  0x0000023f259ce800 ConcurrentGCThread "G1 Refine#0" [stack: 0x0000008cbb300000,0x0000008cbb400000] [id=14128]
  0x0000023f3ff8a800 ConcurrentGCThread "G1 Young RemSet Sampling" [stack: 0x0000008cbb400000,0x0000008cbb500000] [id=6032]

Threads with active compile tasks:
C2 CompilerThread0   5071 4199       4       org.codehaus.groovy.util.LazyReference::get (44 bytes)
C2 CompilerThread1   5071 4109       4       groovy.lang.MetaClassImpl$1MOPIter::methodNameAction (325 bytes)

VM state:not at safepoint (normal execution)

VM Mutex/Monitor currently owned by a thread: None

Heap address: 0x0000000080000000, size: 2048 MB, Compressed Oops mode: 32-bit
Narrow klass base: 0x0000000000000000, Narrow klass shift: 3
Compressed class space size: 1073741824 Address: 0x0000000100000000

Heap:
 garbage-first heap   total 196608K, used 107763K [0x0000000080000000, 0x0000000100000000)
  region size 1024K, 68 young (69632K), 11 survivors (11264K)
 Metaspace       used 45659K, capacity 47050K, committed 47232K, reserved 1089536K
  class space    used 5803K, capacity 6272K, committed 6272K, reserved 1048576K
Heap Regions: E=young(eden), S=young(survivor), O=old, HS=humongous(starts), HC=humongous(continues), CS=collection set, F=free, A=archive, TAMS=top-at-mark-start (previous, next)
|   0|0x0000000080000000, 0x0000000080100000, 0x0000000080100000|100%| O|  |TAMS 0x0000000080100000, 0x0000000080000000| Untracked 
|   1|0x0000000080100000, 0x0000000080200000, 0x0000000080200000|100%| O|  |TAMS 0x0000000080200000, 0x0000000080100000| Untracked 
|   2|0x0000000080200000, 0x0000000080300000, 0x0000000080300000|100%| O|  |TAMS 0x0000000080300000, 0x0000000080200000| Untracked 
|   3|0x0000000080300000, 0x0000000080400000, 0x0000000080400000|100%|HS|  |TAMS 0x0000000080400000, 0x0000000080300000| Complete 
|   4|0x0000000080400000, 0x0000000080500000, 0x0000000080500000|100%|HC|  |TAMS 0x0000000080500000, 0x0000000080400000| Complete 
|   5|0x0000000080500000, 0x0000000080600000, 0x0000000080600000|100%|HC|  |TAMS 0x0000000080600000, 0x0000000080500000| Complete 
|   6|0x0000000080600000, 0x0000000080700000, 0x0000000080700000|100%| O|  |TAMS 0x0000000080700000, 0x0000000080600000| Untracked 
|   7|0x0000000080700000, 0x0000000080800000, 0x0000000080800000|100%| O|  |TAMS 0x0000000080800000, 0x0000000080700000| Untracked 
|   8|0x0000000080800000, 0x0000000080900000, 0x0000000080900000|100%| O|  |TAMS 0x0000000080900000, 0x0000000080800000| Untracked 
|   9|0x0000000080900000, 0x0000000080a00000, 0x0000000080a00000|100%| O|  |TAMS 0x0000000080a00000, 0x0000000080900000| Untracked 
|  10|0x0000000080a00000, 0x0000000080b00000, 0x0000000080b00000|100%| O|  |TAMS 0x0000000080b00000, 0x0000000080a00000| Untracked 
|  11|0x0000000080b00000, 0x0000000080c00000, 0x0000000080c00000|100%| O|  |TAMS 0x0000000080c00000, 0x0000000080b00000| Untracked 
|  12|0x0000000080c00000, 0x0000000080d00000, 0x0000000080d00000|100%| O|  |TAMS 0x0000000080d00000, 0x0000000080c00000| Untracked 
|  13|0x0000000080d00000, 0x0000000080e00000, 0x0000000080e00000|100%| O|  |TAMS 0x0000000080e00000, 0x0000000080d00000| Untracked 
|  14|0x0000000080e00000, 0x0000000080f00000, 0x0000000080f00000|100%| O|  |TAMS 0x0000000080f00000, 0x0000000080e00000| Untracked 
|  15|0x0000000080f00000, 0x0000000081000000, 0x0000000081000000|100%|HS|  |TAMS 0x0000000081000000, 0x0000000080f00000| Complete 
|  16|0x0000000081000000, 0x0000000081100000, 0x0000000081100000|100%|HC|  |TAMS 0x0000000081100000, 0x0000000081000000| Complete 
|  17|0x0000000081100000, 0x0000000081200000, 0x0000000081200000|100%|HS|  |TAMS 0x0000000081200000, 0x0000000081100000| Complete 
|  18|0x0000000081200000, 0x0000000081300000, 0x0000000081300000|100%|HC|  |TAMS 0x0000000081300000, 0x0000000081200000| Complete 
|  19|0x0000000081300000, 0x0000000081400000, 0x0000000081400000|100%|HC|  |TAMS 0x0000000081400000, 0x0000000081300000| Complete 
|  20|0x0000000081400000, 0x0000000081500000, 0x0000000081500000|100%|HS|  |TAMS 0x0000000081500000, 0x0000000081400000| Complete 
|  21|0x0000000081500000, 0x0000000081600000, 0x0000000081600000|100%|HC|  |TAMS 0x0000000081600000, 0x0000000081500000| Complete 
|  22|0x0000000081600000, 0x0000000081700000, 0x0000000081700000|100%|HC|  |TAMS 0x0000000081700000, 0x0000000081600000| Complete 
|  23|0x0000000081700000, 0x0000000081800000, 0x0000000081800000|100%|HC|  |TAMS 0x0000000081800000, 0x0000000081700000| Complete 
|  24|0x0000000081800000, 0x0000000081900000, 0x0000000081900000|100%| O|  |TAMS 0x0000000081900000, 0x0000000081800000| Untracked 
|  25|0x0000000081900000, 0x0000000081a00000, 0x0000000081a00000|100%| O|  |TAMS 0x000000008193e600, 0x0000000081900000| Untracked 
|  26|0x0000000081a00000, 0x0000000081b00000, 0x0000000081b00000|100%|HS|  |TAMS 0x0000000081a00000, 0x0000000081a00000| Complete 
|  27|0x0000000081b00000, 0x0000000081b00000, 0x0000000081c00000|  0%| F|  |TAMS 0x0000000081b00000, 0x0000000081b00000| Untracked 
|  28|0x0000000081c00000, 0x0000000081c00000, 0x0000000081d00000|  0%| F|  |TAMS 0x0000000081c00000, 0x0000000081c00000| Untracked 
|  29|0x0000000081d00000, 0x0000000081e00000, 0x0000000081e00000|100%|HS|  |TAMS 0x0000000081d00000, 0x0000000081d00000| Complete 
|  30|0x0000000081e00000, 0x0000000081f00000, 0x0000000081f00000|100%|HC|  |TAMS 0x0000000081e00000, 0x0000000081e00000| Complete 
|  31|0x0000000081f00000, 0x0000000082000000, 0x0000000082000000|100%|HC|  |TAMS 0x0000000081f00000, 0x0000000081f00000| Complete 
|  32|0x0000000082000000, 0x0000000082100000, 0x0000000082100000|100%| O|  |TAMS 0x0000000082000000, 0x0000000082000000| Untracked 
|  33|0x0000000082100000, 0x0000000082200000, 0x0000000082200000|100%| O|  |TAMS 0x0000000082100000, 0x0000000082100000| Untracked 
|  34|0x0000000082200000, 0x0000000082300000, 0x0000000082300000|100%| O|  |TAMS 0x0000000082200000, 0x0000000082200000| Untracked 
|  35|0x0000000082300000, 0x0000000082400000, 0x0000000082400000|100%| O|  |TAMS 0x0000000082300000, 0x0000000082300000| Untracked 
|  36|0x0000000082400000, 0x0000000082500000, 0x0000000082500000|100%| O|  |TAMS 0x0000000082400000, 0x0000000082400000| Untracked 
|  37|0x0000000082500000, 0x0000000082540a00, 0x0000000082600000| 25%| O|  |TAMS 0x0000000082500000, 0x0000000082500000| Untracked 
|  38|0x0000000082600000, 0x0000000082700000, 0x0000000082700000|100%|HS|  |TAMS 0x0000000082600000, 0x0000000082600000| Complete 
|  39|0x0000000082700000, 0x0000000082800000, 0x0000000082800000|100%|HC|  |TAMS 0x0000000082700000, 0x0000000082700000| Complete 
|  40|0x0000000082800000, 0x0000000082900000, 0x0000000082900000|100%|HC|  |TAMS 0x0000000082800000, 0x0000000082800000| Complete 
|  41|0x0000000082900000, 0x0000000082a00000, 0x0000000082a00000|100%|HC|  |TAMS 0x0000000082900000, 0x0000000082900000| Complete 
|  42|0x0000000082a00000, 0x0000000082a00000, 0x0000000082b00000|  0%| F|  |TAMS 0x0000000082a00000, 0x0000000082a00000| Untracked 
|  43|0x0000000082b00000, 0x0000000082b00000, 0x0000000082c00000|  0%| F|  |TAMS 0x0000000082b00000, 0x0000000082b00000| Untracked 
|  44|0x0000000082c00000, 0x0000000082c00000, 0x0000000082d00000|  0%| F|  |TAMS 0x0000000082c00000, 0x0000000082c00000| Untracked 
|  45|0x0000000082d00000, 0x0000000082d00000, 0x0000000082e00000|  0%| F|  |TAMS 0x0000000082d00000, 0x0000000082d00000| Untracked 
|  46|0x0000000082e00000, 0x0000000082e00000, 0x0000000082f00000|  0%| F|  |TAMS 0x0000000082e00000, 0x0000000082e00000| Untracked 
|  47|0x0000000082f00000, 0x0000000082f00000, 0x0000000083000000|  0%| F|  |TAMS 0x0000000082f00000, 0x0000000082f00000| Untracked 
|  48|0x0000000083000000, 0x0000000083000000, 0x0000000083100000|  0%| F|  |TAMS 0x0000000083000000, 0x0000000083000000| Untracked 
|  49|0x0000000083100000, 0x0000000083100000, 0x0000000083200000|  0%| F|  |TAMS 0x0000000083100000, 0x0000000083100000| Untracked 
|  50|0x0000000083200000, 0x0000000083200000, 0x0000000083300000|  0%| F|  |TAMS 0x0000000083200000, 0x0000000083200000| Untracked 
|  51|0x0000000083300000, 0x0000000083300000, 0x0000000083400000|  0%| F|  |TAMS 0x0000000083300000, 0x0000000083300000| Untracked 
|  52|0x0000000083400000, 0x0000000083400000, 0x0000000083500000|  0%| F|  |TAMS 0x0000000083400000, 0x0000000083400000| Untracked 
|  53|0x0000000083500000, 0x0000000083500000, 0x0000000083600000|  0%| F|  |TAMS 0x0000000083500000, 0x0000000083500000| Untracked 
|  54|0x0000000083600000, 0x0000000083600000, 0x0000000083700000|  0%| F|  |TAMS 0x0000000083600000, 0x0000000083600000| Untracked 
|  55|0x0000000083700000, 0x0000000083700000, 0x0000000083800000|  0%| F|  |TAMS 0x0000000083700000, 0x0000000083700000| Untracked 
|  56|0x0000000083800000, 0x0000000083800000, 0x0000000083900000|  0%| F|  |TAMS 0x0000000083800000, 0x0000000083800000| Untracked 
|  57|0x0000000083900000, 0x0000000083900000, 0x0000000083a00000|  0%| F|  |TAMS 0x0000000083900000, 0x0000000083900000| Untracked 
|  58|0x0000000083a00000, 0x0000000083a00000, 0x0000000083b00000|  0%| F|  |TAMS 0x0000000083a00000, 0x0000000083a00000| Untracked 
|  59|0x0000000083b00000, 0x0000000083b00000, 0x0000000083c00000|  0%| F|  |TAMS 0x0000000083b00000, 0x0000000083b00000| Untracked 
|  60|0x0000000083c00000, 0x0000000083c00000, 0x0000000083d00000|  0%| F|  |TAMS 0x0000000083c00000, 0x0000000083c00000| Untracked 
|  61|0x0000000083d00000, 0x0000000083d00000, 0x0000000083e00000|  0%| F|  |TAMS 0x0000000083d00000, 0x0000000083d00000| Untracked 
|  62|0x0000000083e00000, 0x0000000083e00000, 0x0000000083f00000|  0%| F|  |TAMS 0x0000000083e00000, 0x0000000083e00000| Untracked 
|  63|0x0000000083f00000, 0x0000000083f00000, 0x0000000084000000|  0%| F|  |TAMS 0x0000000083f00000, 0x0000000083f00000| Untracked 
|  64|0x0000000084000000, 0x0000000084000000, 0x0000000084100000|  0%| F|  |TAMS 0x0000000084000000, 0x0000000084000000| Untracked 
|  65|0x0000000084100000, 0x0000000084100000, 0x0000000084200000|  0%| F|  |TAMS 0x0000000084100000, 0x0000000084100000| Untracked 
|  66|0x0000000084200000, 0x0000000084200000, 0x0000000084300000|  0%| F|  |TAMS 0x0000000084200000, 0x0000000084200000| Untracked 
|  67|0x0000000084300000, 0x0000000084300000, 0x0000000084400000|  0%| F|  |TAMS 0x0000000084300000, 0x0000000084300000| Untracked 
|  68|0x0000000084400000, 0x0000000084400000, 0x0000000084500000|  0%| F|  |TAMS 0x0000000084400000, 0x0000000084400000| Untracked 
|  69|0x0000000084500000, 0x0000000084500000, 0x0000000084600000|  0%| F|  |TAMS 0x0000000084500000, 0x0000000084500000| Untracked 
|  70|0x0000000084600000, 0x0000000084600000, 0x0000000084700000|  0%| F|  |TAMS 0x0000000084600000, 0x0000000084600000| Untracked 
|  71|0x0000000084700000, 0x0000000084700000, 0x0000000084800000|  0%| F|  |TAMS 0x0000000084700000, 0x0000000084700000| Untracked 
|  72|0x0000000084800000, 0x0000000084800000, 0x0000000084900000|  0%| F|  |TAMS 0x0000000084800000, 0x0000000084800000| Untracked 
|  73|0x0000000084900000, 0x0000000084900000, 0x0000000084a00000|  0%| F|  |TAMS 0x0000000084900000, 0x0000000084900000| Untracked 
|  74|0x0000000084a00000, 0x0000000084a00000, 0x0000000084b00000|  0%| F|  |TAMS 0x0000000084a00000, 0x0000000084a00000| Untracked 
|  75|0x0000000084b00000, 0x0000000084b00000, 0x0000000084c00000|  0%| F|  |TAMS 0x0000000084b00000, 0x0000000084b00000| Untracked 
|  76|0x0000000084c00000, 0x0000000084c00000, 0x0000000084d00000|  0%| F|  |TAMS 0x0000000084c00000, 0x0000000084c00000| Untracked 
|  77|0x0000000084d00000, 0x0000000084d00000, 0x0000000084e00000|  0%| F|  |TAMS 0x0000000084d00000, 0x0000000084d00000| Untracked 
|  78|0x0000000084e00000, 0x0000000084e00000, 0x0000000084f00000|  0%| F|  |TAMS 0x0000000084e00000, 0x0000000084e00000| Untracked 
|  79|0x0000000084f00000, 0x0000000084f00000, 0x0000000085000000|  0%| F|  |TAMS 0x0000000084f00000, 0x0000000084f00000| Untracked 
|  80|0x0000000085000000, 0x0000000085000000, 0x0000000085100000|  0%| F|  |TAMS 0x0000000085000000, 0x0000000085000000| Untracked 
|  81|0x0000000085100000, 0x0000000085100000, 0x0000000085200000|  0%| F|  |TAMS 0x0000000085100000, 0x0000000085100000| Untracked 
|  82|0x0000000085200000, 0x0000000085200000, 0x0000000085300000|  0%| F|  |TAMS 0x0000000085200000, 0x0000000085200000| Untracked 
|  83|0x0000000085300000, 0x0000000085300000, 0x0000000085400000|  0%| F|  |TAMS 0x0000000085300000, 0x0000000085300000| Untracked 
|  84|0x0000000085400000, 0x0000000085400000, 0x0000000085500000|  0%| F|  |TAMS 0x0000000085400000, 0x0000000085400000| Untracked 
|  85|0x0000000085500000, 0x0000000085500000, 0x0000000085600000|  0%| F|  |TAMS 0x0000000085500000, 0x0000000085500000| Untracked 
|  86|0x0000000085600000, 0x00000000856fc420, 0x0000000085700000| 98%| S|CS|TAMS 0x0000000085600000, 0x0000000085600000| Complete 
|  87|0x0000000085700000, 0x0000000085800000, 0x0000000085800000|100%| S|CS|TAMS 0x0000000085700000, 0x0000000085700000| Complete 
|  88|0x0000000085800000, 0x0000000085900000, 0x0000000085900000|100%| S|CS|TAMS 0x0000000085800000, 0x0000000085800000| Complete 
|  89|0x0000000085900000, 0x0000000085a00000, 0x0000000085a00000|100%| S|CS|TAMS 0x0000000085900000, 0x0000000085900000| Complete 
|  90|0x0000000085a00000, 0x0000000085b00000, 0x0000000085b00000|100%| S|CS|TAMS 0x0000000085a00000, 0x0000000085a00000| Complete 
|  91|0x0000000085b00000, 0x0000000085c00000, 0x0000000085c00000|100%| S|CS|TAMS 0x0000000085b00000, 0x0000000085b00000| Complete 
|  92|0x0000000085c00000, 0x0000000085d00000, 0x0000000085d00000|100%| S|CS|TAMS 0x0000000085c00000, 0x0000000085c00000| Complete 
|  93|0x0000000085d00000, 0x0000000085e00000, 0x0000000085e00000|100%| S|CS|TAMS 0x0000000085d00000, 0x0000000085d00000| Complete 
|  94|0x0000000085e00000, 0x0000000085f00000, 0x0000000085f00000|100%| S|CS|TAMS 0x0000000085e00000, 0x0000000085e00000| Complete 
|  95|0x0000000085f00000, 0x0000000086000000, 0x0000000086000000|100%| S|CS|TAMS 0x0000000085f00000, 0x0000000085f00000| Complete 
|  96|0x0000000086000000, 0x0000000086100000, 0x0000000086100000|100%| S|CS|TAMS 0x0000000086000000, 0x0000000086000000| Complete 
|  97|0x0000000086100000, 0x0000000086100000, 0x0000000086200000|  0%| F|  |TAMS 0x0000000086100000, 0x0000000086100000| Untracked 
|  98|0x0000000086200000, 0x0000000086200000, 0x0000000086300000|  0%| F|  |TAMS 0x0000000086200000, 0x0000000086200000| Untracked 
|  99|0x0000000086300000, 0x0000000086300000, 0x0000000086400000|  0%| F|  |TAMS 0x0000000086300000, 0x0000000086300000| Untracked 
| 100|0x0000000086400000, 0x0000000086400000, 0x0000000086500000|  0%| F|  |TAMS 0x0000000086400000, 0x0000000086400000| Untracked 
| 101|0x0000000086500000, 0x0000000086500000, 0x0000000086600000|  0%| F|  |TAMS 0x0000000086500000, 0x0000000086500000| Untracked 
| 102|0x0000000086600000, 0x0000000086600000, 0x0000000086700000|  0%| F|  |TAMS 0x0000000086600000, 0x0000000086600000| Untracked 
| 103|0x0000000086700000, 0x0000000086700000, 0x0000000086800000|  0%| F|  |TAMS 0x0000000086700000, 0x0000000086700000| Untracked 
| 104|0x0000000086800000, 0x0000000086800000, 0x0000000086900000|  0%| F|  |TAMS 0x0000000086800000, 0x0000000086800000| Untracked 
| 105|0x0000000086900000, 0x0000000086900000, 0x0000000086a00000|  0%| F|  |TAMS 0x0000000086900000, 0x0000000086900000| Untracked 
| 106|0x0000000086a00000, 0x0000000086a00000, 0x0000000086b00000|  0%| F|  |TAMS 0x0000000086a00000, 0x0000000086a00000| Untracked 
| 107|0x0000000086b00000, 0x0000000086b00000, 0x0000000086c00000|  0%| F|  |TAMS 0x0000000086b00000, 0x0000000086b00000| Untracked 
| 108|0x0000000086c00000, 0x0000000086c00000, 0x0000000086d00000|  0%| F|  |TAMS 0x0000000086c00000, 0x0000000086c00000| Untracked 
| 109|0x0000000086d00000, 0x0000000086d00000, 0x0000000086e00000|  0%| F|  |TAMS 0x0000000086d00000, 0x0000000086d00000| Untracked 
| 110|0x0000000086e00000, 0x0000000086e00000, 0x0000000086f00000|  0%| F|  |TAMS 0x0000000086e00000, 0x0000000086e00000| Untracked 
| 111|0x0000000086f00000, 0x0000000086f00000, 0x0000000087000000|  0%| F|  |TAMS 0x0000000086f00000, 0x0000000086f00000| Untracked 
| 112|0x0000000087000000, 0x0000000087000000, 0x0000000087100000|  0%| F|  |TAMS 0x0000000087000000, 0x0000000087000000| Untracked 
| 113|0x0000000087100000, 0x0000000087100000, 0x0000000087200000|  0%| F|  |TAMS 0x0000000087100000, 0x0000000087100000| Untracked 
| 114|0x0000000087200000, 0x0000000087200000, 0x0000000087300000|  0%| F|  |TAMS 0x0000000087200000, 0x0000000087200000| Untracked 
| 115|0x0000000087300000, 0x0000000087300000, 0x0000000087400000|  0%| F|  |TAMS 0x0000000087300000, 0x0000000087300000| Untracked 
| 116|0x0000000087400000, 0x0000000087400000, 0x0000000087500000|  0%| F|  |TAMS 0x0000000087400000, 0x0000000087400000| Untracked 
| 117|0x0000000087500000, 0x0000000087500000, 0x0000000087600000|  0%| F|  |TAMS 0x0000000087500000, 0x0000000087500000| Untracked 
| 118|0x0000000087600000, 0x0000000087600000, 0x0000000087700000|  0%| F|  |TAMS 0x0000000087600000, 0x0000000087600000| Untracked 
| 119|0x0000000087700000, 0x0000000087700000, 0x0000000087800000|  0%| F|  |TAMS 0x0000000087700000, 0x0000000087700000| Untracked 
| 120|0x0000000087800000, 0x0000000087800000, 0x0000000087900000|  0%| F|  |TAMS 0x0000000087800000, 0x0000000087800000| Untracked 
| 121|0x0000000087900000, 0x0000000087900000, 0x0000000087a00000|  0%| F|  |TAMS 0x0000000087900000, 0x0000000087900000| Untracked 
| 122|0x0000000087a00000, 0x0000000087a00000, 0x0000000087b00000|  0%| F|  |TAMS 0x0000000087a00000, 0x0000000087a00000| Untracked 
| 123|0x0000000087b00000, 0x0000000087b00000, 0x0000000087c00000|  0%| F|  |TAMS 0x0000000087b00000, 0x0000000087b00000| Untracked 
| 124|0x0000000087c00000, 0x0000000087c00000, 0x0000000087d00000|  0%| F|  |TAMS 0x0000000087c00000, 0x0000000087c00000| Untracked 
| 125|0x0000000087d00000, 0x0000000087d00000, 0x0000000087e00000|  0%| F|  |TAMS 0x0000000087d00000, 0x0000000087d00000| Untracked 
| 126|0x0000000087e00000, 0x0000000087e00000, 0x0000000087f00000|  0%| F|  |TAMS 0x0000000087e00000, 0x0000000087e00000| Untracked 
| 127|0x0000000087f00000, 0x0000000087f00000, 0x0000000088000000|  0%| F|  |TAMS 0x0000000087f00000, 0x0000000087f00000| Untracked 
| 128|0x0000000088000000, 0x0000000088000000, 0x0000000088100000|  0%| F|  |TAMS 0x0000000088000000, 0x0000000088000000| Untracked 
| 129|0x0000000088100000, 0x0000000088100000, 0x0000000088200000|  0%| F|  |TAMS 0x0000000088100000, 0x0000000088100000| Untracked 
| 130|0x0000000088200000, 0x0000000088200000, 0x0000000088300000|  0%| F|  |TAMS 0x0000000088200000, 0x0000000088200000| Untracked 
| 131|0x0000000088300000, 0x0000000088300000, 0x0000000088400000|  0%| F|  |TAMS 0x0000000088300000, 0x0000000088300000| Untracked 
| 132|0x0000000088400000, 0x0000000088400000, 0x0000000088500000|  0%| F|  |TAMS 0x0000000088400000, 0x0000000088400000| Untracked 
| 133|0x0000000088500000, 0x0000000088500000, 0x0000000088600000|  0%| F|  |TAMS 0x0000000088500000, 0x0000000088500000| Untracked 
| 134|0x0000000088600000, 0x0000000088680800, 0x0000000088700000| 50%| E|  |TAMS 0x0000000088600000, 0x0000000088600000| Complete 
| 135|0x0000000088700000, 0x0000000088800000, 0x0000000088800000|100%| E|CS|TAMS 0x0000000088700000, 0x0000000088700000| Complete 
| 136|0x0000000088800000, 0x0000000088900000, 0x0000000088900000|100%| E|CS|TAMS 0x0000000088800000, 0x0000000088800000| Complete 
| 137|0x0000000088900000, 0x0000000088a00000, 0x0000000088a00000|100%| E|CS|TAMS 0x0000000088900000, 0x0000000088900000| Complete 
| 138|0x0000000088a00000, 0x0000000088b00000, 0x0000000088b00000|100%| E|CS|TAMS 0x0000000088a00000, 0x0000000088a00000| Complete 
| 139|0x0000000088b00000, 0x0000000088c00000, 0x0000000088c00000|100%| E|CS|TAMS 0x0000000088b00000, 0x0000000088b00000| Complete 
| 140|0x0000000088c00000, 0x0000000088d00000, 0x0000000088d00000|100%| E|CS|TAMS 0x0000000088c00000, 0x0000000088c00000| Complete 
| 141|0x0000000088d00000, 0x0000000088e00000, 0x0000000088e00000|100%| E|CS|TAMS 0x0000000088d00000, 0x0000000088d00000| Complete 
| 142|0x0000000088e00000, 0x0000000088f00000, 0x0000000088f00000|100%| E|CS|TAMS 0x0000000088e00000, 0x0000000088e00000| Complete 
| 143|0x0000000088f00000, 0x0000000089000000, 0x0000000089000000|100%| E|CS|TAMS 0x0000000088f00000, 0x0000000088f00000| Complete 
| 144|0x0000000089000000, 0x0000000089100000, 0x0000000089100000|100%| E|CS|TAMS 0x0000000089000000, 0x0000000089000000| Complete 
| 145|0x0000000089100000, 0x0000000089200000, 0x0000000089200000|100%| E|CS|TAMS 0x0000000089100000, 0x0000000089100000| Complete 
| 146|0x0000000089200000, 0x0000000089300000, 0x0000000089300000|100%| E|CS|TAMS 0x0000000089200000, 0x0000000089200000| Complete 
| 147|0x0000000089300000, 0x0000000089400000, 0x0000000089400000|100%| E|CS|TAMS 0x0000000089300000, 0x0000000089300000| Complete 
| 148|0x0000000089400000, 0x0000000089500000, 0x0000000089500000|100%| E|CS|TAMS 0x0000000089400000, 0x0000000089400000| Complete 
| 149|0x0000000089500000, 0x0000000089600000, 0x0000000089600000|100%| E|CS|TAMS 0x0000000089500000, 0x0000000089500000| Complete 
| 150|0x0000000089600000, 0x0000000089700000, 0x0000000089700000|100%| E|CS|TAMS 0x0000000089600000, 0x0000000089600000| Complete 
| 151|0x0000000089700000, 0x0000000089800000, 0x0000000089800000|100%| E|CS|TAMS 0x0000000089700000, 0x0000000089700000| Complete 
| 152|0x0000000089800000, 0x0000000089900000, 0x0000000089900000|100%| E|CS|TAMS 0x0000000089800000, 0x0000000089800000| Complete 
| 153|0x0000000089900000, 0x0000000089a00000, 0x0000000089a00000|100%| E|CS|TAMS 0x0000000089900000, 0x0000000089900000| Complete 
| 154|0x0000000089a00000, 0x0000000089b00000, 0x0000000089b00000|100%| E|CS|TAMS 0x0000000089a00000, 0x0000000089a00000| Complete 
| 155|0x0000000089b00000, 0x0000000089c00000, 0x0000000089c00000|100%| E|CS|TAMS 0x0000000089b00000, 0x0000000089b00000| Complete 
| 156|0x0000000089c00000, 0x0000000089d00000, 0x0000000089d00000|100%| E|CS|TAMS 0x0000000089c00000, 0x0000000089c00000| Complete 
| 157|0x0000000089d00000, 0x0000000089e00000, 0x0000000089e00000|100%| E|CS|TAMS 0x0000000089d00000, 0x0000000089d00000| Complete 
| 158|0x0000000089e00000, 0x0000000089f00000, 0x0000000089f00000|100%| E|CS|TAMS 0x0000000089e00000, 0x0000000089e00000| Complete 
| 159|0x0000000089f00000, 0x000000008a000000, 0x000000008a000000|100%| E|CS|TAMS 0x0000000089f00000, 0x0000000089f00000| Complete 
| 160|0x000000008a000000, 0x000000008a100000, 0x000000008a100000|100%| E|CS|TAMS 0x000000008a000000, 0x000000008a000000| Complete 
| 161|0x000000008a100000, 0x000000008a200000, 0x000000008a200000|100%| E|CS|TAMS 0x000000008a100000, 0x000000008a100000| Complete 
| 162|0x000000008a200000, 0x000000008a300000, 0x000000008a300000|100%| E|CS|TAMS 0x000000008a200000, 0x000000008a200000| Complete 
| 163|0x000000008a300000, 0x000000008a400000, 0x000000008a400000|100%| E|CS|TAMS 0x000000008a300000, 0x000000008a300000| Complete 
| 164|0x000000008a400000, 0x000000008a500000, 0x000000008a500000|100%| E|CS|TAMS 0x000000008a400000, 0x000000008a400000| Complete 
| 165|0x000000008a500000, 0x000000008a600000, 0x000000008a600000|100%| E|CS|TAMS 0x000000008a500000, 0x000000008a500000| Complete 
| 166|0x000000008a600000, 0x000000008a700000, 0x000000008a700000|100%| E|CS|TAMS 0x000000008a600000, 0x000000008a600000| Complete 
| 167|0x000000008a700000, 0x000000008a800000, 0x000000008a800000|100%| E|CS|TAMS 0x000000008a700000, 0x000000008a700000| Complete 
| 168|0x000000008a800000, 0x000000008a900000, 0x000000008a900000|100%| E|CS|TAMS 0x000000008a800000, 0x000000008a800000| Complete 
| 169|0x000000008a900000, 0x000000008aa00000, 0x000000008aa00000|100%| E|CS|TAMS 0x000000008a900000, 0x000000008a900000| Complete 
| 170|0x000000008aa00000, 0x000000008ab00000, 0x000000008ab00000|100%| E|CS|TAMS 0x000000008aa00000, 0x000000008aa00000| Complete 
| 171|0x000000008ab00000, 0x000000008ac00000, 0x000000008ac00000|100%| E|CS|TAMS 0x000000008ab00000, 0x000000008ab00000| Complete 
| 172|0x000000008ac00000, 0x000000008ad00000, 0x000000008ad00000|100%| E|CS|TAMS 0x000000008ac00000, 0x000000008ac00000| Complete 
| 173|0x000000008ad00000, 0x000000008ae00000, 0x000000008ae00000|100%| E|CS|TAMS 0x000000008ad00000, 0x000000008ad00000| Complete 
| 174|0x000000008ae00000, 0x000000008af00000, 0x000000008af00000|100%| E|CS|TAMS 0x000000008ae00000, 0x000000008ae00000| Complete 
| 175|0x000000008af00000, 0x000000008b000000, 0x000000008b000000|100%| E|CS|TAMS 0x000000008af00000, 0x000000008af00000| Complete 
| 176|0x000000008b000000, 0x000000008b100000, 0x000000008b100000|100%| E|CS|TAMS 0x000000008b000000, 0x000000008b000000| Complete 
| 177|0x000000008b100000, 0x000000008b200000, 0x000000008b200000|100%| E|CS|TAMS 0x000000008b100000, 0x000000008b100000| Complete 
| 178|0x000000008b200000, 0x000000008b300000, 0x000000008b300000|100%| E|CS|TAMS 0x000000008b200000, 0x000000008b200000| Complete 
| 179|0x000000008b300000, 0x000000008b400000, 0x000000008b400000|100%| E|CS|TAMS 0x000000008b300000, 0x000000008b300000| Complete 
| 180|0x000000008b400000, 0x000000008b500000, 0x000000008b500000|100%| E|CS|TAMS 0x000000008b400000, 0x000000008b400000| Complete 
| 181|0x000000008b500000, 0x000000008b600000, 0x000000008b600000|100%| E|CS|TAMS 0x000000008b500000, 0x000000008b500000| Complete 
| 182|0x000000008b600000, 0x000000008b700000, 0x000000008b700000|100%| E|CS|TAMS 0x000000008b600000, 0x000000008b600000| Complete 
| 183|0x000000008b700000, 0x000000008b800000, 0x000000008b800000|100%| E|CS|TAMS 0x000000008b700000, 0x000000008b700000| Complete 
| 184|0x000000008b800000, 0x000000008b900000, 0x000000008b900000|100%| E|CS|TAMS 0x000000008b800000, 0x000000008b800000| Complete 
| 185|0x000000008b900000, 0x000000008ba00000, 0x000000008ba00000|100%| E|CS|TAMS 0x000000008b900000, 0x000000008b900000| Complete 
| 186|0x000000008ba00000, 0x000000008bb00000, 0x000000008bb00000|100%| E|  |TAMS 0x000000008ba00000, 0x000000008ba00000| Complete 
| 187|0x000000008bb00000, 0x000000008bc00000, 0x000000008bc00000|100%| E|CS|TAMS 0x000000008bb00000, 0x000000008bb00000| Complete 
| 188|0x000000008bc00000, 0x000000008bd00000, 0x000000008bd00000|100%| E|CS|TAMS 0x000000008bc00000, 0x000000008bc00000| Complete 
| 189|0x000000008bd00000, 0x000000008be00000, 0x000000008be00000|100%| E|CS|TAMS 0x000000008bd00000, 0x000000008bd00000| Complete 
| 190|0x000000008be00000, 0x000000008bf00000, 0x000000008bf00000|100%| E|CS|TAMS 0x000000008be00000, 0x000000008be00000| Complete 
| 191|0x000000008bf00000, 0x000000008c000000, 0x000000008c000000|100%| E|CS|TAMS 0x000000008bf00000, 0x000000008bf00000| Complete 

Card table byte_map: [0x0000023f39060000,0x0000023f39460000] _byte_map_base: 0x0000023f38c60000

Marking Bits (Prev, Next): (CMBitMap*) 0x0000023f2592c778, (CMBitMap*) 0x0000023f2592c7b0
 Prev Bits: [0x0000023f39860000, 0x0000023f3b860000)
 Next Bits: [0x0000023f3b860000, 0x0000023f3d860000)

Polling page: 0x0000023f259d0000

Metaspace:

Usage:
  Non-class:     39.82 MB capacity,    38.94 MB ( 98%) used,   787.91 KB (  2%) free+waste,   112.44 KB ( <1%) overhead. 
      Class:      6.13 MB capacity,     5.68 MB ( 93%) used,   405.94 KB (  6%) free+waste,    54.44 KB ( <1%) overhead. 
       Both:     45.95 MB capacity,    44.62 MB ( 97%) used,     1.17 MB (  3%) free+waste,   166.88 KB ( <1%) overhead. 

Virtual space:
  Non-class space:       40.00 MB reserved,      40.00 MB (100%) committed 
      Class space:        1.00 GB reserved,       6.13 MB ( <1%) committed 
             Both:        1.04 GB reserved,      46.13 MB (  4%) committed 

Chunk freelists:
   Non-Class:  54.00 KB
       Class:  0 bytes
        Both:  54.00 KB

MaxMetaspaceSize: 17179869184.00 GB
CompressedClassSpaceSize: 1.00 GB

CodeHeap 'non-profiled nmethods': size=120064Kb used=2097Kb max_used=2097Kb free=117966Kb
 bounds [0x0000023f30ed0000, 0x0000023f31140000, 0x0000023f38410000]
CodeHeap 'profiled nmethods': size=120000Kb used=9189Kb max_used=9189Kb free=110810Kb
 bounds [0x0000023f299a0000, 0x0000023f2a2a0000, 0x0000023f30ed0000]
CodeHeap 'non-nmethods': size=5696Kb used=2198Kb max_used=2253Kb free=3497Kb
 bounds [0x0000023f29410000, 0x0000023f29680000, 0x0000023f299a0000]
 total_blobs=4968 nmethods=4192 adapters=688
 compilation: enabled
              stopped_count=0, restarted_count=0
 full_count=0

Compilation events (20 events):
Event: 4.998 Thread 0x0000023f409b2800 4191   !   3       jdk.internal.reflect.GeneratedMethodAccessor1::invoke (68 bytes)
Event: 4.998 Thread 0x0000023f409b2800 nmethod 4191 0x0000023f2a28dc10 code [0x0000023f2a28de60, 0x0000023f2a28e618]
Event: 4.999 Thread 0x0000023f409b2800 4192       1       org.gradle.internal.logging.sink.OutputEventListenerManager::access$000 (5 bytes)
Event: 4.999 Thread 0x0000023f409b2800 nmethod 4192 0x0000023f310d5e10 code [0x0000023f310d5fc0, 0x0000023f310d6058]
Event: 4.999 Thread 0x0000023f409b2800 4193       1       org.gradle.internal.logging.sink.OutputEventListenerManager::access$100 (5 bytes)
Event: 4.999 Thread 0x0000023f409b2800 nmethod 4193 0x0000023f310d6110 code [0x0000023f310d62c0, 0x0000023f310d6358]
Event: 5.018 Thread 0x0000023f409b2800 4194  s    3       sun.net.www.protocol.file.Handler::openConnection (7 bytes)
Event: 5.019 Thread 0x0000023f409b2800 nmethod 4194 0x0000023f2a28e990 code [0x0000023f2a28eb60, 0x0000023f2a28ee28]
Event: 5.019 Thread 0x0000023f409b2800 4195  s!   3       sun.net.www.protocol.file.Handler::openConnection (273 bytes)
Event: 5.021 Thread 0x0000023f409b2800 nmethod 4195 0x0000023f2a28ef10 code [0x0000023f2a28f4c0, 0x0000023f2a291ea8]
Event: 5.021 Thread 0x0000023f409b2800 4197       3       groovy.lang.GroovySystem::getMetaClassRegistry (4 bytes)
Event: 5.021 Thread 0x0000023f409b2800 nmethod 4197 0x0000023f2a292f90 code [0x0000023f2a293140, 0x0000023f2a293238]
Event: 5.021 Thread 0x0000023f409b2800 4198       3       groovy.lang.MetaClassImpl::getNewMetaMethods (18 bytes)
Event: 5.021 Thread 0x0000023f409b2800 nmethod 4198 0x0000023f2a293310 code [0x0000023f2a2934c0, 0x0000023f2a2936c8]
Event: 5.021 Thread 0x0000023f409b2800 4196       3       sun.net.www.protocol.file.Handler::createFileURLConnection (10 bytes)
Event: 5.022 Thread 0x0000023f409b2800 nmethod 4196 0x0000023f2a293790 code [0x0000023f2a293940, 0x0000023f2a293ae8]
Event: 5.022 Thread 0x0000023f409b2800 4200       1       org.codehaus.groovy.runtime.metaclass.NewInstanceMetaMethod::getModifiers (2 bytes)
Event: 5.022 Thread 0x0000023f409b2800 nmethod 4200 0x0000023f310d6410 code [0x0000023f310d65c0, 0x0000023f310d6678]
Event: 5.024 Thread 0x0000023f409b2800 4202       3       com.sun.beans.util.Cache$CacheEntry::matches (53 bytes)
Event: 5.024 Thread 0x0000023f409b2800 nmethod 4202 0x0000023f2a293b90 code [0x0000023f2a293d80, 0x0000023f2a2942e8]

GC Heap History (14 events):
Event: 0.715 GC heap before
{Heap before GC invocations=0 (full 0):
 garbage-first heap   total 196608K, used 28672K [0x0000000080000000, 0x0000000100000000)
  region size 1024K, 22 young (22528K), 0 survivors (0K)
 Metaspace       used 9970K, capacity 10166K, committed 10368K, reserved 1058816K
  class space    used 1028K, capacity 1075K, committed 1152K, reserved 1048576K
}
Event: 0.719 GC heap after
{Heap after GC invocations=1 (full 0):
 garbage-first heap   total 196608K, used 9252K [0x0000000080000000, 0x0000000100000000)
  region size 1024K, 3 young (3072K), 3 survivors (3072K)
 Metaspace       used 9970K, capacity 10166K, committed 10368K, reserved 1058816K
  class space    used 1028K, capacity 1075K, committed 1152K, reserved 1048576K
}
Event: 1.007 GC heap before
{Heap before GC invocations=1 (full 0):
 garbage-first heap   total 196608K, used 27684K [0x0000000080000000, 0x0000000100000000)
  region size 1024K, 21 young (21504K), 3 survivors (3072K)
 Metaspace       used 11133K, capacity 11380K, committed 11520K, reserved 1058816K
  class space    used 1166K, capacity 1245K, committed 1280K, reserved 1048576K
}
Event: 1.010 GC heap after
{Heap after GC invocations=2 (full 0):
 garbage-first heap   total 196608K, used 9955K [0x0000000080000000, 0x0000000100000000)
  region size 1024K, 1 young (1024K), 1 survivors (1024K)
 Metaspace       used 11133K, capacity 11380K, committed 11520K, reserved 1058816K
  class space    used 1166K, capacity 1245K, committed 1280K, reserved 1048576K
}
Event: 1.712 GC heap before
{Heap before GC invocations=2 (full 0):
 garbage-first heap   total 196608K, used 56035K [0x0000000080000000, 0x0000000100000000)
  region size 1024K, 46 young (47104K), 1 survivors (1024K)
 Metaspace       used 15910K, capacity 16253K, committed 16384K, reserved 1062912K
  class space    used 1812K, capacity 1933K, committed 2048K, reserved 1048576K
}
Event: 1.716 GC heap after
{Heap after GC invocations=3 (full 0):
 garbage-first heap   total 196608K, used 15584K [0x0000000080000000, 0x0000000100000000)
  region size 1024K, 6 young (6144K), 6 survivors (6144K)
 Metaspace       used 15910K, capacity 16253K, committed 16384K, reserved 1062912K
  class space    used 1812K, capacity 1933K, committed 2048K, reserved 1048576K
}
Event: 2.140 GC heap before
{Heap before GC invocations=3 (full 0):
 garbage-first heap   total 196608K, used 50400K [0x0000000080000000, 0x0000000100000000)
  region size 1024K, 41 young (41984K), 6 survivors (6144K)
 Metaspace       used 20568K, capacity 21095K, committed 21248K, reserved 1067008K
  class space    used 2505K, capacity 2701K, committed 2816K, reserved 1048576K
}
Event: 2.148 GC heap after
{Heap after GC invocations=4 (full 0):
 garbage-first heap   total 196608K, used 17004K [0x0000000080000000, 0x0000000100000000)
  region size 1024K, 2 young (2048K), 2 survivors (2048K)
 Metaspace       used 20568K, capacity 21095K, committed 21248K, reserved 1067008K
  class space    used 2505K, capacity 2701K, committed 2816K, reserved 1048576K
}
Event: 2.892 GC heap before
{Heap before GC invocations=5 (full 0):
 garbage-first heap   total 196608K, used 92780K [0x0000000080000000, 0x0000000100000000)
  region size 1024K, 68 young (69632K), 2 survivors (2048K)
 Metaspace       used 26873K, capacity 27642K, committed 27776K, reserved 1073152K
  class space    used 3541K, capacity 3841K, committed 3968K, reserved 1048576K
}
Event: 2.897 GC heap after
{Heap after GC invocations=6 (full 0):
 garbage-first heap   total 196608K, used 32045K [0x0000000080000000, 0x0000000100000000)
  region size 1024K, 8 young (8192K), 8 survivors (8192K)
 Metaspace       used 26873K, capacity 27642K, committed 27776K, reserved 1073152K
  class space    used 3541K, capacity 3841K, committed 3968K, reserved 1048576K
}
Event: 3.570 GC heap before
{Heap before GC invocations=6 (full 0):
 garbage-first heap   total 196608K, used 82221K [0x0000000080000000, 0x0000000100000000)
  region size 1024K, 58 young (59392K), 8 survivors (8192K)
 Metaspace       used 34842K, capacity 35760K, committed 35840K, reserved 1081344K
  class space    used 4566K, capacity 4929K, committed 4992K, reserved 1048576K
}
Event: 3.579 GC heap after
{Heap after GC invocations=7 (full 0):
 garbage-first heap   total 196608K, used 35447K [0x0000000080000000, 0x0000000100000000)
  region size 1024K, 10 young (10240K), 10 survivors (10240K)
 Metaspace       used 34842K, capacity 35760K, committed 35840K, reserved 1081344K
  class space    used 4566K, capacity 4929K, committed 4992K, reserved 1048576K
}
Event: 4.545 GC heap before
{Heap before GC invocations=8 (full 0):
 garbage-first heap   total 196608K, used 127607K [0x0000000080000000, 0x0000000100000000)
  region size 1024K, 95 young (97280K), 10 survivors (10240K)
 Metaspace       used 42052K, capacity 43349K, committed 43520K, reserved 1087488K
  class space    used 5411K, capacity 5848K, committed 5888K, reserved 1048576K
}
Event: 4.555 GC heap after
{Heap after GC invocations=9 (full 0):
 garbage-first heap   total 196608K, used 46323K [0x0000000080000000, 0x0000000100000000)
  region size 1024K, 11 young (11264K), 11 survivors (11264K)
 Metaspace       used 42052K, capacity 43349K, committed 43520K, reserved 1087488K
  class space    used 5411K, capacity 5848K, committed 5888K, reserved 1048576K
}

Deoptimization events (20 events):
Event: 4.815 Thread 0x0000023f42470000 DEOPT PACKING pc=0x0000023f3102da3c sp=0x0000008cbccf3c00
Event: 4.815 Thread 0x0000023f42470000 DEOPT UNPACKING pc=0x0000023f294362a9 sp=0x0000008cbccf3b70 mode 2
Event: 4.831 Thread 0x0000023f42470000 Uncommon trap: trap_request=0xffffff4d fr.pc=0x0000023f310bb6fc relative=0x00000000000018dc
Event: 4.831 Thread 0x0000023f42470000 Uncommon trap: reason=unstable_if action=reinterpret pc=0x0000023f310bb6fc method=org.codehaus.groovy.reflection.CachedMethod.compareToMethod(Ljava/lang/reflect/Method;)I @ 43 c2
Event: 4.831 Thread 0x0000023f42470000 DEOPT PACKING pc=0x0000023f310bb6fc sp=0x0000008cbccf62a0
Event: 4.831 Thread 0x0000023f42470000 DEOPT UNPACKING pc=0x0000023f294362a9 sp=0x0000008cbccf60e8 mode 2
Event: 4.867 Thread 0x0000023f42470000 Uncommon trap: trap_request=0xffffffcc fr.pc=0x0000023f310cb538 relative=0x00000000000001f8
Event: 4.867 Thread 0x0000023f42470000 Uncommon trap: reason=intrinsic_or_type_checked_inlining action=make_not_entrant pc=0x0000023f310cb538 method=java.util.Arrays.copyOf([Ljava/lang/Object;ILjava/lang/Class;)[Ljava/lang/Object; @ 35 c2
Event: 4.867 Thread 0x0000023f42470000 DEOPT PACKING pc=0x0000023f310cb538 sp=0x0000008cbccf5fe0
Event: 4.867 Thread 0x0000023f42470000 DEOPT UNPACKING pc=0x0000023f294362a9 sp=0x0000008cbccf5f70 mode 2
Event: 4.898 Thread 0x0000023f42470000 Uncommon trap: trap_request=0xffffff4d fr.pc=0x0000023f310283b0 relative=0x0000000000000110
Event: 4.898 Thread 0x0000023f42470000 Uncommon trap: reason=unstable_if action=reinterpret pc=0x0000023f310283b0 method=java.util.Arrays.hashCode([Ljava/lang/Object;)I @ 34 c2
Event: 4.898 Thread 0x0000023f42470000 DEOPT PACKING pc=0x0000023f310283b0 sp=0x0000008cbccf9a80
Event: 4.898 Thread 0x0000023f42470000 DEOPT UNPACKING pc=0x0000023f294362a9 sp=0x0000008cbccf99f8 mode 2
Event: 4.936 Thread 0x0000023f42470000 Uncommon trap: trap_request=0xffffff4d fr.pc=0x0000023f310a9d60 relative=0x0000000000001080
Event: 4.936 Thread 0x0000023f42470000 Uncommon trap: reason=unstable_if action=reinterpret pc=0x0000023f310a9d60 method=org.objectweb.asm.Frame.execute(IILorg/objectweb/asm/Symbol;Lorg/objectweb/asm/SymbolTable;)V @ 1 c2
Event: 4.936 Thread 0x0000023f42470000 DEOPT PACKING pc=0x0000023f310a9d60 sp=0x0000008cbccfb2b0
Event: 4.936 Thread 0x0000023f42470000 DEOPT UNPACKING pc=0x0000023f294362a9 sp=0x0000008cbccfb258 mode 2
Event: 5.012 Thread 0x0000023f42470000 DEOPT PACKING pc=0x0000023f2a17462a sp=0x0000008cbccf1310
Event: 5.012 Thread 0x0000023f42470000 DEOPT UNPACKING pc=0x0000023f294366bf sp=0x0000008cbccf08e8 mode 0

Classes redefined (0 events):
No events

Internal exceptions (20 events):
Event: 4.823 Thread 0x0000023f42470000 Exception <a 'java/lang/ClassNotFoundException'{0x000000008a014c90}: org/gradle/api/internal/DefaultNamedDomainObjectListCustomizer> (0x000000008a014c90) thrown at [./src/hotspot/share/classfile/systemDictionary.cpp, line 231]
Event: 4.825 Thread 0x0000023f42470000 Exception <a 'java/lang/ClassNotFoundException'{0x000000008a069300}: org/gradle/api/internal/artifacts/DefaultArtifactRepositoryContainerCustomizer> (0x000000008a069300) thrown at [./src/hotspot/share/classfile/systemDictionary.cpp, line 231]
Event: 4.826 Thread 0x0000023f42470000 Exception <a 'java/lang/ClassNotFoundException'{0x000000008a0b3738}: org/gradle/api/internal/artifacts/dsl/DefaultRepositoryHandlerCustomizer> (0x000000008a0b3738) thrown at [./src/hotspot/share/classfile/systemDictionary.cpp, line 231]
Event: 4.829 Thread 0x0000023f42470000 Exception <a 'java/lang/ClassNotFoundException'{0x0000000089f110a0}: org/gradle/api/internal/artifacts/dsl/DefaultRepositoryHandler_DecoratedCustomizer> (0x0000000089f110a0) thrown at [./src/hotspot/share/classfile/systemDictionary.cpp, line 231]
Event: 4.873 Thread 0x0000023f42470000 Exception <a 'java/lang/ClassNotFoundException'{0x0000000089be74b0}: org/gradle/api/internal/artifacts/repositories/DefaultMavenArtifactRepository_DecoratedBeanInfo> (0x0000000089be74b0) thrown at [./src/hotspot/share/classfile/systemDictionary.cpp, line 231]
Event: 4.874 Thread 0x0000023f42470000 Exception <a 'java/lang/ClassNotFoundException'{0x0000000089a27cd0}: org/gradle/api/internal/artifacts/repositories/DefaultMavenArtifactRepositoryBeanInfo> (0x0000000089a27cd0) thrown at [./src/hotspot/share/classfile/systemDictionary.cpp, line 231]
Event: 4.874 Thread 0x0000023f42470000 Exception <a 'java/lang/ClassNotFoundException'{0x0000000089a6bd50}: org/gradle/api/internal/artifacts/repositories/AbstractAuthenticationSupportedRepositoryBeanInfo> (0x0000000089a6bd50) thrown at [./src/hotspot/share/classfile/systemDictionary.cpp, line 231]
Event: 4.875 Thread 0x0000023f42470000 Exception <a 'java/lang/ClassNotFoundException'{0x0000000089ab0d68}: org/gradle/api/internal/artifacts/repositories/AbstractResolutionAwareArtifactRepositoryBeanInfo> (0x0000000089ab0d68) thrown at [./src/hotspot/share/classfile/systemDictionary.cpp, line 231]
Event: 4.876 Thread 0x0000023f42470000 Exception <a 'java/lang/ClassNotFoundException'{0x0000000089af0858}: org/gradle/api/internal/artifacts/repositories/AbstractArtifactRepositoryBeanInfo> (0x0000000089af0858) thrown at [./src/hotspot/share/classfile/systemDictionary.cpp, line 231]
Event: 4.877 Thread 0x0000023f42470000 Exception <a 'java/lang/ClassNotFoundException'{0x0000000089932b90}: org/gradle/api/internal/artifacts/repositories/AbstractArtifactRepositoryCustomizer> (0x0000000089932b90) thrown at [./src/hotspot/share/classfile/systemDictionary.cpp, line 231]
Event: 4.880 Thread 0x0000023f42470000 Exception <a 'java/lang/ClassNotFoundException'{0x00000000899947a0}: org/gradle/api/internal/artifacts/repositories/AbstractResolutionAwareArtifactRepositoryCustomizer> (0x00000000899947a0) thrown at [./src/hotspot/share/classfile/systemDictionary.cpp, line 231]
Event: 4.881 Thread 0x0000023f42470000 Exception <a 'java/lang/ClassNotFoundException'{0x00000000899e1a10}: org/gradle/api/internal/artifacts/repositories/AbstractAuthenticationSupportedRepositoryCustomizer> (0x00000000899e1a10) thrown at [./src/hotspot/share/classfile/systemDictionary.cpp, line 231]
Event: 4.883 Thread 0x0000023f42470000 Exception <a 'java/lang/ClassNotFoundException'{0x0000000089833440}: org/gradle/api/internal/artifacts/repositories/DefaultMavenArtifactRepositoryCustomizer> (0x0000000089833440) thrown at [./src/hotspot/share/classfile/systemDictionary.cpp, line 231]
Event: 4.885 Thread 0x0000023f42470000 Exception <a 'java/lang/ClassNotFoundException'{0x0000000089893948}: org/gradle/api/internal/artifacts/repositories/DefaultMavenArtifactRepository_DecoratedCustomizer> (0x0000000089893948) thrown at [./src/hotspot/share/classfile/systemDictionary.cpp, line 231]
Event: 4.896 Thread 0x0000023f42470000 Exception <a 'java/lang/ClassNotFoundException'{0x00000000897b2848}: org/gradle/initialization/DefaultProjectDescriptorBeanInfo> (0x00000000897b2848) thrown at [./src/hotspot/share/classfile/systemDictionary.cpp, line 231]
Event: 4.896 Thread 0x0000023f42470000 Exception <a 'java/lang/ClassNotFoundException'{0x00000000897d7ac8}: org/gradle/initialization/DefaultProjectDescriptorCustomizer> (0x00000000897d7ac8) thrown at [./src/hotspot/share/classfile/systemDictionary.cpp, line 231]
Event: 4.898 Thread 0x0000023f42470000 Implicit null exception at 0x0000023f310282ec to 0x0000023f31028394
Event: 5.023 Thread 0x0000023f42470000 Exception <a 'java/lang/ClassNotFoundException'{0x0000000088c16148}: org/gradle/api/internal/project/DefaultProject_DecoratedBeanInfo> (0x0000000088c16148) thrown at [./src/hotspot/share/classfile/systemDictionary.cpp, line 231]
Event: 5.023 Thread 0x0000023f42470000 Exception <a 'java/lang/ClassNotFoundException'{0x0000000088c2f8e0}: org/gradle/api/internal/project/DefaultProjectBeanInfo> (0x0000000088c2f8e0) thrown at [./src/hotspot/share/classfile/systemDictionary.cpp, line 231]
Event: 5.024 Thread 0x0000023f42470000 Exception <a 'java/lang/ClassNotFoundException'{0x0000000088c490c0}: org/gradle/api/internal/project/DefaultProjectCustomizer> (0x0000000088c490c0) thrown at [./src/hotspot/share/classfile/systemDictionary.cpp, line 231]

Events (20 events):
Event: 5.019 loading class groovy/runtime/metaclass/org/gradle/api/internal/project/DefaultProject_DecoratedMetaClass
Event: 5.019 loading class groovy/runtime/metaclass/org/gradle/api/internal/project/DefaultProject_DecoratedMetaClass done
Event: 5.022 loading class org/gradle/api/internal/project/DefaultProject_DecoratedBeanInfo
Event: 5.022 loading class org/gradle/api/internal/project/DefaultProject_DecoratedBeanInfo done
Event: 5.022 loading class org/gradle/api/internal/project/DefaultProject_DecoratedBeanInfo
Event: 5.022 loading class org/gradle/api/internal/project/DefaultProject_DecoratedBeanInfo done
Event: 5.023 loading class org/gradle/api/internal/project/DefaultProject_DecoratedBeanInfo
Event: 5.023 loading class org/gradle/api/internal/project/DefaultProject_DecoratedBeanInfo done
Event: 5.023 loading class org/gradle/api/internal/project/DefaultProjectBeanInfo
Event: 5.023 loading class org/gradle/api/internal/project/DefaultProjectBeanInfo done
Event: 5.023 loading class org/gradle/api/internal/project/DefaultProjectBeanInfo
Event: 5.023 loading class org/gradle/api/internal/project/DefaultProjectBeanInfo done
Event: 5.023 loading class org/gradle/api/internal/project/DefaultProjectBeanInfo
Event: 5.023 loading class org/gradle/api/internal/project/DefaultProjectBeanInfo done
Event: 5.023 loading class org/gradle/api/internal/project/DefaultProjectCustomizer
Event: 5.023 loading class org/gradle/api/internal/project/DefaultProjectCustomizer done
Event: 5.023 loading class org/gradle/api/internal/project/DefaultProjectCustomizer
Event: 5.023 loading class org/gradle/api/internal/project/DefaultProjectCustomizer done
Event: 5.024 loading class org/gradle/api/internal/project/DefaultProjectCustomizer
Event: 5.024 loading class org/gradle/api/internal/project/DefaultProjectCustomizer done


Dynamic libraries:
0x00007ff77fb30000 - 0x00007ff77fb3a000 	C:\Program Files\Android\Android Studio\jre\bin\java.exe
0x00007ffe01410000 - 0x00007ffe01605000 	C:\WINDOWS\SYSTEM32\ntdll.dll
0x00007ffe000b0000 - 0x00007ffe0016e000 	C:\WINDOWS\System32\KERNEL32.DLL
0x00007ffdfef90000 - 0x00007ffdff258000 	C:\WINDOWS\System32\KERNELBASE.dll
0x00007ffdfebd0000 - 0x00007ffdfecd0000 	C:\WINDOWS\System32\ucrtbase.dll
0x00007ffdf4230000 - 0x00007ffdf4249000 	C:\Program Files\Android\Android Studio\jre\bin\jli.dll
0x00007ffde5730000 - 0x00007ffde5747000 	C:\Program Files\Android\Android Studio\jre\bin\VCRUNTIME140.dll
0x00007ffe011c0000 - 0x00007ffe01361000 	C:\WINDOWS\System32\USER32.dll
0x00007ffdee950000 - 0x00007ffdeebea000 	C:\WINDOWS\WinSxS\amd64_microsoft.windows.common-controls_6595b64144ccf1df_6.0.19041.1110_none_60b5254171f9507e\COMCTL32.dll
0x00007ffdfed70000 - 0x00007ffdfed92000 	C:\WINDOWS\System32\win32u.dll
0x00007ffe004f0000 - 0x00007ffe0058e000 	C:\WINDOWS\System32\msvcrt.dll
0x00007ffdffa90000 - 0x00007ffdffabb000 	C:\WINDOWS\System32\GDI32.dll
0x00007ffdfee80000 - 0x00007ffdfef8d000 	C:\WINDOWS\System32\gdi32full.dll
0x00007ffdfecd0000 - 0x00007ffdfed6d000 	C:\WINDOWS\System32\msvcp_win.dll
0x00007ffdffa60000 - 0x00007ffdffa90000 	C:\WINDOWS\System32\IMM32.DLL
0x00007ffdb8a10000 - 0x00007ffdb8aad000 	C:\Program Files\Android\Android Studio\jre\bin\msvcp140.dll
0x00007ffdb1f70000 - 0x00007ffdb2a45000 	C:\Program Files\Android\Android Studio\jre\bin\server\jvm.dll
0x00007ffdffe20000 - 0x00007ffdffecc000 	C:\WINDOWS\System32\ADVAPI32.dll
0x00007ffe00380000 - 0x00007ffe0041b000 	C:\WINDOWS\System32\sechost.dll
0x00007ffe006c0000 - 0x00007ffe007ea000 	C:\WINDOWS\System32\RPCRT4.dll
0x00007ffdff4b0000 - 0x00007ffdff4b8000 	C:\WINDOWS\System32\PSAPI.DLL
0x00007ffdec770000 - 0x00007ffdec779000 	C:\WINDOWS\SYSTEM32\WSOCK32.dll
0x00007ffdf72a0000 - 0x00007ffdf72c7000 	C:\WINDOWS\SYSTEM32\WINMM.dll
0x00007ffe00020000 - 0x00007ffe0008b000 	C:\WINDOWS\System32\WS2_32.dll
0x00007ffdf72d0000 - 0x00007ffdf72da000 	C:\WINDOWS\SYSTEM32\VERSION.dll
0x00007ffdfca30000 - 0x00007ffdfca42000 	C:\WINDOWS\SYSTEM32\kernel.appcore.dll
0x00007ffde0640000 - 0x00007ffde0651000 	C:\Program Files\Android\Android Studio\jre\bin\verify.dll
0x00007ffdf4d60000 - 0x00007ffdf4f44000 	C:\WINDOWS\SYSTEM32\DBGHELP.DLL
0x00007ffdf4d00000 - 0x00007ffdf4d2c000 	C:\WINDOWS\SYSTEM32\dbgcore.DLL
0x00007ffdff3c0000 - 0x00007ffdff442000 	C:\WINDOWS\System32\bcryptPrimitives.dll
0x00007ffddf0a0000 - 0x00007ffddf0c9000 	C:\Program Files\Android\Android Studio\jre\bin\java.dll
0x00007ffdec4a0000 - 0x00007ffdec4ab000 	C:\Program Files\Android\Android Studio\jre\bin\jimage.dll
0x00007ffde0530000 - 0x00007ffde0548000 	C:\Program Files\Android\Android Studio\jre\bin\zip.dll
0x00007ffe00a70000 - 0x00007ffe011b4000 	C:\WINDOWS\System32\SHELL32.dll
0x00007ffdfcc30000 - 0x00007ffdfd3c4000 	C:\WINDOWS\SYSTEM32\windows.storage.dll
0x00007ffdffac0000 - 0x00007ffdffe15000 	C:\WINDOWS\System32\combase.dll
0x00007ffdfe570000 - 0x00007ffdfe59e000 	C:\WINDOWS\SYSTEM32\Wldp.dll
0x00007ffe009c0000 - 0x00007ffe00a6d000 	C:\WINDOWS\System32\SHCORE.dll
0x00007ffe00320000 - 0x00007ffe00375000 	C:\WINDOWS\System32\shlwapi.dll
0x00007ffdfea60000 - 0x00007ffdfea7f000 	C:\WINDOWS\SYSTEM32\profapi.dll
0x00007ffdde180000 - 0x00007ffdde19a000 	C:\Program Files\Android\Android Studio\jre\bin\net.dll
0x00007ffdf8650000 - 0x00007ffdf875c000 	C:\WINDOWS\SYSTEM32\WINHTTP.dll
0x00007ffdfe2d0000 - 0x00007ffdfe33a000 	C:\WINDOWS\system32\mswsock.dll
0x00007ffdddf00000 - 0x00007ffdddf14000 	C:\Program Files\Android\Android Studio\jre\bin\nio.dll
0x00007ffdf09e0000 - 0x00007ffdf0a07000 	C:\Users\Bilal Envy\.gradle\native\8bec1ad78214c89d9ad589b4d07fe93259594b29d510b10fafb7a158f7737e5d\windows-amd64\native-platform.dll
0x00007ffdb3690000 - 0x00007ffdb37cd000 	C:\Users\Bilal Envy\.gradle\native\53dbd7edfb1c66fb8903c78663c9afc45aea4f116125fa6feffd364cf09443e8\windows-amd64\native-platform-file-events.dll
0x00007ffdedc10000 - 0x00007ffdedc1a000 	C:\Program Files\Android\Android Studio\jre\bin\management.dll
0x00007ffdec410000 - 0x00007ffdec41d000 	C:\Program Files\Android\Android Studio\jre\bin\management_ext.dll
0x00007ffdfe4c0000 - 0x00007ffdfe4d8000 	C:\WINDOWS\SYSTEM32\CRYPTSP.dll
0x00007ffdfdbe0000 - 0x00007ffdfdc14000 	C:\WINDOWS\system32\rsaenh.dll
0x00007ffdfedf0000 - 0x00007ffdfee17000 	C:\WINDOWS\System32\bcrypt.dll
0x00007ffdfea20000 - 0x00007ffdfea4e000 	C:\WINDOWS\SYSTEM32\USERENV.dll
0x00007ffdfe4e0000 - 0x00007ffdfe4ec000 	C:\WINDOWS\SYSTEM32\CRYPTBASE.dll
0x00007ffdfdf70000 - 0x00007ffdfdfab000 	C:\WINDOWS\SYSTEM32\IPHLPAPI.DLL
0x00007ffe00920000 - 0x00007ffe00928000 	C:\WINDOWS\System32\NSI.dll
0x00007ffdf9870000 - 0x00007ffdf9887000 	C:\WINDOWS\SYSTEM32\dhcpcsvc6.DLL
0x00007ffdf9720000 - 0x00007ffdf973d000 	C:\WINDOWS\SYSTEM32\dhcpcsvc.DLL
0x00007ffdfdfb0000 - 0x00007ffdfe07b000 	C:\WINDOWS\SYSTEM32\DNSAPI.dll

dbghelp: loaded successfully - version: 4.0.5 - missing functions: none
symbol engine: initialized successfully - sym options: 0x614 - pdb path: .;C:\Program Files\Android\Android Studio\jre\bin;C:\WINDOWS\SYSTEM32;C:\WINDOWS\WinSxS\amd64_microsoft.windows.common-controls_6595b64144ccf1df_6.0.19041.1110_none_60b5254171f9507e;C:\Program Files\Android\Android Studio\jre\bin\server;C:\Users\Bilal Envy\.gradle\native\8bec1ad78214c89d9ad589b4d07fe93259594b29d510b10fafb7a158f7737e5d\windows-amd64;C:\Users\Bilal Envy\.gradle\native\53dbd7edfb1c66fb8903c78663c9afc45aea4f116125fa6feffd364cf09443e8\windows-amd64

VM Arguments:
jvm_args: --add-opens=java.base/java.util=ALL-UNNAMED --add-opens=java.base/java.lang=ALL-UNNAMED --add-opens=java.base/java.lang.invoke=ALL-UNNAMED --add-opens=java.base/java.util=ALL-UNNAMED --add-opens=java.prefs/java.util.prefs=ALL-UNNAMED --add-opens=java.prefs/java.util.prefs=ALL-UNNAMED --add-opens=java.base/java.nio.charset=ALL-UNNAMED --add-opens=java.base/java.net=ALL-UNNAMED --add-opens=java.base/java.util.concurrent.atomic=ALL-UNNAMED -Xmx2048m -Dfile.encoding=UTF-8 -Duser.country=GB -Duser.language=en -Duser.variant 
java_command: org.gradle.launcher.daemon.bootstrap.GradleDaemon 7.0.2
java_class_path (initial): C:\Users\Bilal Envy\.gradle\wrapper\dists\gradle-7.0.2-bin\857tjihv64xamwrf0h14cai3r\gradle-7.0.2\lib\gradle-launcher-7.0.2.jar
Launcher Type: SUN_STANDARD

[Global flags]
     intx CICompilerCount                          = 3                                         {product} {ergonomic}
     uint ConcGCThreads                            = 2                                         {product} {ergonomic}
     uint G1ConcRefinementThreads                  = 6                                         {product} {ergonomic}
   size_t G1HeapRegionSize                         = 1048576                                   {product} {ergonomic}
    uintx GCDrainStackTargetSize                   = 64                                        {product} {ergonomic}
   size_t InitialHeapSize                          = 201326592                                 {product} {ergonomic}
   size_t MarkStackSize                            = 4194304                                   {product} {ergonomic}
   size_t MaxHeapSize                              = 2147483648                                {product} {command line}
   size_t MaxNewSize                               = 1287651328                                {product} {ergonomic}
   size_t MinHeapDeltaBytes                        = 1048576                                   {product} {ergonomic}
    uintx NonNMethodCodeHeapSize                   = 5830732                                {pd product} {ergonomic}
    uintx NonProfiledCodeHeapSize                  = 122913754                              {pd product} {ergonomic}
    uintx ProfiledCodeHeapSize                     = 122913754                              {pd product} {ergonomic}
    uintx ReservedCodeCacheSize                    = 251658240                              {pd product} {ergonomic}
     bool SegmentedCodeCache                       = true                                      {product} {ergonomic}
     bool UseCompressedClassPointers               = true                                 {lp64_product} {ergonomic}
     bool UseCompressedOops                        = true                                 {lp64_product} {ergonomic}
     bool UseG1GC                                  = true                                      {product} {ergonomic}
     bool UseLargePagesIndividualAllocation        = false                                  {pd product} {ergonomic}

Logging:
Log output configuration:
 #0: stdout all=warning uptime,level,tags
 #1: stderr all=off uptime,level,tags

Environment Variables:
PATH=C:\WINDOWS\system32;C:\WINDOWS;C:\WINDOWS\System32\Wbem;C:\WINDOWS\System32\WindowsPowerShell\v1.0\;C:\WINDOWS\System32\OpenSSH\;C:\Program Files\Git\cmd;C:\Users\Bilal Envy\AppData\Local\Microsoft\WindowsApps;
USERNAME=Bilal Envy
OS=Windows_NT
PROCESSOR_IDENTIFIER=Intel64 Family 6 Model 44 Stepping 2, GenuineIntel



---------------  S Y S T E M  ---------------

OS: Windows 10 , 64 bit Build 19041 (10.0.19041.1348)
OS uptime: 1 days 1:19 hours

CPU:total 6 (initial active 6) (6 cores per cpu, 2 threads per core) family 6 model 44 stepping 2 microcode 0x1f, cmov, cx8, fxsr, mmx, sse, sse2, sse3, ssse3, sse4.1, sse4.2, popcnt, aes, clmul, ht, tsc, tscinvbit, tscinv

Memory: 4k page, system-wide physical 12285M (4742M free)
TotalPageFile size 14141M (AvailPageFile size 2652M)
current process WorkingSet (physical memory assigned to process): 310M, peak: 310M
current process commit charge ("private bytes"): 389M, peak: 390M

vm_info: OpenJDK 64-Bit Server VM (11.0.11+9-b60-7590822) for windows-amd64 JRE (11.0.11+9-b60-7590822), built on Jul 29 2021 21:43:44 by "builder" with MS VC++ 14.0 (VS2015)

END.
