#
# A fatal error has been detected by the Java Runtime Environment:
#
#  Internal Error (./src/hotspot/share/opto/output.cpp:1491), pid=2004, tid=8028
#  guarantee((int)(blk_starts[i+1] - blk_starts[i]) >= (current_offset - blk_offset)) failed: shouldn't increase block size
#
# JRE version: OpenJDK Runtime Environment (11.0.12+7) (build 11.0.12+7-b1504.28-7817840)
# Java VM: OpenJDK 64-Bit Server VM (11.0.12+7-b1504.28-7817840, mixed mode, tiered, compressed oops, g1 gc, windows-amd64)
# No core dump will be written. Minidumps are not enabled by default on client versions of Windows
#
# If you would like to submit a bug report, please visit:
#   https://bugreport.java.com/bugreport/crash.jsp
#

---------------  S U M M A R Y ------------

Command Line: --add-opens=java.base/java.util=ALL-UNNAMED --add-opens=java.base/java.lang=ALL-UNNAMED --add-opens=java.base/java.lang.invoke=ALL-UNNAMED --add-opens=java.base/java.util=ALL-UNNAMED --add-opens=java.prefs/java.util.prefs=ALL-UNNAMED --add-opens=java.prefs/java.util.prefs=ALL-UNNAMED --add-opens=java.base/java.nio.charset=ALL-UNNAMED --add-opens=java.base/java.net=ALL-UNNAMED --add-opens=java.base/java.util.concurrent.atomic=ALL-UNNAMED -Xmx2048m -Dfile.encoding=UTF-8 -Duser.country=GB -Duser.language=en -Duser.variant org.gradle.launcher.daemon.bootstrap.GradleDaemon 7.0.2

Host: Intel(R) Xeon(R) CPU           W3670  @ 3.20GHz, 6 cores, 11G,  Windows 10 , 64 bit Build 19041 (10.0.19041.1348)
Time: Thu May 19 12:45:22 2022 Pakistan Standard Time elapsed time: 1018.333083 seconds (0d 0h 16m 58s)

---------------  T H R E A D  ---------------

Current thread (0x000002275c018000):  JavaThread "C2 CompilerThread0" daemon [_thread_in_native, id=8028, stack(0x00000036e8900000,0x00000036e8a00000)]


Current CompileTask:
C2:1018333 25111       4       java.lang.Module::implIsExportedOrOpen (92 bytes)

Stack: [0x00000036e8900000,0x00000036e8a00000]
Native frames: (J=compiled Java code, j=interpreted, Vv=VM code, C=native code)
V  [jvm.dll+0x5fbcea]
V  [jvm.dll+0x731905]
V  [jvm.dll+0x732f1d]
V  [jvm.dll+0x733587]
V  [jvm.dll+0x247b4c]
V  [jvm.dll+0x6030ff]
V  [jvm.dll+0x60147f]
V  [jvm.dll+0x200953]
V  [jvm.dll+0x1ff794]
V  [jvm.dll+0x18868c]
V  [jvm.dll+0x20e0d7]
V  [jvm.dll+0x20c901]
V  [jvm.dll+0x6f9b7f]
V  [jvm.dll+0x6f26a5]
V  [jvm.dll+0x5fabf6]
C  [ucrtbase.dll+0x21bb2]
C  [KERNEL32.DLL+0x17034]
C  [ntdll.dll+0x52651]


---------------  P R O C E S S  ---------------

Threads class SMR info:
_java_thread_list=0x0000022765e32ec0, length=62, elements={
0x0000022740f5c000, 0x000002275b7b4000, 0x000002275b7b7000, 0x000002275b7b8800,
0x000002275c010800, 0x000002275c011000, 0x000002275c018000, 0x000002275c01a000,
0x000002275c01d000, 0x000002275c186800, 0x000002275e1be000, 0x000002275e645800,
0x0000022760240800, 0x000002275e896800, 0x000002275e897800, 0x000002275f445000,
0x000002275f442000, 0x000002275f441000, 0x000002275f440000, 0x000002275f448800,
0x000002275f449000, 0x000002275f443800, 0x000002275f44b800, 0x0000022760be5000,
0x0000022760be5800, 0x0000022760beb800, 0x0000022760bed000, 0x0000022760bef800,
0x0000022763306800, 0x0000022763306000, 0x0000022763308000, 0x000002276330a000,
0x000002276330b800, 0x000002275f7b6800, 0x00000227632fd000, 0x000002275f7c2800,
0x000002275f7c5000, 0x000002275f7b9800, 0x000002275f7c4800, 0x000002275e895800,
0x000002275f7c3800, 0x000002275f44d000, 0x0000022763300000, 0x0000022763303800,
0x00000227632fd800, 0x00000227632ff000, 0x0000022763301000, 0x0000022763304000,
0x0000022763302800, 0x0000022763305000, 0x0000022763307800, 0x0000022763301800,
0x0000022763309000, 0x000002276330a800, 0x000002275f7bb800, 0x000002275ff8e800,
0x000002275f7ba800, 0x000002275f7bc000, 0x000002275f7bd000, 0x000002275f7b7000,
0x000002275f7b9000, 0x000002275f7b8000
}

Java Threads: ( => current thread )
  0x0000022740f5c000 JavaThread "main" [_thread_blocked, id=1688, stack(0x00000036e7d00000,0x00000036e7e00000)]
  0x000002275b7b4000 JavaThread "Reference Handler" daemon [_thread_blocked, id=4176, stack(0x00000036e8400000,0x00000036e8500000)]
  0x000002275b7b7000 JavaThread "Finalizer" daemon [_thread_blocked, id=9644, stack(0x00000036e8500000,0x00000036e8600000)]
  0x000002275b7b8800 JavaThread "Signal Dispatcher" daemon [_thread_blocked, id=10188, stack(0x00000036e8600000,0x00000036e8700000)]
  0x000002275c010800 JavaThread "Attach Listener" daemon [_thread_blocked, id=6532, stack(0x00000036e8700000,0x00000036e8800000)]
  0x000002275c011000 JavaThread "Service Thread" daemon [_thread_blocked, id=4552, stack(0x00000036e8800000,0x00000036e8900000)]
=>0x000002275c018000 JavaThread "C2 CompilerThread0" daemon [_thread_in_native, id=8028, stack(0x00000036e8900000,0x00000036e8a00000)]
  0x000002275c01a000 JavaThread "C1 CompilerThread0" daemon [_thread_blocked, id=6120, stack(0x00000036e8a00000,0x00000036e8b00000)]
  0x000002275c01d000 JavaThread "Sweeper thread" daemon [_thread_blocked, id=2380, stack(0x00000036e8b00000,0x00000036e8c00000)]
  0x000002275c186800 JavaThread "Common-Cleaner" daemon [_thread_blocked, id=4364, stack(0x00000036e8c00000,0x00000036e8d00000)]
  0x000002275e1be000 JavaThread "Daemon health stats" [_thread_blocked, id=3812, stack(0x00000036e9200000,0x00000036e9300000)]
  0x000002275e645800 JavaThread "Incoming local TCP Connector on port 52817" [_thread_in_native, id=4672, stack(0x00000036e9300000,0x00000036e9400000)]
  0x0000022760240800 JavaThread "Daemon periodic checks" [_thread_blocked, id=1140, stack(0x00000036e9400000,0x00000036e9500000)]
  0x000002275e896800 JavaThread "Cache worker for file hash cache (C:\Users\Bilal Envy\.gradle\caches\7.0.2\fileHashes)" [_thread_blocked, id=4352, stack(0x00000036e9c00000,0x00000036e9d00000)]
  0x000002275e897800 JavaThread "File lock request listener" [_thread_in_native, id=1252, stack(0x00000036e9d00000,0x00000036e9e00000)]
  0x000002275f445000 JavaThread "Cache worker for journal cache (C:\Users\Bilal Envy\.gradle\caches\journal-1)" [_thread_blocked, id=2836, stack(0x00000036ea100000,0x00000036ea200000)]
  0x000002275f442000 JavaThread "File watcher server" daemon [_thread_in_native, id=656, stack(0x00000036ea300000,0x00000036ea400000)]
  0x000002275f441000 JavaThread "File watcher consumer" daemon [_thread_blocked, id=8096, stack(0x00000036ea400000,0x00000036ea500000)]
  0x000002275f440000 JavaThread "Cache worker for execution history cache (C:\Users\Bilal Envy\.gradle\caches\7.0.2\executionHistory)" [_thread_blocked, id=9528, stack(0x00000036ea800000,0x00000036ea900000)]
  0x000002275f448800 JavaThread "jar transforms" [_thread_blocked, id=8648, stack(0x00000036ea900000,0x00000036eaa00000)]
  0x000002275f449000 JavaThread "jar transforms Thread 2" [_thread_blocked, id=6056, stack(0x00000036eaa00000,0x00000036eab00000)]
  0x000002275f443800 JavaThread "Cache worker for file content cache (C:\Users\Bilal Envy\.gradle\caches\7.0.2\fileContent)" [_thread_blocked, id=4616, stack(0x00000036eab00000,0x00000036eac00000)]
  0x000002275f44b800 JavaThread "jar transforms Thread 3" [_thread_blocked, id=3148, stack(0x00000036ead00000,0x00000036eae00000)]
  0x0000022760be5000 JavaThread "jar transforms Thread 4" [_thread_blocked, id=6772, stack(0x00000036eb500000,0x00000036eb600000)]
  0x0000022760be5800 JavaThread "jar transforms Thread 5" [_thread_blocked, id=7676, stack(0x00000036eb600000,0x00000036eb700000)]
  0x0000022760beb800 JavaThread "jar transforms Thread 6" [_thread_blocked, id=7132, stack(0x00000036eb700000,0x00000036eb800000)]
  0x0000022760bed000 JavaThread "Memory manager" [_thread_blocked, id=9768, stack(0x00000036ebc00000,0x00000036ebd00000)]
  0x0000022760bef800 JavaThread "pool-3-thread-1" [_thread_blocked, id=10020, stack(0x00000036ebe00000,0x00000036ebf00000)]
  0x0000022763306800 JavaThread "RMI Scheduler(0)" daemon [_thread_blocked, id=1160, stack(0x00000036e8e00000,0x00000036e8f00000)]
  0x0000022763306000 JavaThread "RMI GC Daemon" daemon [_thread_blocked, id=8092, stack(0x00000036ed200000,0x00000036ed300000)]
  0x0000022763308000 JavaThread "RMI TCP Accept-0" daemon [_thread_in_native, id=1384, stack(0x00000036ed300000,0x00000036ed400000)]
  0x000002276330a000 JavaThread "RMI Reaper" [_thread_blocked, id=8644, stack(0x00000036ed400000,0x00000036ed500000)]
  0x000002276330b800 JavaThread "Cache worker for Java compile cache (C:\Users\Bilal Envy\.gradle\caches\7.0.2\javaCompile)" [_thread_blocked, id=6156, stack(0x00000036ed100000,0x00000036ed200000)]
  0x000002275f7b6800 JavaThread "ForkJoinPool.commonPool-worker-3" daemon [_thread_blocked, id=7700, stack(0x00000036eda00000,0x00000036edb00000)]
  0x00000227632fd000 JavaThread "pool-8-thread-1" [_thread_blocked, id=5236, stack(0x00000036eb400000,0x00000036eb500000)]
  0x000002275f7c2800 JavaThread "pool-13-thread-1" [_thread_blocked, id=3832, stack(0x00000036ebd00000,0x00000036ebe00000)]
  0x000002275f7c5000 JavaThread "pool-18-thread-1" [_thread_blocked, id=9916, stack(0x00000036ec000000,0x00000036ec100000)]
  0x000002275f7b9800 JavaThread "pool-23-thread-1" [_thread_blocked, id=9524, stack(0x00000036ebf00000,0x00000036ec000000)]
  0x000002275f7c4800 JavaThread "pool-28-thread-1" [_thread_blocked, id=7872, stack(0x00000036ec100000,0x00000036ec200000)]
  0x000002275e895800 JavaThread "ForkJoinPool.commonPool-worker-13" daemon [_thread_blocked, id=9944, stack(0x00000036ede00000,0x00000036edf00000)]
  0x000002275f7c3800 JavaThread "pool-33-thread-1" [_thread_blocked, id=7760, stack(0x00000036ec200000,0x00000036ec300000)]
  0x000002275f44d000 JavaThread "ForkJoinPool.commonPool-worker-1" daemon [_thread_blocked, id=9708, stack(0x00000036edc00000,0x00000036edd00000)]
  0x0000022763300000 JavaThread "Daemon Thread 8" [_thread_blocked, id=6900, stack(0x00000036e7a00000,0x00000036e7b00000)]
  0x0000022763303800 JavaThread "Handler for socket connection from /127.0.0.1:52817 to /127.0.0.1:64406" [_thread_in_native, id=1072, stack(0x00000036e7b00000,0x00000036e7c00000)]
  0x00000227632fd800 JavaThread "Cancel handler" [_thread_blocked, id=9340, stack(0x00000036e7c00000,0x00000036e7d00000)]
  0x00000227632ff000 JavaThread "Daemon worker Thread 8" [_thread_in_Java, id=8844, stack(0x00000036e9500000,0x00000036e9600000)]
  0x0000022763301000 JavaThread "Asynchronous log dispatcher for DefaultDaemonConnection: socket connection from /127.0.0.1:52817 to /127.0.0.1:64406" [_thread_blocked, id=7380, stack(0x00000036e9600000,0x00000036e9700000)]
  0x0000022763304000 JavaThread "Stdin handler" [_thread_blocked, id=6856, stack(0x00000036e9700000,0x00000036e9800000)]
  0x0000022763302800 JavaThread "Daemon client event forwarder" [_thread_blocked, id=760, stack(0x00000036e9800000,0x00000036e9900000)]
  0x0000022763305000 JavaThread "Cache worker for file hash cache (D:\Envy\bg_remover_bilals\.gradle\7.0.2\fileHashes)" [_thread_blocked, id=2876, stack(0x00000036e9900000,0x00000036e9a00000)]
  0x0000022763307800 JavaThread "Cache worker for checksums cache (D:\Envy\bg_remover_bilals\.gradle\checksums)" [_thread_blocked, id=8872, stack(0x00000036e9a00000,0x00000036e9b00000)]
  0x0000022763301800 JavaThread "Cache worker for cache directory md-supplier (C:\Users\Bilal Envy\.gradle\caches\7.0.2\md-supplier)" [_thread_blocked, id=9700, stack(0x00000036e9b00000,0x00000036e9c00000)]
  0x0000022763309000 JavaThread "Cache worker for cache directory md-rule (C:\Users\Bilal Envy\.gradle\caches\7.0.2\md-rule)" [_thread_blocked, id=4084, stack(0x00000036ea200000,0x00000036ea300000)]
  0x000002276330a800 JavaThread "Cache worker for dependencies-accessors (D:\Envy\bg_remover_bilals\.gradle\7.0.2\dependencies-accessors)" [_thread_blocked, id=9760, stack(0x00000036ea500000,0x00000036ea600000)]
  0x000002275f7bb800 JavaThread "Cache worker for Build Output Cleanup Cache (D:\Envy\bg_remover_bilals\.gradle\buildOutputCleanup)" [_thread_blocked, id=9936, stack(0x00000036ea600000,0x00000036ea700000)]
  0x000002275ff8e800 JavaThread "C2 CompilerThread1" daemon [_thread_in_native, id=3344, stack(0x00000036ea700000,0x00000036ea800000)]
  0x000002275f7ba800 JavaThread "Build operations" [_thread_blocked, id=9884, stack(0x00000036eac00000,0x00000036ead00000)]
  0x000002275f7bc000 JavaThread "Build operations Thread 2" [_thread_blocked, id=6312, stack(0x00000036eae00000,0x00000036eaf00000)]
  0x000002275f7bd000 JavaThread "Build operations Thread 3" [_thread_blocked, id=3512, stack(0x00000036eaf00000,0x00000036eb000000)]
  0x000002275f7b7000 JavaThread "Build operations Thread 4" [_thread_blocked, id=4812, stack(0x00000036eb000000,0x00000036eb100000)]
  0x000002275f7b9000 JavaThread "Build operations Thread 5" [_thread_blocked, id=3160, stack(0x00000036eb100000,0x00000036eb200000)]
  0x000002275f7b8000 JavaThread "Build operations Thread 6" [_thread_blocked, id=2696, stack(0x00000036eb200000,0x00000036eb300000)]

Other Threads:
  0x000002275bfc5000 VMThread "VM Thread" [stack: 0x00000036e8300000,0x00000036e8400000] [id=7520]
  0x000002275c197000 WatcherThread [stack: 0x00000036e8d00000,0x00000036e8e00000] [id=1664]
  0x0000022740f74000 GCTaskThread "GC Thread#0" [stack: 0x00000036e7e00000,0x00000036e7f00000] [id=9408]
  0x000002275ccce800 GCTaskThread "GC Thread#1" [stack: 0x00000036e8f00000,0x00000036e9000000] [id=2928]
  0x000002275cea9000 GCTaskThread "GC Thread#2" [stack: 0x00000036e9000000,0x00000036e9100000] [id=4872]
  0x000002275d15c800 GCTaskThread "GC Thread#3" [stack: 0x00000036e9100000,0x00000036e9200000] [id=3872]
  0x000002275f649800 GCTaskThread "GC Thread#4" [stack: 0x00000036e9e00000,0x00000036e9f00000] [id=7184]
  0x000002275d7a0800 GCTaskThread "GC Thread#5" [stack: 0x00000036e9f00000,0x00000036ea000000] [id=3156]
  0x0000022740fa5800 ConcurrentGCThread "G1 Main Marker" [stack: 0x00000036e7f00000,0x00000036e8000000] [id=4468]
  0x0000022740fa8000 ConcurrentGCThread "G1 Conc#0" [stack: 0x00000036e8000000,0x00000036e8100000] [id=5184]
  0x000002275ca16800 ConcurrentGCThread "G1 Conc#1" [stack: 0x00000036ea000000,0x00000036ea100000] [id=5288]
  0x000002274103e800 ConcurrentGCThread "G1 Refine#0" [stack: 0x00000036e8100000,0x00000036e8200000] [id=9872]
  0x0000022760fb7000 ConcurrentGCThread "G1 Refine#1" [stack: 0x00000036eb800000,0x00000036eb900000] [id=7960]
  0x000002276283d800 ConcurrentGCThread "G1 Refine#2" [stack: 0x00000036eb900000,0x00000036eba00000] [id=8036]
  0x000002275fc53800 ConcurrentGCThread "G1 Refine#3" [stack: 0x00000036eba00000,0x00000036ebb00000] [id=5944]
  0x000002275e9dd000 ConcurrentGCThread "G1 Refine#4" [stack: 0x00000036ebb00000,0x00000036ebc00000] [id=6032]
  0x000002275cf6b000 ConcurrentGCThread "G1 Refine#5" [stack: 0x00000036ec600000,0x00000036ec700000] [id=4424]
  0x000002275b5f8800 ConcurrentGCThread "G1 Young RemSet Sampling" [stack: 0x00000036e8200000,0x00000036e8300000] [id=9600]

Threads with active compile tasks:
C2 CompilerThread01018355 25111       4       java.lang.Module::implIsExportedOrOpen (92 bytes)
C1 CompilerThread01018355 25242       3       org.jetbrains.kotlin.gradle.plugin.mpp.AbstractKotlinCompilation::getCompileKotlinTaskName (89 bytes)
C2 CompilerThread11018355 25180       4       org.gradle.api.internal.DefaultCollectionCallbackActionDecorator$BuildOperationEmittingAction$1::run (26 bytes)

VM state:not at safepoint (normal execution)

VM Mutex/Monitor currently owned by a thread: None

Heap address: 0x0000000080000000, size: 2048 MB, Compressed Oops mode: 32-bit
Narrow klass base: 0x0000000000000000, Narrow klass shift: 3
Compressed class space size: 1073741824 Address: 0x0000000100000000

Heap:
 garbage-first heap   total 236544K, used 183486K [0x0000000080000000, 0x0000000100000000)
  region size 1024K, 40 young (40960K), 1 survivors (1024K)
 Metaspace       used 136550K, capacity 140474K, committed 140876K, reserved 1171456K
  class space    used 16862K, capacity 18350K, committed 18508K, reserved 1048576K
Heap Regions: E=young(eden), S=young(survivor), O=old, HS=humongous(starts), HC=humongous(continues), CS=collection set, F=free, A=archive, TAMS=top-at-mark-start (previous, next)
|   0|0x0000000080000000, 0x0000000080100000, 0x0000000080100000|100%| O|  |TAMS 0x0000000080100000, 0x0000000080000000| Untracked 
|   1|0x0000000080100000, 0x0000000080200000, 0x0000000080200000|100%| O|  |TAMS 0x0000000080200000, 0x0000000080100000| Untracked 
|   2|0x0000000080200000, 0x0000000080300000, 0x0000000080300000|100%| O|  |TAMS 0x0000000080300000, 0x0000000080200000| Untracked 
|   3|0x0000000080300000, 0x0000000080400000, 0x0000000080400000|100%|HS|  |TAMS 0x0000000080400000, 0x0000000080300000| Complete 
|   4|0x0000000080400000, 0x0000000080500000, 0x0000000080500000|100%|HC|  |TAMS 0x0000000080500000, 0x0000000080400000| Complete 
|   5|0x0000000080500000, 0x0000000080600000, 0x0000000080600000|100%|HC|  |TAMS 0x0000000080600000, 0x0000000080500000| Complete 
|   6|0x0000000080600000, 0x0000000080700000, 0x0000000080700000|100%| O|  |TAMS 0x0000000080700000, 0x0000000080600000| Untracked 
|   7|0x0000000080700000, 0x0000000080800000, 0x0000000080800000|100%| O|  |TAMS 0x0000000080800000, 0x0000000080700000| Untracked 
|   8|0x0000000080800000, 0x0000000080900000, 0x0000000080900000|100%| O|  |TAMS 0x0000000080900000, 0x0000000080800000| Untracked 
|   9|0x0000000080900000, 0x0000000080a00000, 0x0000000080a00000|100%| O|  |TAMS 0x0000000080a00000, 0x0000000080900000| Untracked 
|  10|0x0000000080a00000, 0x0000000080b00000, 0x0000000080b00000|100%| O|  |TAMS 0x0000000080b00000, 0x0000000080a00000| Untracked 
|  11|0x0000000080b00000, 0x0000000080c00000, 0x0000000080c00000|100%| O|  |TAMS 0x0000000080c00000, 0x0000000080b00000| Untracked 
|  12|0x0000000080c00000, 0x0000000080d00000, 0x0000000080d00000|100%| O|  |TAMS 0x0000000080d00000, 0x0000000080c00000| Untracked 
|  13|0x0000000080d00000, 0x0000000080e00000, 0x0000000080e00000|100%| O|  |TAMS 0x0000000080e00000, 0x0000000080d00000| Untracked 
|  14|0x0000000080e00000, 0x0000000080f00000, 0x0000000080f00000|100%| O|  |TAMS 0x0000000080f00000, 0x0000000080e00000| Untracked 
|  15|0x0000000080f00000, 0x0000000081000000, 0x0000000081000000|100%| O|  |TAMS 0x0000000081000000, 0x0000000080f00000| Untracked 
|  16|0x0000000081000000, 0x0000000081100000, 0x0000000081100000|100%|HS|  |TAMS 0x0000000081100000, 0x0000000081000000| Complete 
|  17|0x0000000081100000, 0x0000000081200000, 0x0000000081200000|100%|HS|  |TAMS 0x0000000081200000, 0x0000000081100000| Complete 
|  18|0x0000000081200000, 0x0000000081300000, 0x0000000081300000|100%|HS|  |TAMS 0x0000000081300000, 0x0000000081200000| Complete 
|  19|0x0000000081300000, 0x0000000081400000, 0x0000000081400000|100%|HS|  |TAMS 0x0000000081400000, 0x0000000081300000| Complete 
|  20|0x0000000081400000, 0x0000000081500000, 0x0000000081500000|100%|HC|  |TAMS 0x0000000081500000, 0x0000000081400000| Complete 
|  21|0x0000000081500000, 0x0000000081600000, 0x0000000081600000|100%|HC|  |TAMS 0x0000000081600000, 0x0000000081500000| Complete 
|  22|0x0000000081600000, 0x0000000081700000, 0x0000000081700000|100%|HS|  |TAMS 0x0000000081700000, 0x0000000081600000| Complete 
|  23|0x0000000081700000, 0x0000000081800000, 0x0000000081800000|100%|HC|  |TAMS 0x0000000081800000, 0x0000000081700000| Complete 
|  24|0x0000000081800000, 0x0000000081900000, 0x0000000081900000|100%| O|  |TAMS 0x0000000081900000, 0x0000000081800000| Untracked 
|  25|0x0000000081900000, 0x0000000081a00000, 0x0000000081a00000|100%| O|  |TAMS 0x0000000081a00000, 0x0000000081900000| Untracked 
|  26|0x0000000081a00000, 0x0000000081b00000, 0x0000000081b00000|100%| O|  |TAMS 0x0000000081b00000, 0x0000000081a00000| Untracked 
|  27|0x0000000081b00000, 0x0000000081c00000, 0x0000000081c00000|100%| O|  |TAMS 0x0000000081c00000, 0x0000000081b00000| Untracked 
|  28|0x0000000081c00000, 0x0000000081d00000, 0x0000000081d00000|100%|HS|  |TAMS 0x0000000081c00000, 0x0000000081c00000| Complete 
|  29|0x0000000081d00000, 0x0000000081e00000, 0x0000000081e00000|100%|HC|  |TAMS 0x0000000081d00000, 0x0000000081d00000| Complete 
|  30|0x0000000081e00000, 0x0000000081f00000, 0x0000000081f00000|100%|HS|  |TAMS 0x0000000081e00000, 0x0000000081e00000| Complete 
|  31|0x0000000081f00000, 0x0000000082000000, 0x0000000082000000|100%|HC|  |TAMS 0x0000000081f00000, 0x0000000081f00000| Complete 
|  32|0x0000000082000000, 0x0000000082100000, 0x0000000082100000|100%| O|  |TAMS 0x0000000082100000, 0x0000000082000000| Complete 
|  33|0x0000000082100000, 0x0000000082200000, 0x0000000082200000|100%| O|  |TAMS 0x0000000082200000, 0x0000000082100000| Untracked 
|  34|0x0000000082200000, 0x0000000082300000, 0x0000000082300000|100%| O|  |TAMS 0x0000000082300000, 0x0000000082200000| Untracked 
|  35|0x0000000082300000, 0x0000000082400000, 0x0000000082400000|100%| O|  |TAMS 0x0000000082400000, 0x0000000082300000| Untracked 
|  36|0x0000000082400000, 0x0000000082500000, 0x0000000082500000|100%| O|  |TAMS 0x0000000082500000, 0x0000000082400000| Untracked 
|  37|0x0000000082500000, 0x0000000082600000, 0x0000000082600000|100%| O|  |TAMS 0x0000000082600000, 0x0000000082500000| Untracked 
|  38|0x0000000082600000, 0x0000000082700000, 0x0000000082700000|100%| O|  |TAMS 0x0000000082700000, 0x0000000082600000| Untracked 
|  39|0x0000000082700000, 0x0000000082800000, 0x0000000082800000|100%| O|  |TAMS 0x0000000082800000, 0x0000000082700000| Untracked 
|  40|0x0000000082800000, 0x0000000082900000, 0x0000000082900000|100%| O|  |TAMS 0x0000000082900000, 0x0000000082800000| Untracked 
|  41|0x0000000082900000, 0x0000000082a00000, 0x0000000082a00000|100%| O|  |TAMS 0x0000000082a00000, 0x0000000082900000| Untracked 
|  42|0x0000000082a00000, 0x0000000082b00000, 0x0000000082b00000|100%| O|  |TAMS 0x0000000082b00000, 0x0000000082a00000| Complete 
|  43|0x0000000082b00000, 0x0000000082c00000, 0x0000000082c00000|100%| O|  |TAMS 0x0000000082c00000, 0x0000000082b00000| Untracked 
|  44|0x0000000082c00000, 0x0000000082d00000, 0x0000000082d00000|100%| O|  |TAMS 0x0000000082d00000, 0x0000000082c00000| Complete 
|  45|0x0000000082d00000, 0x0000000082e00000, 0x0000000082e00000|100%| O|  |TAMS 0x0000000082e00000, 0x0000000082d00000| Untracked 
|  46|0x0000000082e00000, 0x0000000082f00000, 0x0000000082f00000|100%| O|  |TAMS 0x0000000082f00000, 0x0000000082e00000| Complete 
|  47|0x0000000082f00000, 0x0000000083000000, 0x0000000083000000|100%| O|  |TAMS 0x0000000083000000, 0x0000000082f00000| Untracked 
|  48|0x0000000083000000, 0x0000000083100000, 0x0000000083100000|100%| O|  |TAMS 0x0000000083100000, 0x0000000083000000| Untracked 
|  49|0x0000000083100000, 0x0000000083200000, 0x0000000083200000|100%| O|  |TAMS 0x0000000083200000, 0x0000000083100000| Untracked 
|  50|0x0000000083200000, 0x0000000083300000, 0x0000000083300000|100%| O|  |TAMS 0x0000000083300000, 0x0000000083200000| Complete 
|  51|0x0000000083300000, 0x0000000083400000, 0x0000000083400000|100%| O|  |TAMS 0x0000000083400000, 0x0000000083300000| Untracked 
|  52|0x0000000083400000, 0x0000000083500000, 0x0000000083500000|100%| O|  |TAMS 0x0000000083500000, 0x0000000083400000| Untracked 
|  53|0x0000000083500000, 0x0000000083600000, 0x0000000083600000|100%| O|  |TAMS 0x0000000083600000, 0x0000000083500000| Untracked 
|  54|0x0000000083600000, 0x0000000083700000, 0x0000000083700000|100%| O|  |TAMS 0x0000000083700000, 0x0000000083600000| Complete 
|  55|0x0000000083700000, 0x0000000083800000, 0x0000000083800000|100%| O|  |TAMS 0x0000000083800000, 0x0000000083700000| Complete 
|  56|0x0000000083800000, 0x0000000083900000, 0x0000000083900000|100%| O|  |TAMS 0x0000000083900000, 0x0000000083800000| Complete 
|  57|0x0000000083900000, 0x0000000083a00000, 0x0000000083a00000|100%| O|  |TAMS 0x0000000083a00000, 0x0000000083900000| Complete 
|  58|0x0000000083a00000, 0x0000000083b00000, 0x0000000083b00000|100%| O|  |TAMS 0x0000000083b00000, 0x0000000083a00000| Complete 
|  59|0x0000000083b00000, 0x0000000083c00000, 0x0000000083c00000|100%| O|  |TAMS 0x0000000083c00000, 0x0000000083b00000| Untracked 
|  60|0x0000000083c00000, 0x0000000083d00000, 0x0000000083d00000|100%| O|  |TAMS 0x0000000083d00000, 0x0000000083c00000| Untracked 
|  61|0x0000000083d00000, 0x0000000083e00000, 0x0000000083e00000|100%| O|  |TAMS 0x0000000083e00000, 0x0000000083d00000| Complete 
|  62|0x0000000083e00000, 0x0000000083f00000, 0x0000000083f00000|100%| O|  |TAMS 0x0000000083f00000, 0x0000000083e00000| Complete 
|  63|0x0000000083f00000, 0x0000000084000000, 0x0000000084000000|100%| O|  |TAMS 0x0000000084000000, 0x0000000083f00000| Complete 
|  64|0x0000000084000000, 0x0000000084100000, 0x0000000084100000|100%| O|  |TAMS 0x0000000084100000, 0x0000000084000000| Complete 
|  65|0x0000000084100000, 0x0000000084200000, 0x0000000084200000|100%| O|  |TAMS 0x0000000084200000, 0x0000000084100000| Untracked 
|  66|0x0000000084200000, 0x0000000084300000, 0x0000000084300000|100%|HS|  |TAMS 0x0000000084200000, 0x0000000084200000| Complete 
|  67|0x0000000084300000, 0x0000000084400000, 0x0000000084400000|100%|HC|  |TAMS 0x0000000084300000, 0x0000000084300000| Complete 
|  68|0x0000000084400000, 0x0000000084500000, 0x0000000084500000|100%| O|  |TAMS 0x0000000084500000, 0x0000000084400000| Complete 
|  69|0x0000000084500000, 0x0000000084600000, 0x0000000084600000|100%| O|  |TAMS 0x0000000084600000, 0x0000000084500000| Complete 
|  70|0x0000000084600000, 0x0000000084700000, 0x0000000084700000|100%| O|  |TAMS 0x0000000084700000, 0x0000000084600000| Complete 
|  71|0x0000000084700000, 0x0000000084800000, 0x0000000084800000|100%| O|  |TAMS 0x0000000084800000, 0x0000000084700000| Complete 
|  72|0x0000000084800000, 0x0000000084900000, 0x0000000084900000|100%| O|  |TAMS 0x0000000084900000, 0x0000000084800000| Complete 
|  73|0x0000000084900000, 0x0000000084a00000, 0x0000000084a00000|100%| O|  |TAMS 0x0000000084a00000, 0x0000000084900000| Complete 
|  74|0x0000000084a00000, 0x0000000084b00000, 0x0000000084b00000|100%| O|  |TAMS 0x0000000084b00000, 0x0000000084a00000| Complete 
|  75|0x0000000084b00000, 0x0000000084c00000, 0x0000000084c00000|100%| O|  |TAMS 0x0000000084c00000, 0x0000000084b00000| Complete 
|  76|0x0000000084c00000, 0x0000000084d00000, 0x0000000084d00000|100%| O|  |TAMS 0x0000000084d00000, 0x0000000084c00000| Complete 
|  77|0x0000000084d00000, 0x0000000084e00000, 0x0000000084e00000|100%| O|  |TAMS 0x0000000084e00000, 0x0000000084d00000| Untracked 
|  78|0x0000000084e00000, 0x0000000084f00000, 0x0000000084f00000|100%| O|  |TAMS 0x0000000084f00000, 0x0000000084e00000| Untracked 
|  79|0x0000000084f00000, 0x0000000085000000, 0x0000000085000000|100%|HS|  |TAMS 0x0000000084f00000, 0x0000000084f00000| Complete 
|  80|0x0000000085000000, 0x0000000085100000, 0x0000000085100000|100%|HC|  |TAMS 0x0000000085000000, 0x0000000085000000| Complete 
|  81|0x0000000085100000, 0x0000000085200000, 0x0000000085200000|100%|HS|  |TAMS 0x0000000085100000, 0x0000000085100000| Complete 
|  82|0x0000000085200000, 0x0000000085300000, 0x0000000085300000|100%|HC|  |TAMS 0x0000000085200000, 0x0000000085200000| Complete 
|  83|0x0000000085300000, 0x0000000085400000, 0x0000000085400000|100%| O|  |TAMS 0x0000000085400000, 0x0000000085300000| Complete 
|  84|0x0000000085400000, 0x0000000085500000, 0x0000000085500000|100%| O|  |TAMS 0x0000000085500000, 0x0000000085400000| Complete 
|  85|0x0000000085500000, 0x0000000085600000, 0x0000000085600000|100%| O|  |TAMS 0x0000000085600000, 0x0000000085500000| Complete 
|  86|0x0000000085600000, 0x0000000085700000, 0x0000000085700000|100%| O|  |TAMS 0x0000000085700000, 0x0000000085600000| Complete 
|  87|0x0000000085700000, 0x0000000085700000, 0x0000000085800000|  0%| F|  |TAMS 0x0000000085700000, 0x0000000085700000| Untracked 
|  88|0x0000000085800000, 0x0000000085900000, 0x0000000085900000|100%| O|  |TAMS 0x0000000085900000, 0x0000000085800000| Untracked 
|  89|0x0000000085900000, 0x0000000085a00000, 0x0000000085a00000|100%| O|  |TAMS 0x0000000085a00000, 0x0000000085900000| Untracked 
|  90|0x0000000085a00000, 0x0000000085b00000, 0x0000000085b00000|100%| O|  |TAMS 0x0000000085b00000, 0x0000000085a00000| Untracked 
|  91|0x0000000085b00000, 0x0000000085c00000, 0x0000000085c00000|100%| O|  |TAMS 0x0000000085c00000, 0x0000000085b00000| Untracked 
|  92|0x0000000085c00000, 0x0000000085c00000, 0x0000000085d00000|  0%| F|  |TAMS 0x0000000085c00000, 0x0000000085c00000| Untracked 
|  93|0x0000000085d00000, 0x0000000085e00000, 0x0000000085e00000|100%| O|  |TAMS 0x0000000085e00000, 0x0000000085d00000| Complete 
|  94|0x0000000085e00000, 0x0000000085f00000, 0x0000000085f00000|100%| O|  |TAMS 0x0000000085f00000, 0x0000000085e00000| Untracked 
|  95|0x0000000085f00000, 0x0000000086000000, 0x0000000086000000|100%| O|  |TAMS 0x0000000086000000, 0x0000000085f00000| Untracked 
|  96|0x0000000086000000, 0x0000000086100000, 0x0000000086100000|100%| O|  |TAMS 0x0000000086100000, 0x0000000086000000| Untracked 
|  97|0x0000000086100000, 0x0000000086200000, 0x0000000086200000|100%| O|  |TAMS 0x0000000086200000, 0x0000000086100000| Complete 
|  98|0x0000000086200000, 0x0000000086300000, 0x0000000086300000|100%| O|  |TAMS 0x0000000086300000, 0x0000000086200000| Complete 
|  99|0x0000000086300000, 0x0000000086400000, 0x0000000086400000|100%| O|  |TAMS 0x0000000086400000, 0x0000000086300000| Untracked 
| 100|0x0000000086400000, 0x0000000086500000, 0x0000000086500000|100%| O|  |TAMS 0x0000000086500000, 0x0000000086400000| Untracked 
| 101|0x0000000086500000, 0x0000000086600000, 0x0000000086600000|100%|HS|  |TAMS 0x0000000086500000, 0x0000000086500000| Complete 
| 102|0x0000000086600000, 0x0000000086700000, 0x0000000086700000|100%|HC|  |TAMS 0x0000000086600000, 0x0000000086600000| Complete 
| 103|0x0000000086700000, 0x0000000086800000, 0x0000000086800000|100%| O|  |TAMS 0x0000000086800000, 0x0000000086700000| Untracked 
| 104|0x0000000086800000, 0x0000000086900000, 0x0000000086900000|100%|HS|  |TAMS 0x0000000086800000, 0x0000000086800000| Complete 
| 105|0x0000000086900000, 0x0000000086a00000, 0x0000000086a00000|100%|HC|  |TAMS 0x0000000086900000, 0x0000000086900000| Complete 
| 106|0x0000000086a00000, 0x0000000086a00000, 0x0000000086b00000|  0%| F|  |TAMS 0x0000000086a00000, 0x0000000086a00000| Untracked 
| 107|0x0000000086b00000, 0x0000000086c00000, 0x0000000086c00000|100%| O|  |TAMS 0x0000000086c00000, 0x0000000086b00000| Untracked 
| 108|0x0000000086c00000, 0x0000000086c00000, 0x0000000086d00000|  0%| F|  |TAMS 0x0000000086c00000, 0x0000000086c00000| Untracked 
| 109|0x0000000086d00000, 0x0000000086e00000, 0x0000000086e00000|100%| O|  |TAMS 0x0000000086e00000, 0x0000000086d00000| Untracked 
| 110|0x0000000086e00000, 0x0000000086f00000, 0x0000000086f00000|100%|HS|  |TAMS 0x0000000086e00000, 0x0000000086e00000| Complete 
| 111|0x0000000086f00000, 0x0000000087000000, 0x0000000087000000|100%|HC|  |TAMS 0x0000000086f00000, 0x0000000086f00000| Complete 
| 112|0x0000000087000000, 0x0000000087100000, 0x0000000087100000|100%| O|  |TAMS 0x0000000087100000, 0x0000000087000000| Complete 
| 113|0x0000000087100000, 0x0000000087200000, 0x0000000087200000|100%| O|  |TAMS 0x0000000087200000, 0x0000000087100000| Untracked 
| 114|0x0000000087200000, 0x0000000087300000, 0x0000000087300000|100%| O|  |TAMS 0x0000000087300000, 0x0000000087200000| Complete 
| 115|0x0000000087300000, 0x0000000087400000, 0x0000000087400000|100%| O|  |TAMS 0x0000000087400000, 0x0000000087300000| Untracked 
| 116|0x0000000087400000, 0x0000000087500000, 0x0000000087500000|100%| O|  |TAMS 0x0000000087500000, 0x0000000087400000| Complete 
| 117|0x0000000087500000, 0x0000000087600000, 0x0000000087600000|100%| O|  |TAMS 0x0000000087600000, 0x0000000087500000| Untracked 
| 118|0x0000000087600000, 0x0000000087700000, 0x0000000087700000|100%| O|  |TAMS 0x0000000087700000, 0x0000000087600000| Complete 
| 119|0x0000000087700000, 0x0000000087800000, 0x0000000087800000|100%| O|  |TAMS 0x0000000087800000, 0x0000000087700000| Complete 
| 120|0x0000000087800000, 0x0000000087900000, 0x0000000087900000|100%| O|  |TAMS 0x0000000087900000, 0x0000000087800000| Complete 
| 121|0x0000000087900000, 0x0000000087a00000, 0x0000000087a00000|100%| O|  |TAMS 0x0000000087a00000, 0x0000000087900000| Untracked 
| 122|0x0000000087a00000, 0x0000000087a00000, 0x0000000087b00000|  0%| F|  |TAMS 0x0000000087a00000, 0x0000000087a00000| Untracked 
| 123|0x0000000087b00000, 0x0000000087c00000, 0x0000000087c00000|100%| O|  |TAMS 0x0000000087c00000, 0x0000000087b00000| Untracked 
| 124|0x0000000087c00000, 0x0000000087c00000, 0x0000000087d00000|  0%| F|  |TAMS 0x0000000087c00000, 0x0000000087c00000| Untracked 
| 125|0x0000000087d00000, 0x0000000087e00000, 0x0000000087e00000|100%| O|  |TAMS 0x0000000087e00000, 0x0000000087d00000| Complete 
| 126|0x0000000087e00000, 0x0000000087f00000, 0x0000000087f00000|100%| O|  |TAMS 0x0000000087f00000, 0x0000000087e00000| Untracked 
| 127|0x0000000087f00000, 0x0000000088000000, 0x0000000088000000|100%| O|  |TAMS 0x0000000088000000, 0x0000000087f00000| Untracked 
| 128|0x0000000088000000, 0x0000000088100000, 0x0000000088100000|100%| O|  |TAMS 0x0000000088100000, 0x0000000088000000| Complete 
| 129|0x0000000088100000, 0x0000000088200000, 0x0000000088200000|100%| O|  |TAMS 0x0000000088200000, 0x0000000088100000| Untracked 
| 130|0x0000000088200000, 0x0000000088300000, 0x0000000088300000|100%| O|  |TAMS 0x0000000088300000, 0x0000000088200000| Untracked 
| 131|0x0000000088300000, 0x0000000088400000, 0x0000000088400000|100%| O|  |TAMS 0x0000000088400000, 0x0000000088300000| Complete 
| 132|0x0000000088400000, 0x0000000088468600, 0x0000000088500000| 40%| O|  |TAMS 0x0000000088468600, 0x0000000088400000| Untracked 
| 133|0x0000000088500000, 0x0000000088600000, 0x0000000088600000|100%|HS|  |TAMS 0x0000000088500000, 0x0000000088500000| Complete 
| 134|0x0000000088600000, 0x0000000088700000, 0x0000000088700000|100%|HC|  |TAMS 0x0000000088600000, 0x0000000088600000| Complete 
| 135|0x0000000088700000, 0x0000000088800000, 0x0000000088800000|100%|HS|  |TAMS 0x0000000088700000, 0x0000000088700000| Complete 
| 136|0x0000000088800000, 0x0000000088900000, 0x0000000088900000|100%|HC|  |TAMS 0x0000000088800000, 0x0000000088800000| Complete 
| 137|0x0000000088900000, 0x0000000088900000, 0x0000000088a00000|  0%| F|  |TAMS 0x0000000088900000, 0x0000000088900000| Untracked 
| 138|0x0000000088a00000, 0x0000000088b00000, 0x0000000088b00000|100%| O|  |TAMS 0x0000000088b00000, 0x0000000088a00000| Complete 
| 139|0x0000000088b00000, 0x0000000088c00000, 0x0000000088c00000|100%|HS|  |TAMS 0x0000000088b00000, 0x0000000088b00000| Complete 
| 140|0x0000000088c00000, 0x0000000088d00000, 0x0000000088d00000|100%|HC|  |TAMS 0x0000000088c00000, 0x0000000088c00000| Complete 
| 141|0x0000000088d00000, 0x0000000088e00000, 0x0000000088e00000|100%|HS|  |TAMS 0x0000000088d00000, 0x0000000088d00000| Complete 
| 142|0x0000000088e00000, 0x0000000088f00000, 0x0000000088f00000|100%|HC|  |TAMS 0x0000000088e00000, 0x0000000088e00000| Complete 
| 143|0x0000000088f00000, 0x0000000089000000, 0x0000000089000000|100%|HS|  |TAMS 0x0000000088f00000, 0x0000000088f00000| Complete 
| 144|0x0000000089000000, 0x0000000089100000, 0x0000000089100000|100%|HC|  |TAMS 0x0000000089000000, 0x0000000089000000| Complete 
| 145|0x0000000089100000, 0x0000000089100000, 0x0000000089200000|  0%| F|  |TAMS 0x0000000089100000, 0x0000000089100000| Untracked 
| 146|0x0000000089200000, 0x0000000089200000, 0x0000000089300000|  0%| F|  |TAMS 0x0000000089200000, 0x0000000089200000| Untracked 
| 147|0x0000000089300000, 0x0000000089300000, 0x0000000089400000|  0%| F|  |TAMS 0x0000000089300000, 0x0000000089300000| Untracked 
| 148|0x0000000089400000, 0x0000000089500000, 0x0000000089500000|100%| O|  |TAMS 0x0000000089500000, 0x0000000089400000| Complete 
| 149|0x0000000089500000, 0x0000000089500000, 0x0000000089600000|  0%| F|  |TAMS 0x0000000089500000, 0x0000000089500000| Untracked 
| 150|0x0000000089600000, 0x0000000089600000, 0x0000000089700000|  0%| F|  |TAMS 0x0000000089600000, 0x0000000089600000| Untracked 
| 151|0x0000000089700000, 0x0000000089700000, 0x0000000089800000|  0%| F|  |TAMS 0x0000000089700000, 0x0000000089700000| Untracked 
| 152|0x0000000089800000, 0x0000000089800000, 0x0000000089900000|  0%| F|  |TAMS 0x0000000089800000, 0x0000000089800000| Untracked 
| 153|0x0000000089900000, 0x0000000089900000, 0x0000000089a00000|  0%| F|  |TAMS 0x0000000089900000, 0x0000000089900000| Untracked 
| 154|0x0000000089a00000, 0x0000000089b00000, 0x0000000089b00000|100%| O|  |TAMS 0x0000000089b00000, 0x0000000089a00000| Untracked 
| 155|0x0000000089b00000, 0x0000000089b00000, 0x0000000089c00000|  0%| F|  |TAMS 0x0000000089b00000, 0x0000000089b00000| Untracked 
| 156|0x0000000089c00000, 0x0000000089d00000, 0x0000000089d00000|100%| O|  |TAMS 0x0000000089d00000, 0x0000000089c00000| Untracked 
| 157|0x0000000089d00000, 0x0000000089d00000, 0x0000000089e00000|  0%| F|  |TAMS 0x0000000089d00000, 0x0000000089d00000| Untracked 
| 158|0x0000000089e00000, 0x0000000089e00000, 0x0000000089f00000|  0%| F|  |TAMS 0x0000000089e00000, 0x0000000089e00000| Untracked 
| 159|0x0000000089f00000, 0x0000000089f00000, 0x000000008a000000|  0%| F|  |TAMS 0x0000000089f00000, 0x0000000089f00000| Untracked 
| 160|0x000000008a000000, 0x000000008a100000, 0x000000008a100000|100%| O|  |TAMS 0x000000008a100000, 0x000000008a000000| Complete 
| 161|0x000000008a100000, 0x000000008a100000, 0x000000008a200000|  0%| F|  |TAMS 0x000000008a100000, 0x000000008a100000| Untracked 
| 162|0x000000008a200000, 0x000000008a200000, 0x000000008a300000|  0%| F|  |TAMS 0x000000008a200000, 0x000000008a200000| Untracked 
| 163|0x000000008a300000, 0x000000008a300000, 0x000000008a400000|  0%| F|  |TAMS 0x000000008a300000, 0x000000008a300000| Untracked 
| 164|0x000000008a400000, 0x000000008a400000, 0x000000008a500000|  0%| F|  |TAMS 0x000000008a400000, 0x000000008a400000| Untracked 
| 165|0x000000008a500000, 0x000000008a500000, 0x000000008a600000|  0%| F|  |TAMS 0x000000008a500000, 0x000000008a500000| Untracked 
| 166|0x000000008a600000, 0x000000008a600000, 0x000000008a700000|  0%| F|  |TAMS 0x000000008a600000, 0x000000008a600000| Untracked 
| 167|0x000000008a700000, 0x000000008a700000, 0x000000008a800000|  0%| F|  |TAMS 0x000000008a700000, 0x000000008a700000| Untracked 
| 168|0x000000008a800000, 0x000000008a800000, 0x000000008a900000|  0%| F|  |TAMS 0x000000008a800000, 0x000000008a800000| Untracked 
| 169|0x000000008a900000, 0x000000008a900000, 0x000000008aa00000|  0%| F|  |TAMS 0x000000008a900000, 0x000000008a900000| Untracked 
| 170|0x000000008aa00000, 0x000000008aa00000, 0x000000008ab00000|  0%| F|  |TAMS 0x000000008aa00000, 0x000000008aa00000| Untracked 
| 171|0x000000008ab00000, 0x000000008ab00000, 0x000000008ac00000|  0%| F|  |TAMS 0x000000008ab00000, 0x000000008ab00000| Untracked 
| 172|0x000000008ac00000, 0x000000008ac00000, 0x000000008ad00000|  0%| F|  |TAMS 0x000000008ac00000, 0x000000008ac00000| Untracked 
| 173|0x000000008ad00000, 0x000000008ad00000, 0x000000008ae00000|  0%| F|  |TAMS 0x000000008ad00000, 0x000000008ad00000| Untracked 
| 174|0x000000008ae00000, 0x000000008ae00000, 0x000000008af00000|  0%| F|  |TAMS 0x000000008ae00000, 0x000000008ae00000| Untracked 
| 175|0x000000008af00000, 0x000000008af00000, 0x000000008b000000|  0%| F|  |TAMS 0x000000008af00000, 0x000000008af00000| Untracked 
| 176|0x000000008b000000, 0x000000008b000000, 0x000000008b100000|  0%| F|  |TAMS 0x000000008b000000, 0x000000008b000000| Untracked 
| 177|0x000000008b100000, 0x000000008b100000, 0x000000008b200000|  0%| F|  |TAMS 0x000000008b100000, 0x000000008b100000| Untracked 
| 178|0x000000008b200000, 0x000000008b200000, 0x000000008b300000|  0%| F|  |TAMS 0x000000008b200000, 0x000000008b200000| Untracked 
| 179|0x000000008b300000, 0x000000008b300000, 0x000000008b400000|  0%| F|  |TAMS 0x000000008b300000, 0x000000008b300000| Untracked 
| 180|0x000000008b400000, 0x000000008b400000, 0x000000008b500000|  0%| F|  |TAMS 0x000000008b400000, 0x000000008b400000| Untracked 
| 181|0x000000008b500000, 0x000000008b500000, 0x000000008b600000|  0%| F|  |TAMS 0x000000008b500000, 0x000000008b500000| Untracked 
| 182|0x000000008b600000, 0x000000008b600000, 0x000000008b700000|  0%| F|  |TAMS 0x000000008b600000, 0x000000008b600000| Untracked 
| 183|0x000000008b700000, 0x000000008b700000, 0x000000008b800000|  0%| F|  |TAMS 0x000000008b700000, 0x000000008b700000| Untracked 
| 184|0x000000008b800000, 0x000000008b800000, 0x000000008b900000|  0%| F|  |TAMS 0x000000008b800000, 0x000000008b800000| Untracked 
| 185|0x000000008b900000, 0x000000008b900000, 0x000000008ba00000|  0%| F|  |TAMS 0x000000008b900000, 0x000000008b900000| Untracked 
| 186|0x000000008ba00000, 0x000000008ba00000, 0x000000008bb00000|  0%| F|  |TAMS 0x000000008ba00000, 0x000000008ba00000| Untracked 
| 187|0x000000008bb00000, 0x000000008bb00000, 0x000000008bc00000|  0%| F|  |TAMS 0x000000008bb00000, 0x000000008bb00000| Untracked 
| 188|0x000000008bc00000, 0x000000008bc00000, 0x000000008bd00000|  0%| F|  |TAMS 0x000000008bc00000, 0x000000008bc00000| Untracked 
| 189|0x000000008bd00000, 0x000000008bd00000, 0x000000008be00000|  0%| F|  |TAMS 0x000000008bd00000, 0x000000008bd00000| Untracked 
| 190|0x000000008be00000, 0x000000008be541c0, 0x000000008bf00000| 32%| E|  |TAMS 0x000000008be00000, 0x000000008be00000| Complete 
| 191|0x000000008bf00000, 0x000000008c000000, 0x000000008c000000|100%| E|CS|TAMS 0x000000008bf00000, 0x000000008bf00000| Complete 
| 192|0x000000008c000000, 0x000000008c100000, 0x000000008c100000|100%| E|CS|TAMS 0x000000008c000000, 0x000000008c000000| Complete 
| 193|0x000000008c100000, 0x000000008c200000, 0x000000008c200000|100%| E|CS|TAMS 0x000000008c100000, 0x000000008c100000| Complete 
| 194|0x000000008c200000, 0x000000008c300000, 0x000000008c300000|100%| E|CS|TAMS 0x000000008c200000, 0x000000008c200000| Complete 
| 195|0x000000008c300000, 0x000000008c400000, 0x000000008c400000|100%| E|CS|TAMS 0x000000008c300000, 0x000000008c300000| Complete 
| 196|0x000000008c400000, 0x000000008c500000, 0x000000008c500000|100%| E|CS|TAMS 0x000000008c400000, 0x000000008c400000| Complete 
| 197|0x000000008c500000, 0x000000008c600000, 0x000000008c600000|100%| E|CS|TAMS 0x000000008c500000, 0x000000008c500000| Complete 
| 198|0x000000008c600000, 0x000000008c700000, 0x000000008c700000|100%| E|CS|TAMS 0x000000008c600000, 0x000000008c600000| Complete 
| 199|0x000000008c700000, 0x000000008c800000, 0x000000008c800000|100%| E|CS|TAMS 0x000000008c700000, 0x000000008c700000| Complete 
| 200|0x000000008c800000, 0x000000008c900000, 0x000000008c900000|100%| E|CS|TAMS 0x000000008c800000, 0x000000008c800000| Complete 
| 201|0x000000008c900000, 0x000000008ca00000, 0x000000008ca00000|100%| E|CS|TAMS 0x000000008c900000, 0x000000008c900000| Complete 
| 202|0x000000008ca00000, 0x000000008cb00000, 0x000000008cb00000|100%| E|CS|TAMS 0x000000008ca00000, 0x000000008ca00000| Complete 
| 203|0x000000008cb00000, 0x000000008cc00000, 0x000000008cc00000|100%| E|CS|TAMS 0x000000008cb00000, 0x000000008cb00000| Complete 
| 204|0x000000008cc00000, 0x000000008cd00000, 0x000000008cd00000|100%| E|CS|TAMS 0x000000008cc00000, 0x000000008cc00000| Complete 
| 205|0x000000008cd00000, 0x000000008ce00000, 0x000000008ce00000|100%| E|CS|TAMS 0x000000008cd00000, 0x000000008cd00000| Complete 
| 206|0x000000008ce00000, 0x000000008cf00000, 0x000000008cf00000|100%| E|  |TAMS 0x000000008ce00000, 0x000000008ce00000| Complete 
| 207|0x000000008cf00000, 0x000000008cfc7290, 0x000000008d000000| 77%| S|CS|TAMS 0x000000008cf00000, 0x000000008cf00000| Complete 
| 208|0x000000008d000000, 0x000000008d100000, 0x000000008d100000|100%| E|CS|TAMS 0x000000008d000000, 0x000000008d000000| Complete 
| 209|0x000000008d100000, 0x000000008d200000, 0x000000008d200000|100%| E|CS|TAMS 0x000000008d100000, 0x000000008d100000| Complete 
| 210|0x000000008d200000, 0x000000008d300000, 0x000000008d300000|100%| E|CS|TAMS 0x000000008d200000, 0x000000008d200000| Complete 
| 211|0x000000008d300000, 0x000000008d400000, 0x000000008d400000|100%| E|CS|TAMS 0x000000008d300000, 0x000000008d300000| Complete 
| 212|0x000000008d400000, 0x000000008d500000, 0x000000008d500000|100%| E|CS|TAMS 0x000000008d400000, 0x000000008d400000| Complete 
| 213|0x000000008d500000, 0x000000008d600000, 0x000000008d600000|100%| E|CS|TAMS 0x000000008d500000, 0x000000008d500000| Complete 
| 214|0x000000008d600000, 0x000000008d700000, 0x000000008d700000|100%| E|CS|TAMS 0x000000008d600000, 0x000000008d600000| Complete 
| 215|0x000000008d700000, 0x000000008d800000, 0x000000008d800000|100%| E|CS|TAMS 0x000000008d700000, 0x000000008d700000| Complete 
| 216|0x000000008d800000, 0x000000008d900000, 0x000000008d900000|100%| E|CS|TAMS 0x000000008d800000, 0x000000008d800000| Complete 
| 217|0x000000008d900000, 0x000000008da00000, 0x000000008da00000|100%| E|CS|TAMS 0x000000008d900000, 0x000000008d900000| Complete 
| 218|0x000000008da00000, 0x000000008db00000, 0x000000008db00000|100%| E|CS|TAMS 0x000000008da00000, 0x000000008da00000| Complete 
| 219|0x000000008db00000, 0x000000008dc00000, 0x000000008dc00000|100%| E|CS|TAMS 0x000000008db00000, 0x000000008db00000| Complete 
| 220|0x000000008dc00000, 0x000000008dd00000, 0x000000008dd00000|100%| E|CS|TAMS 0x000000008dc00000, 0x000000008dc00000| Complete 
| 221|0x000000008dd00000, 0x000000008de00000, 0x000000008de00000|100%| E|CS|TAMS 0x000000008dd00000, 0x000000008dd00000| Complete 
| 222|0x000000008de00000, 0x000000008df00000, 0x000000008df00000|100%| E|CS|TAMS 0x000000008de00000, 0x000000008de00000| Complete 
| 223|0x000000008df00000, 0x000000008e000000, 0x000000008e000000|100%| E|CS|TAMS 0x000000008df00000, 0x000000008df00000| Complete 
| 224|0x000000008e000000, 0x000000008e100000, 0x000000008e100000|100%| E|CS|TAMS 0x000000008e000000, 0x000000008e000000| Complete 
| 225|0x000000008e100000, 0x000000008e200000, 0x000000008e200000|100%| E|CS|TAMS 0x000000008e100000, 0x000000008e100000| Complete 
| 226|0x000000008e200000, 0x000000008e300000, 0x000000008e300000|100%| E|CS|TAMS 0x000000008e200000, 0x000000008e200000| Complete 
| 227|0x000000008e300000, 0x000000008e400000, 0x000000008e400000|100%| E|CS|TAMS 0x000000008e300000, 0x000000008e300000| Complete 
| 228|0x000000008e400000, 0x000000008e500000, 0x000000008e500000|100%| E|CS|TAMS 0x000000008e400000, 0x000000008e400000| Complete 
| 229|0x000000008e500000, 0x000000008e600000, 0x000000008e600000|100%| E|CS|TAMS 0x000000008e500000, 0x000000008e500000| Complete 
| 230|0x000000008e600000, 0x000000008e700000, 0x000000008e700000|100%| E|CS|TAMS 0x000000008e600000, 0x000000008e600000| Complete 

Card table byte_map: [0x00000227546d0000,0x0000022754ad0000] _byte_map_base: 0x00000227542d0000

Marking Bits (Prev, Next): (CMBitMap*) 0x0000022740f9cb18, (CMBitMap*) 0x0000022740f9cb50
 Prev Bits: [0x0000022754ed0000, 0x0000022756ed0000)
 Next Bits: [0x0000022756ed0000, 0x0000022758ed0000)

Polling page: 0x000002273f910000

Metaspace:

Usage:
  Non-class:    119.27 MB capacity,   116.89 MB ( 98%) used,     1.91 MB (  2%) free+waste,   476.25 KB ( <1%) overhead. 
      Class:     17.92 MB capacity,    16.47 MB ( 92%) used,     1.25 MB (  7%) free+waste,   209.31 KB (  1%) overhead. 
       Both:    137.19 MB capacity,   133.36 MB ( 97%) used,     3.16 MB (  2%) free+waste,   685.56 KB ( <1%) overhead. 

Virtual space:
  Non-class space:      120.00 MB reserved,     119.50 MB (>99%) committed 
      Class space:        1.00 GB reserved,      18.07 MB (  2%) committed 
             Both:        1.12 GB reserved,     137.57 MB ( 12%) committed 

Chunk freelists:
   Non-Class:  47.00 KB
       Class:  113.00 KB
        Both:  160.00 KB

MaxMetaspaceSize: 17179869184.00 GB
CompressedClassSpaceSize: 1.00 GB
Initial GC threshold: 20.80 MB
Current GC threshold: 228.46 MB
CDS: off

CodeHeap 'non-profiled nmethods': size=120064Kb used=14896Kb max_used=14896Kb free=105167Kb
 bounds [0x000002274c540000, 0x000002274d3d0000, 0x0000022753a80000]
CodeHeap 'profiled nmethods': size=120000Kb used=51469Kb max_used=51469Kb free=68531Kb
 bounds [0x0000022745010000, 0x0000022748260000, 0x000002274c540000]
CodeHeap 'non-nmethods': size=5696Kb used=2516Kb max_used=2571Kb free=3179Kb
 bounds [0x0000022744a80000, 0x0000022744d10000, 0x0000022745010000]
 total_blobs=24239 nmethods=23212 adapters=936
 compilation: enabled
              stopped_count=0, restarted_count=0
 full_count=0

Compilation events (20 events):
Event: 1018.317 Thread 0x000002275c01a000 25196       3       com.android.build.gradle.internal.dsl.BaseAppModuleExtension::getDynamicFeatures (8 bytes)
Event: 1018.317 Thread 0x000002275c01a000 nmethod 25196 0x0000022748239210 code [0x00000227482393c0, 0x0000022748239588]
Event: 1018.320 Thread 0x000002275c01a000 25199       2       org.gradle.api.plugins.internal.DefaultAdhocSoftwareComponent_Decorated::getName (39 bytes)
Event: 1018.320 Thread 0x000002275c01a000 nmethod 25199 0x0000022748239690 code [0x0000022748239880, 0x0000022748239b68]
Event: 1018.324 Thread 0x000002275c01a000 25200       1       com.android.build.api.variant.Renderscript_Decorated::getModelIdentityDisplayName (5 bytes)
Event: 1018.324 Thread 0x000002275c01a000 nmethod 25200 0x000002274d3c7a90 code [0x000002274d3c7c40, 0x000002274d3c7cf8]
Event: 1018.324 Thread 0x000002275c01a000 25201       2       com.android.build.gradle.internal.dsl.AaptOptions$AgpDecorated_Decorated::getNamespaced (45 bytes)
Event: 1018.325 Thread 0x000002275c01a000 nmethod 25201 0x0000022748239d90 code [0x0000022748239f80, 0x000002274823a2a8]
Event: 1018.325 Thread 0x000002275c01a000 25202       2       com.android.build.gradle.internal.pipeline.OriginalStream$Builder::build (80 bytes)
Event: 1018.325 Thread 0x000002275c01a000 nmethod 25202 0x000002274823a490 code [0x000002274823a6c0, 0x000002274823ad18]
Event: 1018.325 Thread 0x000002275c01a000 25203       2       com.android.build.gradle.internal.pipeline.OriginalStream::<init> (12 bytes)
Event: 1018.325 Thread 0x000002275c01a000 nmethod 25203 0x000002274823af10 code [0x000002274823b0c0, 0x000002274823b398]
Event: 1018.325 Thread 0x000002275c01a000 25204       2       com.android.build.gradle.internal.pipeline.OriginalStream::<init> (16 bytes)
Event: 1018.325 Thread 0x000002275c01a000 nmethod 25204 0x000002274823b490 code [0x000002274823b640, 0x000002274823b8f8]
Event: 1018.325 Thread 0x000002275c01a000 25205       2       com.android.build.gradle.internal.pipeline.TransformStream::<init> (26 bytes)
Event: 1018.326 Thread 0x000002275c01a000 nmethod 25205 0x000002274823b990 code [0x000002274823bb40, 0x000002274823bdb8]
Event: 1018.326 Thread 0x000002275c01a000 25206       2       com.android.build.gradle.internal.pipeline.TransformManager::addStream (12 bytes)
Event: 1018.326 Thread 0x000002275c01a000 nmethod 25206 0x000002274823be90 code [0x000002274823c040, 0x000002274823c168]
Event: 1018.328 Thread 0x000002275c01a000 25207       2       com.android.build.api.component.impl.UnitTestImpl_Decorated::getTaskContainer (40 bytes)
Event: 1018.328 Thread 0x000002275c01a000 nmethod 25207 0x000002274823c210 code [0x000002274823c400, 0x000002274823c708]

GC Heap History (20 events):
Event: 733.107 GC heap before
{Heap before GC invocations=112 (full 0):
 garbage-first heap   total 236544K, used 180385K [0x0000000080000000, 0x0000000100000000)
  region size 1024K, 28 young (28672K), 2 survivors (2048K)
 Metaspace       used 135534K, capacity 139370K, committed 139596K, reserved 1171456K
  class space    used 16824K, capacity 18284K, committed 18508K, reserved 1048576K
}
Event: 733.112 GC heap after
{Heap after GC invocations=113 (full 0):
 garbage-first heap   total 236544K, used 158023K [0x0000000080000000, 0x0000000100000000)
  region size 1024K, 4 young (4096K), 4 survivors (4096K)
 Metaspace       used 135534K, capacity 139370K, committed 139596K, reserved 1171456K
  class space    used 16824K, capacity 18284K, committed 18508K, reserved 1048576K
}
Event: 735.831 GC heap before
{Heap before GC invocations=114 (full 0):
 garbage-first heap   total 236544K, used 163143K [0x0000000080000000, 0x0000000100000000)
  region size 1024K, 31 young (31744K), 4 survivors (4096K)
 Metaspace       used 135606K, capacity 139437K, committed 139852K, reserved 1171456K
  class space    used 16825K, capacity 18284K, committed 18508K, reserved 1048576K
}
Event: 735.836 GC heap after
{Heap after GC invocations=115 (full 0):
 garbage-first heap   total 236544K, used 137222K [0x0000000080000000, 0x0000000100000000)
  region size 1024K, 2 young (2048K), 2 survivors (2048K)
 Metaspace       used 135606K, capacity 139437K, committed 139852K, reserved 1171456K
  class space    used 16825K, capacity 18284K, committed 18508K, reserved 1048576K
}
Event: 735.920 GC heap before
{Heap before GC invocations=115 (full 0):
 garbage-first heap   total 236544K, used 147462K [0x0000000080000000, 0x0000000100000000)
  region size 1024K, 11 young (11264K), 2 survivors (2048K)
 Metaspace       used 135640K, capacity 139437K, committed 139852K, reserved 1171456K
  class space    used 16825K, capacity 18284K, committed 18508K, reserved 1048576K
}
Event: 735.929 GC heap after
{Heap after GC invocations=116 (full 0):
 garbage-first heap   total 236544K, used 129253K [0x0000000080000000, 0x0000000100000000)
  region size 1024K, 2 young (2048K), 2 survivors (2048K)
 Metaspace       used 135640K, capacity 139437K, committed 139852K, reserved 1171456K
  class space    used 16825K, capacity 18284K, committed 18508K, reserved 1048576K
}
Event: 736.489 GC heap before
{Heap before GC invocations=116 (full 0):
 garbage-first heap   total 236544K, used 166117K [0x0000000080000000, 0x0000000100000000)
  region size 1024K, 39 young (39936K), 2 survivors (2048K)
 Metaspace       used 135894K, capacity 139793K, committed 140108K, reserved 1171456K
  class space    used 16827K, capacity 18289K, committed 18508K, reserved 1048576K
}
Event: 736.496 GC heap after
{Heap after GC invocations=117 (full 0):
 garbage-first heap   total 236544K, used 133043K [0x0000000080000000, 0x0000000100000000)
  region size 1024K, 5 young (5120K), 5 survivors (5120K)
 Metaspace       used 135894K, capacity 139793K, committed 140108K, reserved 1171456K
  class space    used 16827K, capacity 18289K, committed 18508K, reserved 1048576K
}
Event: 839.349 GC heap before
{Heap before GC invocations=118 (full 0):
 garbage-first heap   total 236544K, used 197555K [0x0000000080000000, 0x0000000100000000)
  region size 1024K, 43 young (44032K), 5 survivors (5120K)
 Metaspace       used 135939K, capacity 139860K, committed 140108K, reserved 1171456K
  class space    used 16827K, capacity 18289K, committed 18508K, reserved 1048576K
}
Event: 839.356 GC heap after
{Heap after GC invocations=119 (full 0):
 garbage-first heap   total 236544K, used 134101K [0x0000000080000000, 0x0000000100000000)
  region size 1024K, 2 young (2048K), 2 survivors (2048K)
 Metaspace       used 135939K, capacity 139860K, committed 140108K, reserved 1171456K
  class space    used 16827K, capacity 18289K, committed 18508K, reserved 1048576K
}
Event: 839.442 GC heap before
{Heap before GC invocations=119 (full 0):
 garbage-first heap   total 236544K, used 143317K [0x0000000080000000, 0x0000000100000000)
  region size 1024K, 11 young (11264K), 2 survivors (2048K)
 Metaspace       used 135967K, capacity 139860K, committed 140108K, reserved 1171456K
  class space    used 16828K, capacity 18289K, committed 18508K, reserved 1048576K
}
Event: 839.451 GC heap after
{Heap after GC invocations=120 (full 0):
 garbage-first heap   total 236544K, used 132154K [0x0000000080000000, 0x0000000100000000)
  region size 1024K, 2 young (2048K), 2 survivors (2048K)
 Metaspace       used 135967K, capacity 139860K, committed 140108K, reserved 1171456K
  class space    used 16828K, capacity 18289K, committed 18508K, reserved 1048576K
}
Event: 839.847 GC heap before
{Heap before GC invocations=120 (full 0):
 garbage-first heap   total 236544K, used 172090K [0x0000000080000000, 0x0000000100000000)
  region size 1024K, 42 young (43008K), 2 survivors (2048K)
 Metaspace       used 136072K, capacity 140001K, committed 140364K, reserved 1171456K
  class space    used 16829K, capacity 18291K, committed 18508K, reserved 1048576K
}
Event: 839.871 GC heap after
{Heap after GC invocations=121 (full 0):
 garbage-first heap   total 236544K, used 137163K [0x0000000080000000, 0x0000000100000000)
  region size 1024K, 6 young (6144K), 6 survivors (6144K)
 Metaspace       used 136072K, capacity 140001K, committed 140364K, reserved 1171456K
  class space    used 16829K, capacity 18291K, committed 18508K, reserved 1048576K
}
Event: 841.236 GC heap before
{Heap before GC invocations=122 (full 0):
 garbage-first heap   total 236544K, used 179147K [0x0000000080000000, 0x0000000100000000)
  region size 1024K, 47 young (48128K), 6 survivors (6144K)
 Metaspace       used 136194K, capacity 140068K, committed 140364K, reserved 1171456K
  class space    used 16829K, capacity 18291K, committed 18508K, reserved 1048576K
}
Event: 841.243 GC heap after
{Heap after GC invocations=123 (full 0):
 garbage-first heap   total 236544K, used 138721K [0x0000000080000000, 0x0000000100000000)
  region size 1024K, 3 young (3072K), 3 survivors (3072K)
 Metaspace       used 136194K, capacity 140068K, committed 140364K, reserved 1171456K
  class space    used 16829K, capacity 18291K, committed 18508K, reserved 1048576K
}
Event: 841.298 GC heap before
{Heap before GC invocations=123 (full 0):
 garbage-first heap   total 236544K, used 146913K [0x0000000080000000, 0x0000000100000000)
  region size 1024K, 11 young (11264K), 3 survivors (3072K)
 Metaspace       used 136239K, capacity 140106K, committed 140364K, reserved 1171456K
  class space    used 16832K, capacity 18296K, committed 18508K, reserved 1048576K
}
Event: 841.307 GC heap after
{Heap after GC invocations=124 (full 0):
 garbage-first heap   total 236544K, used 118781K [0x0000000080000000, 0x0000000100000000)
  region size 1024K, 1 young (1024K), 1 survivors (1024K)
 Metaspace       used 136239K, capacity 140106K, committed 140364K, reserved 1171456K
  class space    used 16832K, capacity 18296K, committed 18508K, reserved 1048576K
}
Event: 841.500 GC heap before
{Heap before GC invocations=124 (full 0):
 garbage-first heap   total 236544K, used 139261K [0x0000000080000000, 0x0000000100000000)
  region size 1024K, 23 young (23552K), 1 survivors (1024K)
 Metaspace       used 136292K, capacity 140122K, committed 140364K, reserved 1171456K
  class space    used 16832K, capacity 18296K, committed 18508K, reserved 1048576K
}
Event: 841.503 GC heap after
{Heap after GC invocations=125 (full 0):
 garbage-first heap   total 236544K, used 118974K [0x0000000080000000, 0x0000000100000000)
  region size 1024K, 1 young (1024K), 1 survivors (1024K)
 Metaspace       used 136292K, capacity 140122K, committed 140364K, reserved 1171456K
  class space    used 16832K, capacity 18296K, committed 18508K, reserved 1048576K
}

Deoptimization events (20 events):
Event: 736.349 Thread 0x000002275f7bf800 DEOPT PACKING pc=0x000002274ce82478 sp=0x00000036ec4f9f20
Event: 736.349 Thread 0x000002275f7bf800 DEOPT UNPACKING pc=0x0000022744aca1a9 sp=0x00000036ec4f9ef0 mode 2
Event: 736.382 Thread 0x000002275f444800 DEOPT PACKING pc=0x0000022747347d66 sp=0x00000036ecffc820
Event: 736.382 Thread 0x000002275f444800 DEOPT UNPACKING pc=0x0000022744aca93f sp=0x00000036ecffbd58 mode 0
Event: 736.415 Thread 0x000002275e895000 DEOPT PACKING pc=0x00000227476e76e6 sp=0x00000036eddfd380
Event: 736.415 Thread 0x000002275e895000 DEOPT UNPACKING pc=0x0000022744aca93f sp=0x00000036eddfca30 mode 0
Event: 839.546 Thread 0x0000022760bec000 DEOPT PACKING pc=0x00000227478a04e6 sp=0x00000036e95f9a20
Event: 839.546 Thread 0x0000022760bec000 DEOPT UNPACKING pc=0x0000022744aca93f sp=0x00000036e95f8f98 mode 0
Event: 839.652 Thread 0x000002275f7c2000 DEOPT PACKING pc=0x0000022747c98213 sp=0x00000036ec4fc290
Event: 839.652 Thread 0x000002275f7c2000 DEOPT UNPACKING pc=0x0000022744aca93f sp=0x00000036ec4fb738 mode 0
Event: 839.836 Thread 0x0000022763301800 Uncommon trap: trap_request=0xffffffde fr.pc=0x000002274d1ec350 relative=0x0000000000001990
Event: 839.836 Thread 0x0000022763301800 Uncommon trap: reason=class_check action=maybe_recompile pc=0x000002274d1ec350 method=sun.management.spi.PlatformMBeanProvider$PlatformComponent.getMBeans(Ljava/lang/Class;)Ljava/util/List; @ 31 c2
Event: 839.836 Thread 0x0000022763301800 DEOPT PACKING pc=0x000002274d1ec350 sp=0x00000036ec9fa620
Event: 839.836 Thread 0x0000022763301800 DEOPT UNPACKING pc=0x0000022744aca1a9 sp=0x00000036ec9fa5f8 mode 2
Event: 840.000 Thread 0x000002275c186800 Uncommon trap: trap_request=0xffffff6e fr.pc=0x000002274d1e5f6c relative=0x000000000000052c
Event: 840.000 Thread 0x000002275c186800 Uncommon trap: reason=speculate_class_check action=maybe_recompile pc=0x000002274d1e5f6c method=jdk.internal.ref.PhantomCleanable.clean()V @ 12 c2
Event: 840.000 Thread 0x000002275c186800 DEOPT PACKING pc=0x000002274d1e5f6c sp=0x00000036e8cff0a0
Event: 840.000 Thread 0x000002275c186800 DEOPT UNPACKING pc=0x0000022744aca1a9 sp=0x00000036e8cff080 mode 2
Event: 841.209 Thread 0x000002276330a800 DEOPT PACKING pc=0x0000022747c59797 sp=0x00000036ea7fdc50
Event: 841.209 Thread 0x000002276330a800 DEOPT UNPACKING pc=0x0000022744aca93f sp=0x00000036ea7fd110 mode 0

Classes redefined (0 events):
No events

Internal exceptions (20 events):
Event: 841.143 Thread 0x0000022763301800 Exception <a 'sun/nio/fs/WindowsException'{0x000000008c643c50}> (0x000000008c643c50) thrown at [./src/hotspot/share/prims/jni.cpp, line 615]
Event: 841.143 Thread 0x0000022763301800 Exception <a 'sun/nio/fs/WindowsException'{0x000000008c643d90}> (0x000000008c643d90) thrown at [./src/hotspot/share/prims/jni.cpp, line 615]
Event: 841.145 Thread 0x0000022763301800 Exception <a 'sun/nio/fs/WindowsException'{0x000000008c6b5e78}> (0x000000008c6b5e78) thrown at [./src/hotspot/share/prims/jni.cpp, line 615]
Event: 841.145 Thread 0x0000022763301800 Exception <a 'sun/nio/fs/WindowsException'{0x000000008c6b5fa0}> (0x000000008c6b5fa0) thrown at [./src/hotspot/share/prims/jni.cpp, line 615]
Event: 841.145 Thread 0x0000022763301800 Exception <a 'sun/nio/fs/WindowsException'{0x000000008c6b8960}> (0x000000008c6b8960) thrown at [./src/hotspot/share/prims/jni.cpp, line 615]
Event: 841.145 Thread 0x0000022763301800 Exception <a 'sun/nio/fs/WindowsException'{0x000000008c6b8a98}> (0x000000008c6b8a98) thrown at [./src/hotspot/share/prims/jni.cpp, line 615]
Event: 841.150 Thread 0x0000022763301800 Exception <a 'sun/nio/fs/WindowsException'{0x000000008c5823f8}> (0x000000008c5823f8) thrown at [./src/hotspot/share/prims/jni.cpp, line 615]
Event: 841.150 Thread 0x0000022763301800 Exception <a 'sun/nio/fs/WindowsException'{0x000000008c583660}> (0x000000008c583660) thrown at [./src/hotspot/share/prims/jni.cpp, line 615]
Event: 841.153 Thread 0x0000022763301800 Exception <a 'sun/nio/fs/WindowsException'{0x000000008c590540}> (0x000000008c590540) thrown at [./src/hotspot/share/prims/jni.cpp, line 615]
Event: 841.155 Thread 0x0000022763301800 Exception <a 'sun/nio/fs/WindowsException'{0x000000008c59fa10}> (0x000000008c59fa10) thrown at [./src/hotspot/share/prims/jni.cpp, line 615]
Event: 841.157 Thread 0x0000022763301800 Exception <a 'sun/nio/fs/WindowsException'{0x000000008c5ac0f0}> (0x000000008c5ac0f0) thrown at [./src/hotspot/share/prims/jni.cpp, line 615]
Event: 841.158 Thread 0x0000022763301800 Exception <a 'sun/nio/fs/WindowsException'{0x000000008c5b3fc0}> (0x000000008c5b3fc0) thrown at [./src/hotspot/share/prims/jni.cpp, line 615]
Event: 841.161 Thread 0x0000022763301800 Exception <a 'sun/nio/fs/WindowsException'{0x000000008c5c2e10}> (0x000000008c5c2e10) thrown at [./src/hotspot/share/prims/jni.cpp, line 615]
Event: 841.267 Thread 0x000002275f442800 Exception <a 'sun/nio/fs/WindowsException'{0x000000008e169eb0}> (0x000000008e169eb0) thrown at [./src/hotspot/share/prims/jni.cpp, line 615]
Event: 841.286 Thread 0x000002275f442800 Exception <a 'sun/nio/fs/WindowsException'{0x000000008df4b648}> (0x000000008df4b648) thrown at [./src/hotspot/share/prims/jni.cpp, line 615]
Event: 841.323 Thread 0x000002275f43f800 Exception <a 'sun/nio/fs/WindowsException'{0x000000008e40f280}> (0x000000008e40f280) thrown at [./src/hotspot/share/prims/jni.cpp, line 615]
Event: 841.336 Thread 0x000002275f43f800 Exception <a 'sun/nio/fs/WindowsException'{0x000000008e4eaa98}> (0x000000008e4eaa98) thrown at [./src/hotspot/share/prims/jni.cpp, line 615]
Event: 841.554 Thread 0x0000022763305000 Exception <a 'java/lang/NoSuchMethodError'{0x000000008e6cd3f8}: 'java.lang.Object java.lang.invoke.DirectMethodHandle$Holder.invokeVirtual(java.lang.Object, java.lang.Object, int)'> (0x000000008e6cd3f8) thrown at [./src/hotspot/share/interpreter/linkResolver.cpp, line 773]
Event: 841.641 Thread 0x0000022763302800 Exception <a 'sun/nio/fs/WindowsException'{0x000000008e5e7e90}> (0x000000008e5e7e90) thrown at [./src/hotspot/share/prims/jni.cpp, line 615]
Event: 1018.269 Thread 0x00000227632ff000 Exception <a 'sun/nio/fs/WindowsException'{0x000000008c83f820}> (0x000000008c83f820) thrown at [./src/hotspot/share/prims/jni.cpp, line 615]

Events (20 events):
Event: 1018.108 Executing VM operation: BulkRevokeBias
Event: 1018.109 Executing VM operation: BulkRevokeBias done
Event: 1018.111 Thread 0x0000022763307800 Thread added: 0x0000022763307800
Event: 1018.113 Thread 0x0000022763301800 Thread added: 0x0000022763301800
Event: 1018.116 Thread 0x0000022763309000 Thread added: 0x0000022763309000
Event: 1018.122 Thread 0x000002276330a800 Thread added: 0x000002276330a800
Event: 1018.137 Thread 0x000002275f7bb800 Thread added: 0x000002275f7bb800
Event: 1018.208 Thread 0x000002275ff8e800 Thread added: 0x000002275ff8e800
Event: 1018.208 Thread 0x000002275f7ba800 Thread added: 0x000002275f7ba800
Event: 1018.208 Thread 0x000002275f7bc000 Thread added: 0x000002275f7bc000
Event: 1018.208 Thread 0x000002275f7bd000 Thread added: 0x000002275f7bd000
Event: 1018.208 Thread 0x000002275f7b7000 Thread added: 0x000002275f7b7000
Event: 1018.208 Thread 0x000002275f7b9000 Thread added: 0x000002275f7b9000
Event: 1018.208 Thread 0x000002275f7b8000 Thread added: 0x000002275f7b8000
Event: 1018.208 Executing VM operation: RevokeBias
Event: 1018.209 Executing coalesced safepoint VM operation: RevokeBias
Event: 1018.209 Executing coalesced safepoint VM operation: RevokeBias done
Event: 1018.209 Executing coalesced safepoint VM operation: RevokeBias
Event: 1018.209 Executing coalesced safepoint VM operation: RevokeBias done
Event: 1018.209 Executing VM operation: RevokeBias done


Dynamic libraries:
0x00007ff62c800000 - 0x00007ff62c80a000 	C:\Program Files\Android\Android Studio\jre\bin\java.exe
0x00007fffa3470000 - 0x00007fffa3665000 	C:\WINDOWS\SYSTEM32\ntdll.dll
0x00007fffa1f50000 - 0x00007fffa200e000 	C:\WINDOWS\System32\KERNEL32.DLL
0x00007fffa11e0000 - 0x00007fffa14a8000 	C:\WINDOWS\System32\KERNELBASE.dll
0x00007fffa0ee0000 - 0x00007fffa0fe0000 	C:\WINDOWS\System32\ucrtbase.dll
0x00007fff7eba0000 - 0x00007fff7ebb7000 	C:\Program Files\Android\Android Studio\jre\bin\VCRUNTIME140.dll
0x00007fff4a4d0000 - 0x00007fff4a4e9000 	C:\Program Files\Android\Android Studio\jre\bin\jli.dll
0x00007fffa1da0000 - 0x00007fffa1f41000 	C:\WINDOWS\System32\USER32.dll
0x00007fff8e630000 - 0x00007fff8e8ca000 	C:\WINDOWS\WinSxS\amd64_microsoft.windows.common-controls_6595b64144ccf1df_6.0.19041.1110_none_60b5254171f9507e\COMCTL32.dll
0x00007fffa11b0000 - 0x00007fffa11d2000 	C:\WINDOWS\System32\win32u.dll
0x00007fffa1a70000 - 0x00007fffa1b0e000 	C:\WINDOWS\System32\msvcrt.dll
0x00007fffa3400000 - 0x00007fffa342b000 	C:\WINDOWS\System32\GDI32.dll
0x00007fffa10a0000 - 0x00007fffa11ad000 	C:\WINDOWS\System32\gdi32full.dll
0x00007fffa0e40000 - 0x00007fffa0edd000 	C:\WINDOWS\System32\msvcp_win.dll
0x00007fffa1550000 - 0x00007fffa1580000 	C:\WINDOWS\System32\IMM32.DLL
0x00007fff63890000 - 0x00007fff6392d000 	C:\Program Files\Android\Android Studio\jre\bin\msvcp140.dll
0x00007fff62ae0000 - 0x00007fff635c5000 	C:\Program Files\Android\Android Studio\jre\bin\server\jvm.dll
0x00007fffa1c40000 - 0x00007fffa1cec000 	C:\WINDOWS\System32\ADVAPI32.dll
0x00007fffa14b0000 - 0x00007fffa154b000 	C:\WINDOWS\System32\sechost.dll
0x00007fffa31a0000 - 0x00007fffa32ca000 	C:\WINDOWS\System32\RPCRT4.dll
0x00007fffa1580000 - 0x00007fffa1588000 	C:\WINDOWS\System32\PSAPI.DLL
0x00007fff87b70000 - 0x00007fff87b79000 	C:\WINDOWS\SYSTEM32\WSOCK32.dll
0x00007fffa2300000 - 0x00007fffa236b000 	C:\WINDOWS\System32\WS2_32.dll
0x00007fff99270000 - 0x00007fff99297000 	C:\WINDOWS\SYSTEM32\WINMM.dll
0x00007fff991e0000 - 0x00007fff991ea000 	C:\WINDOWS\SYSTEM32\VERSION.dll
0x00007fff9ea90000 - 0x00007fff9eaa2000 	C:\WINDOWS\SYSTEM32\kernel.appcore.dll
0x00007fff63760000 - 0x00007fff63771000 	C:\Program Files\Android\Android Studio\jre\bin\verify.dll
0x00007fff96670000 - 0x00007fff96854000 	C:\WINDOWS\SYSTEM32\DBGHELP.DLL
0x00007fff97220000 - 0x00007fff9724c000 	C:\WINDOWS\SYSTEM32\dbgcore.DLL
0x00007fffa0fe0000 - 0x00007fffa1062000 	C:\WINDOWS\System32\bcryptPrimitives.dll
0x00007fff64800000 - 0x00007fff64829000 	C:\Program Files\Android\Android Studio\jre\bin\java.dll
0x00007fff87b60000 - 0x00007fff87b6b000 	C:\Program Files\Android\Android Studio\jre\bin\jimage.dll
0x00007fff647e0000 - 0x00007fff647f8000 	C:\Program Files\Android\Android Studio\jre\bin\zip.dll
0x00007fffa2460000 - 0x00007fffa2ba4000 	C:\WINDOWS\System32\SHELL32.dll
0x00007fff9ec90000 - 0x00007fff9f424000 	C:\WINDOWS\SYSTEM32\windows.storage.dll
0x00007fffa1590000 - 0x00007fffa18e5000 	C:\WINDOWS\System32\combase.dll
0x00007fffa05d0000 - 0x00007fffa05fe000 	C:\WINDOWS\SYSTEM32\Wldp.dll
0x00007fffa1cf0000 - 0x00007fffa1d9d000 	C:\WINDOWS\System32\SHCORE.dll
0x00007fffa2c10000 - 0x00007fffa2c65000 	C:\WINDOWS\System32\shlwapi.dll
0x00007fffa0ac0000 - 0x00007fffa0adf000 	C:\WINDOWS\SYSTEM32\profapi.dll
0x00007fff647a0000 - 0x00007fff647ba000 	C:\Program Files\Android\Android Studio\jre\bin\net.dll
0x00007fff9a4d0000 - 0x00007fff9a5dc000 	C:\WINDOWS\SYSTEM32\WINHTTP.dll
0x00007fffa0330000 - 0x00007fffa039a000 	C:\WINDOWS\system32\mswsock.dll
0x00007fff64780000 - 0x00007fff64794000 	C:\Program Files\Android\Android Studio\jre\bin\nio.dll
0x00007fff866c0000 - 0x00007fff866e7000 	C:\Users\Bilal Envy\.gradle\native\8bec1ad78214c89d9ad589b4d07fe93259594b29d510b10fafb7a158f7737e5d\windows-amd64\native-platform.dll
0x00007fff48af0000 - 0x00007fff48c2d000 	C:\Users\Bilal Envy\.gradle\native\53dbd7edfb1c66fb8903c78663c9afc45aea4f116125fa6feffd364cf09443e8\windows-amd64\native-platform-file-events.dll
0x00007fff785b0000 - 0x00007fff785ba000 	C:\Program Files\Android\Android Studio\jre\bin\management.dll
0x00007fff785a0000 - 0x00007fff785ad000 	C:\Program Files\Android\Android Studio\jre\bin\management_ext.dll
0x00007fffa0520000 - 0x00007fffa0538000 	C:\WINDOWS\SYSTEM32\CRYPTSP.dll
0x00007fff9fc40000 - 0x00007fff9fc74000 	C:\WINDOWS\system32\rsaenh.dll
0x00007fffa1070000 - 0x00007fffa1097000 	C:\WINDOWS\System32\bcrypt.dll
0x00007fffa0a40000 - 0x00007fffa0a6e000 	C:\WINDOWS\SYSTEM32\USERENV.dll
0x00007fffa0540000 - 0x00007fffa054c000 	C:\WINDOWS\SYSTEM32\CRYPTBASE.dll
0x00007fff9ffd0000 - 0x00007fffa000b000 	C:\WINDOWS\SYSTEM32\IPHLPAPI.DLL
0x00007fffa22f0000 - 0x00007fffa22f8000 	C:\WINDOWS\System32\NSI.dll
0x00007fff9b150000 - 0x00007fff9b167000 	C:\WINDOWS\SYSTEM32\dhcpcsvc6.DLL
0x00007fff9b130000 - 0x00007fff9b14d000 	C:\WINDOWS\SYSTEM32\dhcpcsvc.DLL
0x00007fffa0020000 - 0x00007fffa00eb000 	C:\WINDOWS\SYSTEM32\DNSAPI.dll
0x00007fff9e3d0000 - 0x00007fff9e460000 	C:\WINDOWS\system32\apphelp.dll
0x00007fff9c7a0000 - 0x00007fff9c7a8000 	C:\Program Files\Android\Android Studio\jre\bin\rmi.dll
0x00007fff61a70000 - 0x00007fff61a97000 	C:\Program Files\Android\Android Studio\jre\bin\sunec.dll

dbghelp: loaded successfully - version: 4.0.5 - missing functions: none
symbol engine: initialized successfully - sym options: 0x614 - pdb path: .;C:\Program Files\Android\Android Studio\jre\bin;C:\WINDOWS\SYSTEM32;C:\WINDOWS\WinSxS\amd64_microsoft.windows.common-controls_6595b64144ccf1df_6.0.19041.1110_none_60b5254171f9507e;C:\Program Files\Android\Android Studio\jre\bin\server;C:\Users\Bilal Envy\.gradle\native\8bec1ad78214c89d9ad589b4d07fe93259594b29d510b10fafb7a158f7737e5d\windows-amd64;C:\Users\Bilal Envy\.gradle\native\53dbd7edfb1c66fb8903c78663c9afc45aea4f116125fa6feffd364cf09443e8\windows-amd64

VM Arguments:
jvm_args: --add-opens=java.base/java.util=ALL-UNNAMED --add-opens=java.base/java.lang=ALL-UNNAMED --add-opens=java.base/java.lang.invoke=ALL-UNNAMED --add-opens=java.base/java.util=ALL-UNNAMED --add-opens=java.prefs/java.util.prefs=ALL-UNNAMED --add-opens=java.prefs/java.util.prefs=ALL-UNNAMED --add-opens=java.base/java.nio.charset=ALL-UNNAMED --add-opens=java.base/java.net=ALL-UNNAMED --add-opens=java.base/java.util.concurrent.atomic=ALL-UNNAMED -Xmx2048m -Dfile.encoding=UTF-8 -Duser.country=GB -Duser.language=en -Duser.variant 
java_command: org.gradle.launcher.daemon.bootstrap.GradleDaemon 7.0.2
java_class_path (initial): C:\Users\Bilal Envy\.gradle\wrapper\dists\gradle-7.0.2-bin\857tjihv64xamwrf0h14cai3r\gradle-7.0.2\lib\gradle-launcher-7.0.2.jar
Launcher Type: SUN_STANDARD

[Global flags]
     intx CICompilerCount                          = 3                                         {product} {ergonomic}
     uint ConcGCThreads                            = 2                                         {product} {ergonomic}
     uint G1ConcRefinementThreads                  = 6                                         {product} {ergonomic}
   size_t G1HeapRegionSize                         = 1048576                                   {product} {ergonomic}
    uintx GCDrainStackTargetSize                   = 64                                        {product} {ergonomic}
   size_t InitialHeapSize                          = 201326592                                 {product} {ergonomic}
   size_t MarkStackSize                            = 4194304                                   {product} {ergonomic}
   size_t MaxHeapSize                              = 2147483648                                {product} {command line}
   size_t MaxNewSize                               = 1287651328                                {product} {ergonomic}
   size_t MinHeapDeltaBytes                        = 1048576                                   {product} {ergonomic}
    uintx NonNMethodCodeHeapSize                   = 5830732                                {pd product} {ergonomic}
    uintx NonProfiledCodeHeapSize                  = 122913754                              {pd product} {ergonomic}
    uintx ProfiledCodeHeapSize                     = 122913754                              {pd product} {ergonomic}
    uintx ReservedCodeCacheSize                    = 251658240                              {pd product} {ergonomic}
     bool SegmentedCodeCache                       = true                                      {product} {ergonomic}
     bool UseCompressedClassPointers               = true                                 {lp64_product} {ergonomic}
     bool UseCompressedOops                        = true                                 {lp64_product} {ergonomic}
     bool UseG1GC                                  = true                                      {product} {ergonomic}
     bool UseLargePagesIndividualAllocation        = false                                  {pd product} {ergonomic}

Logging:
Log output configuration:
 #0: stdout all=warning uptime,level,tags
 #1: stderr all=off uptime,level,tags

Environment Variables:
PATH=C:\WINDOWS\system32;C:\WINDOWS;C:\WINDOWS\System32\Wbem;C:\WINDOWS\System32\WindowsPowerShell\v1.0\;C:\WINDOWS\System32\OpenSSH\;C:\Program Files\Git\cmd;C:\Users\Bilal Envy\AppData\Local\Microsoft\WindowsApps;
USERNAME=Bilal Envy
OS=Windows_NT
PROCESSOR_IDENTIFIER=Intel64 Family 6 Model 44 Stepping 2, GenuineIntel



---------------  S Y S T E M  ---------------

OS: Windows 10 , 64 bit Build 19041 (10.0.19041.1348)
OS uptime: 0 days 1:21 hours

CPU:total 6 (initial active 6) (6 cores per cpu, 2 threads per core) family 6 model 44 stepping 2 microcode 0x1f, cmov, cx8, fxsr, mmx, sse, sse2, sse3, ssse3, sse4.1, sse4.2, popcnt, aes, clmul, ht, tsc, tscinvbit, tscinv

Memory: 4k page, system-wide physical 12285M (4846M free)
TotalPageFile size 14461M (AvailPageFile size 4106M)
current process WorkingSet (physical memory assigned to process): 604M, peak: 609M
current process commit charge ("private bytes"): 632M, peak: 637M

vm_info: OpenJDK 64-Bit Server VM (11.0.12+7-b1504.28-7817840) for windows-amd64 JRE (11.0.12+7-b1504.28-7817840), built on Oct 13 2021 22:12:33 by "builder" with MS VC++ 14.0 (VS2015)

END.
